#
# A fatal error has been detected by the Java Runtime Environment:
#
#  EXCEPTION_ACCESS_VIOLATION (0xc0000005) at pc=0x00007fbe6e082eb0, pid=1620, tid=13608
#
# JRE version: Java(TM) SE Runtime Environment (13.0.2+8) (build 13.0.2+8)
# Java VM: Java HotSpot(TM) 64-Bit Server VM (13.0.2+8, mixed mode, sharing, tiered, compressed oops, g1 gc, windows-amd64)
# Problematic frame:
# C  0x00007fbe6e082eb0
#
# No core dump will be written. Minidumps are not enabled by default on client versions of Windows
#
# If you would like to submit a bug report, please visit:
#   http://bugreport.java.com/bugreport/crash.jsp
#

---------------  S U M M A R Y ------------

Command Line: -javaagent:C:\Program Files\JetBrains\IntelliJ IDEA Community Edition 2021.2.2\lib\idea_rt.jar=64072:C:\Program Files\JetBrains\IntelliJ IDEA Community Edition 2021.2.2\bin -Dfile.encoding=UTF-8 com.aoedb.Application

Host: Intel(R) Core(TM) i5-3570 CPU @ 3.40GHz, 4 cores, 15G,  Windows 10 , 64 bit Build 19041 (10.0.19041.1466)
Time: Fri Jan 21 14:21:49 2022 Hora estándar romance elapsed time: 50 seconds (0d 0h 0m 50s)

---------------  T H R E A D  ---------------

Current thread (0x0000022044918800):  JavaThread "C2 CompilerThread0" daemon [_thread_in_native, id=13608, stack(0x00000024f9600000,0x00000024f9700000)]


Current CompileTask:
C2:  50280 9839       4       java.math.BigDecimal::<init> (454 bytes)

Stack: [0x00000024f9600000,0x00000024f9700000],  sp=0x00000024f96fba48,  free space=1006k
Native frames: (J=compiled Java code, j=interpreted, Vv=VM code, C=native code)
C  0x00007fbe6e082eb0


siginfo: EXCEPTION_ACCESS_VIOLATION (0xc0000005), data execution prevention violation at address 0x00007fbe6e082eb0


Register to memory mapping:

RIP=0x00007fbe6e082eb0 is an unknown value
RAX=0x00007ffe6e7c3a58 jvm.dll
RBX=0x00000220456f0f48 points into unknown readable memory: 58 3a 7c 6e fe 7f 00 00
RCX=0x00000220456f0f48 points into unknown readable memory: 58 3a 7c 6e fe 7f 00 00
RDX=0x000000000000021f is an unknown value
RSP=0x00000024f96fba48 is pointing into the stack for thread: 0x0000022044918800
RBP=0x000000000000000c is an unknown value
RSI=0x00000220455d3e80 points into unknown readable memory: 40 e7 84 6e fe 7f 00 00
RDI=0x0 is NULL
R8 =0x0000000000000011 is an unknown value
R9 =0x00000024f96fbb10 is pointing into the stack for thread: 0x0000022044918800
R10=0x0 is NULL
R11=0x00000024f96fba60 is pointing into the stack for thread: 0x0000022044918800
R12=0x0000000000000035 is an unknown value
R13=0x0000000000000a0d is an unknown value
R14=0x0000000000000060 is an unknown value
R15=0x00000024f96fbb90 is pointing into the stack for thread: 0x0000022044918800


Registers:
RAX=0x00007ffe6e7c3a58, RBX=0x00000220456f0f48, RCX=0x00000220456f0f48, RDX=0x000000000000021f
RSP=0x00000024f96fba48, RBP=0x000000000000000c, RSI=0x00000220455d3e80, RDI=0x0000000000000000
R8 =0x0000000000000011, R9 =0x00000024f96fbb10, R10=0x0000000000000000, R11=0x00000024f96fba60
R12=0x0000000000000035, R13=0x0000000000000a0d, R14=0x0000000000000060, R15=0x00000024f96fbb90
RIP=0x00007fbe6e082eb0, EFLAGS=0x0000000000010283

Top of Stack: (sp=0x00000024f96fba48)
0x00000024f96fba48:   00007ffe6e1b1ccb 0000000000000000
0x00000024f96fba58:   0000000000000000 00000024f96fbb10
0x00000024f96fba68:   00007ffe6e36a25a 0000000000000000
0x00000024f96fba78:   0000022044b87570 00000000000003d8
0x00000024f96fba88:   0000022044b87560 0000022044b87948
0x00000024f96fba98:   00007ffe6e33777a 0000002400000016
0x00000024f96fbaa8:   00000024f96fbf90 00000024f96fbba0
0x00000024f96fbab8:   00000000ffffff01 000000003fffff01
0x00000024f96fbac8:   0000000000008010 0000000000000001
0x00000024f96fbad8:   000002201eb10000 0000000000000802
0x00000024f96fbae8:   00007ffeec81b44d 000002204bb73880
0x00000024f96fbaf8:   000002204bb761b0 000002204bb73890
0x00000024f96fbb08:   00000220449145e0 0000000000000006
0x00000024f96fbb18:   0000022044b87560 0000022044b87560
0x00000024f96fbb28:   0000022044b87570 0000022044b87948
0x00000024f96fbb38:   00000000000003d8 00007ffe6e8d8c68 

Instructions: (pc=0x00007fbe6e082eb0)
0x00007fbe6e082db0:   ?? ?? ?? ?? ?? ?? ?? ?? ?? ?? ?? ?? ?? ?? ?? ??
0x00007fbe6e082dc0:   ?? ?? ?? ?? ?? ?? ?? ?? ?? ?? ?? ?? ?? ?? ?? ??
0x00007fbe6e082dd0:   ?? ?? ?? ?? ?? ?? ?? ?? ?? ?? ?? ?? ?? ?? ?? ??
0x00007fbe6e082de0:   ?? ?? ?? ?? ?? ?? ?? ?? ?? ?? ?? ?? ?? ?? ?? ??
0x00007fbe6e082df0:   ?? ?? ?? ?? ?? ?? ?? ?? ?? ?? ?? ?? ?? ?? ?? ??
0x00007fbe6e082e00:   ?? ?? ?? ?? ?? ?? ?? ?? ?? ?? ?? ?? ?? ?? ?? ??
0x00007fbe6e082e10:   ?? ?? ?? ?? ?? ?? ?? ?? ?? ?? ?? ?? ?? ?? ?? ??
0x00007fbe6e082e20:   ?? ?? ?? ?? ?? ?? ?? ?? ?? ?? ?? ?? ?? ?? ?? ??
0x00007fbe6e082e30:   ?? ?? ?? ?? ?? ?? ?? ?? ?? ?? ?? ?? ?? ?? ?? ??
0x00007fbe6e082e40:   ?? ?? ?? ?? ?? ?? ?? ?? ?? ?? ?? ?? ?? ?? ?? ??
0x00007fbe6e082e50:   ?? ?? ?? ?? ?? ?? ?? ?? ?? ?? ?? ?? ?? ?? ?? ??
0x00007fbe6e082e60:   ?? ?? ?? ?? ?? ?? ?? ?? ?? ?? ?? ?? ?? ?? ?? ??
0x00007fbe6e082e70:   ?? ?? ?? ?? ?? ?? ?? ?? ?? ?? ?? ?? ?? ?? ?? ??
0x00007fbe6e082e80:   ?? ?? ?? ?? ?? ?? ?? ?? ?? ?? ?? ?? ?? ?? ?? ??
0x00007fbe6e082e90:   ?? ?? ?? ?? ?? ?? ?? ?? ?? ?? ?? ?? ?? ?? ?? ??
0x00007fbe6e082ea0:   ?? ?? ?? ?? ?? ?? ?? ?? ?? ?? ?? ?? ?? ?? ?? ??
0x00007fbe6e082eb0:   ?? ?? ?? ?? ?? ?? ?? ?? ?? ?? ?? ?? ?? ?? ?? ??
0x00007fbe6e082ec0:   ?? ?? ?? ?? ?? ?? ?? ?? ?? ?? ?? ?? ?? ?? ?? ??
0x00007fbe6e082ed0:   ?? ?? ?? ?? ?? ?? ?? ?? ?? ?? ?? ?? ?? ?? ?? ??
0x00007fbe6e082ee0:   ?? ?? ?? ?? ?? ?? ?? ?? ?? ?? ?? ?? ?? ?? ?? ??
0x00007fbe6e082ef0:   ?? ?? ?? ?? ?? ?? ?? ?? ?? ?? ?? ?? ?? ?? ?? ??
0x00007fbe6e082f00:   ?? ?? ?? ?? ?? ?? ?? ?? ?? ?? ?? ?? ?? ?? ?? ??
0x00007fbe6e082f10:   ?? ?? ?? ?? ?? ?? ?? ?? ?? ?? ?? ?? ?? ?? ?? ??
0x00007fbe6e082f20:   ?? ?? ?? ?? ?? ?? ?? ?? ?? ?? ?? ?? ?? ?? ?? ??
0x00007fbe6e082f30:   ?? ?? ?? ?? ?? ?? ?? ?? ?? ?? ?? ?? ?? ?? ?? ??
0x00007fbe6e082f40:   ?? ?? ?? ?? ?? ?? ?? ?? ?? ?? ?? ?? ?? ?? ?? ??
0x00007fbe6e082f50:   ?? ?? ?? ?? ?? ?? ?? ?? ?? ?? ?? ?? ?? ?? ?? ??
0x00007fbe6e082f60:   ?? ?? ?? ?? ?? ?? ?? ?? ?? ?? ?? ?? ?? ?? ?? ??
0x00007fbe6e082f70:   ?? ?? ?? ?? ?? ?? ?? ?? ?? ?? ?? ?? ?? ?? ?? ??
0x00007fbe6e082f80:   ?? ?? ?? ?? ?? ?? ?? ?? ?? ?? ?? ?? ?? ?? ?? ??
0x00007fbe6e082f90:   ?? ?? ?? ?? ?? ?? ?? ?? ?? ?? ?? ?? ?? ?? ?? ??
0x00007fbe6e082fa0:   ?? ?? ?? ?? ?? ?? ?? ?? ?? ?? ?? ?? ?? ?? ?? ?? 


Stack slot to memory mapping:
stack at sp + 0 slots: 0x00007ffe6e1b1ccb jvm.dll
stack at sp + 1 slots: 0x0 is NULL
stack at sp + 2 slots: 0x0 is NULL
stack at sp + 3 slots: 0x00000024f96fbb10 is pointing into the stack for thread: 0x0000022044918800
stack at sp + 4 slots: 0x00007ffe6e36a25a jvm.dll
stack at sp + 5 slots: 0x0 is NULL
stack at sp + 6 slots: 0x0000022044b87570 points into unknown readable memory: 80 2f 87 6e fe 7f 00 00
stack at sp + 7 slots: 0x00000000000003d8 is an unknown value


---------------  P R O C E S S  ---------------

Threads class SMR info:
_java_thread_list=0x000002204b34e1c0, length=42, elements={
0x000002204406e000, 0x0000022044071800, 0x0000022044088000, 0x0000022044915800,
0x0000022044918800, 0x0000022044919800, 0x0000022044988000, 0x0000022044b7e800,
0x0000022044c8e800, 0x0000022044de9800, 0x0000022045bc6800, 0x0000022047549800,
0x00000220465ed800, 0x0000022048ec7800, 0x000002204ab89000, 0x000002204583e000,
0x00000220463db000, 0x000002204a56f000, 0x000002204a572800, 0x000002204a573000,
0x000002204a56d800, 0x000002204a571800, 0x000002204a570800, 0x000002204a574000,
0x000002204a570000, 0x00000220458e7000, 0x00000220458e3000, 0x00000220458e7800,
0x00000220458e9800, 0x00000220458e8800, 0x00000220458e4800, 0x00000220458e3800,
0x00000220458ea000, 0x00000220458eb000, 0x00000220458ec000, 0x00000220458ee800,
0x00000220458e6000, 0x00000220458ef000, 0x00000220458f0000, 0x00000220458f0800,
0x00000220458ec800, 0x000002204a0a3800
}

Java Threads: ( => current thread )
  0x000002204406e000 JavaThread "Reference Handler" daemon [_thread_blocked, id=16028, stack(0x00000024f9200000,0x00000024f9300000)]
  0x0000022044071800 JavaThread "Finalizer" daemon [_thread_blocked, id=14676, stack(0x00000024f9300000,0x00000024f9400000)]
  0x0000022044088000 JavaThread "Signal Dispatcher" daemon [_thread_blocked, id=8224, stack(0x00000024f9400000,0x00000024f9500000)]
  0x0000022044915800 JavaThread "Attach Listener" daemon [_thread_blocked, id=7064, stack(0x00000024f9500000,0x00000024f9600000)]
=>0x0000022044918800 JavaThread "C2 CompilerThread0" daemon [_thread_in_native, id=13608, stack(0x00000024f9600000,0x00000024f9700000)]
  0x0000022044919800 JavaThread "C1 CompilerThread0" daemon [_thread_blocked, id=7784, stack(0x00000024f9700000,0x00000024f9800000)]
  0x0000022044988000 JavaThread "Sweeper thread" daemon [_thread_blocked, id=7584, stack(0x00000024f9800000,0x00000024f9900000)]
  0x0000022044b7e800 JavaThread "Common-Cleaner" daemon [_thread_blocked, id=3236, stack(0x00000024f9900000,0x00000024f9a00000)]
  0x0000022044c8e800 JavaThread "Monitor Ctrl-Break" daemon [_thread_in_native, id=9988, stack(0x00000024f9b00000,0x00000024f9c00000)]
  0x0000022044de9800 JavaThread "Service Thread" daemon [_thread_blocked, id=10252, stack(0x00000024f9c00000,0x00000024f9d00000)]
  0x0000022045bc6800 JavaThread "ForkJoinPool.commonPool-worker-3" daemon [_thread_blocked, id=15744, stack(0x00000024fa400000,0x00000024fa500000)]
  0x0000022047549800 JavaThread "Catalina-utility-1" [_thread_blocked, id=13212, stack(0x00000024fa500000,0x00000024fa600000)]
  0x00000220465ed800 JavaThread "Catalina-utility-2" [_thread_blocked, id=9280, stack(0x00000024fa600000,0x00000024fa700000)]
  0x0000022048ec7800 JavaThread "container-0" [_thread_blocked, id=7760, stack(0x00000024fa700000,0x00000024fa800000)]
  0x000002204ab89000 JavaThread "File Watcher" daemon [_thread_blocked, id=2052, stack(0x00000024fa800000,0x00000024fa900000)]
  0x000002204583e000 JavaThread "Live Reload Server" daemon [_thread_in_native, id=3648, stack(0x00000024fa900000,0x00000024faa00000)]
  0x00000220463db000 JavaThread "Atmosphere-Scheduler-0" daemon [_thread_blocked, id=2832, stack(0x00000024faa00000,0x00000024fab00000)]
  0x000002204a56f000 JavaThread "Atmosphere-Shared-0" daemon [_thread_blocked, id=2916, stack(0x00000024fab00000,0x00000024fac00000)]
  0x000002204a572800 JavaThread "http-nio-8080-Poller" daemon [_thread_in_native, id=2400, stack(0x00000024fad00000,0x00000024fae00000)]
  0x000002204a573000 JavaThread "http-nio-8080-Acceptor" daemon [_thread_in_native, id=15308, stack(0x00000024fae00000,0x00000024faf00000)]
  0x000002204a56d800 JavaThread "ForkJoinPool.commonPool-worker-5" daemon [_thread_blocked, id=2260, stack(0x00000024faf00000,0x00000024fb000000)]
  0x000002204a571800 JavaThread "Thread-8" daemon [_thread_in_native, id=13216, stack(0x00000024fb000000,0x00000024fb100000)]
  0x000002204a570800 JavaThread "DestroyJavaVM" [_thread_blocked, id=3880, stack(0x00000024f8b00000,0x00000024f8c00000)]
  0x000002204a574000 JavaThread "http-nio-8080-exec-1" daemon [_thread_blocked, id=10952, stack(0x00000024f9a00000,0x00000024f9b00000)]
  0x000002204a570000 JavaThread "http-nio-8080-exec-2" daemon [_thread_blocked, id=7588, stack(0x00000024fa100000,0x00000024fa200000)]
  0x00000220458e7000 JavaThread "http-nio-8080-exec-3" daemon [_thread_blocked, id=15800, stack(0x00000024fa200000,0x00000024fa300000)]
  0x00000220458e3000 JavaThread "http-nio-8080-exec-4" daemon [_thread_blocked, id=9260, stack(0x00000024fb100000,0x00000024fb200000)]
  0x00000220458e7800 JavaThread "http-nio-8080-exec-5" daemon [_thread_blocked, id=9088, stack(0x00000024fb200000,0x00000024fb300000)]
  0x00000220458e9800 JavaThread "http-nio-8080-exec-6" daemon [_thread_blocked, id=15736, stack(0x00000024fb300000,0x00000024fb400000)]
  0x00000220458e8800 JavaThread "http-nio-8080-exec-7" daemon [_thread_blocked, id=3160, stack(0x00000024fb400000,0x00000024fb500000)]
  0x00000220458e4800 JavaThread "http-nio-8080-exec-8" daemon [_thread_blocked, id=11664, stack(0x00000024fb500000,0x00000024fb600000)]
  0x00000220458e3800 JavaThread "http-nio-8080-exec-9" daemon [_thread_blocked, id=8392, stack(0x00000024fb600000,0x00000024fb700000)]
  0x00000220458ea000 JavaThread "http-nio-8080-exec-10" daemon [_thread_blocked, id=9644, stack(0x00000024fb700000,0x00000024fb800000)]
  0x00000220458eb000 JavaThread "dev-server-output" daemon [_thread_in_native, id=6160, stack(0x00000024fb800000,0x00000024fb900000)]
  0x00000220458ec000 JavaThread "Java2D Disposer" daemon [_thread_blocked, id=2308, stack(0x00000024fbc00000,0x00000024fbd00000)]
  0x00000220458ee800 JavaThread "AWT-Windows" daemon [_thread_in_native, id=15976, stack(0x00000024fbe00000,0x00000024fbf00000)]
  0x00000220458e6000 JavaThread "Atmosphere-Scheduler-2" daemon [_thread_blocked, id=9560, stack(0x00000024fbd00000,0x00000024fbe00000)]
  0x00000220458ef000 JavaThread "Keep-Alive-Timer" daemon [_thread_blocked, id=4620, stack(0x00000024fac00000,0x00000024fad00000)]
  0x00000220458f0000 JavaThread "Live Reload #1" daemon [_thread_in_native, id=3748, stack(0x00000024fbf00000,0x00000024fc000000)]
  0x00000220458f0800 JavaThread "Atmosphere-Shared-0" daemon [_thread_blocked, id=9556, stack(0x00000024fc100000,0x00000024fc200000)]
  0x00000220458ec800 JavaThread "WebSocket background processing" daemon [_thread_blocked, id=15672, stack(0x00000024fc300000,0x00000024fc400000)]
  0x000002204a0a3800 JavaThread "C2 CompilerThread1" daemon [_thread_in_native, id=1044, stack(0x00000024fc200000,0x00000024fc300000)]

Other Threads:
  0x000002204406c000 VMThread "VM Thread" [stack: 0x00000024f9100000,0x00000024f9200000] [id=15992]
  0x0000022045377000 WatcherThread [stack: 0x00000024f9d00000,0x00000024f9e00000] [id=14796]
  0x0000022020d88800 GCTaskThread "GC Thread#0" [stack: 0x00000024f8c00000,0x00000024f8d00000] [id=5820]
  0x0000022045521800 GCTaskThread "GC Thread#1" [stack: 0x00000024f9e00000,0x00000024f9f00000] [id=11688]
  0x000002204541a000 GCTaskThread "GC Thread#2" [stack: 0x00000024f9f00000,0x00000024fa000000] [id=11132]
  0x000002204544d800 GCTaskThread "GC Thread#3" [stack: 0x00000024fa000000,0x00000024fa100000] [id=32]
  0x0000022020daa000 ConcurrentGCThread "G1 Main Marker" [stack: 0x00000024f8d00000,0x00000024f8e00000] [id=11424]
  0x0000022020dab800 ConcurrentGCThread "G1 Conc#0" [stack: 0x00000024f8e00000,0x00000024f8f00000] [id=11532]
  0x0000022043f67800 ConcurrentGCThread "G1 Refine#0" [stack: 0x00000024f8f00000,0x00000024f9000000] [id=2932]
  0x00000220490d6800 ConcurrentGCThread "G1 Refine#1" [stack: 0x00000024fb900000,0x00000024fba00000] [id=8620]
  0x0000022043f6a000 ConcurrentGCThread "G1 Young RemSet Sampling" [stack: 0x00000024f9000000,0x00000024f9100000] [id=8200]

Threads with active compile tasks:
C2 CompilerThread0    50684 9839       4       java.math.BigDecimal::<init> (454 bytes)
C2 CompilerThread1    50686 9963       4       elemental.json.impl.JsonUtil$StringifyJsonVisitor::commaIfNotFirst (47 bytes)

VM state:not at safepoint (normal execution)

VM Mutex/Monitor currently owned by a thread: None

Heap address: 0x0000000700e00000, size: 4082 MB, Compressed Oops mode: Zero based, Oop shift amount: 3
Narrow klass base: 0x0000000800000000, Narrow klass shift: 3
Compressed class space size: 1073741824 Address: 0x0000000800b40000

Heap:
 garbage-first heap   total 162816K, used 107868K [0x0000000700e00000, 0x0000000800000000)
  region size 1024K, 51 young (52224K), 6 survivors (6144K)
 Metaspace       used 63665K, capacity 66062K, committed 66212K, reserved 1105920K
  class space    used 8132K, capacity 9100K, committed 9216K, reserved 1048576K
Heap Regions: E=young(eden), S=young(survivor), O=old, HS=humongous(starts), HC=humongous(continues), CS=collection set, F=free, A=archive, TAMS=top-at-mark-start (previous, next)
|   0|0x0000000700e00000, 0x0000000700f00000, 0x0000000700f00000|100%| O|  |TAMS 0x0000000700f00000, 0x0000000700e00000| Untracked 
|   1|0x0000000700f00000, 0x0000000701000000, 0x0000000701000000|100%| O|  |TAMS 0x0000000701000000, 0x0000000700f00000| Untracked 
|   2|0x0000000701000000, 0x0000000701100000, 0x0000000701100000|100%| O|  |TAMS 0x0000000701100000, 0x0000000701000000| Untracked 
|   3|0x0000000701100000, 0x0000000701200000, 0x0000000701200000|100%| O|  |TAMS 0x0000000701200000, 0x0000000701100000| Untracked 
|   4|0x0000000701200000, 0x0000000701300000, 0x0000000701300000|100%| O|  |TAMS 0x0000000701300000, 0x0000000701200000| Untracked 
|   5|0x0000000701300000, 0x0000000701400000, 0x0000000701400000|100%| O|  |TAMS 0x0000000701400000, 0x0000000701300000| Untracked 
|   6|0x0000000701400000, 0x0000000701500000, 0x0000000701500000|100%| O|  |TAMS 0x0000000701400000, 0x0000000701400000| Untracked 
|   7|0x0000000701500000, 0x0000000701600000, 0x0000000701600000|100%| O|  |TAMS 0x0000000701600000, 0x0000000701500000| Untracked 
|   8|0x0000000701600000, 0x0000000701700000, 0x0000000701700000|100%| O|  |TAMS 0x0000000701600000, 0x0000000701600000| Untracked 
|   9|0x0000000701700000, 0x000000070172f600, 0x0000000701800000| 18%| O|  |TAMS 0x0000000701700000, 0x0000000701700000| Untracked 
|  10|0x0000000701800000, 0x0000000701900000, 0x0000000701900000|100%| O|  |TAMS 0x0000000701900000, 0x0000000701800000| Untracked 
|  11|0x0000000701900000, 0x0000000701a00000, 0x0000000701a00000|100%| O|  |TAMS 0x0000000701a00000, 0x0000000701900000| Untracked 
|  12|0x0000000701a00000, 0x0000000701b00000, 0x0000000701b00000|100%| O|  |TAMS 0x0000000701b00000, 0x0000000701a00000| Untracked 
|  13|0x0000000701b00000, 0x0000000701c00000, 0x0000000701c00000|100%| O|  |TAMS 0x0000000701b00000, 0x0000000701b00000| Untracked 
|  14|0x0000000701c00000, 0x0000000701d00000, 0x0000000701d00000|100%| O|  |TAMS 0x0000000701d00000, 0x0000000701c00000| Untracked 
|  15|0x0000000701d00000, 0x0000000701e00000, 0x0000000701e00000|100%| O|  |TAMS 0x0000000701e00000, 0x0000000701d00000| Untracked 
|  16|0x0000000701e00000, 0x0000000701f00000, 0x0000000701f00000|100%| O|  |TAMS 0x0000000701f00000, 0x0000000701e00000| Untracked 
|  17|0x0000000701f00000, 0x0000000702000000, 0x0000000702000000|100%| O|  |TAMS 0x0000000702000000, 0x0000000701f00000| Untracked 
|  18|0x0000000702000000, 0x0000000702100000, 0x0000000702100000|100%| O|  |TAMS 0x0000000702100000, 0x0000000702000000| Untracked 
|  19|0x0000000702100000, 0x0000000702200000, 0x0000000702200000|100%| O|  |TAMS 0x0000000702200000, 0x0000000702100000| Untracked 
|  20|0x0000000702200000, 0x0000000702300000, 0x0000000702300000|100%| O|  |TAMS 0x0000000702300000, 0x0000000702200000| Untracked 
|  21|0x0000000702300000, 0x0000000702400000, 0x0000000702400000|100%| O|  |TAMS 0x0000000702300000, 0x0000000702300000| Untracked 
|  22|0x0000000702400000, 0x0000000702500000, 0x0000000702500000|100%| O|  |TAMS 0x0000000702500000, 0x0000000702400000| Untracked 
|  23|0x0000000702500000, 0x0000000702600000, 0x0000000702600000|100%| O|  |TAMS 0x0000000702600000, 0x0000000702500000| Untracked 
|  24|0x0000000702600000, 0x0000000702700000, 0x0000000702700000|100%| O|  |TAMS 0x0000000702700000, 0x0000000702600000| Untracked 
|  25|0x0000000702700000, 0x0000000702800000, 0x0000000702800000|100%| O|  |TAMS 0x0000000702800000, 0x0000000702700000| Untracked 
|  26|0x0000000702800000, 0x0000000702900000, 0x0000000702900000|100%| O|  |TAMS 0x0000000702900000, 0x0000000702800000| Untracked 
|  27|0x0000000702900000, 0x0000000702a00000, 0x0000000702a00000|100%| O|  |TAMS 0x0000000702a00000, 0x0000000702900000| Untracked 
|  28|0x0000000702a00000, 0x0000000702b00000, 0x0000000702b00000|100%| O|  |TAMS 0x0000000702b00000, 0x0000000702a00000| Untracked 
|  29|0x0000000702b00000, 0x0000000702c00000, 0x0000000702c00000|100%| O|  |TAMS 0x0000000702b00000, 0x0000000702b00000| Untracked 
|  30|0x0000000702c00000, 0x0000000702d00000, 0x0000000702d00000|100%| O|  |TAMS 0x0000000702d00000, 0x0000000702c00000| Untracked 
|  31|0x0000000702d00000, 0x0000000702e00000, 0x0000000702e00000|100%| O|  |TAMS 0x0000000702e00000, 0x0000000702d00000| Untracked 
|  32|0x0000000702e00000, 0x0000000702f00000, 0x0000000702f00000|100%| O|  |TAMS 0x0000000702f00000, 0x0000000702e00000| Untracked 
|  33|0x0000000702f00000, 0x0000000703000000, 0x0000000703000000|100%| O|  |TAMS 0x0000000702f00000, 0x0000000702f00000| Untracked 
|  34|0x0000000703000000, 0x0000000703100000, 0x0000000703100000|100%| O|  |TAMS 0x0000000703100000, 0x0000000703000000| Untracked 
|  35|0x0000000703100000, 0x0000000703200000, 0x0000000703200000|100%| O|  |TAMS 0x0000000703200000, 0x0000000703100000| Untracked 
|  36|0x0000000703200000, 0x0000000703300000, 0x0000000703300000|100%| O|  |TAMS 0x0000000703300000, 0x0000000703200000| Untracked 
|  37|0x0000000703300000, 0x0000000703400000, 0x0000000703400000|100%| O|  |TAMS 0x0000000703300000, 0x0000000703300000| Untracked 
|  38|0x0000000703400000, 0x0000000703500000, 0x0000000703500000|100%|HS|  |TAMS 0x0000000703400000, 0x0000000703400000| Complete 
|  39|0x0000000703500000, 0x0000000703600000, 0x0000000703600000|100%|HS|  |TAMS 0x0000000703500000, 0x0000000703500000| Complete 
|  40|0x0000000703600000, 0x0000000703700000, 0x0000000703700000|100%| O|  |TAMS 0x0000000703700000, 0x0000000703600000| Untracked 
|  41|0x0000000703700000, 0x0000000703700000, 0x0000000703800000|  0%| F|  |TAMS 0x0000000703700000, 0x0000000703700000| Untracked 
|  42|0x0000000703800000, 0x0000000703800000, 0x0000000703900000|  0%| F|  |TAMS 0x0000000703800000, 0x0000000703800000| Untracked 
|  43|0x0000000703900000, 0x0000000703900000, 0x0000000703a00000|  0%| F|  |TAMS 0x0000000703900000, 0x0000000703900000| Untracked 
|  44|0x0000000703a00000, 0x0000000703a00000, 0x0000000703b00000|  0%| F|  |TAMS 0x0000000703a00000, 0x0000000703a00000| Untracked 
|  45|0x0000000703b00000, 0x0000000703b00000, 0x0000000703c00000|  0%| F|  |TAMS 0x0000000703b00000, 0x0000000703b00000| Untracked 
|  46|0x0000000703c00000, 0x0000000703c00000, 0x0000000703d00000|  0%| F|  |TAMS 0x0000000703c00000, 0x0000000703c00000| Untracked 
|  47|0x0000000703d00000, 0x0000000703d00000, 0x0000000703e00000|  0%| F|  |TAMS 0x0000000703d00000, 0x0000000703d00000| Untracked 
|  48|0x0000000703e00000, 0x0000000703e00000, 0x0000000703f00000|  0%| F|  |TAMS 0x0000000703e00000, 0x0000000703e00000| Untracked 
|  49|0x0000000703f00000, 0x0000000703f00000, 0x0000000704000000|  0%| F|  |TAMS 0x0000000703f00000, 0x0000000703f00000| Untracked 
|  50|0x0000000704000000, 0x0000000704000000, 0x0000000704100000|  0%| F|  |TAMS 0x0000000704000000, 0x0000000704000000| Untracked 
|  51|0x0000000704100000, 0x0000000704100000, 0x0000000704200000|  0%| F|  |TAMS 0x0000000704100000, 0x0000000704100000| Untracked 
|  52|0x0000000704200000, 0x0000000704200000, 0x0000000704300000|  0%| F|  |TAMS 0x0000000704200000, 0x0000000704200000| Untracked 
|  53|0x0000000704300000, 0x0000000704300000, 0x0000000704400000|  0%| F|  |TAMS 0x0000000704300000, 0x0000000704300000| Untracked 
|  54|0x0000000704400000, 0x0000000704400000, 0x0000000704500000|  0%| F|  |TAMS 0x0000000704400000, 0x0000000704400000| Untracked 
|  55|0x0000000704500000, 0x0000000704500000, 0x0000000704600000|  0%| F|  |TAMS 0x0000000704500000, 0x0000000704500000| Untracked 
|  56|0x0000000704600000, 0x0000000704600000, 0x0000000704700000|  0%| F|  |TAMS 0x0000000704600000, 0x0000000704600000| Untracked 
|  57|0x0000000704700000, 0x0000000704700000, 0x0000000704800000|  0%| F|  |TAMS 0x0000000704700000, 0x0000000704700000| Untracked 
|  58|0x0000000704800000, 0x0000000704800000, 0x0000000704900000|  0%| F|  |TAMS 0x0000000704800000, 0x0000000704800000| Untracked 
|  59|0x0000000704900000, 0x0000000704900000, 0x0000000704a00000|  0%| F|  |TAMS 0x0000000704900000, 0x0000000704900000| Untracked 
|  60|0x0000000704a00000, 0x0000000704a00000, 0x0000000704b00000|  0%| F|  |TAMS 0x0000000704a00000, 0x0000000704a00000| Untracked 
|  61|0x0000000704b00000, 0x0000000704b00000, 0x0000000704c00000|  0%| F|  |TAMS 0x0000000704b00000, 0x0000000704b00000| Untracked 
|  62|0x0000000704c00000, 0x0000000704c00000, 0x0000000704d00000|  0%| F|  |TAMS 0x0000000704c00000, 0x0000000704c00000| Untracked 
|  63|0x0000000704d00000, 0x0000000704d00000, 0x0000000704e00000|  0%| F|  |TAMS 0x0000000704d00000, 0x0000000704d00000| Untracked 
|  64|0x0000000704e00000, 0x0000000704e00000, 0x0000000704f00000|  0%| F|  |TAMS 0x0000000704e00000, 0x0000000704e00000| Untracked 
|  65|0x0000000704f00000, 0x0000000704f00000, 0x0000000705000000|  0%| F|  |TAMS 0x0000000704f00000, 0x0000000704f00000| Untracked 
|  66|0x0000000705000000, 0x0000000705000000, 0x0000000705100000|  0%| F|  |TAMS 0x0000000705000000, 0x0000000705000000| Untracked 
|  67|0x0000000705100000, 0x0000000705100000, 0x0000000705200000|  0%| F|  |TAMS 0x0000000705100000, 0x0000000705100000| Untracked 
|  68|0x0000000705200000, 0x0000000705200000, 0x0000000705300000|  0%| F|  |TAMS 0x0000000705200000, 0x0000000705200000| Untracked 
|  69|0x0000000705300000, 0x0000000705300000, 0x0000000705400000|  0%| F|  |TAMS 0x0000000705300000, 0x0000000705300000| Untracked 
|  70|0x0000000705400000, 0x0000000705400000, 0x0000000705500000|  0%| F|  |TAMS 0x0000000705400000, 0x0000000705400000| Untracked 
|  71|0x0000000705500000, 0x0000000705500000, 0x0000000705600000|  0%| F|  |TAMS 0x0000000705500000, 0x0000000705500000| Untracked 
|  72|0x0000000705600000, 0x0000000705600000, 0x0000000705700000|  0%| F|  |TAMS 0x0000000705600000, 0x0000000705600000| Untracked 
|  73|0x0000000705700000, 0x0000000705700000, 0x0000000705800000|  0%| F|  |TAMS 0x0000000705700000, 0x0000000705700000| Untracked 
|  74|0x0000000705800000, 0x0000000705800000, 0x0000000705900000|  0%| F|  |TAMS 0x0000000705800000, 0x0000000705800000| Untracked 
|  75|0x0000000705900000, 0x0000000705900000, 0x0000000705a00000|  0%| F|  |TAMS 0x0000000705900000, 0x0000000705900000| Untracked 
|  76|0x0000000705a00000, 0x0000000705a00000, 0x0000000705b00000|  0%| F|  |TAMS 0x0000000705a00000, 0x0000000705a00000| Untracked 
|  77|0x0000000705b00000, 0x0000000705b27cf0, 0x0000000705c00000| 15%| S|CS|TAMS 0x0000000705b00000, 0x0000000705b00000| Complete 
|  78|0x0000000705c00000, 0x0000000705d00000, 0x0000000705d00000|100%| S|CS|TAMS 0x0000000705c00000, 0x0000000705c00000| Complete 
|  79|0x0000000705d00000, 0x0000000705e00000, 0x0000000705e00000|100%| S|CS|TAMS 0x0000000705d00000, 0x0000000705d00000| Complete 
|  80|0x0000000705e00000, 0x0000000705f00000, 0x0000000705f00000|100%| S|CS|TAMS 0x0000000705e00000, 0x0000000705e00000| Complete 
|  81|0x0000000705f00000, 0x0000000705f00000, 0x0000000706000000|  0%| F|  |TAMS 0x0000000705f00000, 0x0000000705f00000| Untracked 
|  82|0x0000000706000000, 0x0000000706000000, 0x0000000706100000|  0%| F|  |TAMS 0x0000000706000000, 0x0000000706000000| Untracked 
|  83|0x0000000706100000, 0x0000000706100000, 0x0000000706200000|  0%| F|  |TAMS 0x0000000706100000, 0x0000000706100000| Untracked 
|  84|0x0000000706200000, 0x0000000706200000, 0x0000000706300000|  0%| F|  |TAMS 0x0000000706200000, 0x0000000706200000| Untracked 
|  85|0x0000000706300000, 0x0000000706400000, 0x0000000706400000|100%| O|  |TAMS 0x0000000706400000, 0x0000000706300000| Untracked 
|  86|0x0000000706400000, 0x0000000706500000, 0x0000000706500000|100%| O|  |TAMS 0x0000000706500000, 0x0000000706400000| Untracked 
|  87|0x0000000706500000, 0x0000000706500000, 0x0000000706600000|  0%| F|  |TAMS 0x0000000706500000, 0x0000000706500000| Untracked 
|  88|0x0000000706600000, 0x0000000706600000, 0x0000000706700000|  0%| F|  |TAMS 0x0000000706600000, 0x0000000706600000| Untracked 
|  89|0x0000000706700000, 0x0000000706800000, 0x0000000706800000|100%| S|CS|TAMS 0x0000000706700000, 0x0000000706700000| Complete 
|  90|0x0000000706800000, 0x0000000706900000, 0x0000000706900000|100%| S|CS|TAMS 0x0000000706800000, 0x0000000706800000| Complete 
|  91|0x0000000706900000, 0x0000000706900000, 0x0000000706a00000|  0%| F|  |TAMS 0x0000000706900000, 0x0000000706900000| Untracked 
|  92|0x0000000706a00000, 0x0000000706b00000, 0x0000000706b00000|100%| O|  |TAMS 0x0000000706b00000, 0x0000000706a00000| Untracked 
|  93|0x0000000706b00000, 0x0000000706c00000, 0x0000000706c00000|100%| O|  |TAMS 0x0000000706c00000, 0x0000000706b00000| Untracked 
|  94|0x0000000706c00000, 0x0000000706d00000, 0x0000000706d00000|100%| O|  |TAMS 0x0000000706d00000, 0x0000000706c00000| Untracked 
|  95|0x0000000706d00000, 0x0000000706e00000, 0x0000000706e00000|100%| O|  |TAMS 0x0000000706d35200, 0x0000000706d00000| Untracked 
|  96|0x0000000706e00000, 0x0000000706f00000, 0x0000000706f00000|100%|HS|  |TAMS 0x0000000706e00000, 0x0000000706e00000| Complete 
|  97|0x0000000706f00000, 0x0000000707000000, 0x0000000707000000|100%|HC|  |TAMS 0x0000000706f00000, 0x0000000706f00000| Complete 
|  98|0x0000000707000000, 0x0000000707100000, 0x0000000707100000|100%|HC|  |TAMS 0x0000000707000000, 0x0000000707000000| Complete 
|  99|0x0000000707100000, 0x0000000707200000, 0x0000000707200000|100%|HC|  |TAMS 0x0000000707100000, 0x0000000707100000| Complete 
| 100|0x0000000707200000, 0x0000000707300000, 0x0000000707300000|100%|HC|  |TAMS 0x0000000707200000, 0x0000000707200000| Complete 
| 101|0x0000000707300000, 0x0000000707400000, 0x0000000707400000|100%|HC|  |TAMS 0x0000000707300000, 0x0000000707300000| Complete 
| 102|0x0000000707400000, 0x0000000707500000, 0x0000000707500000|100%|HC|  |TAMS 0x0000000707400000, 0x0000000707400000| Complete 
| 103|0x0000000707500000, 0x0000000707600000, 0x0000000707600000|100%|HC|  |TAMS 0x0000000707500000, 0x0000000707500000| Complete 
| 104|0x0000000707600000, 0x0000000707700000, 0x0000000707700000|100%|HC|  |TAMS 0x0000000707600000, 0x0000000707600000| Complete 
| 105|0x0000000707700000, 0x0000000707800000, 0x0000000707800000|100%|HC|  |TAMS 0x0000000707700000, 0x0000000707700000| Complete 
| 106|0x0000000707800000, 0x0000000707900000, 0x0000000707900000|100%|HC|  |TAMS 0x0000000707800000, 0x0000000707800000| Complete 
| 107|0x0000000707900000, 0x0000000707900000, 0x0000000707a00000|  0%| F|  |TAMS 0x0000000707900000, 0x0000000707900000| Untracked 
| 108|0x0000000707a00000, 0x0000000707a00000, 0x0000000707b00000|  0%| F|  |TAMS 0x0000000707a00000, 0x0000000707a00000| Untracked 
| 109|0x0000000707b00000, 0x0000000707b00000, 0x0000000707c00000|  0%| F|  |TAMS 0x0000000707b00000, 0x0000000707b00000| Untracked 
| 110|0x0000000707c00000, 0x0000000707c00000, 0x0000000707d00000|  0%| F|  |TAMS 0x0000000707c00000, 0x0000000707c00000| Untracked 
| 111|0x0000000707d00000, 0x0000000707d00000, 0x0000000707e00000|  0%| F|  |TAMS 0x0000000707d00000, 0x0000000707d00000| Untracked 
| 112|0x0000000707e00000, 0x0000000707e00000, 0x0000000707f00000|  0%| F|  |TAMS 0x0000000707e00000, 0x0000000707e00000| Untracked 
| 113|0x0000000707f00000, 0x0000000707f00000, 0x0000000708000000|  0%| F|  |TAMS 0x0000000707f00000, 0x0000000707f00000| Untracked 
| 114|0x0000000708000000, 0x00000007080eddb0, 0x0000000708100000| 92%| E|  |TAMS 0x0000000708000000, 0x0000000708000000| Complete 
| 115|0x0000000708100000, 0x00000007081fab18, 0x0000000708200000| 97%| E|  |TAMS 0x0000000708100000, 0x0000000708100000| Complete 
| 116|0x0000000708200000, 0x0000000708300000, 0x0000000708300000|100%| E|CS|TAMS 0x0000000708200000, 0x0000000708200000| Complete 
| 117|0x0000000708300000, 0x0000000708400000, 0x0000000708400000|100%| E|CS|TAMS 0x0000000708300000, 0x0000000708300000| Complete 
| 118|0x0000000708400000, 0x0000000708500000, 0x0000000708500000|100%| E|CS|TAMS 0x0000000708400000, 0x0000000708400000| Complete 
| 119|0x0000000708500000, 0x0000000708600000, 0x0000000708600000|100%| E|CS|TAMS 0x0000000708500000, 0x0000000708500000| Complete 
| 120|0x0000000708600000, 0x0000000708700000, 0x0000000708700000|100%| E|CS|TAMS 0x0000000708600000, 0x0000000708600000| Complete 
| 121|0x0000000708700000, 0x0000000708800000, 0x0000000708800000|100%| E|CS|TAMS 0x0000000708700000, 0x0000000708700000| Complete 
| 122|0x0000000708800000, 0x0000000708900000, 0x0000000708900000|100%| E|CS|TAMS 0x0000000708800000, 0x0000000708800000| Complete 
| 123|0x0000000708900000, 0x0000000708a00000, 0x0000000708a00000|100%| E|CS|TAMS 0x0000000708900000, 0x0000000708900000| Complete 
| 124|0x0000000708a00000, 0x0000000708b00000, 0x0000000708b00000|100%| E|CS|TAMS 0x0000000708a00000, 0x0000000708a00000| Complete 
| 125|0x0000000708b00000, 0x0000000708c00000, 0x0000000708c00000|100%| E|CS|TAMS 0x0000000708b00000, 0x0000000708b00000| Complete 
| 126|0x0000000708c00000, 0x0000000708d00000, 0x0000000708d00000|100%| E|CS|TAMS 0x0000000708c00000, 0x0000000708c00000| Complete 
| 127|0x0000000708d00000, 0x0000000708e00000, 0x0000000708e00000|100%| E|CS|TAMS 0x0000000708d00000, 0x0000000708d00000| Complete 
| 128|0x0000000708e00000, 0x0000000708f00000, 0x0000000708f00000|100%| E|CS|TAMS 0x0000000708e00000, 0x0000000708e00000| Complete 
| 129|0x0000000708f00000, 0x0000000709000000, 0x0000000709000000|100%| E|CS|TAMS 0x0000000708f00000, 0x0000000708f00000| Complete 
| 130|0x0000000709000000, 0x0000000709100000, 0x0000000709100000|100%| E|CS|TAMS 0x0000000709000000, 0x0000000709000000| Complete 
| 131|0x0000000709100000, 0x0000000709200000, 0x0000000709200000|100%| E|CS|TAMS 0x0000000709100000, 0x0000000709100000| Complete 
| 132|0x0000000709200000, 0x0000000709300000, 0x0000000709300000|100%| E|CS|TAMS 0x0000000709200000, 0x0000000709200000| Complete 
| 133|0x0000000709300000, 0x0000000709400000, 0x0000000709400000|100%| E|CS|TAMS 0x0000000709300000, 0x0000000709300000| Complete 
| 134|0x0000000709400000, 0x0000000709500000, 0x0000000709500000|100%| E|CS|TAMS 0x0000000709400000, 0x0000000709400000| Complete 
| 135|0x0000000709500000, 0x0000000709600000, 0x0000000709600000|100%| E|CS|TAMS 0x0000000709500000, 0x0000000709500000| Complete 
| 136|0x0000000709600000, 0x0000000709700000, 0x0000000709700000|100%| E|CS|TAMS 0x0000000709600000, 0x0000000709600000| Complete 
| 137|0x0000000709700000, 0x0000000709800000, 0x0000000709800000|100%| E|CS|TAMS 0x0000000709700000, 0x0000000709700000| Complete 
| 138|0x0000000709800000, 0x0000000709900000, 0x0000000709900000|100%| E|CS|TAMS 0x0000000709800000, 0x0000000709800000| Complete 
| 139|0x0000000709900000, 0x0000000709a00000, 0x0000000709a00000|100%| E|CS|TAMS 0x0000000709900000, 0x0000000709900000| Complete 
| 140|0x0000000709a00000, 0x0000000709b00000, 0x0000000709b00000|100%| E|CS|TAMS 0x0000000709a00000, 0x0000000709a00000| Complete 
| 141|0x0000000709b00000, 0x0000000709c00000, 0x0000000709c00000|100%| E|CS|TAMS 0x0000000709b00000, 0x0000000709b00000| Complete 
| 142|0x0000000709c00000, 0x0000000709d00000, 0x0000000709d00000|100%| E|CS|TAMS 0x0000000709c00000, 0x0000000709c00000| Complete 
| 143|0x0000000709d00000, 0x0000000709e00000, 0x0000000709e00000|100%| E|CS|TAMS 0x0000000709d00000, 0x0000000709d00000| Complete 
| 144|0x0000000709e00000, 0x0000000709f00000, 0x0000000709f00000|100%| E|CS|TAMS 0x0000000709e00000, 0x0000000709e00000| Complete 
| 145|0x0000000709f00000, 0x000000070a000000, 0x000000070a000000|100%| E|CS|TAMS 0x0000000709f00000, 0x0000000709f00000| Complete 
| 146|0x000000070a000000, 0x000000070a100000, 0x000000070a100000|100%| E|CS|TAMS 0x000000070a000000, 0x000000070a000000| Complete 
| 147|0x000000070a100000, 0x000000070a200000, 0x000000070a200000|100%| E|CS|TAMS 0x000000070a100000, 0x000000070a100000| Complete 
| 148|0x000000070a200000, 0x000000070a300000, 0x000000070a300000|100%| E|CS|TAMS 0x000000070a200000, 0x000000070a200000| Complete 
| 149|0x000000070a300000, 0x000000070a400000, 0x000000070a400000|100%| E|CS|TAMS 0x000000070a300000, 0x000000070a300000| Complete 
| 150|0x000000070a400000, 0x000000070a500000, 0x000000070a500000|100%| E|CS|TAMS 0x000000070a400000, 0x000000070a400000| Complete 
| 151|0x000000070a500000, 0x000000070a600000, 0x000000070a600000|100%| E|CS|TAMS 0x000000070a500000, 0x000000070a500000| Complete 
| 152|0x000000070a600000, 0x000000070a700000, 0x000000070a700000|100%| E|CS|TAMS 0x000000070a600000, 0x000000070a600000| Complete 
| 153|0x000000070a700000, 0x000000070a800000, 0x000000070a800000|100%| E|CS|TAMS 0x000000070a700000, 0x000000070a700000| Complete 
| 154|0x000000070a800000, 0x000000070a900000, 0x000000070a900000|100%| E|CS|TAMS 0x000000070a800000, 0x000000070a800000| Complete 
| 155|0x000000070a900000, 0x000000070aa00000, 0x000000070aa00000|100%| E|CS|TAMS 0x000000070a900000, 0x000000070a900000| Complete 
| 156|0x000000070aa00000, 0x000000070ab00000, 0x000000070ab00000|100%| E|CS|TAMS 0x000000070aa00000, 0x000000070aa00000| Complete 
| 306|0x0000000714000000, 0x0000000714100000, 0x0000000714100000|100%| E|CS|TAMS 0x0000000714000000, 0x0000000714000000| Complete 
| 307|0x0000000714100000, 0x0000000714200000, 0x0000000714200000|100%| E|CS|TAMS 0x0000000714100000, 0x0000000714100000| Complete 

Card table byte_map: [0x0000022038a10000,0x0000022039210000] _byte_map_base: 0x0000022035209000

Marking Bits (Prev, Next): (CMBitMap*) 0x0000022020d89508, (CMBitMap*) 0x0000022020d89548
 Prev Bits: [0x0000022039a10000, 0x000002203d9d8000)
 Next Bits: [0x000002203d9e0000, 0x00000220419a8000)

Polling page: 0x00000220204e0000

Metaspace:

Usage:
  Non-class:     55.63 MB capacity,    54.23 MB ( 97%) used,     1.08 MB (  2%) free+waste,   320.50 KB ( <1%) overhead. 
      Class:      8.89 MB capacity,     7.94 MB ( 89%) used,   822.43 KB (  9%) free+waste,   144.63 KB (  2%) overhead. 
       Both:     64.51 MB capacity,    62.17 MB ( 96%) used,     1.89 MB (  3%) free+waste,   465.13 KB ( <1%) overhead. 

Virtual space:
  Non-class space:       56.00 MB reserved,      55.66 MB (>99%) committed 
      Class space:        1.00 GB reserved,       9.00 MB ( <1%) committed 
             Both:        1.05 GB reserved,      64.66 MB (  6%) committed 

Chunk freelists:
   Non-Class:  0 bytes
       Class:  0 bytes
        Both:  0 bytes

MaxMetaspaceSize: 17179869184.00 GB
CompressedClassSpaceSize: 1.00 GB

CodeHeap 'non-profiled nmethods': size=120000Kb used=5780Kb max_used=5780Kb free=114219Kb
 bounds [0x0000022030ce0000, 0x0000022031290000, 0x0000022038210000]
CodeHeap 'profiled nmethods': size=120000Kb used=17927Kb max_used=17927Kb free=102072Kb
 bounds [0x00000220297b0000, 0x000002202a940000, 0x0000022030ce0000]
CodeHeap 'non-nmethods': size=5760Kb used=1382Kb max_used=1426Kb free=4377Kb
 bounds [0x0000022029210000, 0x0000022029480000, 0x00000220297b0000]
 total_blobs=14119 nmethods=8109 adapters=587
 compilation: enabled
              stopped_count=0, restarted_count=0
 full_count=0

Compilation events (20 events):
Event: 50.235 Thread 0x0000022044919800 9838       3       java.math.BigInteger::multiply (231 bytes)
Event: 50.236 Thread 0x0000022044919800 nmethod 9838 0x000002202a8ec490 code [0x000002202a8ec7e0, 0x000002202a8edb50]
Event: 50.237 Thread 0x0000022044918800 nmethod 9772 0x0000022031261190 code [0x0000022031261500, 0x0000022031263ad0]
Event: 50.237 Thread 0x0000022044918800 9771       4       java.util.stream.SpinedBuffer::accept (94 bytes)
Event: 50.243 Thread 0x0000022044919800 9840       3       java.math.BigInteger::shiftRightImpl (290 bytes)
Event: 50.243 Thread 0x0000022044919800 nmethod 9840 0x000002202a8ee210 code [0x000002202a8ee460, 0x000002202a8ef190]
Event: 50.244 Thread 0x0000022044918800 nmethod 9771 0x0000022031265410 code [0x00000220312655e0, 0x0000022031265e38]
Event: 50.245 Thread 0x0000022044918800 9839       4       java.math.BigDecimal::<init> (454 bytes)
Event: 50.247 Thread 0x0000022044919800 9841       3       java.util.Formatter$Conversion::isInteger (48 bytes)
Event: 50.247 Thread 0x0000022044919800 nmethod 9841 0x000002202a8ef610 code [0x000002202a8ef7c0, 0x000002202a8ef9b8]
Event: 50.252 Thread 0x0000022044919800 9842       3       java.math.BigDecimal::getValueString (160 bytes)
Event: 50.254 Thread 0x0000022044919800 nmethod 9842 0x000002202a8efa90 code [0x000002202a8efe20, 0x000002202a8f1420]
Event: 50.256 Thread 0x0000022044919800 9843       3       com.vaadin.flow.internal.StateNode$$Lambda$1664/0x000000080132fc40::accept (12 bytes)
Event: 50.257 Thread 0x0000022044919800 nmethod 9843 0x000002202a8f1c10 code [0x000002202a8f1de0, 0x000002202a8f2190]
Event: 50.257 Thread 0x0000022044919800 9846       3       java.util.LinkedList::linkFirst (59 bytes)
Event: 50.257 Thread 0x0000022044919800 nmethod 9846 0x000002202a8f2290 code [0x000002202a8f2460, 0x000002202a8f2978]
Event: 50.257 Thread 0x0000022044919800 9844       3       com.vaadin.flow.internal.StateNode$$Lambda$1664/0x000000080132fc40::get$Lambda (9 bytes)
Event: 50.257 Thread 0x0000022044919800 nmethod 9844 0x000002202a8f2b10 code [0x000002202a8f2cc0, 0x000002202a8f2f78]
Event: 50.257 Thread 0x0000022044919800 9845       3       com.vaadin.flow.internal.StateNode$$Lambda$1664/0x000000080132fc40::<init> (10 bytes)
Event: 50.257 Thread 0x0000022044919800 nmethod 9845 0x000002202a8f3090 code [0x000002202a8f3240, 0x000002202a8f3478]

GC Heap History (20 events):
Event: 15.964 GC heap before
{Heap before GC invocations=26 (full 0):
 garbage-first heap   total 135168K, used 94479K [0x0000000700e00000, 0x0000000800000000)
  region size 1024K, 25 young (25600K), 5 survivors (5120K)
 Metaspace       used 48254K, capacity 49993K, committed 50212K, reserved 1093632K
  class space    used 6068K, capacity 6743K, committed 6784K, reserved 1048576K
}
Event: 15.973 GC heap after
{Heap after GC invocations=27 (full 0):
 garbage-first heap   total 135168K, used 81241K [0x0000000700e00000, 0x0000000800000000)
  region size 1024K, 4 young (4096K), 4 survivors (4096K)
 Metaspace       used 48254K, capacity 49993K, committed 50212K, reserved 1093632K
  class space    used 6068K, capacity 6743K, committed 6784K, reserved 1048576K
}
Event: 16.062 GC heap before
{Heap before GC invocations=27 (full 0):
 garbage-first heap   total 135168K, used 102745K [0x0000000700e00000, 0x0000000800000000)
  region size 1024K, 25 young (25600K), 4 survivors (4096K)
 Metaspace       used 48261K, capacity 49996K, committed 50212K, reserved 1093632K
  class space    used 6068K, capacity 6743K, committed 6784K, reserved 1048576K
}
Event: 16.071 GC heap after
{Heap after GC invocations=28 (full 0):
 garbage-first heap   total 162816K, used 86873K [0x0000000700e00000, 0x0000000800000000)
  region size 1024K, 4 young (4096K), 4 survivors (4096K)
 Metaspace       used 48261K, capacity 49996K, committed 50212K, reserved 1093632K
  class space    used 6068K, capacity 6743K, committed 6784K, reserved 1048576K
}
Event: 19.147 GC heap before
{Heap before GC invocations=29 (full 0):
 garbage-first heap   total 162816K, used 116569K [0x0000000700e00000, 0x0000000800000000)
  region size 1024K, 33 young (33792K), 4 survivors (4096K)
 Metaspace       used 50072K, capacity 51928K, committed 52004K, reserved 1093632K
  class space    used 6267K, capacity 6980K, committed 7040K, reserved 1048576K
}
Event: 19.152 GC heap after
{Heap after GC invocations=30 (full 0):
 garbage-first heap   total 162816K, used 88921K [0x0000000700e00000, 0x0000000800000000)
  region size 1024K, 2 young (2048K), 2 survivors (2048K)
 Metaspace       used 50072K, capacity 51928K, committed 52004K, reserved 1093632K
  class space    used 6267K, capacity 6980K, committed 7040K, reserved 1048576K
}
Event: 22.226 GC heap before
{Heap before GC invocations=30 (full 0):
 garbage-first heap   total 162816K, used 93017K [0x0000000700e00000, 0x0000000800000000)
  region size 1024K, 7 young (7168K), 2 survivors (2048K)
 Metaspace       used 50136K, capacity 51937K, committed 52004K, reserved 1093632K
  class space    used 6271K, capacity 6983K, committed 7040K, reserved 1048576K
}
Event: 22.254 GC heap after
{Heap after GC invocations=31 (full 0):
 garbage-first heap   total 162816K, used 81666K [0x0000000700e00000, 0x0000000800000000)
  region size 1024K, 1 young (1024K), 1 survivors (1024K)
 Metaspace       used 50136K, capacity 51937K, committed 52004K, reserved 1093632K
  class space    used 6271K, capacity 6983K, committed 7040K, reserved 1048576K
}
Event: 41.232 GC heap before
{Heap before GC invocations=31 (full 0):
 garbage-first heap   total 162816K, used 112386K [0x0000000700e00000, 0x0000000800000000)
  region size 1024K, 33 young (33792K), 1 survivors (1024K)
 Metaspace       used 53234K, capacity 55116K, committed 55332K, reserved 1097728K
  class space    used 6544K, capacity 7279K, committed 7296K, reserved 1048576K
}
Event: 41.235 GC heap after
{Heap after GC invocations=32 (full 0):
 garbage-first heap   total 162816K, used 82376K [0x0000000700e00000, 0x0000000800000000)
  region size 1024K, 2 young (2048K), 2 survivors (2048K)
 Metaspace       used 53234K, capacity 55116K, committed 55332K, reserved 1097728K
  class space    used 6544K, capacity 7279K, committed 7296K, reserved 1048576K
}
Event: 41.664 GC heap before
{Heap before GC invocations=33 (full 0):
 garbage-first heap   total 162816K, used 102856K [0x0000000700e00000, 0x0000000800000000)
  region size 1024K, 36 young (36864K), 2 survivors (2048K)
 Metaspace       used 53428K, capacity 55247K, committed 55332K, reserved 1097728K
  class space    used 6562K, capacity 7280K, committed 7296K, reserved 1048576K
}
Event: 41.666 GC heap after
{Heap after GC invocations=34 (full 0):
 garbage-first heap   total 162816K, used 68591K [0x0000000700e00000, 0x0000000800000000)
  region size 1024K, 2 young (2048K), 2 survivors (2048K)
 Metaspace       used 53428K, capacity 55247K, committed 55332K, reserved 1097728K
  class space    used 6562K, capacity 7280K, committed 7296K, reserved 1048576K
}
Event: 41.699 GC heap before
{Heap before GC invocations=34 (full 0):
 garbage-first heap   total 162816K, used 76783K [0x0000000700e00000, 0x0000000800000000)
  region size 1024K, 7 young (7168K), 2 survivors (2048K)
 Metaspace       used 53428K, capacity 55247K, committed 55332K, reserved 1097728K
  class space    used 6562K, capacity 7280K, committed 7296K, reserved 1048576K
}
Event: 41.708 GC heap after
{Heap after GC invocations=35 (full 0):
 garbage-first heap   total 162816K, used 58466K [0x0000000700e00000, 0x0000000800000000)
  region size 1024K, 1 young (1024K), 1 survivors (1024K)
 Metaspace       used 53428K, capacity 55247K, committed 55332K, reserved 1097728K
  class space    used 6562K, capacity 7280K, committed 7296K, reserved 1048576K
}
Event: 42.159 GC heap before
{Heap before GC invocations=35 (full 0):
 garbage-first heap   total 162816K, used 119906K [0x0000000700e00000, 0x0000000800000000)
  region size 1024K, 47 young (48128K), 1 survivors (1024K)
 Metaspace       used 53668K, capacity 55480K, committed 55716K, reserved 1097728K
  class space    used 6595K, capacity 7315K, committed 7424K, reserved 1048576K
}
Event: 42.162 GC heap after
{Heap after GC invocations=36 (full 0):
 garbage-first heap   total 162816K, used 72986K [0x0000000700e00000, 0x0000000800000000)
  region size 1024K, 1 young (1024K), 1 survivors (1024K)
 Metaspace       used 53668K, capacity 55480K, committed 55716K, reserved 1097728K
  class space    used 6595K, capacity 7315K, committed 7424K, reserved 1048576K
}
Event: 46.928 GC heap before
{Heap before GC invocations=36 (full 0):
 garbage-first heap   total 162816K, used 117018K [0x0000000700e00000, 0x0000000800000000)
  region size 1024K, 44 young (45056K), 1 survivors (1024K)
 Metaspace       used 58622K, capacity 60830K, committed 61092K, reserved 1101824K
  class space    used 7284K, capacity 8171K, committed 8192K, reserved 1048576K
}
Event: 46.931 GC heap after
{Heap after GC invocations=37 (full 0):
 garbage-first heap   total 162816K, used 57122K [0x0000000700e00000, 0x0000000800000000)
  region size 1024K, 4 young (4096K), 4 survivors (4096K)
 Metaspace       used 58622K, capacity 60830K, committed 61092K, reserved 1101824K
  class space    used 7284K, capacity 8171K, committed 8192K, reserved 1048576K
}
Event: 49.600 GC heap before
{Heap before GC invocations=37 (full 0):
 garbage-first heap   total 162816K, used 108322K [0x0000000700e00000, 0x0000000800000000)
  region size 1024K, 55 young (56320K), 4 survivors (4096K)
 Metaspace       used 61182K, capacity 63494K, committed 63652K, reserved 1103872K
  class space    used 7704K, capacity 8625K, committed 8704K, reserved 1048576K
}
Event: 49.604 GC heap after
{Heap after GC invocations=38 (full 0):
 garbage-first heap   total 162816K, used 59417K [0x0000000700e00000, 0x0000000800000000)
  region size 1024K, 6 young (6144K), 6 survivors (6144K)
 Metaspace       used 61182K, capacity 63494K, committed 63652K, reserved 1103872K
  class space    used 7704K, capacity 8625K, committed 8704K, reserved 1048576K
}

Deoptimization events (20 events):
Event: 49.767 Thread 0x00000220458e7800 DEOPT PACKING pc=0x0000022030e1f1a0 sp=0x00000024fb2fac20
Event: 49.767 Thread 0x00000220458e7800 DEOPT UNPACKING pc=0x000002202925912f sp=0x00000024fb2faab0 mode 2
Event: 49.788 Thread 0x00000220458e7800 Uncommon trap: trap_request=0xffffff45 fr.pc=0x0000022030f18eac relative=0x000000000000038c
Event: 49.788 Thread 0x00000220458e7800 Uncommon trap: reason=unstable_if action=reinterpret pc=0x0000022030f18eac method=java.util.HashMap$HashIterator.<init>(Ljava/util/HashMap;)V @ 45 c2
Event: 49.788 Thread 0x00000220458e7800 DEOPT PACKING pc=0x0000022030f18eac sp=0x00000024fb2fab60
Event: 49.788 Thread 0x00000220458e7800 DEOPT UNPACKING pc=0x000002202925912f sp=0x00000024fb2fab18 mode 2
Event: 49.873 Thread 0x00000220458e7800 Uncommon trap: trap_request=0xffffff45 fr.pc=0x0000022030e5dc4c relative=0x000000000000018c
Event: 49.873 Thread 0x00000220458e7800 Uncommon trap: reason=unstable_if action=reinterpret pc=0x0000022030e5dc4c method=java.util.regex.Pattern.<init>(Ljava/lang/String;I)V @ 104 c2
Event: 49.873 Thread 0x00000220458e7800 DEOPT PACKING pc=0x0000022030e5dc4c sp=0x00000024fb2fb160
Event: 49.873 Thread 0x00000220458e7800 DEOPT UNPACKING pc=0x000002202925912f sp=0x00000024fb2fb118 mode 2
Event: 49.878 Thread 0x00000220458e7800 DEOPT PACKING pc=0x000002202a829110 sp=0x00000024fb2fb120
Event: 49.878 Thread 0x00000220458e7800 DEOPT UNPACKING pc=0x000002202925964e sp=0x00000024fb2fa5e0 mode 0
Event: 49.985 Thread 0x00000220458e7800 Uncommon trap: trap_request=0xfffffff4 fr.pc=0x000002203105ad34 relative=0x0000000000000094
Event: 49.985 Thread 0x00000220458e7800 Uncommon trap: reason=null_check action=make_not_entrant pc=0x000002203105ad34 method=java.lang.Integer.equals(Ljava/lang/Object;)Z @ 1 c2
Event: 49.985 Thread 0x00000220458e7800 DEOPT PACKING pc=0x000002203105ad34 sp=0x00000024fb2fb420
Event: 49.985 Thread 0x00000220458e7800 DEOPT UNPACKING pc=0x000002202925912f sp=0x00000024fb2fb3b0 mode 2
Event: 50.007 Thread 0x00000220458e7800 Uncommon trap: trap_request=0xfffffff4 fr.pc=0x0000022030e7447c relative=0x000000000000023c
Event: 50.007 Thread 0x00000220458e7800 Uncommon trap: reason=null_check action=make_not_entrant pc=0x0000022030e7447c method=com.vaadin.flow.internal.nodefeature.NodeMap$HashMapValues.get(Ljava/lang/String;)Ljava/io/Serializable; @ 5 c2
Event: 50.007 Thread 0x00000220458e7800 DEOPT PACKING pc=0x0000022030e7447c sp=0x00000024fb2fa580
Event: 50.007 Thread 0x00000220458e7800 DEOPT UNPACKING pc=0x000002202925912f sp=0x00000024fb2fa4a8 mode 2

Classes unloaded (0 events):
No events

Classes redefined (0 events):
No events

Internal exceptions (20 events):
Event: 45.645 Thread 0x00000220458e7800 Exception <a 'java/io/IOException'{0x0000000709292278}> (0x0000000709292278) 
thrown [t:/workspace/open/src/hotspot/share/prims/jni.cpp, line 598]
Event: 45.649 Thread 0x00000220458e9800 Exception <a 'java/lang/NoSuchMethodError'{0x00000007092bce88}: 'org.slf4j.impl.StaticMarkerBinder org.slf4j.impl.StaticMarkerBinder.getSingleton()'> (0x00000007092bce88) 
thrown [t:/workspace/open/src/hotspot/share/interpreter/linkResolver.cpp, line 767]
Event: 45.655 Thread 0x00000220458e9800 Exception <a 'java/lang/NoClassDefFoundError'{0x0000000709110740}: sun/reflect/Reflection> (0x0000000709110740) 
thrown [t:/workspace/open/src/hotspot/share/classfile/systemDictionary.cpp, line 221]
Event: 46.678 Thread 0x00000220458e3800 Exception <a 'java/lang/NoSuchMethodError'{0x0000000708e64800}: 'java.lang.Object java.lang.invoke.DirectMethodHandle$Holder.invokeVirtual(java.lang.Object, java.lang.Object, int)'> (0x0000000708e64800) 
thrown [t:/workspace/open/src/hotspot/share/interpreter/linkResolver.cpp, line 767]
Event: 46.720 Thread 0x00000220458e3800 Exception <a 'java/lang/NoSuchMethodError'{0x0000000708c4ca80}: 'java.lang.Object java.lang.invoke.DirectMethodHandle$Holder.invokeVirtual(java.lang.Object, java.lang.Object, java.lang.Object, double)'> (0x0000000708c4ca80) 
thrown [t:/workspace/open/src/hotspot/share/interpreter/linkResolver.cpp, line 767]
Event: 46.721 Thread 0x00000220458e3800 Exception <a 'java/lang/NoSuchMethodError'{0x0000000708c5a330}: 'java.lang.Object java.lang.invoke.DirectMethodHandle$Holder.invokeVirtual(java.lang.Object, java.lang.Object, java.lang.Object, int)'> (0x0000000708c5a330) 
thrown [t:/workspace/open/src/hotspot/share/interpreter/linkResolver.cpp, line 767]
Event: 46.722 Thread 0x00000220458e3800 Exception <a 'java/lang/NoSuchMethodError'{0x0000000708c614e8}: 'int java.lang.invoke.DirectMethodHandle$Holder.invokeVirtual(java.lang.Object, java.lang.Object, java.lang.Object, int)'> (0x0000000708c614e8) 
thrown [t:/workspace/open/src/hotspot/share/interpreter/linkResolver.cpp, line 767]
Event: 46.723 Thread 0x00000220458e3800 Exception <a 'java/lang/NoSuchMethodError'{0x0000000708c73fd0}: 'void java.lang.invoke.DirectMethodHandle$Holder.invokeStaticInit(java.lang.Object, java.lang.Object, java.lang.Object, java.lang.Object)'> (0x0000000708c73fd0) 
thrown [t:/workspace/open/src/hotspot/share/interpreter/linkResolver.cpp, line 767]
Event: 46.732 Thread 0x00000220458e3800 Exception <a 'java/lang/NoSuchMethodError'{0x0000000708b12bc0}: 'int java.lang.invoke.DirectMethodHandle$Holder.invokeVirtual(java.lang.Object, java.lang.Object, java.lang.Object, java.lang.Object)'> (0x0000000708b12bc0) 
thrown [t:/workspace/open/src/hotspot/share/interpreter/linkResolver.cpp, line 767]
Event: 46.742 Thread 0x00000220458e3800 Exception <a 'java/lang/NoSuchMethodError'{0x0000000708b782a0}: 'void java.lang.invoke.DirectMethodHandle$Holder.invokeSpecial(java.lang.Object, java.lang.Object, int, java.lang.Object)'> (0x0000000708b782a0) 
thrown [t:/workspace/open/src/hotspot/share/interpreter/linkResolver.cpp, line 767]
Event: 46.787 Thread 0x00000220458e3800 Exception <a 'java/lang/IncompatibleClassChangeError'{0x00000007089df9b8}: Found class java.lang.Object, but interface was expected> (0x00000007089df9b8) 
thrown [t:/workspace/open/src/hotspot/share/interpreter/linkResolver.cpp, line 833]
Event: 46.787 Thread 0x00000220458e3800 Exception <a 'java/lang/IncompatibleClassChangeError'{0x00000007089e28d0}: Found class java.lang.Object, but interface was expected> (0x00000007089e28d0) 
thrown [t:/workspace/open/src/hotspot/share/interpreter/linkResolver.cpp, line 833]
Event: 46.871 Thread 0x00000220458e3800 Exception <a 'java/lang/NoSuchMethodError'{0x00000007085cae60}: 'java.lang.Object java.lang.invoke.DirectMethodHandle$Holder.newInvokeSpecial(java.lang.Object, java.lang.Object, java.lang.Object)'> (0x00000007085cae60) 
thrown [t:/workspace/open/src/hotspot/share/interpreter/linkResolver.cpp, line 767]
Event: 49.390 Thread 0x00000220458e7800 Implicit null exception at 0x0000022030e71a61 to 0x0000022030e71b2a
Event: 49.419 Thread 0x00000220458e7800 Exception <a 'java/lang/NoSuchMethodError'{0x0000000709054fb0}: 'int java.lang.invoke.DirectMethodHandle$Holder.invokeSpecialIFC(java.lang.Object, java.lang.Object, java.lang.Object)'> (0x0000000709054fb0) 
thrown [t:/workspace/open/src/hotspot/share/interpreter/linkResolver.cpp, line 767]
Event: 49.423 Thread 0x00000220458e7800 Exception <a 'java/lang/IncompatibleClassChangeError'{0x00000007090942a0}: Found class java.lang.Object, but interface was expected> (0x00000007090942a0) 
thrown [t:/workspace/open/src/hotspot/share/interpreter/linkResolver.cpp, line 833]
Event: 49.892 Thread 0x00000220458e7800 Exception <a 'java/lang/NoSuchMethodError'{0x00000007090da3c0}: 'void java.lang.invoke.DirectMethodHandle$Holder.invokeSpecial(java.lang.Object, java.lang.Object, int)'> (0x00000007090da3c0) 
thrown [t:/workspace/open/src/hotspot/share/interpreter/linkResolver.cpp, line 767]
Event: 49.931 Thread 0x00000220458e7800 Exception <a 'java/lang/IncompatibleClassChangeError'{0x0000000708f55230}: Found class java.lang.Object, but interface was expected> (0x0000000708f55230) 
thrown [t:/workspace/open/src/hotspot/share/interpreter/linkResolver.cpp, line 833]
Event: 49.985 Thread 0x00000220458e7800 Implicit null exception at 0x000002203105acdc to 0x000002203105ad26
Event: 50.007 Thread 0x00000220458e7800 Implicit null exception at 0x0000022030e743e7 to 0x0000022030e74472

Events (20 events):
Event: 50.062 loading class java/lang/StrictMath
Event: 50.062 loading class java/lang/StrictMath done
Event: 50.080 loading class com/vaadin/flow/internal/StateNode
Event: 50.080 loading class com/vaadin/flow/internal/StateNode done
Event: 50.080 loading class com/vaadin/flow/internal/nodefeature/StateNodeNodeList
Event: 50.080 loading class com/vaadin/flow/internal/nodefeature/StateNodeNodeList done
Event: 50.137 loading class com/vaadin/flow/component/ItemLabelGenerator
Event: 50.137 loading class com/vaadin/flow/component/ItemLabelGenerator done
Event: 50.137 loading class com/vaadin/flow/function/SerializableFunction
Event: 50.137 loading class com/vaadin/flow/function/SerializableFunction done
Event: 50.137 loading class com/aoedb/data/EntityElement
Event: 50.137 loading class com/aoedb/data/EntityElement done
Event: 50.138 loading class com/aoedb/views/tools/DamageCalculatorView
Event: 50.138 loading class com/aoedb/views/tools/DamageCalculatorView done
Event: 50.138 loading class com/vaadin/flow/component/AbstractField$ComponentValueChangeEvent
Event: 50.138 loading class com/vaadin/flow/component/AbstractField$ComponentValueChangeEvent done
Event: 50.178 loading class com/aoedb/views/components/DoubleAgeCivSelector
Event: 50.178 loading class com/aoedb/views/components/DoubleAgeCivSelector done
Event: 50.260 loading class com/vaadin/flow/component/Component
Event: 50.260 loading class com/vaadin/flow/component/Component done


Dynamic libraries:
0x00007ff7b3520000 - 0x00007ff7b352f000 	D:\Programas\Java sdk\bin\java.exe
0x00007ffeec7f0000 - 0x00007ffeec9e5000 	C:\WINDOWS\SYSTEM32\ntdll.dll
0x00007ffecac10000 - 0x00007ffecac26000 	C:\Program Files\AVAST Software\Avast\aswhook.dll
0x00007ffeeb870000 - 0x00007ffeeb92e000 	C:\WINDOWS\System32\KERNEL32.DLL
0x00007ffeea400000 - 0x00007ffeea6c8000 	C:\WINDOWS\System32\KERNELBASE.dll
0x00007ffee9f00000 - 0x00007ffeea000000 	C:\WINDOWS\System32\ucrtbase.dll
0x00007ffee7680000 - 0x00007ffee7698000 	D:\Programas\Java sdk\bin\jli.dll
0x00007ffeeb930000 - 0x00007ffeeb9de000 	C:\WINDOWS\System32\ADVAPI32.dll
0x00007ffeead00000 - 0x00007ffeead9e000 	C:\WINDOWS\System32\msvcrt.dll
0x00007ffeebd20000 - 0x00007ffeebdbc000 	C:\WINDOWS\System32\sechost.dll
0x00007ffeeada0000 - 0x00007ffeeaec5000 	C:\WINDOWS\System32\RPCRT4.dll
0x00007ffeeab50000 - 0x00007ffeeacf1000 	C:\WINDOWS\System32\USER32.dll
0x00007ffeea270000 - 0x00007ffeea292000 	C:\WINDOWS\System32\win32u.dll
0x00007ffeebac0000 - 0x00007ffeebaeb000 	C:\WINDOWS\System32\GDI32.dll
0x00007ffeea030000 - 0x00007ffeea13d000 	C:\WINDOWS\System32\gdi32full.dll
0x00007ffeea140000 - 0x00007ffeea1dd000 	C:\WINDOWS\System32\msvcp_win.dll
0x00007ffee7660000 - 0x00007ffee7675000 	D:\Programas\Java sdk\bin\VCRUNTIME140.dll
0x00007ffedc9f0000 - 0x00007ffedcc8a000 	C:\WINDOWS\WinSxS\amd64_microsoft.windows.common-controls_6595b64144ccf1df_6.0.19041.1110_none_60b5254171f9507e\COMCTL32.dll
0x00007ffee12b0000 - 0x00007ffee12ba000 	C:\WINDOWS\SYSTEM32\VERSION.dll
0x00007ffeea830000 - 0x00007ffeea860000 	C:\WINDOWS\System32\IMM32.DLL
0x00007ffecde90000 - 0x00007ffecdf2b000 	D:\Programas\Java sdk\bin\msvcp140.dll
0x00007ffe6e010000 - 0x00007ffe6eb6d000 	D:\Programas\Java sdk\bin\server\jvm.dll
0x00007ffeec2b0000 - 0x00007ffeec2b8000 	C:\WINDOWS\System32\PSAPI.DLL
0x00007ffed9820000 - 0x00007ffed9829000 	C:\WINDOWS\SYSTEM32\WSOCK32.dll
0x00007ffeebdc0000 - 0x00007ffeebe2b000 	C:\WINDOWS\System32\WS2_32.dll
0x00007ffede1e0000 - 0x00007ffede207000 	C:\WINDOWS\SYSTEM32\WINMM.dll
0x00007ffee7dd0000 - 0x00007ffee7de2000 	C:\WINDOWS\SYSTEM32\kernel.appcore.dll
0x00007ffee7650000 - 0x00007ffee7660000 	D:\Programas\Java sdk\bin\verify.dll
0x00007ffedf0e0000 - 0x00007ffedf2c4000 	C:\WINDOWS\SYSTEM32\DBGHELP.DLL
0x00007ffedf000000 - 0x00007ffedf02c000 	C:\WINDOWS\SYSTEM32\dbgcore.DLL
0x00007ffeea1e0000 - 0x00007ffeea262000 	C:\WINDOWS\System32\bcryptPrimitives.dll
0x00007ffece110000 - 0x00007ffece136000 	D:\Programas\Java sdk\bin\java.dll
0x00007ffee4d50000 - 0x00007ffee4d5e000 	D:\Programas\Java sdk\bin\instrument.dll
0x00007ffeddc70000 - 0x00007ffeddc87000 	D:\Programas\Java sdk\bin\zip.dll
0x00007ffee7640000 - 0x00007ffee764a000 	D:\Programas\Java sdk\bin\jimage.dll
0x00007ffeeb100000 - 0x00007ffeeb844000 	C:\WINDOWS\System32\SHELL32.dll
0x00007ffee7fd0000 - 0x00007ffee8765000 	C:\WINDOWS\SYSTEM32\windows.storage.dll
0x00007ffeec2c0000 - 0x00007ffeec615000 	C:\WINDOWS\System32\combase.dll
0x00007ffee9870000 - 0x00007ffee989e000 	C:\WINDOWS\SYSTEM32\Wldp.dll
0x00007ffeea9f0000 - 0x00007ffeeaa9d000 	C:\WINDOWS\System32\SHCORE.dll
0x00007ffeeaed0000 - 0x00007ffeeaf25000 	C:\WINDOWS\System32\shlwapi.dll
0x00007ffee9e40000 - 0x00007ffee9e5f000 	C:\WINDOWS\SYSTEM32\profapi.dll
0x00007ffed0c20000 - 0x00007ffed0c39000 	D:\Programas\Java sdk\bin\net.dll
0x00007ffee3540000 - 0x00007ffee364c000 	C:\WINDOWS\SYSTEM32\WINHTTP.dll
0x00007ffee9650000 - 0x00007ffee96ba000 	C:\WINDOWS\system32\mswsock.dll
0x00007ffece0f0000 - 0x00007ffece103000 	D:\Programas\Java sdk\bin\nio.dll
0x00007ffece080000 - 0x00007ffece09a000 	C:\Program Files\JetBrains\IntelliJ IDEA Community Edition 2021.2.2\bin\breakgen64.dll
0x00007ffee4b40000 - 0x00007ffee4b49000 	D:\Programas\Java sdk\bin\management.dll
0x00007ffed7ff0000 - 0x00007ffed7ffb000 	D:\Programas\Java sdk\bin\management_ext.dll
0x00007ffecbf50000 - 0x00007ffecbf67000 	C:\WINDOWS\system32\napinsp.dll
0x00007ffecbf30000 - 0x00007ffecbf4b000 	C:\WINDOWS\system32\pnrpnsp.dll
0x00007ffeda890000 - 0x00007ffeda8a5000 	C:\WINDOWS\system32\wshbth.dll
0x00007ffee59e0000 - 0x00007ffee59fd000 	C:\WINDOWS\system32\NLAapi.dll
0x00007ffee9310000 - 0x00007ffee934b000 	C:\WINDOWS\SYSTEM32\IPHLPAPI.DLL
0x00007ffee9360000 - 0x00007ffee942b000 	C:\WINDOWS\SYSTEM32\DNSAPI.dll
0x00007ffeeb0f0000 - 0x00007ffeeb0f8000 	C:\WINDOWS\System32\NSI.dll
0x00007ffecbf10000 - 0x00007ffecbf22000 	C:\WINDOWS\System32\winrnr.dll
0x00007ffee1260000 - 0x00007ffee126a000 	C:\Windows\System32\rasadhlp.dll
0x00007ffee31a0000 - 0x00007ffee321f000 	C:\WINDOWS\System32\fwpuclnt.dll
0x00007ffeea000000 - 0x00007ffeea027000 	C:\WINDOWS\System32\bcrypt.dll
0x00007ffee9bc0000 - 0x00007ffee9bd8000 	C:\WINDOWS\SYSTEM32\CRYPTSP.dll
0x00007ffee8f20000 - 0x00007ffee8f54000 	C:\WINDOWS\system32\rsaenh.dll
0x00007ffee9e00000 - 0x00007ffee9e2e000 	C:\WINDOWS\SYSTEM32\USERENV.dll
0x00007ffee97e0000 - 0x00007ffee97ec000 	C:\WINDOWS\SYSTEM32\CRYPTBASE.dll
0x00007ffee3d40000 - 0x00007ffee3d57000 	C:\WINDOWS\SYSTEM32\dhcpcsvc6.DLL
0x00007ffee3d20000 - 0x00007ffee3d3d000 	C:\WINDOWS\SYSTEM32\dhcpcsvc.DLL
0x00007ffe9b2d0000 - 0x00007ffe9b469000 	D:\Programas\Java sdk\bin\awt.dll
0x00007ffeec680000 - 0x00007ffeec74d000 	C:\WINDOWS\System32\OLEAUT32.dll
0x00007ffee7720000 - 0x00007ffee77b0000 	C:\WINDOWS\SYSTEM32\apphelp.dll
0x00007ffee7ae0000 - 0x00007ffee7b0f000 	C:\WINDOWS\system32\DWMAPI.DLL
0x00007ffee78f0000 - 0x00007ffee798e000 	C:\WINDOWS\system32\uxtheme.dll
0x00007ffeebc00000 - 0x00007ffeebd15000 	C:\WINDOWS\System32\MSCTF.dll
0x00007ffeea860000 - 0x00007ffeea98a000 	C:\WINDOWS\System32\ole32.dll

dbghelp: loaded successfully - version: 4.0.5 - missing functions: none
symbol engine: initialized successfully - sym options: 0x614 - pdb path: .;D:\Programas\Java sdk\bin;C:\WINDOWS\SYSTEM32;C:\Program Files\AVAST Software\Avast;C:\WINDOWS\WinSxS\amd64_microsoft.windows.common-controls_6595b64144ccf1df_6.0.19041.1110_none_60b5254171f9507e;D:\Programas\Java sdk\bin\server;C:\Program Files\JetBrains\IntelliJ IDEA Community Edition 2021.2.2\bin

VM Arguments:
jvm_args: -javaagent:C:\Program Files\JetBrains\IntelliJ IDEA Community Edition 2021.2.2\lib\idea_rt.jar=64072:C:\Program Files\JetBrains\IntelliJ IDEA Community Edition 2021.2.2\bin -Dfile.encoding=UTF-8 
java_command: com.aoedb.Application
java_class_path (initial): D:\cosas\programacion random\Vaadin\aoe-2-database\target\classes;C:\Users\pau_7\.m2\repository\com\vaadin\vaadin\22.0.2\vaadin-22.0.2.jar;C:\Users\pau_7\.m2\repository\com\vaadin\vaadin-core\22.0.2\vaadin-core-22.0.2.jar;C:\Users\pau_7\.m2\repository\com\vaadin\flow-server\9.0.2\flow-server-9.0.2.jar;C:\Users\pau_7\.m2\repository\javax\annotation\javax.annotation-api\1.3.2\javax.annotation-api-1.3.2.jar;C:\Users\pau_7\.m2\repository\commons-fileupload\commons-fileupload\1.3.3\commons-fileupload-1.3.3.jar;C:\Users\pau_7\.m2\repository\commons-io\commons-io\2.11.0\commons-io-2.11.0.jar;C:\Users\pau_7\.m2\repository\com\fasterxml\jackson\core\jackson-core\2.13.0\jackson-core-2.13.0.jar;C:\Users\pau_7\.m2\repository\com\helger\ph-css\6.3.4\ph-css-6.3.4.jar;C:\Users\pau_7\.m2\repository\com\helger\commons\ph-commons\10.1.2\ph-commons-10.1.2.jar;C:\Users\pau_7\.m2\repository\com\vaadin\external\gentyref\1.2.0.vaadin1\gentyref-1.2.0.vaadin1.jar;C:\Users\pau_7\.m2\repository\org\apache\commons\commons-compress\1.21\commons-compress-1.21.jar;C:\Users\pau_7\.m2\repository\org\apache\httpcomponents\httpclient\4.5.13\httpclient-4.5.13.jar;C:\Users\pau_7\.m2\repository\org\apache\httpcomponents\httpcore\4.4.14\httpcore-4.4.14.jar;C:\Users\pau_7\.m2\repository\com\vaadin\fusion-endpoint\9.0.2\fusion-endpoint-9.0.2.jar;C:\Users\pau_7\.m2\repository\javax\validation\validation-api\2.0.1.Final\validation-api-2.0.1.Final.jar;C:\Users\pau_7\.m2\repository\org\springframework\data\spring-data-commons\2.6.0\spring-data-commons-2.6.0.jar;C:\Users\pau_7\.m2\repository\com\fasterxml\jackson\core\jackson-annotations\2.13.0\jackson-annotations-2.13.0.jar;C:\Users\pau_7\.m2\repository\com\fasterxml\jackson\dataformat\jackson-dataformat-yaml\2.13.0\jackson-dataformat-yaml-2.13.0.jar;C:\Users\pau_7\.m2\repository\org\slf4j\slf4j-ext\1.7.32\slf4j-ext-1.7.32.jar;C:\Users\pau_7\.m2\repository\com\github\javaparser\javaparser-symbol-solver-core\3.23.1\javaparser-symbol
Launcher Type: SUN_STANDARD

[Global flags]
     intx CICompilerCount                          = 3                                         {product} {ergonomic}
     uint ConcGCThreads                            = 1                                         {product} {ergonomic}
     uint G1ConcRefinementThreads                  = 4                                         {product} {ergonomic}
   size_t G1HeapRegionSize                         = 1048576                                   {product} {ergonomic}
    uintx GCDrainStackTargetSize                   = 64                                        {product} {ergonomic}
   size_t InitialHeapSize                          = 268435456                                 {product} {ergonomic}
   size_t MarkStackSize                            = 4194304                                   {product} {ergonomic}
   size_t MaxHeapSize                              = 4280287232                                {product} {ergonomic}
   size_t MaxNewSize                               = 2567962624                                {product} {ergonomic}
   size_t MinHeapDeltaBytes                        = 1048576                                   {product} {ergonomic}
   size_t MinHeapSize                              = 8388608                                   {product} {ergonomic}
    uintx NonNMethodCodeHeapSize                   = 5832780                                {pd product} {ergonomic}
    uintx NonProfiledCodeHeapSize                  = 122912730                              {pd product} {ergonomic}
    uintx ProfiledCodeHeapSize                     = 122912730                              {pd product} {ergonomic}
    uintx ReservedCodeCacheSize                    = 251658240                              {pd product} {ergonomic}
     bool SegmentedCodeCache                       = true                                      {product} {ergonomic}
   size_t SoftMaxHeapSize                          = 4280287232                             {manageable} {ergonomic}
     bool UseCompressedClassPointers               = true                                 {lp64_product} {ergonomic}
     bool UseCompressedOops                        = true                                 {lp64_product} {ergonomic}
     bool UseG1GC                                  = true                                      {product} {ergonomic}
     bool UseLargePagesIndividualAllocation        = false                                  {pd product} {ergonomic}

Logging:
Log output configuration:
 #0: stdout all=warning uptime,level,tags
 #1: stderr all=off uptime,level,tags

Environment Variables:
JAVA_HOME=C:\Program Files\OpenJDK\jdk-11.0.8.10-hotspot\
PATH=C:\Program Files\OpenJDK\jdk-11.0.8.10-hotspot\bin;C:\Program Files\OpenJDK\jdk-8.0.262.10-hotspot\bin;C:\Program Files\Common Files\Oracle\Java\javapath;C:\Python39\Scripts\;C:\Python39\;C:\Windows\system32;C:\Windows;C:\Windows\System32\Wbem;C:\Windows\System32\WindowsPowerShell\v1.0\;C:\Windows\System32\OpenSSH\;C:\Program Files (x86)\NVIDIA Corporation\PhysX\Common;C:\Program Files\PuTTY\;C:\WINDOWS\system32;C:\WINDOWS;C:\WINDOWS\System32\Wbem;C:\WINDOWS\System32\WindowsPowerShell\v1.0\;C:\WINDOWS\System32\OpenSSH\;C:\Program Files\Git\cmd;D:\Programas\Node.js\;C:\ProgramData\chocolatey\bin;C:\Program Files\NVIDIA Corporation\NVIDIA NvDLISR;D:\Programas\apache-maven-3.8.3\bin;C:\Users\pau_7\AppData\Local\Microsoft\WindowsApps;C:\Program Files\JetBrains\IntelliJ IDEA Community Edition 2021.2.2\bin;;D:\Programas\Microsoft VS Code\bin;C:\Users\pau_7\AppData\Roaming\npm;D:\Programas\heroku\bin
USERNAME=pau_7
OS=Windows_NT
PROCESSOR_IDENTIFIER=Intel64 Family 6 Model 58 Stepping 9, GenuineIntel



---------------  S Y S T E M  ---------------

OS: Windows 10 , 64 bit Build 19041 (10.0.19041.1466)
HyperV virtualization detected

CPU:total 4 (initial active 4) (4 cores per cpu, 1 threads per core) family 6 model 58 stepping 9, cmov, cx8, fxsr, mmx, sse, sse2, sse3, ssse3, sse4.1, sse4.2, popcnt, avx, aes, clmul, erms, tsc, tscinvbit, tscinv

Memory: 4k page, system-wide physical 16320M (7295M free)
TotalPageFile size 18752M (AvailPageFile size 7354M)
current process WorkingSet (physical memory assigned to process): 368M, peak: 372M
current process commit charge ("private bytes"): 401M, peak: 450M

vm_info: Java HotSpot(TM) 64-Bit Server VM (13.0.2+8) for windows-amd64 JRE (13.0.2+8), built on Dec 11 2019 09:20:33 by "mach5one" with unknown MS VC++:1916

END.
