#
# A fatal error has been detected by the Java Runtime Environment:
#
#  EXCEPTION_ACCESS_VIOLATION (0xc0000005) at pc=0x00007fbe674d2eb0, pid=5020, tid=14080
#
# JRE version: Java(TM) SE Runtime Environment (13.0.2+8) (build 13.0.2+8)
# Java VM: Java HotSpot(TM) 64-Bit Server VM (13.0.2+8, mixed mode, sharing, tiered, compressed oops, g1 gc, windows-amd64)
# Problematic frame:
# C  0x00007fbe674d2eb0
#
# No core dump will be written. Minidumps are not enabled by default on client versions of Windows
#
# If you would like to submit a bug report, please visit:
#   http://bugreport.java.com/bugreport/crash.jsp
#

---------------  S U M M A R Y ------------

Command Line: -javaagent:C:\Program Files\JetBrains\IntelliJ IDEA Community Edition 2021.2.2\lib\idea_rt.jar=62700:C:\Program Files\JetBrains\IntelliJ IDEA Community Edition 2021.2.2\bin -Dfile.encoding=UTF-8 com.aoedb.Application

Host: Intel(R) Core(TM) i5-3570 CPU @ 3.40GHz, 4 cores, 15G,  Windows 10 , 64 bit Build 19041 (10.0.19041.1466)
Time: Fri Jan 21 14:07:07 2022 Hora estándar romance elapsed time: 112 seconds (0d 0h 1m 52s)

---------------  T H R E A D  ---------------

Current thread (0x000002b97f069000):  JavaThread "C2 CompilerThread0" daemon [_thread_in_native, id=14080, stack(0x000000d2f5000000,0x000000d2f5100000)]


Current CompileTask:
C2: 112919 10473       4       java.math.BigDecimal::<init> (454 bytes)

Stack: [0x000000d2f5000000,0x000000d2f5100000],  sp=0x000000d2f50fbc48,  free space=1007k
Native frames: (J=compiled Java code, j=interpreted, Vv=VM code, C=native code)
C  0x00007fbe674d2eb0


siginfo: EXCEPTION_ACCESS_VIOLATION (0xc0000005), data execution prevention violation at address 0x00007fbe674d2eb0


Register to memory mapping:

RIP=0x00007fbe674d2eb0 is an unknown value
RAX=0x00007ffe67c13a58 jvm.dll
RBX=0x000002b922885f18 points into unknown readable memory: 58 3a c1 67 fe 7f 00 00
RCX=0x000002b922885f18 points into unknown readable memory: 58 3a c1 67 fe 7f 00 00
RDX=0x000000000000021f is an unknown value
RSP=0x000000d2f50fbc48 is pointing into the stack for thread: 0x000002b97f069000
RBP=0x000000000000000c is an unknown value
RSI=0x000002b92248a200 points into unknown readable memory: 40 e7 c9 67 fe 7f 00 00
RDI=0x0 is NULL
R8 =0x0000000000000011 is an unknown value
R9 =0x000000d2f50fbd10 is pointing into the stack for thread: 0x000002b97f069000
R10=0x0 is NULL
R11=0x000000d2f50fbc60 is pointing into the stack for thread: 0x000002b97f069000
R12=0x0000000000000035 is an unknown value
R13=0x0000000000000a0d is an unknown value
R14=0x0000000000000060 is an unknown value
R15=0x000000d2f50fbd90 is pointing into the stack for thread: 0x000002b97f069000


Registers:
RAX=0x00007ffe67c13a58, RBX=0x000002b922885f18, RCX=0x000002b922885f18, RDX=0x000000000000021f
RSP=0x000000d2f50fbc48, RBP=0x000000000000000c, RSI=0x000002b92248a200, RDI=0x0000000000000000
R8 =0x0000000000000011, R9 =0x000000d2f50fbd10, R10=0x0000000000000000, R11=0x000000d2f50fbc60
R12=0x0000000000000035, R13=0x0000000000000a0d, R14=0x0000000000000060, R15=0x000000d2f50fbd90
RIP=0x00007fbe674d2eb0, EFLAGS=0x0000000000010283

Top of Stack: (sp=0x000000d2f50fbc48)
0x000000d2f50fbc48:   00007ffe67601ccb 0000000000000000
0x000000d2f50fbc58:   0000000000000000 000000d2f50fbd10
0x000000d2f50fbc68:   00007ffe677ba25a 0000000000000000
0x000000d2f50fbc78:   000002b91ec3bc50 00000000000003d8
0x000000d2f50fbc88:   000002b91ec3bc40 000002b91ec3c028
0x000000d2f50fbc98:   00007ffe6778777a 000000d200000016
0x000000d2f50fbca8:   000000d2f50fc190 000000d2f50fbda0
0x000000d2f50fbcb8:   00000000ffffff01 000000003fffff01
0x000000d2f50fbcc8:   0000000000008010 0000000000000001
0x000000d2f50fbcd8:   000002b9766b0000 0000000000000802
0x000000d2f50fbce8:   00007ffeec81b44d 000002b923663f10
0x000000d2f50fbcf8:   000002b923666840 000002b923663f20
0x000000d2f50fbd08:   000002b97f065400 0000000000000006
0x000000d2f50fbd18:   000002b91ec3bc40 000002b91ec3bc40
0x000000d2f50fbd28:   000002b91ec3bc50 000002b91ec3c028
0x000000d2f50fbd38:   00000000000003d8 00007ffe67d28c68 

Instructions: (pc=0x00007fbe674d2eb0)
0x00007fbe674d2db0:   ?? ?? ?? ?? ?? ?? ?? ?? ?? ?? ?? ?? ?? ?? ?? ??
0x00007fbe674d2dc0:   ?? ?? ?? ?? ?? ?? ?? ?? ?? ?? ?? ?? ?? ?? ?? ??
0x00007fbe674d2dd0:   ?? ?? ?? ?? ?? ?? ?? ?? ?? ?? ?? ?? ?? ?? ?? ??
0x00007fbe674d2de0:   ?? ?? ?? ?? ?? ?? ?? ?? ?? ?? ?? ?? ?? ?? ?? ??
0x00007fbe674d2df0:   ?? ?? ?? ?? ?? ?? ?? ?? ?? ?? ?? ?? ?? ?? ?? ??
0x00007fbe674d2e00:   ?? ?? ?? ?? ?? ?? ?? ?? ?? ?? ?? ?? ?? ?? ?? ??
0x00007fbe674d2e10:   ?? ?? ?? ?? ?? ?? ?? ?? ?? ?? ?? ?? ?? ?? ?? ??
0x00007fbe674d2e20:   ?? ?? ?? ?? ?? ?? ?? ?? ?? ?? ?? ?? ?? ?? ?? ??
0x00007fbe674d2e30:   ?? ?? ?? ?? ?? ?? ?? ?? ?? ?? ?? ?? ?? ?? ?? ??
0x00007fbe674d2e40:   ?? ?? ?? ?? ?? ?? ?? ?? ?? ?? ?? ?? ?? ?? ?? ??
0x00007fbe674d2e50:   ?? ?? ?? ?? ?? ?? ?? ?? ?? ?? ?? ?? ?? ?? ?? ??
0x00007fbe674d2e60:   ?? ?? ?? ?? ?? ?? ?? ?? ?? ?? ?? ?? ?? ?? ?? ??
0x00007fbe674d2e70:   ?? ?? ?? ?? ?? ?? ?? ?? ?? ?? ?? ?? ?? ?? ?? ??
0x00007fbe674d2e80:   ?? ?? ?? ?? ?? ?? ?? ?? ?? ?? ?? ?? ?? ?? ?? ??
0x00007fbe674d2e90:   ?? ?? ?? ?? ?? ?? ?? ?? ?? ?? ?? ?? ?? ?? ?? ??
0x00007fbe674d2ea0:   ?? ?? ?? ?? ?? ?? ?? ?? ?? ?? ?? ?? ?? ?? ?? ??
0x00007fbe674d2eb0:   ?? ?? ?? ?? ?? ?? ?? ?? ?? ?? ?? ?? ?? ?? ?? ??
0x00007fbe674d2ec0:   ?? ?? ?? ?? ?? ?? ?? ?? ?? ?? ?? ?? ?? ?? ?? ??
0x00007fbe674d2ed0:   ?? ?? ?? ?? ?? ?? ?? ?? ?? ?? ?? ?? ?? ?? ?? ??
0x00007fbe674d2ee0:   ?? ?? ?? ?? ?? ?? ?? ?? ?? ?? ?? ?? ?? ?? ?? ??
0x00007fbe674d2ef0:   ?? ?? ?? ?? ?? ?? ?? ?? ?? ?? ?? ?? ?? ?? ?? ??
0x00007fbe674d2f00:   ?? ?? ?? ?? ?? ?? ?? ?? ?? ?? ?? ?? ?? ?? ?? ??
0x00007fbe674d2f10:   ?? ?? ?? ?? ?? ?? ?? ?? ?? ?? ?? ?? ?? ?? ?? ??
0x00007fbe674d2f20:   ?? ?? ?? ?? ?? ?? ?? ?? ?? ?? ?? ?? ?? ?? ?? ??
0x00007fbe674d2f30:   ?? ?? ?? ?? ?? ?? ?? ?? ?? ?? ?? ?? ?? ?? ?? ??
0x00007fbe674d2f40:   ?? ?? ?? ?? ?? ?? ?? ?? ?? ?? ?? ?? ?? ?? ?? ??
0x00007fbe674d2f50:   ?? ?? ?? ?? ?? ?? ?? ?? ?? ?? ?? ?? ?? ?? ?? ??
0x00007fbe674d2f60:   ?? ?? ?? ?? ?? ?? ?? ?? ?? ?? ?? ?? ?? ?? ?? ??
0x00007fbe674d2f70:   ?? ?? ?? ?? ?? ?? ?? ?? ?? ?? ?? ?? ?? ?? ?? ??
0x00007fbe674d2f80:   ?? ?? ?? ?? ?? ?? ?? ?? ?? ?? ?? ?? ?? ?? ?? ??
0x00007fbe674d2f90:   ?? ?? ?? ?? ?? ?? ?? ?? ?? ?? ?? ?? ?? ?? ?? ??
0x00007fbe674d2fa0:   ?? ?? ?? ?? ?? ?? ?? ?? ?? ?? ?? ?? ?? ?? ?? ?? 


Stack slot to memory mapping:
stack at sp + 0 slots: 0x00007ffe67601ccb jvm.dll
stack at sp + 1 slots: 0x0 is NULL
stack at sp + 2 slots: 0x0 is NULL
stack at sp + 3 slots: 0x000000d2f50fbd10 is pointing into the stack for thread: 0x000002b97f069000
stack at sp + 4 slots: 0x00007ffe677ba25a jvm.dll
stack at sp + 5 slots: 0x0 is NULL
stack at sp + 6 slots: 0x000002b91ec3bc50 points into unknown readable memory: 80 2f cc 67 fe 7f 00 00
stack at sp + 7 slots: 0x00000000000003d8 is an unknown value


---------------  P R O C E S S  ---------------

Threads class SMR info:
_java_thread_list=0x000002b91e1cf4d0, length=42, elements={
0x000002b97e7bd000, 0x000002b97e7c0800, 0x000002b97f064000, 0x000002b97f066000,
0x000002b97f069000, 0x000002b97f06a000, 0x000002b97f0d0800, 0x000002b97f061000,
0x000002b97fa89800, 0x000002b97fa8a000, 0x000002b91e164000, 0x000002b97fb81800,
0x000002b91f4cc800, 0x000002b91f30c800, 0x000002b9223f7000, 0x000002b91f308800,
0x000002b91e374800, 0x000002b921cd6800, 0x000002b921cd7800, 0x000002b921cd8000,
0x000002b921cd3800, 0x000002b921cd9000, 0x000002b921cda000, 0x000002b921cd4000,
0x000002b921cd5000, 0x000002b9221c5800, 0x000002b9221c4000, 0x000002b9221c5000,
0x000002b9221c6800, 0x000002b9221c7800, 0x000002b9221c1800, 0x000002b9221c8000,
0x000002b9221c2800, 0x000002b9221c3000, 0x000002b9221cb800, 0x000002b9221cc000,
0x000002b9221cd000, 0x000002b9221ce000, 0x000002b9221cf800, 0x000002b9221ca800,
0x000002b91ef60000, 0x000002b9221c9800
}

Java Threads: ( => current thread )
  0x000002b97e7bd000 JavaThread "Reference Handler" daemon [_thread_blocked, id=3616, stack(0x000000d2f4c00000,0x000000d2f4d00000)]
  0x000002b97e7c0800 JavaThread "Finalizer" daemon [_thread_blocked, id=4884, stack(0x000000d2f4d00000,0x000000d2f4e00000)]
  0x000002b97f064000 JavaThread "Signal Dispatcher" daemon [_thread_blocked, id=11288, stack(0x000000d2f4e00000,0x000000d2f4f00000)]
  0x000002b97f066000 JavaThread "Attach Listener" daemon [_thread_blocked, id=15520, stack(0x000000d2f4f00000,0x000000d2f5000000)]
=>0x000002b97f069000 JavaThread "C2 CompilerThread0" daemon [_thread_in_native, id=14080, stack(0x000000d2f5000000,0x000000d2f5100000)]
  0x000002b97f06a000 JavaThread "C1 CompilerThread0" daemon [_thread_blocked, id=12412, stack(0x000000d2f5100000,0x000000d2f5200000)]
  0x000002b97f0d0800 JavaThread "Sweeper thread" daemon [_thread_blocked, id=15940, stack(0x000000d2f5200000,0x000000d2f5300000)]
  0x000002b97f061000 JavaThread "Common-Cleaner" daemon [_thread_blocked, id=2304, stack(0x000000d2f5300000,0x000000d2f5400000)]
  0x000002b97fa89800 JavaThread "Monitor Ctrl-Break" daemon [_thread_in_native, id=5996, stack(0x000000d2f5500000,0x000000d2f5600000)]
  0x000002b97fa8a000 JavaThread "Service Thread" daemon [_thread_blocked, id=16276, stack(0x000000d2f5600000,0x000000d2f5700000)]
  0x000002b91e164000 JavaThread "ForkJoinPool.commonPool-worker-3" daemon [_thread_blocked, id=5376, stack(0x000000d2f5e00000,0x000000d2f5f00000)]
  0x000002b97fb81800 JavaThread "Catalina-utility-1" [_thread_blocked, id=852, stack(0x000000d2f5f00000,0x000000d2f6000000)]
  0x000002b91f4cc800 JavaThread "Catalina-utility-2" [_thread_blocked, id=9016, stack(0x000000d2f6000000,0x000000d2f6100000)]
  0x000002b91f30c800 JavaThread "container-0" [_thread_blocked, id=9184, stack(0x000000d2f6100000,0x000000d2f6200000)]
  0x000002b9223f7000 JavaThread "File Watcher" daemon [_thread_blocked, id=10388, stack(0x000000d2f6200000,0x000000d2f6300000)]
  0x000002b91f308800 JavaThread "Live Reload Server" daemon [_thread_in_native, id=5580, stack(0x000000d2f6400000,0x000000d2f6500000)]
  0x000002b91e374800 JavaThread "Atmosphere-Shared-0" daemon [_thread_blocked, id=2424, stack(0x000000d2f6500000,0x000000d2f6600000)]
  0x000002b921cd6800 JavaThread "http-nio-8080-Poller" daemon [_thread_in_native, id=8208, stack(0x000000d2f6700000,0x000000d2f6800000)]
  0x000002b921cd7800 JavaThread "http-nio-8080-Acceptor" daemon [_thread_in_native, id=7948, stack(0x000000d2f6800000,0x000000d2f6900000)]
  0x000002b921cd8000 JavaThread "ForkJoinPool.commonPool-worker-5" daemon [_thread_blocked, id=4040, stack(0x000000d2f6900000,0x000000d2f6a00000)]
  0x000002b921cd3800 JavaThread "Thread-8" daemon [_thread_in_native, id=15820, stack(0x000000d2f6a00000,0x000000d2f6b00000)]
  0x000002b921cd9000 JavaThread "DestroyJavaVM" [_thread_blocked, id=4616, stack(0x000000d2f4500000,0x000000d2f4600000)]
  0x000002b921cda000 JavaThread "http-nio-8080-exec-1" daemon [_thread_blocked, id=9780, stack(0x000000d2f5800000,0x000000d2f5900000)]
  0x000002b921cd4000 JavaThread "http-nio-8080-exec-2" daemon [_thread_blocked, id=592, stack(0x000000d2f5c00000,0x000000d2f5d00000)]
  0x000002b921cd5000 JavaThread "http-nio-8080-exec-3" daemon [_thread_blocked, id=11088, stack(0x000000d2f5d00000,0x000000d2f5e00000)]
  0x000002b9221c5800 JavaThread "http-nio-8080-exec-4" daemon [_thread_blocked, id=4732, stack(0x000000d2f6b00000,0x000000d2f6c00000)]
  0x000002b9221c4000 JavaThread "http-nio-8080-exec-5" daemon [_thread_blocked, id=2420, stack(0x000000d2f6c00000,0x000000d2f6d00000)]
  0x000002b9221c5000 JavaThread "http-nio-8080-exec-6" daemon [_thread_blocked, id=2308, stack(0x000000d2f6d00000,0x000000d2f6e00000)]
  0x000002b9221c6800 JavaThread "http-nio-8080-exec-7" daemon [_thread_blocked, id=9012, stack(0x000000d2f6e00000,0x000000d2f6f00000)]
  0x000002b9221c7800 JavaThread "http-nio-8080-exec-8" daemon [_thread_blocked, id=6444, stack(0x000000d2f6f00000,0x000000d2f7000000)]
  0x000002b9221c1800 JavaThread "http-nio-8080-exec-9" daemon [_thread_blocked, id=7656, stack(0x000000d2f7000000,0x000000d2f7100000)]
  0x000002b9221c8000 JavaThread "http-nio-8080-exec-10" daemon [_thread_blocked, id=11408, stack(0x000000d2f7100000,0x000000d2f7200000)]
  0x000002b9221c2800 JavaThread "dev-server-output" daemon [_thread_in_native, id=5716, stack(0x000000d2f7200000,0x000000d2f7300000)]
  0x000002b9221c3000 JavaThread "Atmosphere-Scheduler-2" daemon [_thread_blocked, id=10844, stack(0x000000d2f7500000,0x000000d2f7600000)]
  0x000002b9221cb800 JavaThread "Java2D Disposer" daemon [_thread_blocked, id=10108, stack(0x000000d2f6300000,0x000000d2f6400000)]
  0x000002b9221cc000 JavaThread "AWT-Windows" daemon [_thread_in_native, id=7640, stack(0x000000d2f7600000,0x000000d2f7700000)]
  0x000002b9221cd000 JavaThread "Atmosphere-Scheduler-4" daemon [_thread_blocked, id=14612, stack(0x000000d2f7800000,0x000000d2f7900000)]
  0x000002b9221ce000 JavaThread "Live Reload #1" daemon [_thread_in_native, id=13880, stack(0x000000d2f7900000,0x000000d2f7a00000)]
  0x000002b9221cf800 JavaThread "Atmosphere-Shared-0" daemon [_thread_blocked, id=2060, stack(0x000000d2f4300000,0x000000d2f4400000)]
  0x000002b9221ca800 JavaThread "WebSocket background processing" daemon [_thread_blocked, id=7076, stack(0x000000d2f7c00000,0x000000d2f7d00000)]
  0x000002b91ef60000 JavaThread "C2 CompilerThread1" daemon [_thread_blocked, id=3720, stack(0x000000d2f6600000,0x000000d2f6700000)]
  0x000002b9221c9800 JavaThread "Keep-Alive-Timer" daemon [_thread_blocked, id=10860, stack(0x000000d2f7700000,0x000000d2f7800000)]

Other Threads:
  0x000002b97e7ba000 VMThread "VM Thread" [stack: 0x000000d2f4b00000,0x000000d2f4c00000] [id=15984]
  0x000002b97fa8f800 WatcherThread [stack: 0x000000d2f5700000,0x000000d2f5800000] [id=6184]
  0x000002b978976800 GCTaskThread "GC Thread#0" [stack: 0x000000d2f4600000,0x000000d2f4700000] [id=11168]
  0x000002b97fc33000 GCTaskThread "GC Thread#1" [stack: 0x000000d2f5900000,0x000000d2f5a00000] [id=9940]
  0x000002b97fcd1800 GCTaskThread "GC Thread#2" [stack: 0x000000d2f5a00000,0x000000d2f5b00000] [id=5688]
  0x000002b91d67a000 GCTaskThread "GC Thread#3" [stack: 0x000000d2f5b00000,0x000000d2f5c00000] [id=7472]
  0x000002b978998000 ConcurrentGCThread "G1 Main Marker" [stack: 0x000000d2f4700000,0x000000d2f4800000] [id=14616]
  0x000002b978999800 ConcurrentGCThread "G1 Conc#0" [stack: 0x000000d2f4800000,0x000000d2f4900000] [id=12688]
  0x000002b97e6b7800 ConcurrentGCThread "G1 Refine#0" [stack: 0x000000d2f4900000,0x000000d2f4a00000] [id=9852]
  0x000002b97e6ba000 ConcurrentGCThread "G1 Young RemSet Sampling" [stack: 0x000000d2f4a00000,0x000000d2f4b00000] [id=6280]

Threads with active compile tasks:
C2 CompilerThread0   113301 10473       4       java.math.BigDecimal::<init> (454 bytes)

VM state:not at safepoint (normal execution)

VM Mutex/Monitor currently owned by a thread: None

Heap address: 0x0000000700e00000, size: 4082 MB, Compressed Oops mode: Zero based, Oop shift amount: 3
Narrow klass base: 0x0000000800000000, Narrow klass shift: 3
Compressed class space size: 1073741824 Address: 0x0000000800b40000

Heap:
 garbage-first heap   total 174080K, used 99314K [0x0000000700e00000, 0x0000000800000000)
  region size 1024K, 54 young (55296K), 7 survivors (7168K)
 Metaspace       used 64422K, capacity 66935K, committed 67096K, reserved 1107968K
  class space    used 8176K, capacity 9172K, committed 9240K, reserved 1048576K
Heap Regions: E=young(eden), S=young(survivor), O=old, HS=humongous(starts), HC=humongous(continues), CS=collection set, F=free, A=archive, TAMS=top-at-mark-start (previous, next)
|   0|0x0000000700e00000, 0x0000000700f00000, 0x0000000700f00000|100%|HS|  |TAMS 0x0000000700e00000, 0x0000000700e00000| Complete 
|   1|0x0000000700f00000, 0x0000000701000000, 0x0000000701000000|100%| O|  |TAMS 0x0000000701000000, 0x0000000700f00000| Untracked 
|   2|0x0000000701000000, 0x0000000701100000, 0x0000000701100000|100%| O|  |TAMS 0x0000000701100000, 0x0000000701000000| Untracked 
|   3|0x0000000701100000, 0x0000000701200000, 0x0000000701200000|100%| O|  |TAMS 0x0000000701200000, 0x0000000701100000| Untracked 
|   4|0x0000000701200000, 0x0000000701300000, 0x0000000701300000|100%| O|  |TAMS 0x0000000701300000, 0x0000000701200000| Untracked 
|   5|0x0000000701300000, 0x0000000701400000, 0x0000000701400000|100%| O|  |TAMS 0x0000000701400000, 0x0000000701300000| Untracked 
|   6|0x0000000701400000, 0x0000000701500000, 0x0000000701500000|100%| O|  |TAMS 0x0000000701500000, 0x0000000701400000| Untracked 
|   7|0x0000000701500000, 0x0000000701600000, 0x0000000701600000|100%| O|  |TAMS 0x0000000701600000, 0x0000000701500000| Untracked 
|   8|0x0000000701600000, 0x0000000701700000, 0x0000000701700000|100%|HS|  |TAMS 0x0000000701600000, 0x0000000701600000| Complete 
|   9|0x0000000701700000, 0x0000000701800000, 0x0000000701800000|100%| O|  |TAMS 0x0000000701800000, 0x0000000701700000| Untracked 
|  10|0x0000000701800000, 0x0000000701900000, 0x0000000701900000|100%| O|  |TAMS 0x0000000701900000, 0x0000000701800000| Untracked 
|  11|0x0000000701900000, 0x0000000701a00000, 0x0000000701a00000|100%| O|  |TAMS 0x0000000701a00000, 0x0000000701900000| Untracked 
|  12|0x0000000701a00000, 0x0000000701b00000, 0x0000000701b00000|100%| O|  |TAMS 0x0000000701b00000, 0x0000000701a00000| Untracked 
|  13|0x0000000701b00000, 0x0000000701c00000, 0x0000000701c00000|100%| O|  |TAMS 0x0000000701c00000, 0x0000000701b00000| Untracked 
|  14|0x0000000701c00000, 0x0000000701d00000, 0x0000000701d00000|100%| O|  |TAMS 0x0000000701d00000, 0x0000000701c00000| Untracked 
|  15|0x0000000701d00000, 0x0000000701e00000, 0x0000000701e00000|100%| O|  |TAMS 0x0000000701e00000, 0x0000000701d00000| Untracked 
|  16|0x0000000701e00000, 0x0000000701f00000, 0x0000000701f00000|100%| O|  |TAMS 0x0000000701f00000, 0x0000000701e00000| Untracked 
|  17|0x0000000701f00000, 0x0000000702000000, 0x0000000702000000|100%| O|  |TAMS 0x0000000702000000, 0x0000000701f00000| Untracked 
|  18|0x0000000702000000, 0x0000000702100000, 0x0000000702100000|100%| O|  |TAMS 0x0000000702100000, 0x0000000702000000| Untracked 
|  19|0x0000000702100000, 0x0000000702200000, 0x0000000702200000|100%| O|  |TAMS 0x0000000702200000, 0x0000000702100000| Untracked 
|  20|0x0000000702200000, 0x0000000702300000, 0x0000000702300000|100%| O|  |TAMS 0x0000000702300000, 0x0000000702200000| Untracked 
|  21|0x0000000702300000, 0x0000000702400000, 0x0000000702400000|100%| O|  |TAMS 0x0000000702400000, 0x0000000702300000| Untracked 
|  22|0x0000000702400000, 0x0000000702500000, 0x0000000702500000|100%| O|  |TAMS 0x0000000702500000, 0x0000000702400000| Untracked 
|  23|0x0000000702500000, 0x0000000702600000, 0x0000000702600000|100%| O|  |TAMS 0x0000000702600000, 0x0000000702500000| Untracked 
|  24|0x0000000702600000, 0x0000000702700000, 0x0000000702700000|100%| O|  |TAMS 0x0000000702700000, 0x0000000702600000| Untracked 
|  25|0x0000000702700000, 0x0000000702800000, 0x0000000702800000|100%| O|  |TAMS 0x0000000702800000, 0x0000000702700000| Untracked 
|  26|0x0000000702800000, 0x0000000702900000, 0x0000000702900000|100%| O|  |TAMS 0x0000000702900000, 0x0000000702800000| Untracked 
|  27|0x0000000702900000, 0x0000000702a00000, 0x0000000702a00000|100%| O|  |TAMS 0x0000000702a00000, 0x0000000702900000| Untracked 
|  28|0x0000000702a00000, 0x0000000702b00000, 0x0000000702b00000|100%| O|  |TAMS 0x0000000702b00000, 0x0000000702a00000| Untracked 
|  29|0x0000000702b00000, 0x0000000702c00000, 0x0000000702c00000|100%| O|  |TAMS 0x0000000702c00000, 0x0000000702b00000| Untracked 
|  30|0x0000000702c00000, 0x0000000702d00000, 0x0000000702d00000|100%| O|  |TAMS 0x0000000702d00000, 0x0000000702c00000| Untracked 
|  31|0x0000000702d00000, 0x0000000702e00000, 0x0000000702e00000|100%| O|  |TAMS 0x0000000702e00000, 0x0000000702d00000| Untracked 
|  32|0x0000000702e00000, 0x0000000702e00000, 0x0000000702f00000|  0%| F|  |TAMS 0x0000000702e00000, 0x0000000702e00000| Untracked 
|  33|0x0000000702f00000, 0x0000000703000000, 0x0000000703000000|100%| O|  |TAMS 0x0000000703000000, 0x0000000702f00000| Untracked 
|  34|0x0000000703000000, 0x0000000703100000, 0x0000000703100000|100%| O|  |TAMS 0x0000000703100000, 0x0000000703000000| Untracked 
|  35|0x0000000703100000, 0x0000000703200000, 0x0000000703200000|100%| O|  |TAMS 0x0000000703200000, 0x0000000703100000| Untracked 
|  36|0x0000000703200000, 0x0000000703200000, 0x0000000703300000|  0%| F|  |TAMS 0x0000000703200000, 0x0000000703200000| Untracked 
|  37|0x0000000703300000, 0x0000000703300000, 0x0000000703400000|  0%| F|  |TAMS 0x0000000703300000, 0x0000000703300000| Untracked 
|  38|0x0000000703400000, 0x0000000703500000, 0x0000000703500000|100%| O|  |TAMS 0x0000000703400000, 0x0000000703400000| Untracked 
|  39|0x0000000703500000, 0x0000000703600000, 0x0000000703600000|100%| O|  |TAMS 0x0000000703500000, 0x0000000703500000| Untracked 
|  40|0x0000000703600000, 0x0000000703700000, 0x0000000703700000|100%| O|  |TAMS 0x0000000703600000, 0x0000000703600000| Untracked 
|  41|0x0000000703700000, 0x0000000703700000, 0x0000000703800000|  0%| F|  |TAMS 0x0000000703700000, 0x0000000703700000| Untracked 
|  42|0x0000000703800000, 0x0000000703900000, 0x0000000703900000|100%| O|  |TAMS 0x0000000703900000, 0x0000000703800000| Untracked 
|  43|0x0000000703900000, 0x0000000703a00000, 0x0000000703a00000|100%| O|  |TAMS 0x0000000703a00000, 0x0000000703900000| Untracked 
|  44|0x0000000703a00000, 0x0000000703b00000, 0x0000000703b00000|100%| O|  |TAMS 0x0000000703b00000, 0x0000000703a00000| Untracked 
|  45|0x0000000703b00000, 0x0000000703b00000, 0x0000000703c00000|  0%| F|  |TAMS 0x0000000703b00000, 0x0000000703b00000| Untracked 
|  46|0x0000000703c00000, 0x0000000703d00000, 0x0000000703d00000|100%| O|  |TAMS 0x0000000703c00000, 0x0000000703c00000| Untracked 
|  47|0x0000000703d00000, 0x0000000703e00000, 0x0000000703e00000|100%| O|  |TAMS 0x0000000703d00000, 0x0000000703d00000| Untracked 
|  48|0x0000000703e00000, 0x0000000703e00000, 0x0000000703f00000|  0%| F|  |TAMS 0x0000000703e00000, 0x0000000703e00000| Untracked 
|  49|0x0000000703f00000, 0x0000000704000000, 0x0000000704000000|100%| O|  |TAMS 0x0000000703f00000, 0x0000000703f00000| Untracked 
|  50|0x0000000704000000, 0x0000000704000000, 0x0000000704100000|  0%| F|  |TAMS 0x0000000704000000, 0x0000000704000000| Untracked 
|  51|0x0000000704100000, 0x0000000704200000, 0x0000000704200000|100%| O|  |TAMS 0x000000070417f400, 0x0000000704100000| Untracked 
|  52|0x0000000704200000, 0x0000000704200000, 0x0000000704300000|  0%| F|  |TAMS 0x0000000704200000, 0x0000000704200000| Untracked 
|  53|0x0000000704300000, 0x0000000704300000, 0x0000000704400000|  0%| F|  |TAMS 0x0000000704300000, 0x0000000704300000| Untracked 
|  54|0x0000000704400000, 0x0000000704400000, 0x0000000704500000|  0%| F|  |TAMS 0x0000000704400000, 0x0000000704400000| Untracked 
|  55|0x0000000704500000, 0x0000000704500000, 0x0000000704600000|  0%| F|  |TAMS 0x0000000704500000, 0x0000000704500000| Untracked 
|  56|0x0000000704600000, 0x0000000704600000, 0x0000000704700000|  0%| F|  |TAMS 0x0000000704600000, 0x0000000704600000| Untracked 
|  57|0x0000000704700000, 0x0000000704700000, 0x0000000704800000|  0%| F|  |TAMS 0x0000000704700000, 0x0000000704700000| Untracked 
|  58|0x0000000704800000, 0x0000000704800000, 0x0000000704900000|  0%| F|  |TAMS 0x0000000704800000, 0x0000000704800000| Untracked 
|  59|0x0000000704900000, 0x0000000704955000, 0x0000000704a00000| 33%| O|  |TAMS 0x0000000704900000, 0x0000000704900000| Untracked 
|  60|0x0000000704a00000, 0x0000000704a00000, 0x0000000704b00000|  0%| F|  |TAMS 0x0000000704a00000, 0x0000000704a00000| Untracked 
|  61|0x0000000704b00000, 0x0000000704b00000, 0x0000000704c00000|  0%| F|  |TAMS 0x0000000704b00000, 0x0000000704b00000| Untracked 
|  62|0x0000000704c00000, 0x0000000704c00000, 0x0000000704d00000|  0%| F|  |TAMS 0x0000000704c00000, 0x0000000704c00000| Untracked 
|  63|0x0000000704d00000, 0x0000000704d00000, 0x0000000704e00000|  0%| F|  |TAMS 0x0000000704d00000, 0x0000000704d00000| Untracked 
|  64|0x0000000704e00000, 0x0000000704e00000, 0x0000000704f00000|  0%| F|  |TAMS 0x0000000704e00000, 0x0000000704e00000| Untracked 
|  65|0x0000000704f00000, 0x0000000704f00000, 0x0000000705000000|  0%| F|  |TAMS 0x0000000704f00000, 0x0000000704f00000| Untracked 
|  66|0x0000000705000000, 0x0000000705000000, 0x0000000705100000|  0%| F|  |TAMS 0x0000000705000000, 0x0000000705000000| Untracked 
|  67|0x0000000705100000, 0x0000000705100000, 0x0000000705200000|  0%| F|  |TAMS 0x0000000705100000, 0x0000000705100000| Untracked 
|  68|0x0000000705200000, 0x0000000705200000, 0x0000000705300000|  0%| F|  |TAMS 0x0000000705200000, 0x0000000705200000| Untracked 
|  69|0x0000000705300000, 0x0000000705300000, 0x0000000705400000|  0%| F|  |TAMS 0x0000000705300000, 0x0000000705300000| Untracked 
|  70|0x0000000705400000, 0x0000000705400000, 0x0000000705500000|  0%| F|  |TAMS 0x0000000705400000, 0x0000000705400000| Untracked 
|  71|0x0000000705500000, 0x0000000705500000, 0x0000000705600000|  0%| F|  |TAMS 0x0000000705500000, 0x0000000705500000| Untracked 
|  72|0x0000000705600000, 0x0000000705600000, 0x0000000705700000|  0%| F|  |TAMS 0x0000000705600000, 0x0000000705600000| Untracked 
|  73|0x0000000705700000, 0x0000000705700000, 0x0000000705800000|  0%| F|  |TAMS 0x0000000705700000, 0x0000000705700000| Untracked 
|  74|0x0000000705800000, 0x0000000705800000, 0x0000000705900000|  0%| F|  |TAMS 0x0000000705800000, 0x0000000705800000| Untracked 
|  75|0x0000000705900000, 0x0000000705900000, 0x0000000705a00000|  0%| F|  |TAMS 0x0000000705900000, 0x0000000705900000| Untracked 
|  76|0x0000000705a00000, 0x0000000705a00000, 0x0000000705b00000|  0%| F|  |TAMS 0x0000000705a00000, 0x0000000705a00000| Untracked 
|  77|0x0000000705b00000, 0x0000000705b00000, 0x0000000705c00000|  0%| F|  |TAMS 0x0000000705b00000, 0x0000000705b00000| Untracked 
|  78|0x0000000705c00000, 0x0000000705c00000, 0x0000000705d00000|  0%| F|  |TAMS 0x0000000705c00000, 0x0000000705c00000| Untracked 
|  79|0x0000000705d00000, 0x0000000705d00000, 0x0000000705e00000|  0%| F|  |TAMS 0x0000000705d00000, 0x0000000705d00000| Untracked 
|  80|0x0000000705e00000, 0x0000000705e00000, 0x0000000705f00000|  0%| F|  |TAMS 0x0000000705e00000, 0x0000000705e00000| Untracked 
|  81|0x0000000705f00000, 0x0000000705f00000, 0x0000000706000000|  0%| F|  |TAMS 0x0000000705f00000, 0x0000000705f00000| Untracked 
|  82|0x0000000706000000, 0x0000000706000000, 0x0000000706100000|  0%| F|  |TAMS 0x0000000706000000, 0x0000000706000000| Untracked 
|  83|0x0000000706100000, 0x0000000706100000, 0x0000000706200000|  0%| F|  |TAMS 0x0000000706100000, 0x0000000706100000| Untracked 
|  84|0x0000000706200000, 0x0000000706200000, 0x0000000706300000|  0%| F|  |TAMS 0x0000000706200000, 0x0000000706200000| Untracked 
|  85|0x0000000706300000, 0x0000000706300000, 0x0000000706400000|  0%| F|  |TAMS 0x0000000706300000, 0x0000000706300000| Untracked 
|  86|0x0000000706400000, 0x0000000706400000, 0x0000000706500000|  0%| F|  |TAMS 0x0000000706400000, 0x0000000706400000| Untracked 
|  87|0x0000000706500000, 0x00000007065a7ac0, 0x0000000706600000| 65%| S|CS|TAMS 0x0000000706500000, 0x0000000706500000| Complete 
|  88|0x0000000706600000, 0x0000000706700000, 0x0000000706700000|100%| S|CS|TAMS 0x0000000706600000, 0x0000000706600000| Complete 
|  89|0x0000000706700000, 0x0000000706800000, 0x0000000706800000|100%| S|CS|TAMS 0x0000000706700000, 0x0000000706700000| Complete 
|  90|0x0000000706800000, 0x0000000706900000, 0x0000000706900000|100%| S|CS|TAMS 0x0000000706800000, 0x0000000706800000| Complete 
|  91|0x0000000706900000, 0x0000000706a00000, 0x0000000706a00000|100%| S|CS|TAMS 0x0000000706900000, 0x0000000706900000| Complete 
|  92|0x0000000706a00000, 0x0000000706b00000, 0x0000000706b00000|100%| S|CS|TAMS 0x0000000706a00000, 0x0000000706a00000| Complete 
|  93|0x0000000706b00000, 0x0000000706c00000, 0x0000000706c00000|100%| S|CS|TAMS 0x0000000706b00000, 0x0000000706b00000| Complete 
|  94|0x0000000706c00000, 0x0000000706c00000, 0x0000000706d00000|  0%| F|  |TAMS 0x0000000706c00000, 0x0000000706c00000| Untracked 
|  95|0x0000000706d00000, 0x0000000706d00000, 0x0000000706e00000|  0%| F|  |TAMS 0x0000000706d00000, 0x0000000706d00000| Untracked 
|  96|0x0000000706e00000, 0x0000000706e00000, 0x0000000706f00000|  0%| F|  |TAMS 0x0000000706e00000, 0x0000000706e00000| Untracked 
|  97|0x0000000706f00000, 0x0000000706f00000, 0x0000000707000000|  0%| F|  |TAMS 0x0000000706f00000, 0x0000000706f00000| Untracked 
|  98|0x0000000707000000, 0x0000000707000000, 0x0000000707100000|  0%| F|  |TAMS 0x0000000707000000, 0x0000000707000000| Untracked 
|  99|0x0000000707100000, 0x0000000707100000, 0x0000000707200000|  0%| F|  |TAMS 0x0000000707100000, 0x0000000707100000| Untracked 
| 100|0x0000000707200000, 0x0000000707200000, 0x0000000707300000|  0%| F|  |TAMS 0x0000000707200000, 0x0000000707200000| Untracked 
| 101|0x0000000707300000, 0x0000000707300000, 0x0000000707400000|  0%| F|  |TAMS 0x0000000707300000, 0x0000000707300000| Untracked 
| 102|0x0000000707400000, 0x0000000707400000, 0x0000000707500000|  0%| F|  |TAMS 0x0000000707400000, 0x0000000707400000| Untracked 
| 103|0x0000000707500000, 0x0000000707500000, 0x0000000707600000|  0%| F|  |TAMS 0x0000000707500000, 0x0000000707500000| Untracked 
| 104|0x0000000707600000, 0x0000000707600000, 0x0000000707700000|  0%| F|  |TAMS 0x0000000707600000, 0x0000000707600000| Untracked 
| 105|0x0000000707700000, 0x0000000707700000, 0x0000000707800000|  0%| F|  |TAMS 0x0000000707700000, 0x0000000707700000| Untracked 
| 106|0x0000000707800000, 0x0000000707800000, 0x0000000707900000|  0%| F|  |TAMS 0x0000000707800000, 0x0000000707800000| Untracked 
| 107|0x0000000707900000, 0x0000000707900000, 0x0000000707a00000|  0%| F|  |TAMS 0x0000000707900000, 0x0000000707900000| Untracked 
| 108|0x0000000707a00000, 0x0000000707a00000, 0x0000000707b00000|  0%| F|  |TAMS 0x0000000707a00000, 0x0000000707a00000| Untracked 
| 109|0x0000000707b00000, 0x0000000707b00000, 0x0000000707c00000|  0%| F|  |TAMS 0x0000000707b00000, 0x0000000707b00000| Untracked 
| 110|0x0000000707c00000, 0x0000000707c00000, 0x0000000707d00000|  0%| F|  |TAMS 0x0000000707c00000, 0x0000000707c00000| Untracked 
| 111|0x0000000707d00000, 0x0000000707d00000, 0x0000000707e00000|  0%| F|  |TAMS 0x0000000707d00000, 0x0000000707d00000| Untracked 
| 112|0x0000000707e00000, 0x0000000707e00000, 0x0000000707f00000|  0%| F|  |TAMS 0x0000000707e00000, 0x0000000707e00000| Untracked 
| 113|0x0000000707f00000, 0x0000000707f00000, 0x0000000708000000|  0%| F|  |TAMS 0x0000000707f00000, 0x0000000707f00000| Untracked 
| 114|0x0000000708000000, 0x0000000708000000, 0x0000000708100000|  0%| F|  |TAMS 0x0000000708000000, 0x0000000708000000| Untracked 
| 115|0x0000000708100000, 0x0000000708100000, 0x0000000708200000|  0%| F|  |TAMS 0x0000000708100000, 0x0000000708100000| Untracked 
| 116|0x0000000708200000, 0x0000000708200000, 0x0000000708300000|  0%| F|  |TAMS 0x0000000708200000, 0x0000000708200000| Untracked 
| 117|0x0000000708300000, 0x0000000708300000, 0x0000000708400000|  0%| F|  |TAMS 0x0000000708300000, 0x0000000708300000| Untracked 
| 118|0x0000000708400000, 0x0000000708400000, 0x0000000708500000|  0%| F|  |TAMS 0x0000000708400000, 0x0000000708400000| Untracked 
| 119|0x0000000708500000, 0x0000000708500000, 0x0000000708600000|  0%| F|  |TAMS 0x0000000708500000, 0x0000000708500000| Untracked 
| 120|0x0000000708600000, 0x0000000708600000, 0x0000000708700000|  0%| F|  |TAMS 0x0000000708600000, 0x0000000708600000| Untracked 
| 121|0x0000000708700000, 0x0000000708700000, 0x0000000708800000|  0%| F|  |TAMS 0x0000000708700000, 0x0000000708700000| Untracked 
| 122|0x0000000708800000, 0x0000000708800000, 0x0000000708900000|  0%| F|  |TAMS 0x0000000708800000, 0x0000000708800000| Untracked 
| 123|0x0000000708900000, 0x00000007089eddb0, 0x0000000708a00000| 92%| E|  |TAMS 0x0000000708900000, 0x0000000708900000| Complete 
| 124|0x0000000708a00000, 0x0000000708aee930, 0x0000000708b00000| 93%| E|  |TAMS 0x0000000708a00000, 0x0000000708a00000| Complete 
| 125|0x0000000708b00000, 0x0000000708c00000, 0x0000000708c00000|100%| E|CS|TAMS 0x0000000708b00000, 0x0000000708b00000| Complete 
| 126|0x0000000708c00000, 0x0000000708d00000, 0x0000000708d00000|100%| E|CS|TAMS 0x0000000708c00000, 0x0000000708c00000| Complete 
| 127|0x0000000708d00000, 0x0000000708e00000, 0x0000000708e00000|100%| E|CS|TAMS 0x0000000708d00000, 0x0000000708d00000| Complete 
| 128|0x0000000708e00000, 0x0000000708f00000, 0x0000000708f00000|100%| E|CS|TAMS 0x0000000708e00000, 0x0000000708e00000| Complete 
| 129|0x0000000708f00000, 0x0000000709000000, 0x0000000709000000|100%| E|CS|TAMS 0x0000000708f00000, 0x0000000708f00000| Complete 
| 130|0x0000000709000000, 0x0000000709100000, 0x0000000709100000|100%| E|CS|TAMS 0x0000000709000000, 0x0000000709000000| Complete 
| 131|0x0000000709100000, 0x0000000709200000, 0x0000000709200000|100%| E|CS|TAMS 0x0000000709100000, 0x0000000709100000| Complete 
| 132|0x0000000709200000, 0x0000000709300000, 0x0000000709300000|100%| E|CS|TAMS 0x0000000709200000, 0x0000000709200000| Complete 
| 133|0x0000000709300000, 0x0000000709400000, 0x0000000709400000|100%| E|CS|TAMS 0x0000000709300000, 0x0000000709300000| Complete 
| 134|0x0000000709400000, 0x0000000709500000, 0x0000000709500000|100%| E|CS|TAMS 0x0000000709400000, 0x0000000709400000| Complete 
| 135|0x0000000709500000, 0x0000000709600000, 0x0000000709600000|100%| E|CS|TAMS 0x0000000709500000, 0x0000000709500000| Complete 
| 136|0x0000000709600000, 0x0000000709700000, 0x0000000709700000|100%| E|CS|TAMS 0x0000000709600000, 0x0000000709600000| Complete 
| 137|0x0000000709700000, 0x0000000709800000, 0x0000000709800000|100%| E|CS|TAMS 0x0000000709700000, 0x0000000709700000| Complete 
| 138|0x0000000709800000, 0x0000000709900000, 0x0000000709900000|100%| E|CS|TAMS 0x0000000709800000, 0x0000000709800000| Complete 
| 139|0x0000000709900000, 0x0000000709a00000, 0x0000000709a00000|100%| E|CS|TAMS 0x0000000709900000, 0x0000000709900000| Complete 
| 140|0x0000000709a00000, 0x0000000709b00000, 0x0000000709b00000|100%| E|CS|TAMS 0x0000000709a00000, 0x0000000709a00000| Complete 
| 141|0x0000000709b00000, 0x0000000709c00000, 0x0000000709c00000|100%| E|CS|TAMS 0x0000000709b00000, 0x0000000709b00000| Complete 
| 142|0x0000000709c00000, 0x0000000709d00000, 0x0000000709d00000|100%| E|CS|TAMS 0x0000000709c00000, 0x0000000709c00000| Complete 
| 143|0x0000000709d00000, 0x0000000709e00000, 0x0000000709e00000|100%| E|CS|TAMS 0x0000000709d00000, 0x0000000709d00000| Complete 
| 144|0x0000000709e00000, 0x0000000709f00000, 0x0000000709f00000|100%| E|CS|TAMS 0x0000000709e00000, 0x0000000709e00000| Complete 
| 145|0x0000000709f00000, 0x000000070a000000, 0x000000070a000000|100%| E|CS|TAMS 0x0000000709f00000, 0x0000000709f00000| Complete 
| 146|0x000000070a000000, 0x000000070a100000, 0x000000070a100000|100%| E|CS|TAMS 0x000000070a000000, 0x000000070a000000| Complete 
| 147|0x000000070a100000, 0x000000070a200000, 0x000000070a200000|100%| E|CS|TAMS 0x000000070a100000, 0x000000070a100000| Complete 
| 148|0x000000070a200000, 0x000000070a300000, 0x000000070a300000|100%| E|CS|TAMS 0x000000070a200000, 0x000000070a200000| Complete 
| 149|0x000000070a300000, 0x000000070a400000, 0x000000070a400000|100%| E|CS|TAMS 0x000000070a300000, 0x000000070a300000| Complete 
| 150|0x000000070a400000, 0x000000070a500000, 0x000000070a500000|100%| E|CS|TAMS 0x000000070a400000, 0x000000070a400000| Complete 
| 151|0x000000070a500000, 0x000000070a600000, 0x000000070a600000|100%| E|CS|TAMS 0x000000070a500000, 0x000000070a500000| Complete 
| 152|0x000000070a600000, 0x000000070a700000, 0x000000070a700000|100%| E|CS|TAMS 0x000000070a600000, 0x000000070a600000| Complete 
| 212|0x000000070e200000, 0x000000070e300000, 0x000000070e300000|100%| E|CS|TAMS 0x000000070e200000, 0x000000070e200000| Complete 
| 213|0x000000070e300000, 0x000000070e400000, 0x000000070e400000|100%| E|CS|TAMS 0x000000070e300000, 0x000000070e300000| Complete 
| 214|0x000000070e400000, 0x000000070e500000, 0x000000070e500000|100%| E|CS|TAMS 0x000000070e400000, 0x000000070e400000| Complete 
| 215|0x000000070e500000, 0x000000070e600000, 0x000000070e600000|100%| E|CS|TAMS 0x000000070e500000, 0x000000070e500000| Complete 
| 216|0x000000070e600000, 0x000000070e700000, 0x000000070e700000|100%| E|CS|TAMS 0x000000070e600000, 0x000000070e600000| Complete 
| 217|0x000000070e700000, 0x000000070e800000, 0x000000070e800000|100%| E|CS|TAMS 0x000000070e700000, 0x000000070e700000| Complete 
| 218|0x000000070e800000, 0x000000070e900000, 0x000000070e900000|100%| E|CS|TAMS 0x000000070e800000, 0x000000070e800000| Complete 
| 219|0x000000070e900000, 0x000000070ea00000, 0x000000070ea00000|100%| E|CS|TAMS 0x000000070e900000, 0x000000070e900000| Complete 
| 220|0x000000070ea00000, 0x000000070eb00000, 0x000000070eb00000|100%| E|CS|TAMS 0x000000070ea00000, 0x000000070ea00000| Complete 
| 221|0x000000070eb00000, 0x000000070ec00000, 0x000000070ec00000|100%| E|CS|TAMS 0x000000070eb00000, 0x000000070eb00000| Complete 
| 222|0x000000070ec00000, 0x000000070ed00000, 0x000000070ed00000|100%| E|CS|TAMS 0x000000070ec00000, 0x000000070ec00000| Complete 
| 223|0x000000070ed00000, 0x000000070ee00000, 0x000000070ee00000|100%| E|CS|TAMS 0x000000070ed00000, 0x000000070ed00000| Complete 
| 224|0x000000070ee00000, 0x000000070ef00000, 0x000000070ef00000|100%| E|CS|TAMS 0x000000070ee00000, 0x000000070ee00000| Complete 
| 225|0x000000070ef00000, 0x000000070f000000, 0x000000070f000000|100%| E|CS|TAMS 0x000000070ef00000, 0x000000070ef00000| Complete 
| 226|0x000000070f000000, 0x000000070f100000, 0x000000070f100000|100%| E|CS|TAMS 0x000000070f000000, 0x000000070f000000| Complete 
| 306|0x0000000714000000, 0x0000000714100000, 0x0000000714100000|100%| E|CS|TAMS 0x0000000714000000, 0x0000000714000000| Complete 
| 307|0x0000000714100000, 0x0000000714200000, 0x0000000714200000|100%| E|CS|TAMS 0x0000000714100000, 0x0000000714100000| Complete 

Card table byte_map: [0x000002b9791d0000,0x000002b9799d0000] _byte_map_base: 0x000002b9759c9000

Marking Bits (Prev, Next): (CMBitMap*) 0x000002b9789775f8, (CMBitMap*) 0x000002b9789775b8
 Prev Bits: [0x000002b917430000, 0x000002b91b3f8000)
 Next Bits: [0x000002b97a1d0000, 0x000002b97e198000)

Polling page: 0x000002b976690000

Metaspace:

Usage:
  Non-class:     56.41 MB capacity,    54.93 MB ( 97%) used,     1.16 MB (  2%) free+waste,   325.56 KB ( <1%) overhead. 
      Class:      8.96 MB capacity,     7.99 MB ( 89%) used,   848.04 KB (  9%) free+waste,   147.19 KB (  2%) overhead. 
       Both:     65.37 MB capacity,    62.91 MB ( 96%) used,     1.99 MB (  3%) free+waste,   472.75 KB ( <1%) overhead. 

Virtual space:
  Non-class space:       58.00 MB reserved,      56.50 MB ( 97%) committed 
      Class space:        1.00 GB reserved,       9.02 MB ( <1%) committed 
             Both:        1.06 GB reserved,      65.52 MB (  6%) committed 

Chunk freelists:
   Non-Class:  29.00 KB
       Class:  12.00 KB
        Both:  41.00 KB

MaxMetaspaceSize: 17179869184.00 GB
CompressedClassSpaceSize: 1.00 GB

CodeHeap 'non-profiled nmethods': size=120000Kb used=6299Kb max_used=6299Kb free=113700Kb
 bounds [0x000002b90ff00000, 0x000002b910530000, 0x000002b917430000]
CodeHeap 'profiled nmethods': size=120000Kb used=19392Kb max_used=19392Kb free=100608Kb
 bounds [0x000002b9089d0000, 0x000002b909cd0000, 0x000002b90ff00000]
CodeHeap 'non-nmethods': size=5760Kb used=1388Kb max_used=1425Kb free=4372Kb
 bounds [0x000002b908430000, 0x000002b9086a0000, 0x000002b9089d0000]
 total_blobs=14701 nmethods=8730 adapters=587
 compilation: enabled
              stopped_count=0, restarted_count=0
 full_count=0

Compilation events (20 events):
Event: 112.885 Thread 0x000002b97f06a000 nmethod 10488 0x000002b909c93d90 code [0x000002b909c93f60, 0x000002b909c94490]
Event: 112.885 Thread 0x000002b97f06a000 10490       3       java.util.HashMap$ValueSpliterator::forEachRemaining (186 bytes)
Event: 112.885 Thread 0x000002b97f06a000 nmethod 10490 0x000002b909c94610 code [0x000002b909c94820, 0x000002b909c95130]
Event: 112.885 Thread 0x000002b97f06a000 10491       3       java.util.HashMap$Values::spliterator (16 bytes)
Event: 112.886 Thread 0x000002b97f06a000 nmethod 10491 0x000002b909c95410 code [0x000002b909c955c0, 0x000002b909c95870]
Event: 112.886 Thread 0x000002b97f06a000 10492       3       java.util.HashMap$ValueSpliterator::<init> (12 bytes)
Event: 112.886 Thread 0x000002b97f06a000 nmethod 10492 0x000002b909c95990 code [0x000002b909c95b40, 0x000002b909c95df8]
Event: 112.887 Thread 0x000002b97f06a000 10494       3       com.vaadin.flow.internal.StateNode$$Lambda$1463/0x00000008012dc840::accept (12 bytes)
Event: 112.888 Thread 0x000002b97f06a000 nmethod 10494 0x000002b909c95f10 code [0x000002b909c96100, 0x000002b909c967e0]
Event: 112.888 Thread 0x000002b97f06a000 10495       3       com.vaadin.flow.internal.StateNode::lambda$onAttach$1 (23 bytes)
Event: 112.888 Thread 0x000002b97f06a000 nmethod 10495 0x000002b909c96a10 code [0x000002b909c96c00, 0x000002b909c97120]
Event: 112.888 Thread 0x000002b97f06a000 10496       3       com.vaadin.flow.internal.StateTree::register (121 bytes)
Event: 112.889 Thread 0x000002b97f06a000 nmethod 10496 0x000002b909c97310 code [0x000002b909c97560, 0x000002b909c981f0]
Event: 112.889 Thread 0x000002b97f06a000 10497       3       com.vaadin.flow.internal.StateNode::hasBeforeClientResponseEntries (13 bytes)
Event: 112.889 Thread 0x000002b97f06a000 nmethod 10497 0x000002b909c98610 code [0x000002b909c987c0, 0x000002b909c98998]
Event: 112.890 Thread 0x000002b97f06a000 10498       3       com.vaadin.flow.internal.StateNode::handleOnAttach (81 bytes)
Event: 112.890 Thread 0x000002b97f06a000 nmethod 10498 0x000002b909c98a10 code [0x000002b909c98c00, 0x000002b909c99210]
Event: 112.894 Thread 0x000002b97f06a000 10500       2       java.util.Optional::flatMap (38 bytes)
Event: 112.894 Thread 0x000002b97f06a000 nmethod 10500 0x000002b909c99390 code [0x000002b909c99560, 0x000002b909c99930]
Event: 112.894 Thread 0x000002b97f06a000 10501       3       com.vaadin.flow.component.ComponentUtil::onComponentAttach (157 bytes)

GC Heap History (20 events):
Event: 13.033 GC heap before
{Heap before GC invocations=24 (full 0):
 garbage-first heap   total 144384K, used 111310K [0x0000000700e00000, 0x0000000800000000)
  region size 1024K, 49 young (50176K), 8 survivors (8192K)
 Metaspace       used 48773K, capacity 50566K, committed 50712K, reserved 1093632K
  class space    used 6139K, capacity 6846K, committed 6936K, reserved 1048576K
}
Event: 13.047 GC heap after
{Heap after GC invocations=25 (full 0):
 garbage-first heap   total 174080K, used 81322K [0x0000000700e00000, 0x0000000800000000)
  region size 1024K, 7 young (7168K), 7 survivors (7168K)
 Metaspace       used 48773K, capacity 50566K, committed 50712K, reserved 1093632K
  class space    used 6139K, capacity 6846K, committed 6936K, reserved 1048576K
}
Event: 13.370 GC heap before
{Heap before GC invocations=25 (full 0):
 garbage-first heap   total 174080K, used 127402K [0x0000000700e00000, 0x0000000800000000)
  region size 1024K, 52 young (53248K), 7 survivors (7168K)
 Metaspace       used 48886K, capacity 50725K, committed 50968K, reserved 1093632K
  class space    used 6146K, capacity 6853K, committed 6936K, reserved 1048576K
}
Event: 13.385 GC heap after
{Heap after GC invocations=26 (full 0):
 garbage-first heap   total 174080K, used 93184K [0x0000000700e00000, 0x0000000800000000)
  region size 1024K, 7 young (7168K), 7 survivors (7168K)
 Metaspace       used 48886K, capacity 50725K, committed 50968K, reserved 1093632K
  class space    used 6146K, capacity 6853K, committed 6936K, reserved 1048576K
}
Event: 28.410 GC heap before
{Heap before GC invocations=26 (full 0):
 garbage-first heap   total 174080K, used 132096K [0x0000000700e00000, 0x0000000800000000)
  region size 1024K, 46 young (47104K), 7 survivors (7168K)
 Metaspace       used 50672K, capacity 52552K, committed 52760K, reserved 1095680K
  class space    used 6324K, capacity 7055K, committed 7192K, reserved 1048576K
}
Event: 28.419 GC heap after
{Heap after GC invocations=27 (full 0):
 garbage-first heap   total 174080K, used 96100K [0x0000000700e00000, 0x0000000800000000)
  region size 1024K, 2 young (2048K), 2 survivors (2048K)
 Metaspace       used 50672K, capacity 52552K, committed 52760K, reserved 1095680K
  class space    used 6324K, capacity 7055K, committed 7192K, reserved 1048576K
}
Event: 56.253 GC heap before
{Heap before GC invocations=28 (full 0):
 garbage-first heap   total 174080K, used 117604K [0x0000000700e00000, 0x0000000800000000)
  region size 1024K, 41 young (41984K), 2 survivors (2048K)
 Metaspace       used 50889K, capacity 52809K, committed 53016K, reserved 1095680K
  class space    used 6325K, capacity 7055K, committed 7192K, reserved 1048576K
}
Event: 56.255 GC heap after
{Heap after GC invocations=29 (full 0):
 garbage-first heap   total 174080K, used 77540K [0x0000000700e00000, 0x0000000800000000)
  region size 1024K, 2 young (2048K), 2 survivors (2048K)
 Metaspace       used 50889K, capacity 52809K, committed 53016K, reserved 1095680K
  class space    used 6325K, capacity 7055K, committed 7192K, reserved 1048576K
}
Event: 60.352 GC heap before
{Heap before GC invocations=29 (full 0):
 garbage-first heap   total 174080K, used 83684K [0x0000000700e00000, 0x0000000800000000)
  region size 1024K, 8 young (8192K), 2 survivors (2048K)
 Metaspace       used 50907K, capacity 52809K, committed 53016K, reserved 1095680K
  class space    used 6325K, capacity 7055K, committed 7192K, reserved 1048576K
}
Event: 60.357 GC heap after
{Heap after GC invocations=30 (full 0):
 garbage-first heap   total 174080K, used 61265K [0x0000000700e00000, 0x0000000800000000)
  region size 1024K, 1 young (1024K), 1 survivors (1024K)
 Metaspace       used 50907K, capacity 52809K, committed 53016K, reserved 1095680K
  class space    used 6325K, capacity 7055K, committed 7192K, reserved 1048576K
}
Event: 95.703 GC heap before
{Heap before GC invocations=30 (full 0):
 garbage-first heap   total 174080K, used 118609K [0x0000000700e00000, 0x0000000800000000)
  region size 1024K, 55 young (56320K), 1 survivors (1024K)
 Metaspace       used 54236K, capacity 56186K, committed 56344K, reserved 1097728K
  class space    used 6615K, capacity 7352K, committed 7448K, reserved 1048576K
}
Event: 95.708 GC heap after
{Heap after GC invocations=31 (full 0):
 garbage-first heap   total 174080K, used 64303K [0x0000000700e00000, 0x0000000800000000)
  region size 1024K, 2 young (2048K), 2 survivors (2048K)
 Metaspace       used 54236K, capacity 56186K, committed 56344K, reserved 1097728K
  class space    used 6615K, capacity 7352K, committed 7448K, reserved 1048576K
}
Event: 96.284 GC heap before
{Heap before GC invocations=31 (full 0):
 garbage-first heap   total 174080K, used 110383K [0x0000000700e00000, 0x0000000800000000)
  region size 1024K, 38 young (38912K), 2 survivors (2048K)
 Metaspace       used 54237K, capacity 56186K, committed 56344K, reserved 1097728K
  class space    used 6615K, capacity 7352K, committed 7448K, reserved 1048576K
}
Event: 96.287 GC heap after
{Heap after GC invocations=32 (full 0):
 garbage-first heap   total 174080K, used 75934K [0x0000000700e00000, 0x0000000800000000)
  region size 1024K, 2 young (2048K), 2 survivors (2048K)
 Metaspace       used 54237K, capacity 56186K, committed 56344K, reserved 1097728K
  class space    used 6615K, capacity 7352K, committed 7448K, reserved 1048576K
}
Event: 101.124 GC heap before
{Heap before GC invocations=33 (full 0):
 garbage-first heap   total 174080K, used 141470K [0x0000000700e00000, 0x0000000800000000)
  region size 1024K, 55 young (56320K), 2 survivors (2048K)
 Metaspace       used 54796K, capacity 56779K, committed 56984K, reserved 1099776K
  class space    used 6691K, capacity 7465K, committed 7576K, reserved 1048576K
}
Event: 101.126 GC heap after
{Heap after GC invocations=34 (full 0):
 garbage-first heap   total 174080K, used 75344K [0x0000000700e00000, 0x0000000800000000)
  region size 1024K, 3 young (3072K), 3 survivors (3072K)
 Metaspace       used 54796K, capacity 56779K, committed 56984K, reserved 1099776K
  class space    used 6691K, capacity 7465K, committed 7576K, reserved 1048576K
}
Event: 101.183 GC heap before
{Heap before GC invocations=34 (full 0):
 garbage-first heap   total 174080K, used 80464K [0x0000000700e00000, 0x0000000800000000)
  region size 1024K, 8 young (8192K), 3 survivors (3072K)
 Metaspace       used 55265K, capacity 57248K, committed 57496K, reserved 1099776K
  class space    used 6770K, capacity 7536K, committed 7576K, reserved 1048576K
}
Event: 101.193 GC heap after
{Heap after GC invocations=35 (full 0):
 garbage-first heap   total 174080K, used 44530K [0x0000000700e00000, 0x0000000800000000)
  region size 1024K, 1 young (1024K), 1 survivors (1024K)
 Metaspace       used 55265K, capacity 57248K, committed 57496K, reserved 1099776K
  class space    used 6770K, capacity 7536K, committed 7576K, reserved 1048576K
}
Event: 111.900 GC heap before
{Heap before GC invocations=35 (full 0):
 garbage-first heap   total 174080K, used 115186K [0x0000000700e00000, 0x0000000800000000)
  region size 1024K, 71 young (72704K), 1 survivors (1024K)
 Metaspace       used 60269K, capacity 62634K, committed 62744K, reserved 1103872K
  class space    used 7435K, capacity 8374K, committed 8472K, reserved 1048576K
}
Event: 111.905 GC heap after
{Heap after GC invocations=36 (full 0):
 garbage-first heap   total 174080K, used 48947K [0x0000000700e00000, 0x0000000800000000)
  region size 1024K, 5 young (5120K), 5 survivors (5120K)
 Metaspace       used 60269K, capacity 62634K, committed 62744K, reserved 1103872K
  class space    used 7435K, capacity 8374K, committed 8472K, reserved 1048576K
}

Deoptimization events (20 events):
Event: 112.492 Thread 0x000002b9221c1800 DEOPT PACKING pc=0x000002b91049f250 sp=0x000000d2f70fb380
Event: 112.492 Thread 0x000002b9221c1800 DEOPT UNPACKING pc=0x000002b90847912f sp=0x000000d2f70fb1f0 mode 2
Event: 112.497 Thread 0x000002b9221c1800 DEOPT PACKING pc=0x000002b909b91410 sp=0x000000d2f70fae60
Event: 112.497 Thread 0x000002b9221c1800 DEOPT UNPACKING pc=0x000002b90847964e sp=0x000000d2f70fa320 mode 0
Event: 112.497 Thread 0x000002b9221c1800 Uncommon trap: trap_request=0xffffffbe fr.pc=0x000002b910136c98 relative=0x00000000000007b8
Event: 112.497 Thread 0x000002b9221c1800 Uncommon trap: reason=profile_predicate action=maybe_recompile pc=0x000002b910136c98 method=java.util.regex.Pattern$CharPropertyGreedy.match(Ljava/util/regex/Matcher;ILjava/lang/CharSequence;)Z @ 9 c2
Event: 112.497 Thread 0x000002b9221c1800 DEOPT PACKING pc=0x000002b910136c98 sp=0x000000d2f70fae70
Event: 112.497 Thread 0x000002b9221c1800 DEOPT UNPACKING pc=0x000002b90847912f sp=0x000000d2f70fae30 mode 2
Event: 112.498 Thread 0x000002b9221c1800 Uncommon trap: trap_request=0xffffffbe fr.pc=0x000002b910136c98 relative=0x00000000000007b8
Event: 112.498 Thread 0x000002b9221c1800 Uncommon trap: reason=profile_predicate action=maybe_recompile pc=0x000002b910136c98 method=java.util.regex.Pattern$CharPropertyGreedy.match(Ljava/util/regex/Matcher;ILjava/lang/CharSequence;)Z @ 9 c2
Event: 112.498 Thread 0x000002b9221c1800 DEOPT PACKING pc=0x000002b910136c98 sp=0x000000d2f70fae70
Event: 112.498 Thread 0x000002b9221c1800 DEOPT UNPACKING pc=0x000002b90847912f sp=0x000000d2f70fae30 mode 2
Event: 112.587 Thread 0x000002b9221c1800 Uncommon trap: trap_request=0xfffffff4 fr.pc=0x000002b910119fb4 relative=0x0000000000000094
Event: 112.587 Thread 0x000002b9221c1800 Uncommon trap: reason=null_check action=make_not_entrant pc=0x000002b910119fb4 method=java.lang.Integer.equals(Ljava/lang/Object;)Z @ 1 c2
Event: 112.587 Thread 0x000002b9221c1800 DEOPT PACKING pc=0x000002b910119fb4 sp=0x000000d2f70fb5e0
Event: 112.587 Thread 0x000002b9221c1800 DEOPT UNPACKING pc=0x000002b90847912f sp=0x000000d2f70fb570 mode 2
Event: 112.671 Thread 0x000002b9221c1800 Uncommon trap: trap_request=0xffffff45 fr.pc=0x000002b90ffd3788 relative=0x0000000000001348
Event: 112.671 Thread 0x000002b9221c1800 Uncommon trap: reason=unstable_if action=reinterpret pc=0x000002b90ffd3788 method=com.aoedb.database.Storage.getElement(Ljava/lang/String;I)Lcom/aoedb/data/EntityElement; @ 89 c2
Event: 112.671 Thread 0x000002b9221c1800 DEOPT PACKING pc=0x000002b90ffd3788 sp=0x000000d2f70faa70
Event: 112.671 Thread 0x000002b9221c1800 DEOPT UNPACKING pc=0x000002b90847912f sp=0x000000d2f70faa28 mode 2

Classes unloaded (0 events):
No events

Classes redefined (0 events):
No events

Internal exceptions (20 events):
Event: 96.963 Thread 0x000002b9221c6800 Exception <a 'java/lang/NoSuchMethodError'{0x00000007085c70a8}: 'int java.lang.invoke.DirectMethodHandle$Holder.invokeStatic(java.lang.Object, java.lang.Object, java.lang.Object, java.lang.Object, java.lang.Object)'> (0x00000007085c70a8) 
thrown [t:/workspace/open/src/hotspot/share/interpreter/linkResolver.cpp, line 767]
Event: 101.341 Thread 0x000002b9221c6800 Exception <a 'java/lang/NoSuchMethodError'{0x000000070efbae58}: 'void java.lang.invoke.DirectMethodHandle$Holder.invokeInterface(java.lang.Object, java.lang.Object)'> (0x000000070efbae58) 
thrown [t:/workspace/open/src/hotspot/share/interpreter/linkResolver.cpp, line 767]
Event: 107.787 Thread 0x000002b921cda000 Exception <a 'java/lang/NoSuchMethodError'{0x0000000709e08198}: 'java.lang.Object java.lang.invoke.DirectMethodHandle$Holder.invokeVirtual(java.lang.Object, java.lang.Object, int)'> (0x0000000709e08198) 
thrown [t:/workspace/open/src/hotspot/share/interpreter/linkResolver.cpp, line 767]
Event: 107.850 Thread 0x000002b921cda000 Exception <a 'java/lang/NoSuchMethodError'{0x0000000709dee688}: 'java.lang.Object java.lang.invoke.DirectMethodHandle$Holder.invokeVirtual(java.lang.Object, java.lang.Object, java.lang.Object, double)'> (0x0000000709dee688) 
thrown [t:/workspace/open/src/hotspot/share/interpreter/linkResolver.cpp, line 767]
Event: 107.851 Thread 0x000002b921cda000 Exception <a 'java/lang/NoSuchMethodError'{0x0000000709dfbef8}: 'java.lang.Object java.lang.invoke.DirectMethodHandle$Holder.invokeVirtual(java.lang.Object, java.lang.Object, java.lang.Object, int)'> (0x0000000709dfbef8) 
thrown [t:/workspace/open/src/hotspot/share/interpreter/linkResolver.cpp, line 767]
Event: 107.852 Thread 0x000002b921cda000 Exception <a 'java/lang/NoSuchMethodError'{0x0000000709c032f8}: 'int java.lang.invoke.DirectMethodHandle$Holder.invokeVirtual(java.lang.Object, java.lang.Object, java.lang.Object, int)'> (0x0000000709c032f8) 
thrown [t:/workspace/open/src/hotspot/share/interpreter/linkResolver.cpp, line 767]
Event: 107.855 Thread 0x000002b921cda000 Exception <a 'java/lang/NoSuchMethodError'{0x0000000709c15b60}: 'void java.lang.invoke.DirectMethodHandle$Holder.invokeStaticInit(java.lang.Object, java.lang.Object, java.lang.Object, java.lang.Object)'> (0x0000000709c15b60) 
thrown [t:/workspace/open/src/hotspot/share/interpreter/linkResolver.cpp, line 767]
Event: 107.864 Thread 0x000002b921cda000 Exception <a 'java/lang/NoSuchMethodError'{0x0000000709cb3208}: 'int java.lang.invoke.DirectMethodHandle$Holder.invokeVirtual(java.lang.Object, java.lang.Object, java.lang.Object, java.lang.Object)'> (0x0000000709cb3208) 
thrown [t:/workspace/open/src/hotspot/share/interpreter/linkResolver.cpp, line 767]
Event: 107.873 Thread 0x000002b921cda000 Exception <a 'java/lang/NoSuchMethodError'{0x0000000709b18818}: 'void java.lang.invoke.DirectMethodHandle$Holder.invokeSpecial(java.lang.Object, java.lang.Object, int, java.lang.Object)'> (0x0000000709b18818) 
thrown [t:/workspace/open/src/hotspot/share/interpreter/linkResolver.cpp, line 767]
Event: 107.921 Thread 0x000002b921cda000 Exception <a 'java/lang/IncompatibleClassChangeError'{0x0000000709938628}: Found class java.lang.Object, but interface was expected> (0x0000000709938628) 
thrown [t:/workspace/open/src/hotspot/share/interpreter/linkResolver.cpp, line 833]
Event: 107.921 Thread 0x000002b921cda000 Exception <a 'java/lang/IncompatibleClassChangeError'{0x000000070993b540}: Found class java.lang.Object, but interface was expected> (0x000000070993b540) 
thrown [t:/workspace/open/src/hotspot/share/interpreter/linkResolver.cpp, line 833]
Event: 107.938 Thread 0x000002b921cda000 Exception <a 'java/lang/NoSuchMethodError'{0x00000007099e3150}: 'void java.lang.invoke.DirectMethodHandle$Holder.invokeStatic(java.lang.Object, java.lang.Object, java.lang.Object, int)'> (0x00000007099e3150) 
thrown [t:/workspace/open/src/hotspot/share/interpreter/linkResolver.cpp, line 767]
Event: 108.031 Thread 0x000002b921cda000 Exception <a 'java/lang/NoSuchMethodError'{0x0000000709521060}: 'java.lang.Object java.lang.invoke.DirectMethodHandle$Holder.newInvokeSpecial(java.lang.Object, java.lang.Object, java.lang.Object)'> (0x0000000709521060) 
thrown [t:/workspace/open/src/hotspot/share/interpreter/linkResolver.cpp, line 767]
Event: 111.821 Thread 0x000002b9221c1800 Implicit null exception at 0x000002b9103d6261 to 0x000002b9103d632a
Event: 111.862 Thread 0x000002b9221c1800 Exception <a 'java/lang/NoSuchMethodError'{0x000000070730f980}: 'int java.lang.invoke.DirectMethodHandle$Holder.invokeSpecialIFC(java.lang.Object, java.lang.Object, java.lang.Object)'> (0x000000070730f980) 
thrown [t:/workspace/open/src/hotspot/share/interpreter/linkResolver.cpp, line 767]
Event: 111.865 Thread 0x000002b9221c1800 Exception <a 'java/lang/IncompatibleClassChangeError'{0x000000070734e8b8}: Found class java.lang.Object, but interface was expected> (0x000000070734e8b8) 
thrown [t:/workspace/open/src/hotspot/share/interpreter/linkResolver.cpp, line 833]
Event: 112.483 Thread 0x000002b9221c1800 Implicit null exception at 0x000002b910482e88 to 0x000002b91048764a
Event: 112.523 Thread 0x000002b9221c1800 Exception <a 'java/lang/NoSuchMethodError'{0x0000000708779758}: 'void java.lang.invoke.DirectMethodHandle$Holder.invokeSpecial(java.lang.Object, java.lang.Object, int)'> (0x0000000708779758) 
thrown [t:/workspace/open/src/hotspot/share/interpreter/linkResolver.cpp, line 767]
Event: 112.531 Thread 0x000002b9221c1800 Exception <a 'java/lang/IncompatibleClassChangeError'{0x00000007087ded58}: Found class java.lang.Object, but interface was expected> (0x00000007087ded58) 
thrown [t:/workspace/open/src/hotspot/share/interpreter/linkResolver.cpp, line 833]
Event: 112.587 Thread 0x000002b9221c1800 Implicit null exception at 0x000002b910119f5c to 0x000002b910119fa6

Events (20 events):
Event: 112.690 loading class com/vaadin/flow/internal/StateNode
Event: 112.690 loading class com/vaadin/flow/internal/StateNode done
Event: 112.691 loading class com/vaadin/flow/internal/nodefeature/StateNodeNodeList
Event: 112.691 loading class com/vaadin/flow/internal/nodefeature/StateNodeNodeList done
Event: 112.761 loading class com/vaadin/flow/component/ItemLabelGenerator
Event: 112.761 loading class com/vaadin/flow/component/ItemLabelGenerator done
Event: 112.762 loading class com/vaadin/flow/function/SerializableFunction
Event: 112.762 loading class com/vaadin/flow/function/SerializableFunction done
Event: 112.762 loading class com/aoedb/data/EntityElement
Event: 112.762 loading class com/aoedb/data/EntityElement done
Event: 112.764 loading class com/aoedb/views/tools/DamageCalculatorView
Event: 112.764 loading class com/aoedb/views/tools/DamageCalculatorView done
Event: 112.764 loading class com/vaadin/flow/component/AbstractField$ComponentValueChangeEvent
Event: 112.764 loading class com/vaadin/flow/component/AbstractField$ComponentValueChangeEvent done
Event: 112.810 loading class com/aoedb/views/components/DoubleAgeCivSelector
Event: 112.810 loading class com/aoedb/views/components/DoubleAgeCivSelector done
Event: 112.857 loading class com/vaadin/flow/internal/nodefeature/ElementListenerMap$1
Event: 112.857 loading class com/vaadin/flow/internal/nodefeature/ElementListenerMap$1 done
Event: 112.880 loading class com/vaadin/flow/component/Component
Event: 112.880 loading class com/vaadin/flow/component/Component done


Dynamic libraries:
0x00007ff7b3520000 - 0x00007ff7b352f000 	D:\Programas\Java sdk\bin\java.exe
0x00007ffeec7f0000 - 0x00007ffeec9e5000 	C:\WINDOWS\SYSTEM32\ntdll.dll
0x00007ffecac10000 - 0x00007ffecac26000 	C:\Program Files\AVAST Software\Avast\aswhook.dll
0x00007ffeeb870000 - 0x00007ffeeb92e000 	C:\WINDOWS\System32\KERNEL32.DLL
0x00007ffeea400000 - 0x00007ffeea6c8000 	C:\WINDOWS\System32\KERNELBASE.dll
0x00007ffee9f00000 - 0x00007ffeea000000 	C:\WINDOWS\System32\ucrtbase.dll
0x00007ffee7680000 - 0x00007ffee7698000 	D:\Programas\Java sdk\bin\jli.dll
0x00007ffeeb930000 - 0x00007ffeeb9de000 	C:\WINDOWS\System32\ADVAPI32.dll
0x00007ffeead00000 - 0x00007ffeead9e000 	C:\WINDOWS\System32\msvcrt.dll
0x00007ffeebd20000 - 0x00007ffeebdbc000 	C:\WINDOWS\System32\sechost.dll
0x00007ffee7660000 - 0x00007ffee7675000 	D:\Programas\Java sdk\bin\VCRUNTIME140.dll
0x00007ffeeada0000 - 0x00007ffeeaec5000 	C:\WINDOWS\System32\RPCRT4.dll
0x00007ffedc9f0000 - 0x00007ffedcc8a000 	C:\WINDOWS\WinSxS\amd64_microsoft.windows.common-controls_6595b64144ccf1df_6.0.19041.1110_none_60b5254171f9507e\COMCTL32.dll
0x00007ffeebac0000 - 0x00007ffeebaeb000 	C:\WINDOWS\System32\GDI32.dll
0x00007ffeea270000 - 0x00007ffeea292000 	C:\WINDOWS\System32\win32u.dll
0x00007ffeea030000 - 0x00007ffeea13d000 	C:\WINDOWS\System32\gdi32full.dll
0x00007ffeea140000 - 0x00007ffeea1dd000 	C:\WINDOWS\System32\msvcp_win.dll
0x00007ffeeab50000 - 0x00007ffeeacf1000 	C:\WINDOWS\System32\USER32.dll
0x00007ffee12b0000 - 0x00007ffee12ba000 	C:\WINDOWS\SYSTEM32\VERSION.dll
0x00007ffeea830000 - 0x00007ffeea860000 	C:\WINDOWS\System32\IMM32.DLL
0x00007ffecde70000 - 0x00007ffecdf0b000 	D:\Programas\Java sdk\bin\msvcp140.dll
0x00007ffe67460000 - 0x00007ffe67fbd000 	D:\Programas\Java sdk\bin\server\jvm.dll
0x00007ffeec2b0000 - 0x00007ffeec2b8000 	C:\WINDOWS\System32\PSAPI.DLL
0x00007ffed9820000 - 0x00007ffed9829000 	C:\WINDOWS\SYSTEM32\WSOCK32.dll
0x00007ffeebdc0000 - 0x00007ffeebe2b000 	C:\WINDOWS\System32\WS2_32.dll
0x00007ffede1e0000 - 0x00007ffede207000 	C:\WINDOWS\SYSTEM32\WINMM.dll
0x00007ffee7dd0000 - 0x00007ffee7de2000 	C:\WINDOWS\SYSTEM32\kernel.appcore.dll
0x00007ffee7650000 - 0x00007ffee7660000 	D:\Programas\Java sdk\bin\verify.dll
0x00007ffedf0e0000 - 0x00007ffedf2c4000 	C:\WINDOWS\SYSTEM32\DBGHELP.DLL
0x00007ffedf000000 - 0x00007ffedf02c000 	C:\WINDOWS\SYSTEM32\dbgcore.DLL
0x00007ffeea1e0000 - 0x00007ffeea262000 	C:\WINDOWS\System32\bcryptPrimitives.dll
0x00007ffecde40000 - 0x00007ffecde66000 	D:\Programas\Java sdk\bin\java.dll
0x00007ffecdd80000 - 0x00007ffecdd8e000 	D:\Programas\Java sdk\bin\instrument.dll
0x00007ffecde20000 - 0x00007ffecde37000 	D:\Programas\Java sdk\bin\zip.dll
0x00007ffee7640000 - 0x00007ffee764a000 	D:\Programas\Java sdk\bin\jimage.dll
0x00007ffeeb100000 - 0x00007ffeeb844000 	C:\WINDOWS\System32\SHELL32.dll
0x00007ffee7fd0000 - 0x00007ffee8765000 	C:\WINDOWS\SYSTEM32\windows.storage.dll
0x00007ffeec2c0000 - 0x00007ffeec615000 	C:\WINDOWS\System32\combase.dll
0x00007ffee9870000 - 0x00007ffee989e000 	C:\WINDOWS\SYSTEM32\Wldp.dll
0x00007ffeea9f0000 - 0x00007ffeeaa9d000 	C:\WINDOWS\System32\SHCORE.dll
0x00007ffeeaed0000 - 0x00007ffeeaf25000 	C:\WINDOWS\System32\shlwapi.dll
0x00007ffee9e40000 - 0x00007ffee9e5f000 	C:\WINDOWS\SYSTEM32\profapi.dll
0x00007ffecde00000 - 0x00007ffecde19000 	D:\Programas\Java sdk\bin\net.dll
0x00007ffee3540000 - 0x00007ffee364c000 	C:\WINDOWS\SYSTEM32\WINHTTP.dll
0x00007ffee9650000 - 0x00007ffee96ba000 	C:\WINDOWS\system32\mswsock.dll
0x00007ffecb350000 - 0x00007ffecb363000 	D:\Programas\Java sdk\bin\nio.dll
0x00007ffecb330000 - 0x00007ffecb34a000 	C:\Program Files\JetBrains\IntelliJ IDEA Community Edition 2021.2.2\bin\breakgen64.dll
0x00007ffed0c20000 - 0x00007ffed0c29000 	D:\Programas\Java sdk\bin\management.dll
0x00007ffecddf0000 - 0x00007ffecddfb000 	D:\Programas\Java sdk\bin\management_ext.dll
0x00007ffecbf50000 - 0x00007ffecbf67000 	C:\WINDOWS\system32\napinsp.dll
0x00007ffecbf30000 - 0x00007ffecbf4b000 	C:\WINDOWS\system32\pnrpnsp.dll
0x00007ffeda890000 - 0x00007ffeda8a5000 	C:\WINDOWS\system32\wshbth.dll
0x00007ffee59e0000 - 0x00007ffee59fd000 	C:\WINDOWS\system32\NLAapi.dll
0x00007ffee9310000 - 0x00007ffee934b000 	C:\WINDOWS\SYSTEM32\IPHLPAPI.DLL
0x00007ffee9360000 - 0x00007ffee942b000 	C:\WINDOWS\SYSTEM32\DNSAPI.dll
0x00007ffeeb0f0000 - 0x00007ffeeb0f8000 	C:\WINDOWS\System32\NSI.dll
0x00007ffecbf10000 - 0x00007ffecbf22000 	C:\WINDOWS\System32\winrnr.dll
0x00007ffee1260000 - 0x00007ffee126a000 	C:\Windows\System32\rasadhlp.dll
0x00007ffee31a0000 - 0x00007ffee321f000 	C:\WINDOWS\System32\fwpuclnt.dll
0x00007ffeea000000 - 0x00007ffeea027000 	C:\WINDOWS\System32\bcrypt.dll
0x00007ffee9bc0000 - 0x00007ffee9bd8000 	C:\WINDOWS\SYSTEM32\CRYPTSP.dll
0x00007ffee8f20000 - 0x00007ffee8f54000 	C:\WINDOWS\system32\rsaenh.dll
0x00007ffee9e00000 - 0x00007ffee9e2e000 	C:\WINDOWS\SYSTEM32\USERENV.dll
0x00007ffee97e0000 - 0x00007ffee97ec000 	C:\WINDOWS\SYSTEM32\CRYPTBASE.dll
0x00007ffee3d40000 - 0x00007ffee3d57000 	C:\WINDOWS\SYSTEM32\dhcpcsvc6.DLL
0x00007ffee3d20000 - 0x00007ffee3d3d000 	C:\WINDOWS\SYSTEM32\dhcpcsvc.DLL
0x00007ffeca350000 - 0x00007ffeca4e9000 	D:\Programas\Java sdk\bin\awt.dll
0x00007ffeec680000 - 0x00007ffeec74d000 	C:\WINDOWS\System32\OLEAUT32.dll
0x00007ffee7720000 - 0x00007ffee77b0000 	C:\WINDOWS\SYSTEM32\apphelp.dll
0x00007ffee7ae0000 - 0x00007ffee7b0f000 	C:\WINDOWS\system32\DWMAPI.DLL
0x00007ffee78f0000 - 0x00007ffee798e000 	C:\WINDOWS\system32\uxtheme.dll
0x00007ffeebc00000 - 0x00007ffeebd15000 	C:\WINDOWS\System32\MSCTF.dll
0x00007ffeea860000 - 0x00007ffeea98a000 	C:\WINDOWS\System32\ole32.dll

dbghelp: loaded successfully - version: 4.0.5 - missing functions: none
symbol engine: initialized successfully - sym options: 0x614 - pdb path: .;D:\Programas\Java sdk\bin;C:\WINDOWS\SYSTEM32;C:\Program Files\AVAST Software\Avast;C:\WINDOWS\WinSxS\amd64_microsoft.windows.common-controls_6595b64144ccf1df_6.0.19041.1110_none_60b5254171f9507e;D:\Programas\Java sdk\bin\server;C:\Program Files\JetBrains\IntelliJ IDEA Community Edition 2021.2.2\bin

VM Arguments:
jvm_args: -javaagent:C:\Program Files\JetBrains\IntelliJ IDEA Community Edition 2021.2.2\lib\idea_rt.jar=62700:C:\Program Files\JetBrains\IntelliJ IDEA Community Edition 2021.2.2\bin -Dfile.encoding=UTF-8 
java_command: com.aoedb.Application
java_class_path (initial): D:\cosas\programacion random\Vaadin\aoe-2-database\target\classes;C:\Users\pau_7\.m2\repository\com\vaadin\vaadin\22.0.2\vaadin-22.0.2.jar;C:\Users\pau_7\.m2\repository\com\vaadin\vaadin-core\22.0.2\vaadin-core-22.0.2.jar;C:\Users\pau_7\.m2\repository\com\vaadin\flow-server\9.0.2\flow-server-9.0.2.jar;C:\Users\pau_7\.m2\repository\javax\annotation\javax.annotation-api\1.3.2\javax.annotation-api-1.3.2.jar;C:\Users\pau_7\.m2\repository\commons-fileupload\commons-fileupload\1.3.3\commons-fileupload-1.3.3.jar;C:\Users\pau_7\.m2\repository\commons-io\commons-io\2.11.0\commons-io-2.11.0.jar;C:\Users\pau_7\.m2\repository\com\fasterxml\jackson\core\jackson-core\2.13.0\jackson-core-2.13.0.jar;C:\Users\pau_7\.m2\repository\com\helger\ph-css\6.3.4\ph-css-6.3.4.jar;C:\Users\pau_7\.m2\repository\com\helger\commons\ph-commons\10.1.2\ph-commons-10.1.2.jar;C:\Users\pau_7\.m2\repository\com\vaadin\external\gentyref\1.2.0.vaadin1\gentyref-1.2.0.vaadin1.jar;C:\Users\pau_7\.m2\repository\org\apache\commons\commons-compress\1.21\commons-compress-1.21.jar;C:\Users\pau_7\.m2\repository\org\apache\httpcomponents\httpclient\4.5.13\httpclient-4.5.13.jar;C:\Users\pau_7\.m2\repository\org\apache\httpcomponents\httpcore\4.4.14\httpcore-4.4.14.jar;C:\Users\pau_7\.m2\repository\com\vaadin\fusion-endpoint\9.0.2\fusion-endpoint-9.0.2.jar;C:\Users\pau_7\.m2\repository\javax\validation\validation-api\2.0.1.Final\validation-api-2.0.1.Final.jar;C:\Users\pau_7\.m2\repository\org\springframework\data\spring-data-commons\2.6.0\spring-data-commons-2.6.0.jar;C:\Users\pau_7\.m2\repository\com\fasterxml\jackson\core\jackson-annotations\2.13.0\jackson-annotations-2.13.0.jar;C:\Users\pau_7\.m2\repository\com\fasterxml\jackson\dataformat\jackson-dataformat-yaml\2.13.0\jackson-dataformat-yaml-2.13.0.jar;C:\Users\pau_7\.m2\repository\org\slf4j\slf4j-ext\1.7.32\slf4j-ext-1.7.32.jar;C:\Users\pau_7\.m2\repository\com\github\javaparser\javaparser-symbol-solver-core\3.23.1\javaparser-symbol
Launcher Type: SUN_STANDARD

[Global flags]
     intx CICompilerCount                          = 3                                         {product} {ergonomic}
     uint ConcGCThreads                            = 1                                         {product} {ergonomic}
     uint G1ConcRefinementThreads                  = 4                                         {product} {ergonomic}
   size_t G1HeapRegionSize                         = 1048576                                   {product} {ergonomic}
    uintx GCDrainStackTargetSize                   = 64                                        {product} {ergonomic}
   size_t InitialHeapSize                          = 268435456                                 {product} {ergonomic}
   size_t MarkStackSize                            = 4194304                                   {product} {ergonomic}
   size_t MaxHeapSize                              = 4280287232                                {product} {ergonomic}
   size_t MaxNewSize                               = 2567962624                                {product} {ergonomic}
   size_t MinHeapDeltaBytes                        = 1048576                                   {product} {ergonomic}
   size_t MinHeapSize                              = 8388608                                   {product} {ergonomic}
    uintx NonNMethodCodeHeapSize                   = 5832780                                {pd product} {ergonomic}
    uintx NonProfiledCodeHeapSize                  = 122912730                              {pd product} {ergonomic}
    uintx ProfiledCodeHeapSize                     = 122912730                              {pd product} {ergonomic}
    uintx ReservedCodeCacheSize                    = 251658240                              {pd product} {ergonomic}
     bool SegmentedCodeCache                       = true                                      {product} {ergonomic}
   size_t SoftMaxHeapSize                          = 4280287232                             {manageable} {ergonomic}
     bool UseCompressedClassPointers               = true                                 {lp64_product} {ergonomic}
     bool UseCompressedOops                        = true                                 {lp64_product} {ergonomic}
     bool UseG1GC                                  = true                                      {product} {ergonomic}
     bool UseLargePagesIndividualAllocation        = false                                  {pd product} {ergonomic}

Logging:
Log output configuration:
 #0: stdout all=warning uptime,level,tags
 #1: stderr all=off uptime,level,tags

Environment Variables:
JAVA_HOME=C:\Program Files\OpenJDK\jdk-11.0.8.10-hotspot\
PATH=C:\Program Files\OpenJDK\jdk-11.0.8.10-hotspot\bin;C:\Program Files\OpenJDK\jdk-8.0.262.10-hotspot\bin;C:\Program Files\Common Files\Oracle\Java\javapath;C:\Python39\Scripts\;C:\Python39\;C:\Windows\system32;C:\Windows;C:\Windows\System32\Wbem;C:\Windows\System32\WindowsPowerShell\v1.0\;C:\Windows\System32\OpenSSH\;C:\Program Files (x86)\NVIDIA Corporation\PhysX\Common;C:\Program Files\PuTTY\;C:\WINDOWS\system32;C:\WINDOWS;C:\WINDOWS\System32\Wbem;C:\WINDOWS\System32\WindowsPowerShell\v1.0\;C:\WINDOWS\System32\OpenSSH\;C:\Program Files\Git\cmd;D:\Programas\Node.js\;C:\ProgramData\chocolatey\bin;C:\Program Files\NVIDIA Corporation\NVIDIA NvDLISR;D:\Programas\apache-maven-3.8.3\bin;C:\Users\pau_7\AppData\Local\Microsoft\WindowsApps;C:\Program Files\JetBrains\IntelliJ IDEA Community Edition 2021.2.2\bin;;D:\Programas\Microsoft VS Code\bin;C:\Users\pau_7\AppData\Roaming\npm;D:\Programas\heroku\bin
USERNAME=pau_7
OS=Windows_NT
PROCESSOR_IDENTIFIER=Intel64 Family 6 Model 58 Stepping 9, GenuineIntel



---------------  S Y S T E M  ---------------

OS: Windows 10 , 64 bit Build 19041 (10.0.19041.1466)
HyperV virtualization detected

CPU:total 4 (initial active 4) (4 cores per cpu, 1 threads per core) family 6 model 58 stepping 9, cmov, cx8, fxsr, mmx, sse, sse2, sse3, ssse3, sse4.1, sse4.2, popcnt, avx, aes, clmul, erms, tsc, tscinvbit, tscinv

Memory: 4k page, system-wide physical 16320M (7190M free)
TotalPageFile size 18752M (AvailPageFile size 7217M)
current process WorkingSet (physical memory assigned to process): 380M, peak: 382M
current process commit charge ("private bytes"): 413M, peak: 457M

vm_info: Java HotSpot(TM) 64-Bit Server VM (13.0.2+8) for windows-amd64 JRE (13.0.2+8), built on Dec 11 2019 09:20:33 by "mach5one" with unknown MS VC++:1916

END.
