#
# A fatal error has been detected by the Java Runtime Environment:
#
#  EXCEPTION_ACCESS_VIOLATION (0xc0000005) at pc=0x00007fbe674d2eb0, pid=5664, tid=9160
#
# JRE version: Java(TM) SE Runtime Environment (13.0.2+8) (build 13.0.2+8)
# Java VM: Java HotSpot(TM) 64-Bit Server VM (13.0.2+8, mixed mode, sharing, tiered, compressed oops, g1 gc, windows-amd64)
# Problematic frame:
# C  0x00007fbe674d2eb0
#
# No core dump will be written. Minidumps are not enabled by default on client versions of Windows
#
# If you would like to submit a bug report, please visit:
#   http://bugreport.java.com/bugreport/crash.jsp
#

---------------  S U M M A R Y ------------

Command Line: -javaagent:C:\Program Files\JetBrains\IntelliJ IDEA Community Edition 2021.2.2\lib\idea_rt.jar=62635:C:\Program Files\JetBrains\IntelliJ IDEA Community Edition 2021.2.2\bin -Dfile.encoding=UTF-8 com.aoedb.Application

Host: Intel(R) Core(TM) i5-3570 CPU @ 3.40GHz, 4 cores, 15G,  Windows 10 , 64 bit Build 19041 (10.0.19041.1466)
Time: Fri Jan 21 14:03:14 2022 Hora estándar romance elapsed time: 13 seconds (0d 0h 0m 13s)

---------------  T H R E A D  ---------------

Current thread (0x000002a50d544800):  JavaThread "C2 CompilerThread1" daemon [_thread_in_native, id=9160, stack(0x000000abbe900000,0x000000abbea00000)]


Current CompileTask:
C2:  13498 7135 %     4       java.math.BigInteger::destructiveMulAdd @ 31 (150 bytes)

Stack: [0x000000abbe900000,0x000000abbea00000],  sp=0x000000abbe9fb648,  free space=1005k
Native frames: (J=compiled Java code, j=interpreted, Vv=VM code, C=native code)
C  0x00007fbe674d2eb0


siginfo: EXCEPTION_ACCESS_VIOLATION (0xc0000005), data execution prevention violation at address 0x00007fbe674d2eb0


Register to memory mapping:

RIP=0x00007fbe674d2eb0 is an unknown value
RAX=0x00007ffe67c13a58 jvm.dll
RBX=0x000002a50e684648 points into unknown readable memory: 58 3a c1 67 fe 7f 00 00
RCX=0x000002a50e684648 points into unknown readable memory: 58 3a c1 67 fe 7f 00 00
RDX=0x0000000000000099 is an unknown value
RSP=0x000000abbe9fb648 is pointing into the stack for thread: 0x000002a50d544800
RBP=0x000000000000000a is an unknown value
RSI=0x000002a50d88a4e0 points into unknown readable memory: 40 e7 c9 67 fe 7f 00 00
RDI=0x0 is NULL
R8 =0x0000000000000011 is an unknown value
R9 =0x000000abbe9fb710 is pointing into the stack for thread: 0x000002a50d544800
R10=0x0 is NULL
R11=0x000000abbe9fb660 is pointing into the stack for thread: 0x000002a50d544800
R12=0x0000000000000006 is an unknown value
R13=0x00000000000001cb is an unknown value
R14=0x0000000000000050 is an unknown value
R15=0x000000abbe9fb790 is pointing into the stack for thread: 0x000002a50d544800


Registers:
RAX=0x00007ffe67c13a58, RBX=0x000002a50e684648, RCX=0x000002a50e684648, RDX=0x0000000000000099
RSP=0x000000abbe9fb648, RBP=0x000000000000000a, RSI=0x000002a50d88a4e0, RDI=0x0000000000000000
R8 =0x0000000000000011, R9 =0x000000abbe9fb710, R10=0x0000000000000000, R11=0x000000abbe9fb660
R12=0x0000000000000006, R13=0x00000000000001cb, R14=0x0000000000000050, R15=0x000000abbe9fb790
RIP=0x00007fbe674d2eb0, EFLAGS=0x0000000000010287

Top of Stack: (sp=0x000000abbe9fb648)
0x000000abbe9fb648:   00007ffe67601ccb 0000000000000000
0x000000abbe9fb658:   0000000000000000 000000abbe9fb710
0x000000abbe9fb668:   00007ffe677ba25a 0000000000000000
0x000000abbe9fb678:   000002a50ec241b0 00000000000003d8
0x000000abbe9fb688:   000002a50ec241a0 000002a50ec24588
0x000000abbe9fb698:   00007ffe6778777a 000000ab00000010
0x000000abbe9fb6a8:   000000abbe9fbb90 000000abbe9fb7a0
0x000000abbe9fb6b8:   00000000ffffff01 000000003fffff01
0x000000abbe9fb6c8:   0000000000000001 0000000000000000
0x000000abbe9fb6d8:   00007ffe67a17fce 000000010d883be8
0x000000abbe9fb6e8:   00007ffe6750afaf 000002a50db3c290
0x000000abbe9fb6f8:   000002a50db3cac0 000002a50db3c2a0
0x000000abbe9fb708:   000002a50efe0b40 000000ab00000006
0x000000abbe9fb718:   000002a50ec241a0 000002a50ec241a0
0x000000abbe9fb728:   000002a50ec241b0 000002a50ec24588
0x000000abbe9fb738:   00000000000003d8 00007ffe67d28c68 

Instructions: (pc=0x00007fbe674d2eb0)
0x00007fbe674d2db0:   ?? ?? ?? ?? ?? ?? ?? ?? ?? ?? ?? ?? ?? ?? ?? ??
0x00007fbe674d2dc0:   ?? ?? ?? ?? ?? ?? ?? ?? ?? ?? ?? ?? ?? ?? ?? ??
0x00007fbe674d2dd0:   ?? ?? ?? ?? ?? ?? ?? ?? ?? ?? ?? ?? ?? ?? ?? ??
0x00007fbe674d2de0:   ?? ?? ?? ?? ?? ?? ?? ?? ?? ?? ?? ?? ?? ?? ?? ??
0x00007fbe674d2df0:   ?? ?? ?? ?? ?? ?? ?? ?? ?? ?? ?? ?? ?? ?? ?? ??
0x00007fbe674d2e00:   ?? ?? ?? ?? ?? ?? ?? ?? ?? ?? ?? ?? ?? ?? ?? ??
0x00007fbe674d2e10:   ?? ?? ?? ?? ?? ?? ?? ?? ?? ?? ?? ?? ?? ?? ?? ??
0x00007fbe674d2e20:   ?? ?? ?? ?? ?? ?? ?? ?? ?? ?? ?? ?? ?? ?? ?? ??
0x00007fbe674d2e30:   ?? ?? ?? ?? ?? ?? ?? ?? ?? ?? ?? ?? ?? ?? ?? ??
0x00007fbe674d2e40:   ?? ?? ?? ?? ?? ?? ?? ?? ?? ?? ?? ?? ?? ?? ?? ??
0x00007fbe674d2e50:   ?? ?? ?? ?? ?? ?? ?? ?? ?? ?? ?? ?? ?? ?? ?? ??
0x00007fbe674d2e60:   ?? ?? ?? ?? ?? ?? ?? ?? ?? ?? ?? ?? ?? ?? ?? ??
0x00007fbe674d2e70:   ?? ?? ?? ?? ?? ?? ?? ?? ?? ?? ?? ?? ?? ?? ?? ??
0x00007fbe674d2e80:   ?? ?? ?? ?? ?? ?? ?? ?? ?? ?? ?? ?? ?? ?? ?? ??
0x00007fbe674d2e90:   ?? ?? ?? ?? ?? ?? ?? ?? ?? ?? ?? ?? ?? ?? ?? ??
0x00007fbe674d2ea0:   ?? ?? ?? ?? ?? ?? ?? ?? ?? ?? ?? ?? ?? ?? ?? ??
0x00007fbe674d2eb0:   ?? ?? ?? ?? ?? ?? ?? ?? ?? ?? ?? ?? ?? ?? ?? ??
0x00007fbe674d2ec0:   ?? ?? ?? ?? ?? ?? ?? ?? ?? ?? ?? ?? ?? ?? ?? ??
0x00007fbe674d2ed0:   ?? ?? ?? ?? ?? ?? ?? ?? ?? ?? ?? ?? ?? ?? ?? ??
0x00007fbe674d2ee0:   ?? ?? ?? ?? ?? ?? ?? ?? ?? ?? ?? ?? ?? ?? ?? ??
0x00007fbe674d2ef0:   ?? ?? ?? ?? ?? ?? ?? ?? ?? ?? ?? ?? ?? ?? ?? ??
0x00007fbe674d2f00:   ?? ?? ?? ?? ?? ?? ?? ?? ?? ?? ?? ?? ?? ?? ?? ??
0x00007fbe674d2f10:   ?? ?? ?? ?? ?? ?? ?? ?? ?? ?? ?? ?? ?? ?? ?? ??
0x00007fbe674d2f20:   ?? ?? ?? ?? ?? ?? ?? ?? ?? ?? ?? ?? ?? ?? ?? ??
0x00007fbe674d2f30:   ?? ?? ?? ?? ?? ?? ?? ?? ?? ?? ?? ?? ?? ?? ?? ??
0x00007fbe674d2f40:   ?? ?? ?? ?? ?? ?? ?? ?? ?? ?? ?? ?? ?? ?? ?? ??
0x00007fbe674d2f50:   ?? ?? ?? ?? ?? ?? ?? ?? ?? ?? ?? ?? ?? ?? ?? ??
0x00007fbe674d2f60:   ?? ?? ?? ?? ?? ?? ?? ?? ?? ?? ?? ?? ?? ?? ?? ??
0x00007fbe674d2f70:   ?? ?? ?? ?? ?? ?? ?? ?? ?? ?? ?? ?? ?? ?? ?? ??
0x00007fbe674d2f80:   ?? ?? ?? ?? ?? ?? ?? ?? ?? ?? ?? ?? ?? ?? ?? ??
0x00007fbe674d2f90:   ?? ?? ?? ?? ?? ?? ?? ?? ?? ?? ?? ?? ?? ?? ?? ??
0x00007fbe674d2fa0:   ?? ?? ?? ?? ?? ?? ?? ?? ?? ?? ?? ?? ?? ?? ?? ?? 


Stack slot to memory mapping:
stack at sp + 0 slots: 0x00007ffe67601ccb jvm.dll
stack at sp + 1 slots: 0x0 is NULL
stack at sp + 2 slots: 0x0 is NULL
stack at sp + 3 slots: 0x000000abbe9fb710 is pointing into the stack for thread: 0x000002a50d544800
stack at sp + 4 slots: 0x00007ffe677ba25a jvm.dll
stack at sp + 5 slots: 0x0 is NULL
stack at sp + 6 slots: 0x000002a50ec241b0 points into unknown readable memory: 80 2f cc 67 fe 7f 00 00
stack at sp + 7 slots: 0x00000000000003d8 is an unknown value


---------------  P R O C E S S  ---------------

Threads class SMR info:
_java_thread_list=0x000002a5128d1200, length=24, elements={
0x000002a566c5c000, 0x000002a50bf6f000, 0x000002a50bf72000, 0x000002a50c814000,
0x000002a50c816000, 0x000002a50c819000, 0x000002a50c83d000, 0x000002a50c869800,
0x000002a50ca93000, 0x000002a50d265800, 0x000002a50d266800, 0x000002a50e5d1000,
0x000002a50db36000, 0x000002a50e415800, 0x000002a50e9af800, 0x000002a510223000,
0x000002a50e369800, 0x000002a511f95800, 0x000002a50d544800, 0x000002a50da15800,
0x000002a50da16800, 0x000002a50da15000, 0x000002a50da11000, 0x000002a50da17800
}

Java Threads: ( => current thread )
  0x000002a566c5c000 JavaThread "main" [_thread_blocked, id=12416, stack(0x000000abbd400000,0x000000abbd500000)]
  0x000002a50bf6f000 JavaThread "Reference Handler" daemon [_thread_blocked, id=16328, stack(0x000000abbdb00000,0x000000abbdc00000)]
  0x000002a50bf72000 JavaThread "Finalizer" daemon [_thread_blocked, id=2932, stack(0x000000abbdc00000,0x000000abbdd00000)]
  0x000002a50c814000 JavaThread "Signal Dispatcher" daemon [_thread_blocked, id=14200, stack(0x000000abbdd00000,0x000000abbde00000)]
  0x000002a50c816000 JavaThread "Attach Listener" daemon [_thread_blocked, id=4708, stack(0x000000abbde00000,0x000000abbdf00000)]
  0x000002a50c819000 JavaThread "C2 CompilerThread0" daemon [_thread_in_native, id=14624, stack(0x000000abbdf00000,0x000000abbe000000)]
  0x000002a50c83d000 JavaThread "C1 CompilerThread0" daemon [_thread_in_vm, id=4996, stack(0x000000abbe000000,0x000000abbe100000)]
  0x000002a50c869800 JavaThread "Sweeper thread" daemon [_thread_blocked, id=9156, stack(0x000000abbe100000,0x000000abbe200000)]
  0x000002a50ca93000 JavaThread "Common-Cleaner" daemon [_thread_blocked, id=5876, stack(0x000000abbe200000,0x000000abbe300000)]
  0x000002a50d265800 JavaThread "Monitor Ctrl-Break" daemon [_thread_in_native, id=12632, stack(0x000000abbe300000,0x000000abbe400000)]
  0x000002a50d266800 JavaThread "Service Thread" daemon [_thread_blocked, id=7200, stack(0x000000abbe400000,0x000000abbe500000)]
  0x000002a50e5d1000 JavaThread "Thread-0" [_thread_blocked, id=11424, stack(0x000000abbea00000,0x000000abbeb00000)]
  0x000002a50db36000 JavaThread "restartedMain" [_thread_in_native, id=4172, stack(0x000000abbeb00000,0x000000abbec00000)]
  0x000002a50e415800 JavaThread "ForkJoinPool.commonPool-worker-3" daemon [_thread_blocked, id=2512, stack(0x000000abbed00000,0x000000abbee00000)]
  0x000002a50e9af800 JavaThread "ForkJoinPool.commonPool-worker-5" daemon [_thread_in_Java, id=3816, stack(0x000000abbee00000,0x000000abbef00000)]
  0x000002a510223000 JavaThread "Catalina-utility-1" [_thread_blocked, id=3056, stack(0x000000abbef00000,0x000000abbf000000)]
  0x000002a50e369800 JavaThread "Catalina-utility-2" [_thread_blocked, id=1336, stack(0x000000abbf000000,0x000000abbf100000)]
  0x000002a511f95800 JavaThread "container-0" [_thread_blocked, id=16356, stack(0x000000abbf100000,0x000000abbf200000)]
=>0x000002a50d544800 JavaThread "C2 CompilerThread1" daemon [_thread_in_native, id=9160, stack(0x000000abbe900000,0x000000abbea00000)]
  0x000002a50da15800 JavaThread "File Watcher" daemon [_thread_blocked, id=15708, stack(0x000000abbf200000,0x000000abbf300000)]
  0x000002a50da16800 JavaThread "Live Reload Server" daemon [_thread_in_native, id=9756, stack(0x000000abbf400000,0x000000abbf500000)]
  0x000002a50da15000 JavaThread "Atmosphere-Scheduler-0" daemon [_thread_blocked, id=1820, stack(0x000000abbf300000,0x000000abbf400000)]
  0x000002a50da11000 JavaThread "Atmosphere-Scheduler-1" daemon [_thread_blocked, id=9412, stack(0x000000abbf500000,0x000000abbf600000)]
  0x000002a50da17800 JavaThread "Atmosphere-Shared-0" daemon [_thread_blocked, id=1480, stack(0x000000abbf600000,0x000000abbf700000)]

Other Threads:
  0x000002a50bf6d000 VMThread "VM Thread" [stack: 0x000000abbda00000,0x000000abbdb00000] [id=1944]
  0x000002a50d235800 WatcherThread [stack: 0x000000abbe500000,0x000000abbe600000] [id=14816]
  0x000002a566cc6800 GCTaskThread "GC Thread#0" [stack: 0x000000abbd500000,0x000000abbd600000] [id=11480]
  0x000002a50d4ae800 GCTaskThread "GC Thread#1" [stack: 0x000000abbe600000,0x000000abbe700000] [id=14792]
  0x000002a50d2be800 GCTaskThread "GC Thread#2" [stack: 0x000000abbe700000,0x000000abbe800000] [id=16292]
  0x000002a50d3a1800 GCTaskThread "GC Thread#3" [stack: 0x000000abbe800000,0x000000abbe900000] [id=9096]
  0x000002a566ce8000 ConcurrentGCThread "G1 Main Marker" [stack: 0x000000abbd600000,0x000000abbd700000] [id=5952]
  0x000002a566ce9800 ConcurrentGCThread "G1 Conc#0" [stack: 0x000000abbd700000,0x000000abbd800000] [id=4184]
  0x000002a50be69000 ConcurrentGCThread "G1 Refine#0" [stack: 0x000000abbd800000,0x000000abbd900000] [id=11564]
  0x000002a50be6c000 ConcurrentGCThread "G1 Young RemSet Sampling" [stack: 0x000000abbd900000,0x000000abbda00000] [id=3508]

Threads with active compile tasks:
C2 CompilerThread0    15360 7593       4       java.math.BigInteger::implMulAdd (81 bytes)
C2 CompilerThread1    15361 7135 %     4       java.math.BigInteger::destructiveMulAdd @ 31 (150 bytes)

VM state:not at safepoint (normal execution)

VM Mutex/Monitor currently owned by a thread: None

Heap address: 0x0000000700e00000, size: 4082 MB, Compressed Oops mode: Zero based, Oop shift amount: 3
Narrow klass base: 0x0000000800000000, Narrow klass shift: 3
Compressed class space size: 1073741824 Address: 0x0000000800b40000

Heap:
 garbage-first heap   total 140288K, used 81626K [0x0000000700e00000, 0x0000000800000000)
  region size 1024K, 36 young (36864K), 3 survivors (3072K)
 Metaspace       used 53432K, capacity 55112K, committed 55320K, reserved 1097728K
  class space    used 6706K, capacity 7363K, committed 7448K, reserved 1048576K
Heap Regions: E=young(eden), S=young(survivor), O=old, HS=humongous(starts), HC=humongous(continues), CS=collection set, F=free, A=archive, TAMS=top-at-mark-start (previous, next)
|   0|0x0000000700e00000, 0x0000000700f00000, 0x0000000700f00000|100%| O|  |TAMS 0x0000000700f00000, 0x0000000700e00000| Untracked 
|   1|0x0000000700f00000, 0x0000000701000000, 0x0000000701000000|100%| O|  |TAMS 0x0000000701000000, 0x0000000700f00000| Untracked 
|   2|0x0000000701000000, 0x0000000701100000, 0x0000000701100000|100%| O|  |TAMS 0x0000000701100000, 0x0000000701000000| Untracked 
|   3|0x0000000701100000, 0x0000000701200000, 0x0000000701200000|100%| O|  |TAMS 0x0000000701200000, 0x0000000701100000| Untracked 
|   4|0x0000000701200000, 0x0000000701300000, 0x0000000701300000|100%| O|  |TAMS 0x0000000701300000, 0x0000000701200000| Untracked 
|   5|0x0000000701300000, 0x0000000701400000, 0x0000000701400000|100%| O|  |TAMS 0x0000000701400000, 0x0000000701300000| Untracked 
|   6|0x0000000701400000, 0x0000000701500000, 0x0000000701500000|100%| O|  |TAMS 0x0000000701500000, 0x0000000701400000| Untracked 
|   7|0x0000000701500000, 0x0000000701600000, 0x0000000701600000|100%| O|  |TAMS 0x0000000701600000, 0x0000000701500000| Untracked 
|   8|0x0000000701600000, 0x0000000701700000, 0x0000000701700000|100%| O|  |TAMS 0x0000000701700000, 0x0000000701600000| Untracked 
|   9|0x0000000701700000, 0x0000000701800000, 0x0000000701800000|100%| O|  |TAMS 0x0000000701800000, 0x0000000701700000| Untracked 
|  10|0x0000000701800000, 0x0000000701900000, 0x0000000701900000|100%| O|  |TAMS 0x0000000701900000, 0x0000000701800000| Untracked 
|  11|0x0000000701900000, 0x0000000701a00000, 0x0000000701a00000|100%| O|  |TAMS 0x0000000701a00000, 0x0000000701900000| Untracked 
|  12|0x0000000701a00000, 0x0000000701b00000, 0x0000000701b00000|100%| O|  |TAMS 0x0000000701b00000, 0x0000000701a00000| Untracked 
|  13|0x0000000701b00000, 0x0000000701c00000, 0x0000000701c00000|100%| O|  |TAMS 0x0000000701c00000, 0x0000000701b00000| Untracked 
|  14|0x0000000701c00000, 0x0000000701d00000, 0x0000000701d00000|100%| O|  |TAMS 0x0000000701d00000, 0x0000000701c00000| Untracked 
|  15|0x0000000701d00000, 0x0000000701e00000, 0x0000000701e00000|100%| O|  |TAMS 0x0000000701e00000, 0x0000000701d00000| Untracked 
|  16|0x0000000701e00000, 0x0000000701f00000, 0x0000000701f00000|100%| O|  |TAMS 0x0000000701f00000, 0x0000000701e00000| Untracked 
|  17|0x0000000701f00000, 0x0000000702000000, 0x0000000702000000|100%| O|  |TAMS 0x0000000702000000, 0x0000000701f00000| Untracked 
|  18|0x0000000702000000, 0x0000000702100000, 0x0000000702100000|100%| O|  |TAMS 0x0000000702100000, 0x0000000702000000| Untracked 
|  19|0x0000000702100000, 0x0000000702200000, 0x0000000702200000|100%| O|  |TAMS 0x0000000702200000, 0x0000000702100000| Untracked 
|  20|0x0000000702200000, 0x00000007022aca00, 0x0000000702300000| 67%| O|  |TAMS 0x00000007022aca00, 0x0000000702200000| Untracked 
|  21|0x0000000702300000, 0x0000000702400000, 0x0000000702400000|100%| O|  |TAMS 0x0000000702400000, 0x0000000702300000| Untracked 
|  22|0x0000000702400000, 0x0000000702500000, 0x0000000702500000|100%| O|  |TAMS 0x0000000702500000, 0x0000000702400000| Untracked 
|  23|0x0000000702500000, 0x0000000702600000, 0x0000000702600000|100%| O|  |TAMS 0x0000000702600000, 0x0000000702500000| Untracked 
|  24|0x0000000702600000, 0x0000000702700000, 0x0000000702700000|100%| O|  |TAMS 0x0000000702700000, 0x0000000702600000| Untracked 
|  25|0x0000000702700000, 0x0000000702800000, 0x0000000702800000|100%| O|  |TAMS 0x0000000702800000, 0x0000000702700000| Untracked 
|  26|0x0000000702800000, 0x0000000702900000, 0x0000000702900000|100%| O|  |TAMS 0x0000000702900000, 0x0000000702800000| Untracked 
|  27|0x0000000702900000, 0x0000000702a00000, 0x0000000702a00000|100%| O|  |TAMS 0x0000000702a00000, 0x0000000702900000| Untracked 
|  28|0x0000000702a00000, 0x0000000702b00000, 0x0000000702b00000|100%| O|  |TAMS 0x0000000702b00000, 0x0000000702a00000| Untracked 
|  29|0x0000000702b00000, 0x0000000702c00000, 0x0000000702c00000|100%| O|  |TAMS 0x0000000702c00000, 0x0000000702b00000| Untracked 
|  30|0x0000000702c00000, 0x0000000702d00000, 0x0000000702d00000|100%| O|  |TAMS 0x0000000702d00000, 0x0000000702c00000| Untracked 
|  31|0x0000000702d00000, 0x0000000702e00000, 0x0000000702e00000|100%| O|  |TAMS 0x0000000702e00000, 0x0000000702d00000| Untracked 
|  32|0x0000000702e00000, 0x0000000702f00000, 0x0000000702f00000|100%| O|  |TAMS 0x0000000702f00000, 0x0000000702e00000| Untracked 
|  33|0x0000000702f00000, 0x0000000703000000, 0x0000000703000000|100%| O|  |TAMS 0x0000000703000000, 0x0000000702f00000| Untracked 
|  34|0x0000000703000000, 0x0000000703100000, 0x0000000703100000|100%| O|  |TAMS 0x00000007030fc200, 0x0000000703000000| Untracked 
|  35|0x0000000703100000, 0x0000000703200000, 0x0000000703200000|100%| O|  |TAMS 0x0000000703100000, 0x0000000703100000| Untracked 
|  36|0x0000000703200000, 0x0000000703300000, 0x0000000703300000|100%| O|  |TAMS 0x0000000703200000, 0x0000000703200000| Untracked 
|  37|0x0000000703300000, 0x0000000703400000, 0x0000000703400000|100%| O|  |TAMS 0x0000000703300000, 0x0000000703300000| Untracked 
|  38|0x0000000703400000, 0x0000000703500000, 0x0000000703500000|100%| O|  |TAMS 0x0000000703400000, 0x0000000703400000| Untracked 
|  39|0x0000000703500000, 0x0000000703600000, 0x0000000703600000|100%| O|  |TAMS 0x0000000703500000, 0x0000000703500000| Untracked 
|  40|0x0000000703600000, 0x0000000703700000, 0x0000000703700000|100%| O|  |TAMS 0x0000000703600000, 0x0000000703600000| Untracked 
|  41|0x0000000703700000, 0x0000000703800000, 0x0000000703800000|100%| O|  |TAMS 0x0000000703700000, 0x0000000703700000| Untracked 
|  42|0x0000000703800000, 0x0000000703900000, 0x0000000703900000|100%| O|  |TAMS 0x0000000703800000, 0x0000000703800000| Untracked 
|  43|0x0000000703900000, 0x0000000703a00000, 0x0000000703a00000|100%| O|  |TAMS 0x0000000703900000, 0x0000000703900000| Untracked 
|  44|0x0000000703a00000, 0x0000000703b00000, 0x0000000703b00000|100%| O|  |TAMS 0x0000000703a00000, 0x0000000703a00000| Untracked 
|  45|0x0000000703b00000, 0x0000000703b98000, 0x0000000703c00000| 59%| O|  |TAMS 0x0000000703b00000, 0x0000000703b00000| Untracked 
|  46|0x0000000703c00000, 0x0000000703c00000, 0x0000000703d00000|  0%| F|  |TAMS 0x0000000703c00000, 0x0000000703c00000| Untracked 
|  47|0x0000000703d00000, 0x0000000703d00000, 0x0000000703e00000|  0%| F|  |TAMS 0x0000000703d00000, 0x0000000703d00000| Untracked 
|  48|0x0000000703e00000, 0x0000000703e00000, 0x0000000703f00000|  0%| F|  |TAMS 0x0000000703e00000, 0x0000000703e00000| Untracked 
|  49|0x0000000703f00000, 0x0000000703f00000, 0x0000000704000000|  0%| F|  |TAMS 0x0000000703f00000, 0x0000000703f00000| Untracked 
|  50|0x0000000704000000, 0x0000000704000000, 0x0000000704100000|  0%| F|  |TAMS 0x0000000704000000, 0x0000000704000000| Untracked 
|  51|0x0000000704100000, 0x0000000704100000, 0x0000000704200000|  0%| F|  |TAMS 0x0000000704100000, 0x0000000704100000| Untracked 
|  52|0x0000000704200000, 0x0000000704200000, 0x0000000704300000|  0%| F|  |TAMS 0x0000000704200000, 0x0000000704200000| Untracked 
|  53|0x0000000704300000, 0x0000000704300000, 0x0000000704400000|  0%| F|  |TAMS 0x0000000704300000, 0x0000000704300000| Untracked 
|  54|0x0000000704400000, 0x0000000704400000, 0x0000000704500000|  0%| F|  |TAMS 0x0000000704400000, 0x0000000704400000| Untracked 
|  55|0x0000000704500000, 0x0000000704500000, 0x0000000704600000|  0%| F|  |TAMS 0x0000000704500000, 0x0000000704500000| Untracked 
|  56|0x0000000704600000, 0x0000000704600000, 0x0000000704700000|  0%| F|  |TAMS 0x0000000704600000, 0x0000000704600000| Untracked 
|  57|0x0000000704700000, 0x0000000704700000, 0x0000000704800000|  0%| F|  |TAMS 0x0000000704700000, 0x0000000704700000| Untracked 
|  58|0x0000000704800000, 0x0000000704800000, 0x0000000704900000|  0%| F|  |TAMS 0x0000000704800000, 0x0000000704800000| Untracked 
|  59|0x0000000704900000, 0x0000000704900000, 0x0000000704a00000|  0%| F|  |TAMS 0x0000000704900000, 0x0000000704900000| Untracked 
|  60|0x0000000704a00000, 0x0000000704a00000, 0x0000000704b00000|  0%| F|  |TAMS 0x0000000704a00000, 0x0000000704a00000| Untracked 
|  61|0x0000000704b00000, 0x0000000704b00000, 0x0000000704c00000|  0%| F|  |TAMS 0x0000000704b00000, 0x0000000704b00000| Untracked 
|  62|0x0000000704c00000, 0x0000000704c00000, 0x0000000704d00000|  0%| F|  |TAMS 0x0000000704c00000, 0x0000000704c00000| Untracked 
|  63|0x0000000704d00000, 0x0000000704d00000, 0x0000000704e00000|  0%| F|  |TAMS 0x0000000704d00000, 0x0000000704d00000| Untracked 
|  64|0x0000000704e00000, 0x0000000704e00000, 0x0000000704f00000|  0%| F|  |TAMS 0x0000000704e00000, 0x0000000704e00000| Untracked 
|  65|0x0000000704f00000, 0x0000000704f00000, 0x0000000705000000|  0%| F|  |TAMS 0x0000000704f00000, 0x0000000704f00000| Untracked 
|  66|0x0000000705000000, 0x0000000705000000, 0x0000000705100000|  0%| F|  |TAMS 0x0000000705000000, 0x0000000705000000| Untracked 
|  67|0x0000000705100000, 0x0000000705100000, 0x0000000705200000|  0%| F|  |TAMS 0x0000000705100000, 0x0000000705100000| Untracked 
|  68|0x0000000705200000, 0x0000000705200000, 0x0000000705300000|  0%| F|  |TAMS 0x0000000705200000, 0x0000000705200000| Untracked 
|  69|0x0000000705300000, 0x0000000705300000, 0x0000000705400000|  0%| F|  |TAMS 0x0000000705300000, 0x0000000705300000| Untracked 
|  70|0x0000000705400000, 0x0000000705400000, 0x0000000705500000|  0%| F|  |TAMS 0x0000000705400000, 0x0000000705400000| Untracked 
|  71|0x0000000705500000, 0x0000000705500000, 0x0000000705600000|  0%| F|  |TAMS 0x0000000705500000, 0x0000000705500000| Untracked 
|  72|0x0000000705600000, 0x0000000705671ed0, 0x0000000705700000| 44%| S|CS|TAMS 0x0000000705600000, 0x0000000705600000| Complete 
|  73|0x0000000705700000, 0x0000000705800000, 0x0000000705800000|100%| S|CS|TAMS 0x0000000705700000, 0x0000000705700000| Complete 
|  74|0x0000000705800000, 0x0000000705900000, 0x0000000705900000|100%| S|CS|TAMS 0x0000000705800000, 0x0000000705800000| Complete 
|  75|0x0000000705900000, 0x0000000705900000, 0x0000000705a00000|  0%| F|  |TAMS 0x0000000705900000, 0x0000000705900000| Untracked 
|  76|0x0000000705a00000, 0x0000000705a00000, 0x0000000705b00000|  0%| F|  |TAMS 0x0000000705a00000, 0x0000000705a00000| Untracked 
|  77|0x0000000705b00000, 0x0000000705b00000, 0x0000000705c00000|  0%| F|  |TAMS 0x0000000705b00000, 0x0000000705b00000| Untracked 
|  78|0x0000000705c00000, 0x0000000705c00000, 0x0000000705d00000|  0%| F|  |TAMS 0x0000000705c00000, 0x0000000705c00000| Untracked 
|  79|0x0000000705d00000, 0x0000000705d00000, 0x0000000705e00000|  0%| F|  |TAMS 0x0000000705d00000, 0x0000000705d00000| Untracked 
|  80|0x0000000705e00000, 0x0000000705e00000, 0x0000000705f00000|  0%| F|  |TAMS 0x0000000705e00000, 0x0000000705e00000| Untracked 
|  81|0x0000000705f00000, 0x0000000705f00000, 0x0000000706000000|  0%| F|  |TAMS 0x0000000705f00000, 0x0000000705f00000| Untracked 
|  82|0x0000000706000000, 0x0000000706000000, 0x0000000706100000|  0%| F|  |TAMS 0x0000000706000000, 0x0000000706000000| Untracked 
|  83|0x0000000706100000, 0x0000000706100000, 0x0000000706200000|  0%| F|  |TAMS 0x0000000706100000, 0x0000000706100000| Untracked 
|  84|0x0000000706200000, 0x0000000706200000, 0x0000000706300000|  0%| F|  |TAMS 0x0000000706200000, 0x0000000706200000| Untracked 
|  85|0x0000000706300000, 0x0000000706300000, 0x0000000706400000|  0%| F|  |TAMS 0x0000000706300000, 0x0000000706300000| Untracked 
|  86|0x0000000706400000, 0x0000000706400000, 0x0000000706500000|  0%| F|  |TAMS 0x0000000706400000, 0x0000000706400000| Untracked 
|  87|0x0000000706500000, 0x0000000706500000, 0x0000000706600000|  0%| F|  |TAMS 0x0000000706500000, 0x0000000706500000| Untracked 
|  88|0x0000000706600000, 0x0000000706600000, 0x0000000706700000|  0%| F|  |TAMS 0x0000000706600000, 0x0000000706600000| Untracked 
|  89|0x0000000706700000, 0x0000000706780800, 0x0000000706800000| 50%| E|  |TAMS 0x0000000706700000, 0x0000000706700000| Complete 
|  90|0x0000000706800000, 0x0000000706900000, 0x0000000706900000|100%| E|CS|TAMS 0x0000000706800000, 0x0000000706800000| Complete 
|  91|0x0000000706900000, 0x0000000706a00000, 0x0000000706a00000|100%| E|CS|TAMS 0x0000000706900000, 0x0000000706900000| Complete 
|  92|0x0000000706a00000, 0x0000000706b00000, 0x0000000706b00000|100%| E|CS|TAMS 0x0000000706a00000, 0x0000000706a00000| Complete 
|  93|0x0000000706b00000, 0x0000000706c00000, 0x0000000706c00000|100%| E|CS|TAMS 0x0000000706b00000, 0x0000000706b00000| Complete 
|  94|0x0000000706c00000, 0x0000000706d00000, 0x0000000706d00000|100%| E|CS|TAMS 0x0000000706c00000, 0x0000000706c00000| Complete 
|  95|0x0000000706d00000, 0x0000000706e00000, 0x0000000706e00000|100%| E|CS|TAMS 0x0000000706d00000, 0x0000000706d00000| Complete 
|  96|0x0000000706e00000, 0x0000000706f00000, 0x0000000706f00000|100%| E|CS|TAMS 0x0000000706e00000, 0x0000000706e00000| Complete 
|  97|0x0000000706f00000, 0x0000000707000000, 0x0000000707000000|100%| E|CS|TAMS 0x0000000706f00000, 0x0000000706f00000| Complete 
|  98|0x0000000707000000, 0x0000000707100000, 0x0000000707100000|100%| E|CS|TAMS 0x0000000707000000, 0x0000000707000000| Complete 
|  99|0x0000000707100000, 0x0000000707200000, 0x0000000707200000|100%| E|CS|TAMS 0x0000000707100000, 0x0000000707100000| Complete 
| 100|0x0000000707200000, 0x0000000707300000, 0x0000000707300000|100%| E|CS|TAMS 0x0000000707200000, 0x0000000707200000| Complete 
| 101|0x0000000707300000, 0x0000000707400000, 0x0000000707400000|100%| E|CS|TAMS 0x0000000707300000, 0x0000000707300000| Complete 
| 102|0x0000000707400000, 0x0000000707500000, 0x0000000707500000|100%| E|CS|TAMS 0x0000000707400000, 0x0000000707400000| Complete 
| 103|0x0000000707500000, 0x0000000707600000, 0x0000000707600000|100%| E|CS|TAMS 0x0000000707500000, 0x0000000707500000| Complete 
| 104|0x0000000707600000, 0x0000000707700000, 0x0000000707700000|100%| E|CS|TAMS 0x0000000707600000, 0x0000000707600000| Complete 
| 105|0x0000000707700000, 0x0000000707800000, 0x0000000707800000|100%| E|CS|TAMS 0x0000000707700000, 0x0000000707700000| Complete 
| 106|0x0000000707800000, 0x0000000707900000, 0x0000000707900000|100%| E|CS|TAMS 0x0000000707800000, 0x0000000707800000| Complete 
| 107|0x0000000707900000, 0x0000000707a00000, 0x0000000707a00000|100%| E|CS|TAMS 0x0000000707900000, 0x0000000707900000| Complete 
| 108|0x0000000707a00000, 0x0000000707b00000, 0x0000000707b00000|100%| E|CS|TAMS 0x0000000707a00000, 0x0000000707a00000| Complete 
| 109|0x0000000707b00000, 0x0000000707c00000, 0x0000000707c00000|100%| E|CS|TAMS 0x0000000707b00000, 0x0000000707b00000| Complete 
| 110|0x0000000707c00000, 0x0000000707d00000, 0x0000000707d00000|100%| E|CS|TAMS 0x0000000707c00000, 0x0000000707c00000| Complete 
| 111|0x0000000707d00000, 0x0000000707e00000, 0x0000000707e00000|100%| E|CS|TAMS 0x0000000707d00000, 0x0000000707d00000| Complete 
| 112|0x0000000707e00000, 0x0000000707f00000, 0x0000000707f00000|100%| E|CS|TAMS 0x0000000707e00000, 0x0000000707e00000| Complete 
| 113|0x0000000707f00000, 0x0000000708000000, 0x0000000708000000|100%| E|CS|TAMS 0x0000000707f00000, 0x0000000707f00000| Complete 
| 114|0x0000000708000000, 0x0000000708100000, 0x0000000708100000|100%| E|CS|TAMS 0x0000000708000000, 0x0000000708000000| Complete 
| 115|0x0000000708100000, 0x0000000708200000, 0x0000000708200000|100%| E|CS|TAMS 0x0000000708100000, 0x0000000708100000| Complete 
| 116|0x0000000708200000, 0x0000000708300000, 0x0000000708300000|100%| E|CS|TAMS 0x0000000708200000, 0x0000000708200000| Complete 
| 117|0x0000000708300000, 0x0000000708400000, 0x0000000708400000|100%| E|CS|TAMS 0x0000000708300000, 0x0000000708300000| Complete 
| 118|0x0000000708400000, 0x0000000708500000, 0x0000000708500000|100%| E|CS|TAMS 0x0000000708400000, 0x0000000708400000| Complete 
| 119|0x0000000708500000, 0x0000000708600000, 0x0000000708600000|100%| E|CS|TAMS 0x0000000708500000, 0x0000000708500000| Complete 
| 120|0x0000000708600000, 0x0000000708700000, 0x0000000708700000|100%| E|CS|TAMS 0x0000000708600000, 0x0000000708600000| Complete 
| 121|0x0000000708700000, 0x0000000708800000, 0x0000000708800000|100%| E|CS|TAMS 0x0000000708700000, 0x0000000708700000| Complete 
| 122|0x0000000708800000, 0x0000000708900000, 0x0000000708900000|100%| E|CS|TAMS 0x0000000708800000, 0x0000000708800000| Complete 
| 123|0x0000000708900000, 0x0000000708a00000, 0x0000000708a00000|100%| E|CS|TAMS 0x0000000708900000, 0x0000000708900000| Complete 
| 264|0x0000000711600000, 0x0000000711700000, 0x0000000711700000|100%| E|CS|TAMS 0x0000000711600000, 0x0000000711600000| Complete 
| 265|0x0000000711700000, 0x0000000711800000, 0x0000000711800000|100%| E|CS|TAMS 0x0000000711700000, 0x0000000711700000| Complete 
| 266|0x0000000711800000, 0x0000000711900000, 0x0000000711900000|100%| E|CS|TAMS 0x0000000711800000, 0x0000000711800000| Complete 
| 267|0x0000000711900000, 0x0000000711a00000, 0x0000000711a00000|100%| E|CS|TAMS 0x0000000711900000, 0x0000000711900000| Complete 
| 268|0x0000000711a00000, 0x0000000711b00000, 0x0000000711b00000|100%| E|CS|TAMS 0x0000000711a00000, 0x0000000711a00000| Complete 
| 269|0x0000000711b00000, 0x0000000711c00000, 0x0000000711c00000|100%| E|CS|TAMS 0x0000000711b00000, 0x0000000711b00000| Complete 
| 270|0x0000000711c00000, 0x0000000711d00000, 0x0000000711d00000|100%| E|CS|TAMS 0x0000000711c00000, 0x0000000711c00000| Complete 
| 271|0x0000000711d00000, 0x0000000711e00000, 0x0000000711e00000|100%| E|CS|TAMS 0x0000000711d00000, 0x0000000711d00000| Complete 
| 272|0x0000000711e00000, 0x0000000711f00000, 0x0000000711f00000|100%| E|CS|TAMS 0x0000000711e00000, 0x0000000711e00000| Complete 
| 273|0x0000000711f00000, 0x0000000712000000, 0x0000000712000000|100%| E|CS|TAMS 0x0000000711f00000, 0x0000000711f00000| Complete 
| 305|0x0000000713f00000, 0x0000000714000000, 0x0000000714000000|100%| E|CS|TAMS 0x0000000713f00000, 0x0000000713f00000| Complete 
| 306|0x0000000714000000, 0x0000000714100000, 0x0000000714100000|100%| E|CS|TAMS 0x0000000714000000, 0x0000000714000000| Complete 
| 307|0x0000000714100000, 0x0000000714200000, 0x0000000714200000|100%| E|CS|TAMS 0x0000000714100000, 0x0000000714100000| Complete 

Card table byte_map: [0x000002a500910000,0x000002a501110000] _byte_map_base: 0x000002a4fd109000

Marking Bits (Prev, Next): (CMBitMap*) 0x000002a566cc7868, (CMBitMap*) 0x000002a566cc7828
 Prev Bits: [0x000002a5058e0000, 0x000002a5098a8000)
 Next Bits: [0x000002a501910000, 0x000002a5058d8000)

Polling page: 0x000002a566af0000

Metaspace:

Usage:
  Non-class:     46.64 MB capacity,    45.66 MB ( 98%) used,   787.05 KB (  2%) free+waste,   222.31 KB ( <1%) overhead. 
      Class:      7.19 MB capacity,     6.55 MB ( 91%) used,   556.55 KB (  8%) free+waste,   100.06 KB (  1%) overhead. 
       Both:     53.83 MB capacity,    52.21 MB ( 97%) used,     1.31 MB (  2%) free+waste,   322.38 KB ( <1%) overhead. 

Virtual space:
  Non-class space:       48.00 MB reserved,      46.75 MB ( 97%) committed 
      Class space:        1.00 GB reserved,       7.27 MB ( <1%) committed 
             Both:        1.05 GB reserved,      54.02 MB (  5%) committed 

Chunk freelists:
   Non-Class:  40.00 KB
       Class:  23.00 KB
        Both:  59.00 KB

MaxMetaspaceSize: 17179869184.00 GB
CompressedClassSpaceSize: 1.00 GB

CodeHeap 'non-profiled nmethods': size=120000Kb used=4186Kb max_used=4659Kb free=115813Kb
 bounds [0x000002a5783f0000, 0x000002a578880000, 0x000002a57f920000]
CodeHeap 'profiled nmethods': size=120000Kb used=14601Kb max_used=15273Kb free=105398Kb
 bounds [0x000002a570ec0000, 0x000002a571db0000, 0x000002a5783f0000]
CodeHeap 'non-nmethods': size=5760Kb used=1292Kb max_used=1356Kb free=4467Kb
 bounds [0x000002a570920000, 0x000002a570b90000, 0x000002a570ec0000]
 total_blobs=10987 nmethods=6230 adapters=477
 compilation: enabled
              stopped_count=0, restarted_count=0
 full_count=0

Compilation events (20 events):
Event: 13.374 Thread 0x000002a50c83d000 nmethod 7327 0x000002a57875bb90 code [0x000002a57875bd20, 0x000002a57875be58]
Event: 13.374 Thread 0x000002a50c83d000 7328       1       com.github.javaparser.ast.body.ClassOrInterfaceDeclaration::getImplementedTypes (5 bytes)
Event: 13.374 Thread 0x000002a50c83d000 nmethod 7328 0x000002a57875b810 code [0x000002a57875b9a0, 0x000002a57875bad8]
Event: 13.375 Thread 0x000002a50c83d000 7329       1       com.github.javaparser.ast.body.ClassOrInterfaceDeclaration::getTypeParameters (5 bytes)
Event: 13.375 Thread 0x000002a50c83d000 nmethod 7329 0x000002a57875b490 code [0x000002a57875b620, 0x000002a57875b758]
Event: 13.390 Thread 0x000002a50c83d000 7330       3       java.util.Arrays::stream (8 bytes)
Event: 13.390 Thread 0x000002a50c83d000 nmethod 7330 0x000002a571d05e90 code [0x000002a571d060c0, 0x000002a571d06850]
Event: 13.390 Thread 0x000002a50c83d000 7331       3       java.util.Arrays::stream (11 bytes)
Event: 13.391 Thread 0x000002a50c83d000 nmethod 7331 0x000002a571d06b90 code [0x000002a571d06dc0, 0x000002a571d074f0]
Event: 13.391 Thread 0x000002a50c83d000 7333       3       com.github.javaparser.ast.body.Parameter::setModifiers (55 bytes)
Event: 13.392 Thread 0x000002a50c83d000 nmethod 7333 0x000002a571d07810 code [0x000002a571d07a80, 0x000002a571d087b0]
Event: 13.392 Thread 0x000002a50c83d000 7334       3       com.github.javaparser.ast.body.Parameter::setAnnotations (55 bytes)
Event: 13.392 Thread 0x000002a50c83d000 nmethod 7334 0x000002a571d08c10 code [0x000002a571d08e80, 0x000002a571d09bb0]
Event: 13.392 Thread 0x000002a50c83d000 7335       3       com.github.javaparser.ast.body.Parameter::setType (55 bytes)
Event: 13.393 Thread 0x000002a50c83d000 nmethod 7335 0x000002a571d0a010 code [0x000002a571d0a260, 0x000002a571d0af30]
Event: 13.393 Thread 0x000002a50c83d000 7336       3       com.github.javaparser.ast.body.Parameter::setVarArgs (35 bytes)
Event: 13.393 Thread 0x000002a50c83d000 nmethod 7336 0x000002a571d0b310 code [0x000002a571d0b520, 0x000002a571d0bd80]
Event: 13.393 Thread 0x000002a50c83d000 7339   !   3       com.github.javaparser.GeneratedJavaParserTokenManager::getNextToken (659 bytes)
Event: 13.395 Thread 0x000002a50c83d000 nmethod 7339 0x000002a571d0c090 code [0x000002a571d0c480, 0x000002a571d0e390]
Event: 13.395 Thread 0x000002a50c83d000 7338       2       com.github.javaparser.GeneratedJavaParserTokenManager::jjMoveStringLiteralDfa0_2 (34 bytes)

GC Heap History (20 events):
Event: 6.799 GC heap before
{Heap before GC invocations=9 (full 0):
 garbage-first heap   total 116736K, used 90802K [0x0000000700e00000, 0x0000000800000000)
  region size 1024K, 68 young (69632K), 10 survivors (10240K)
 Metaspace       used 24052K, capacity 24774K, committed 25088K, reserved 1071104K
  class space    used 2919K, capacity 3212K, committed 3328K, reserved 1048576K
}
Event: 6.807 GC heap after
{Heap after GC invocations=10 (full 0):
 garbage-first heap   total 116736K, used 33458K [0x0000000700e00000, 0x0000000800000000)
  region size 1024K, 3 young (3072K), 3 survivors (3072K)
 Metaspace       used 24052K, capacity 24774K, committed 25088K, reserved 1071104K
  class space    used 2919K, capacity 3212K, committed 3328K, reserved 1048576K
}
Event: 7.960 GC heap before
{Heap before GC invocations=10 (full 0):
 garbage-first heap   total 116736K, used 91826K [0x0000000700e00000, 0x0000000800000000)
  region size 1024K, 60 young (61440K), 3 survivors (3072K)
 Metaspace       used 30027K, capacity 30995K, committed 31232K, reserved 1077248K
  class space    used 3708K, capacity 4065K, committed 4096K, reserved 1048576K
}
Event: 7.966 GC heap after
{Heap after GC invocations=11 (full 0):
 garbage-first heap   total 116736K, used 35506K [0x0000000700e00000, 0x0000000800000000)
  region size 1024K, 5 young (5120K), 5 survivors (5120K)
 Metaspace       used 30027K, capacity 30995K, committed 31232K, reserved 1077248K
  class space    used 3708K, capacity 4065K, committed 4096K, reserved 1048576K
}
Event: 8.722 GC heap before
{Heap before GC invocations=11 (full 0):
 garbage-first heap   total 116736K, used 92850K [0x0000000700e00000, 0x0000000800000000)
  region size 1024K, 61 young (62464K), 5 survivors (5120K)
 Metaspace       used 32362K, capacity 33431K, committed 33536K, reserved 1079296K
  class space    used 3963K, capacity 4343K, committed 4352K, reserved 1048576K
}
Event: 8.727 GC heap after
{Heap after GC invocations=12 (full 0):
 garbage-first heap   total 116736K, used 36830K [0x0000000700e00000, 0x0000000800000000)
  region size 1024K, 6 young (6144K), 6 survivors (6144K)
 Metaspace       used 32362K, capacity 33431K, committed 33536K, reserved 1079296K
  class space    used 3963K, capacity 4343K, committed 4352K, reserved 1048576K
}
Event: 9.202 GC heap before
{Heap before GC invocations=12 (full 0):
 garbage-first heap   total 116736K, used 93150K [0x0000000700e00000, 0x0000000800000000)
  region size 1024K, 61 young (62464K), 6 survivors (6144K)
 Metaspace       used 33667K, capacity 34775K, committed 34816K, reserved 1079296K
  class space    used 4171K, capacity 4572K, committed 4608K, reserved 1048576K
}
Event: 9.207 GC heap after
{Heap after GC invocations=13 (full 0):
 garbage-first heap   total 116736K, used 38303K [0x0000000700e00000, 0x0000000800000000)
  region size 1024K, 6 young (6144K), 6 survivors (6144K)
 Metaspace       used 33667K, capacity 34775K, committed 34816K, reserved 1079296K
  class space    used 4171K, capacity 4572K, committed 4608K, reserved 1048576K
}
Event: 9.694 GC heap before
{Heap before GC invocations=13 (full 0):
 garbage-first heap   total 116736K, used 94623K [0x0000000700e00000, 0x0000000800000000)
  region size 1024K, 61 young (62464K), 6 survivors (6144K)
 Metaspace       used 33801K, capacity 34946K, committed 35072K, reserved 1079296K
  class space    used 4186K, capacity 4608K, committed 4608K, reserved 1048576K
}
Event: 9.699 GC heap after
{Heap after GC invocations=14 (full 0):
 garbage-first heap   total 116736K, used 38563K [0x0000000700e00000, 0x0000000800000000)
  region size 1024K, 3 young (3072K), 3 survivors (3072K)
 Metaspace       used 33801K, capacity 34946K, committed 35072K, reserved 1079296K
  class space    used 4186K, capacity 4608K, committed 4608K, reserved 1048576K
}
Event: 10.159 GC heap before
{Heap before GC invocations=14 (full 0):
 garbage-first heap   total 116736K, used 95907K [0x0000000700e00000, 0x0000000800000000)
  region size 1024K, 59 young (60416K), 3 survivors (3072K)
 Metaspace       used 33853K, capacity 35014K, committed 35072K, reserved 1079296K
  class space    used 4195K, capacity 4608K, committed 4608K, reserved 1048576K
}
Event: 10.162 GC heap after
{Heap after GC invocations=15 (full 0):
 garbage-first heap   total 116736K, used 39372K [0x0000000700e00000, 0x0000000800000000)
  region size 1024K, 4 young (4096K), 4 survivors (4096K)
 Metaspace       used 33853K, capacity 35014K, committed 35072K, reserved 1079296K
  class space    used 4195K, capacity 4608K, committed 4608K, reserved 1048576K
}
Event: 10.409 GC heap before
{Heap before GC invocations=15 (full 0):
 garbage-first heap   total 116736K, used 80332K [0x0000000700e00000, 0x0000000800000000)
  region size 1024K, 45 young (46080K), 4 survivors (4096K)
 Metaspace       used 34651K, capacity 35750K, committed 35840K, reserved 1081344K
  class space    used 4294K, capacity 4704K, committed 4736K, reserved 1048576K
}
Event: 10.413 GC heap after
{Heap after GC invocations=16 (full 0):
 garbage-first heap   total 116736K, used 39932K [0x0000000700e00000, 0x0000000800000000)
  region size 1024K, 5 young (5120K), 5 survivors (5120K)
 Metaspace       used 34651K, capacity 35750K, committed 35840K, reserved 1081344K
  class space    used 4294K, capacity 4704K, committed 4736K, reserved 1048576K
}
Event: 10.956 GC heap before
{Heap before GC invocations=17 (full 0):
 garbage-first heap   total 116736K, used 92156K [0x0000000700e00000, 0x0000000800000000)
  region size 1024K, 57 young (58368K), 5 survivors (5120K)
 Metaspace       used 37646K, capacity 38777K, committed 39064K, reserved 1083392K
  class space    used 4697K, capacity 5151K, committed 5272K, reserved 1048576K
}
Event: 10.962 GC heap after
{Heap after GC invocations=18 (full 0):
 garbage-first heap   total 116736K, used 41635K [0x0000000700e00000, 0x0000000800000000)
  region size 1024K, 6 young (6144K), 6 survivors (6144K)
 Metaspace       used 37646K, capacity 38777K, committed 39064K, reserved 1083392K
  class space    used 4697K, capacity 5151K, committed 5272K, reserved 1048576K
}
Event: 11.748 GC heap before
{Heap before GC invocations=19 (full 0):
 garbage-first heap   total 116736K, used 92835K [0x0000000700e00000, 0x0000000800000000)
  region size 1024K, 57 young (58368K), 6 survivors (6144K)
 Metaspace       used 46048K, capacity 47513K, committed 47768K, reserved 1091584K
  class space    used 5862K, capacity 6442K, committed 6552K, reserved 1048576K
}
Event: 11.756 GC heap after
{Heap after GC invocations=20 (full 0):
 garbage-first heap   total 116736K, used 45580K [0x0000000700e00000, 0x0000000800000000)
  region size 1024K, 8 young (8192K), 8 survivors (8192K)
 Metaspace       used 46048K, capacity 47513K, committed 47768K, reserved 1091584K
  class space    used 5862K, capacity 6442K, committed 6552K, reserved 1048576K
}
Event: 12.895 GC heap before
{Heap before GC invocations=20 (full 0):
 garbage-first heap   total 116736K, used 93708K [0x0000000700e00000, 0x0000000800000000)
  region size 1024K, 55 young (56320K), 8 survivors (8192K)
 Metaspace       used 49269K, capacity 50897K, committed 50968K, reserved 1093632K
  class space    used 6224K, capacity 6878K, committed 6936K, reserved 1048576K
}
Event: 12.913 GC heap after
{Heap after GC invocations=21 (full 0):
 garbage-first heap   total 140288K, used 49917K [0x0000000700e00000, 0x0000000800000000)
  region size 1024K, 5 young (5120K), 5 survivors (5120K)
 Metaspace       used 49269K, capacity 50897K, committed 50968K, reserved 1093632K
  class space    used 6224K, capacity 6878K, committed 6936K, reserved 1048576K
}

Deoptimization events (20 events):
Event: 13.128 Thread 0x000002a50e9af800 DEOPT PACKING pc=0x000002a57867fc24 sp=0x000000abbeefdb30
Event: 13.128 Thread 0x000002a50e9af800 DEOPT UNPACKING pc=0x000002a57096912f sp=0x000000abbeefdad0 mode 2
Event: 13.132 Thread 0x000002a50e9af800 Uncommon trap: trap_request=0xffffff45 fr.pc=0x000002a57882d4cc relative=0x0000000000000a6c
Event: 13.132 Thread 0x000002a50e9af800 Uncommon trap: reason=unstable_if action=reinterpret pc=0x000002a57882d4cc method=com.github.javaparser.GeneratedJavaParserTokenManager.jjMoveNfa_0(II)I @ 6744 c2
Event: 13.132 Thread 0x000002a50e9af800 DEOPT PACKING pc=0x000002a57882d4cc sp=0x000000abbeefd310
Event: 13.132 Thread 0x000002a50e9af800 DEOPT UNPACKING pc=0x000002a57096912f sp=0x000000abbeefd288 mode 2
Event: 13.132 Thread 0x000002a50e9af800 Uncommon trap: trap_request=0xffffff45 fr.pc=0x000002a57843a594 relative=0x0000000000000454
Event: 13.132 Thread 0x000002a50e9af800 Uncommon trap: reason=unstable_if action=reinterpret pc=0x000002a57843a594 method=java.lang.String.substring(II)Ljava/lang/String; @ 31 c2
Event: 13.132 Thread 0x000002a50e9af800 DEOPT PACKING pc=0x000002a57843a594 sp=0x000000abbeefbbe0
Event: 13.132 Thread 0x000002a50e9af800 DEOPT UNPACKING pc=0x000002a57096912f sp=0x000000abbeefbb98 mode 2
Event: 13.135 Thread 0x000002a50e9af800 DEOPT PACKING pc=0x000002a5717e216c sp=0x000000abbeefd7e0
Event: 13.135 Thread 0x000002a50e9af800 DEOPT UNPACKING pc=0x000002a57096964e sp=0x000000abbeefccf0 mode 0
Event: 13.161 Thread 0x000002a50e9af800 DEOPT PACKING pc=0x000002a5717e216c sp=0x000000abbeefdbd0
Event: 13.161 Thread 0x000002a50e9af800 DEOPT UNPACKING pc=0x000002a57096964e sp=0x000000abbeefd0e0 mode 0
Event: 13.326 Thread 0x000002a50e9af800 DEOPT PACKING pc=0x000002a5717e216c sp=0x000000abbeefca20
Event: 13.326 Thread 0x000002a50e9af800 DEOPT UNPACKING pc=0x000002a57096964e sp=0x000000abbeefbf30 mode 0
Event: 13.393 Thread 0x000002a50e9af800 Uncommon trap: trap_request=0xffffff45 fr.pc=0x000002a57871f108 relative=0x00000000000010c8
Event: 13.393 Thread 0x000002a50e9af800 Uncommon trap: reason=unstable_if action=reinterpret pc=0x000002a57871f108 method=com.github.javaparser.GeneratedJavaParserTokenManager.getNextToken()Lcom/github/javaparser/Token; @ 355 c2
Event: 13.393 Thread 0x000002a50e9af800 DEOPT PACKING pc=0x000002a57871f108 sp=0x000000abbeefd4e0
Event: 13.393 Thread 0x000002a50e9af800 DEOPT UNPACKING pc=0x000002a57096912f sp=0x000000abbeefd498 mode 2

Classes unloaded (0 events):
No events

Classes redefined (0 events):
No events

Internal exceptions (20 events):
Event: 10.966 Thread 0x000002a50db36000 Exception <a 'java/io/FileNotFoundException'{0x000000071412ec98}> (0x000000071412ec98) 
thrown [t:/workspace/open/src/hotspot/share/prims/jni.cpp, line 598]
Event: 10.980 Thread 0x000002a50e9af800 Exception <a 'java/lang/NoSuchMethodError'{0x000000071418c3a8}: 'int java.lang.invoke.DirectMethodHandle$Holder.invokeStatic(java.lang.Object, java.lang.Object, int)'> (0x000000071418c3a8) 
thrown [t:/workspace/open/src/hotspot/share/interpreter/linkResolver.cpp, line 767]
Event: 11.081 Thread 0x000002a50db36000 Exception <a 'java/lang/NoSuchMethodError'{0x0000000711e39450}: 'java.lang.Object java.lang.invoke.DirectMethodHandle$Holder.invokeInterface(java.lang.Object, java.lang.Object, java.lang.Object, java.lang.Object)'> (0x0000000711e39450) 
thrown [t:/workspace/open/src/hotspot/share/interpreter/linkResolver.cpp, line 767]
Event: 11.161 Thread 0x000002a50e415800 Exception <a 'sun/nio/fs/WindowsException'{0x0000000711b197f8}> (0x0000000711b197f8) 
thrown [t:/workspace/open/src/hotspot/share/prims/jni.cpp, line 598]
Event: 11.246 Thread 0x000002a50e415800 Exception <a 'java/lang/NoSuchMethodError'{0x0000000711b409d8}: 'int java.lang.invoke.DirectMethodHandle$Holder.invokeStaticInit(java.lang.Object, java.lang.Object, java.lang.Object, java.lang.Object)'> (0x0000000711b409d8) 
thrown [t:/workspace/open/src/hotspot/share/interpreter/linkResolver.cpp, line 767]
Event: 11.257 Thread 0x000002a50db36000 Exception <a 'java/lang/ClassNotFoundException'{0x000000071186ec60}: java/lang/ObjectCustomizer> (0x000000071186ec60) 
thrown [t:/workspace/open/src/hotspot/share/classfile/systemDictionary.cpp, line 232]
Event: 11.258 Thread 0x000002a50db36000 Exception <a 'java/lang/ClassNotFoundException'{0x0000000711892038}: org/springframework/web/servlet/config/annotation/WebMvcConfigurationSupportCustomizer> (0x0000000711892038) 
thrown [t:/workspace/open/src/hotspot/share/classfile/systemDictionary.cpp, line 232]
Event: 11.261 Thread 0x000002a50db36000 Exception <a 'java/lang/ClassNotFoundException'{0x00000007118c13d0}: org/springframework/web/servlet/config/annotation/DelegatingWebMvcConfigurationCustomizer> (0x00000007118c13d0) 
thrown [t:/workspace/open/src/hotspot/share/classfile/systemDictionary.cpp, line 232]
Event: 11.262 Thread 0x000002a50db36000 Exception <a 'java/lang/ClassNotFoundException'{0x00000007118eb030}: org/springframework/boot/autoconfigure/web/servlet/WebMvcAutoConfiguration$EnableWebMvcConfigurationCustomizer> (0x00000007118eb030) 
thrown [t:/workspace/open/src/hotspot/share/classfile/systemDictionary.cpp, line 232]
Event: 11.263 Thread 0x000002a50db36000 Exception <a 'java/lang/ClassNotFoundException'{0x0000000711791198}: org/springframework/context/ResourceLoaderAwareCustomizer> (0x0000000711791198) 
thrown [t:/workspace/open/src/hotspot/share/classfile/systemDictionary.cpp, line 232]
Event: 11.264 Thread 0x000002a50db36000 Exception <a 'java/lang/ClassNotFoundException'{0x00000007117a84a0}: org/springframework/beans/factory/AwareCustomizer> (0x00000007117a84a0) 
thrown [t:/workspace/open/src/hotspot/share/classfile/systemDictionary.cpp, line 232]
Event: 11.264 Thread 0x000002a50db36000 Exception <a 'java/lang/ClassNotFoundException'{0x00000007117c1f50}: org/springframework/context/ApplicationContextAwareCustomizer> (0x00000007117c1f50) 
thrown [t:/workspace/open/src/hotspot/share/classfile/systemDictionary.cpp, line 232]
Event: 11.265 Thread 0x000002a50db36000 Exception <a 'java/lang/ClassNotFoundException'{0x00000007117d9e38}: org/springframework/beans/factory/AwareCustomizer> (0x00000007117d9e38) 
thrown [t:/workspace/open/src/hotspot/share/classfile/systemDictionary.cpp, line 232]
Event: 11.265 Thread 0x000002a50db36000 Exception <a 'java/lang/ClassNotFoundException'{0x00000007117f38c0}: org/springframework/web/context/ServletContextAwareCustomizer> (0x00000007117f38c0) 
thrown [t:/workspace/open/src/hotspot/share/classfile/systemDictionary.cpp, line 232]
Event: 11.266 Thread 0x000002a50db36000 Exception <a 'java/lang/ClassNotFoundException'{0x000000071160b7a8}: org/springframework/beans/factory/AwareCustomizer> (0x000000071160b7a8) 
thrown [t:/workspace/open/src/hotspot/share/classfile/systemDictionary.cpp, line 232]
Event: 11.463 Thread 0x000002a50e9af800 Exception <a 'sun/nio/fs/WindowsException'{0x0000000706769210}> (0x0000000706769210) 
thrown [t:/workspace/open/src/hotspot/share/prims/jni.cpp, line 598]
Event: 11.497 Thread 0x000002a50db36000 Exception <a 'java/lang/NoSuchMethodError'{0x0000000706308030}: 'void java.lang.invoke.DirectMethodHandle$Holder.invokeVirtual(java.lang.Object, java.lang.Object, int)'> (0x0000000706308030) 
thrown [t:/workspace/open/src/hotspot/share/interpreter/linkResolver.cpp, line 767]
Event: 11.499 Thread 0x000002a50db36000 Exception <a 'java/lang/NoSuchMethodError'{0x0000000706320bc8}: 'void java.lang.invoke.DirectMethodHandle$Holder.invokeVirtual(java.lang.Object, java.lang.Object, long)'> (0x0000000706320bc8) 
thrown [t:/workspace/open/src/hotspot/share/interpreter/linkResolver.cpp, line 767]
Event: 11.636 Thread 0x000002a50e9af800 Exception <a 'java/lang/NoSuchMethodError'{0x00000007056cb6d0}: 'int java.lang.invoke.DirectMethodHandle$Holder.invokeStatic(java.lang.Object, java.lang.Object, int, java.lang.Object)'> (0x00000007056cb6d0) 
thrown [t:/workspace/open/src/hotspot/share/interpreter/linkResolver.cpp, line 767]
Event: 11.706 Thread 0x000002a50db36000 Exception <a 'java/lang/IncompatibleClassChangeError'{0x00000007051d1228}: Found class java.lang.Object, but interface was expected> (0x00000007051d1228) 
thrown [t:/workspace/open/src/hotspot/share/interpreter/linkResolver.cpp, line 833]

Events (20 events):
Event: 13.366 loading class sun/security/ssl/PreSharedKeyExtension$SHPreSharedKeyProducer done
Event: 13.366 loading class sun/security/ssl/PreSharedKeyExtension$SHPreSharedKeyConsumer
Event: 13.366 loading class sun/security/ssl/PreSharedKeyExtension$SHPreSharedKeyConsumer done
Event: 13.366 loading class sun/security/ssl/PreSharedKeyExtension$SHPreSharedKeyAbsence
Event: 13.366 loading class sun/security/ssl/PreSharedKeyExtension$SHPreSharedKeyAbsence done
Event: 13.366 loading class sun/security/ssl/PreSharedKeyExtension$SHPreSharedKeyStringizer
Event: 13.366 loading class sun/security/ssl/PreSharedKeyExtension$SHPreSharedKeyStringizer done
Event: 13.366 loading class sun/security/ssl/SSLExtension$ClientExtensions
Event: 13.367 loading class com/github/javaparser/ast/visitor/VoidVisitorAdapter
Event: 13.367 loading class com/github/javaparser/ast/visitor/VoidVisitorAdapter done
Event: 13.367 loading class com/github/javaparser/ast/comments/Comment
Event: 13.367 loading class com/github/javaparser/ast/comments/Comment done
Event: 13.374 loading class sun/security/ssl/SSLExtension$ClientExtensions done
Event: 13.374 loading class sun/security/ssl/ServerNameExtension$CHServerNamesSpec
Event: 13.374 loading class sun/security/ssl/SSLExtension$SSLExtensionSpec
Event: 13.374 loading class sun/security/ssl/SSLExtension$SSLExtensionSpec done
Event: 13.374 loading class sun/security/ssl/ServerNameExtension$CHServerNamesSpec done
Event: 13.374 loading class sun/security/ssl/CertStatusExtension$CertStatusRequestSpec
Event: 13.374 loading class sun/security/ssl/CertStatusExtension$CertStatusRequestSpec done
Event: 13.374 loading class sun/security/ssl/CertStatusExtension$OCSPStatusRequest


Dynamic libraries:
0x00007ff7b3520000 - 0x00007ff7b352f000 	D:\Programas\Java sdk\bin\java.exe
0x00007ffeec7f0000 - 0x00007ffeec9e5000 	C:\WINDOWS\SYSTEM32\ntdll.dll
0x00007ffecac10000 - 0x00007ffecac26000 	C:\Program Files\AVAST Software\Avast\aswhook.dll
0x00007ffeeb870000 - 0x00007ffeeb92e000 	C:\WINDOWS\System32\KERNEL32.DLL
0x00007ffeea400000 - 0x00007ffeea6c8000 	C:\WINDOWS\System32\KERNELBASE.dll
0x00007ffee9f00000 - 0x00007ffeea000000 	C:\WINDOWS\System32\ucrtbase.dll
0x00007ffee7680000 - 0x00007ffee7698000 	D:\Programas\Java sdk\bin\jli.dll
0x00007ffeeb930000 - 0x00007ffeeb9de000 	C:\WINDOWS\System32\ADVAPI32.dll
0x00007ffeead00000 - 0x00007ffeead9e000 	C:\WINDOWS\System32\msvcrt.dll
0x00007ffeebd20000 - 0x00007ffeebdbc000 	C:\WINDOWS\System32\sechost.dll
0x00007ffeeada0000 - 0x00007ffeeaec5000 	C:\WINDOWS\System32\RPCRT4.dll
0x00007ffeeab50000 - 0x00007ffeeacf1000 	C:\WINDOWS\System32\USER32.dll
0x00007ffeea270000 - 0x00007ffeea292000 	C:\WINDOWS\System32\win32u.dll
0x00007ffeebac0000 - 0x00007ffeebaeb000 	C:\WINDOWS\System32\GDI32.dll
0x00007ffeea030000 - 0x00007ffeea13d000 	C:\WINDOWS\System32\gdi32full.dll
0x00007ffeea140000 - 0x00007ffeea1dd000 	C:\WINDOWS\System32\msvcp_win.dll
0x00007ffee7660000 - 0x00007ffee7675000 	D:\Programas\Java sdk\bin\VCRUNTIME140.dll
0x00007ffedc9f0000 - 0x00007ffedcc8a000 	C:\WINDOWS\WinSxS\amd64_microsoft.windows.common-controls_6595b64144ccf1df_6.0.19041.1110_none_60b5254171f9507e\COMCTL32.dll
0x00007ffee12b0000 - 0x00007ffee12ba000 	C:\WINDOWS\SYSTEM32\VERSION.dll
0x00007ffeea830000 - 0x00007ffeea860000 	C:\WINDOWS\System32\IMM32.DLL
0x00007ffecb2d0000 - 0x00007ffecb36b000 	D:\Programas\Java sdk\bin\msvcp140.dll
0x00007ffe67460000 - 0x00007ffe67fbd000 	D:\Programas\Java sdk\bin\server\jvm.dll
0x00007ffeec2b0000 - 0x00007ffeec2b8000 	C:\WINDOWS\System32\PSAPI.DLL
0x00007ffed9820000 - 0x00007ffed9829000 	C:\WINDOWS\SYSTEM32\WSOCK32.dll
0x00007ffeebdc0000 - 0x00007ffeebe2b000 	C:\WINDOWS\System32\WS2_32.dll
0x00007ffede1e0000 - 0x00007ffede207000 	C:\WINDOWS\SYSTEM32\WINMM.dll
0x00007ffee7dd0000 - 0x00007ffee7de2000 	C:\WINDOWS\SYSTEM32\kernel.appcore.dll
0x00007ffee7650000 - 0x00007ffee7660000 	D:\Programas\Java sdk\bin\verify.dll
0x00007ffedf0e0000 - 0x00007ffedf2c4000 	C:\WINDOWS\SYSTEM32\DBGHELP.DLL
0x00007ffedf000000 - 0x00007ffedf02c000 	C:\WINDOWS\SYSTEM32\dbgcore.DLL
0x00007ffeea1e0000 - 0x00007ffeea262000 	C:\WINDOWS\System32\bcryptPrimitives.dll
0x00007ffeca190000 - 0x00007ffeca1b6000 	D:\Programas\Java sdk\bin\java.dll
0x00007ffecd3a0000 - 0x00007ffecd3ae000 	D:\Programas\Java sdk\bin\instrument.dll
0x00007ffec3d80000 - 0x00007ffec3d97000 	D:\Programas\Java sdk\bin\zip.dll
0x00007ffee7640000 - 0x00007ffee764a000 	D:\Programas\Java sdk\bin\jimage.dll
0x00007ffeeb100000 - 0x00007ffeeb844000 	C:\WINDOWS\System32\SHELL32.dll
0x00007ffee7fd0000 - 0x00007ffee8765000 	C:\WINDOWS\SYSTEM32\windows.storage.dll
0x00007ffeec2c0000 - 0x00007ffeec615000 	C:\WINDOWS\System32\combase.dll
0x00007ffee9870000 - 0x00007ffee989e000 	C:\WINDOWS\SYSTEM32\Wldp.dll
0x00007ffeea9f0000 - 0x00007ffeeaa9d000 	C:\WINDOWS\System32\SHCORE.dll
0x00007ffeeaed0000 - 0x00007ffeeaf25000 	C:\WINDOWS\System32\shlwapi.dll
0x00007ffee9e40000 - 0x00007ffee9e5f000 	C:\WINDOWS\SYSTEM32\profapi.dll
0x00007ffec1d80000 - 0x00007ffec1d99000 	D:\Programas\Java sdk\bin\net.dll
0x00007ffee3540000 - 0x00007ffee364c000 	C:\WINDOWS\SYSTEM32\WINHTTP.dll
0x00007ffee9650000 - 0x00007ffee96ba000 	C:\WINDOWS\system32\mswsock.dll
0x00007ffec1d60000 - 0x00007ffec1d73000 	D:\Programas\Java sdk\bin\nio.dll
0x00007ffec14b0000 - 0x00007ffec14ca000 	C:\Program Files\JetBrains\IntelliJ IDEA Community Edition 2021.2.2\bin\breakgen64.dll
0x00007ffed0c20000 - 0x00007ffed0c29000 	D:\Programas\Java sdk\bin\management.dll
0x00007ffecdd80000 - 0x00007ffecdd8b000 	D:\Programas\Java sdk\bin\management_ext.dll
0x00007ffecbf50000 - 0x00007ffecbf67000 	C:\WINDOWS\system32\napinsp.dll
0x00007ffecbf30000 - 0x00007ffecbf4b000 	C:\WINDOWS\system32\pnrpnsp.dll
0x00007ffeda890000 - 0x00007ffeda8a5000 	C:\WINDOWS\system32\wshbth.dll
0x00007ffee59e0000 - 0x00007ffee59fd000 	C:\WINDOWS\system32\NLAapi.dll
0x00007ffee9310000 - 0x00007ffee934b000 	C:\WINDOWS\SYSTEM32\IPHLPAPI.DLL
0x00007ffee9360000 - 0x00007ffee942b000 	C:\WINDOWS\SYSTEM32\DNSAPI.dll
0x00007ffeeb0f0000 - 0x00007ffeeb0f8000 	C:\WINDOWS\System32\NSI.dll
0x00007ffecbf10000 - 0x00007ffecbf22000 	C:\WINDOWS\System32\winrnr.dll
0x00007ffee1260000 - 0x00007ffee126a000 	C:\Windows\System32\rasadhlp.dll
0x00007ffee31a0000 - 0x00007ffee321f000 	C:\WINDOWS\System32\fwpuclnt.dll
0x00007ffeea000000 - 0x00007ffeea027000 	C:\WINDOWS\System32\bcrypt.dll
0x00007ffee9bc0000 - 0x00007ffee9bd8000 	C:\WINDOWS\SYSTEM32\CRYPTSP.dll
0x00007ffee8f20000 - 0x00007ffee8f54000 	C:\WINDOWS\system32\rsaenh.dll
0x00007ffee9e00000 - 0x00007ffee9e2e000 	C:\WINDOWS\SYSTEM32\USERENV.dll
0x00007ffee97e0000 - 0x00007ffee97ec000 	C:\WINDOWS\SYSTEM32\CRYPTBASE.dll
0x00007ffee3d40000 - 0x00007ffee3d57000 	C:\WINDOWS\SYSTEM32\dhcpcsvc6.DLL
0x00007ffee3d20000 - 0x00007ffee3d3d000 	C:\WINDOWS\SYSTEM32\dhcpcsvc.DLL
0x00007ffebed00000 - 0x00007ffebed25000 	D:\Programas\Java sdk\bin\sunec.dll
0x00007ffecb230000 - 0x00007ffecb23e000 	D:\Programas\Java sdk\bin\sunmscapi.dll
0x00007ffeea2a0000 - 0x00007ffeea3f6000 	C:\WINDOWS\System32\CRYPT32.dll
0x00007ffee98e0000 - 0x00007ffee9907000 	C:\WINDOWS\SYSTEM32\ncrypt.dll
0x00007ffee98a0000 - 0x00007ffee98db000 	C:\WINDOWS\SYSTEM32\NTASN1.dll

dbghelp: loaded successfully - version: 4.0.5 - missing functions: none
symbol engine: initialized successfully - sym options: 0x614 - pdb path: .;D:\Programas\Java sdk\bin;C:\WINDOWS\SYSTEM32;C:\Program Files\AVAST Software\Avast;C:\WINDOWS\WinSxS\amd64_microsoft.windows.common-controls_6595b64144ccf1df_6.0.19041.1110_none_60b5254171f9507e;D:\Programas\Java sdk\bin\server;C:\Program Files\JetBrains\IntelliJ IDEA Community Edition 2021.2.2\bin

VM Arguments:
jvm_args: -javaagent:C:\Program Files\JetBrains\IntelliJ IDEA Community Edition 2021.2.2\lib\idea_rt.jar=62635:C:\Program Files\JetBrains\IntelliJ IDEA Community Edition 2021.2.2\bin -Dfile.encoding=UTF-8 
java_command: com.aoedb.Application
java_class_path (initial): D:\cosas\programacion random\Vaadin\aoe-2-database\target\classes;C:\Users\pau_7\.m2\repository\com\vaadin\vaadin\22.0.2\vaadin-22.0.2.jar;C:\Users\pau_7\.m2\repository\com\vaadin\vaadin-core\22.0.2\vaadin-core-22.0.2.jar;C:\Users\pau_7\.m2\repository\com\vaadin\flow-server\9.0.2\flow-server-9.0.2.jar;C:\Users\pau_7\.m2\repository\javax\annotation\javax.annotation-api\1.3.2\javax.annotation-api-1.3.2.jar;C:\Users\pau_7\.m2\repository\commons-fileupload\commons-fileupload\1.3.3\commons-fileupload-1.3.3.jar;C:\Users\pau_7\.m2\repository\commons-io\commons-io\2.11.0\commons-io-2.11.0.jar;C:\Users\pau_7\.m2\repository\com\fasterxml\jackson\core\jackson-core\2.13.0\jackson-core-2.13.0.jar;C:\Users\pau_7\.m2\repository\com\helger\ph-css\6.3.4\ph-css-6.3.4.jar;C:\Users\pau_7\.m2\repository\com\helger\commons\ph-commons\10.1.2\ph-commons-10.1.2.jar;C:\Users\pau_7\.m2\repository\com\vaadin\external\gentyref\1.2.0.vaadin1\gentyref-1.2.0.vaadin1.jar;C:\Users\pau_7\.m2\repository\org\apache\commons\commons-compress\1.21\commons-compress-1.21.jar;C:\Users\pau_7\.m2\repository\org\apache\httpcomponents\httpclient\4.5.13\httpclient-4.5.13.jar;C:\Users\pau_7\.m2\repository\org\apache\httpcomponents\httpcore\4.4.14\httpcore-4.4.14.jar;C:\Users\pau_7\.m2\repository\com\vaadin\fusion-endpoint\9.0.2\fusion-endpoint-9.0.2.jar;C:\Users\pau_7\.m2\repository\javax\validation\validation-api\2.0.1.Final\validation-api-2.0.1.Final.jar;C:\Users\pau_7\.m2\repository\org\springframework\data\spring-data-commons\2.6.0\spring-data-commons-2.6.0.jar;C:\Users\pau_7\.m2\repository\com\fasterxml\jackson\core\jackson-annotations\2.13.0\jackson-annotations-2.13.0.jar;C:\Users\pau_7\.m2\repository\com\fasterxml\jackson\dataformat\jackson-dataformat-yaml\2.13.0\jackson-dataformat-yaml-2.13.0.jar;C:\Users\pau_7\.m2\repository\org\slf4j\slf4j-ext\1.7.32\slf4j-ext-1.7.32.jar;C:\Users\pau_7\.m2\repository\com\github\javaparser\javaparser-symbol-solver-core\3.23.1\javaparser-symbol
Launcher Type: SUN_STANDARD

[Global flags]
     intx CICompilerCount                          = 3                                         {product} {ergonomic}
     uint ConcGCThreads                            = 1                                         {product} {ergonomic}
     uint G1ConcRefinementThreads                  = 4                                         {product} {ergonomic}
   size_t G1HeapRegionSize                         = 1048576                                   {product} {ergonomic}
    uintx GCDrainStackTargetSize                   = 64                                        {product} {ergonomic}
   size_t InitialHeapSize                          = 268435456                                 {product} {ergonomic}
   size_t MarkStackSize                            = 4194304                                   {product} {ergonomic}
   size_t MaxHeapSize                              = 4280287232                                {product} {ergonomic}
   size_t MaxNewSize                               = 2567962624                                {product} {ergonomic}
   size_t MinHeapDeltaBytes                        = 1048576                                   {product} {ergonomic}
   size_t MinHeapSize                              = 8388608                                   {product} {ergonomic}
    uintx NonNMethodCodeHeapSize                   = 5832780                                {pd product} {ergonomic}
    uintx NonProfiledCodeHeapSize                  = 122912730                              {pd product} {ergonomic}
    uintx ProfiledCodeHeapSize                     = 122912730                              {pd product} {ergonomic}
    uintx ReservedCodeCacheSize                    = 251658240                              {pd product} {ergonomic}
     bool SegmentedCodeCache                       = true                                      {product} {ergonomic}
   size_t SoftMaxHeapSize                          = 4280287232                             {manageable} {ergonomic}
     bool UseCompressedClassPointers               = true                                 {lp64_product} {ergonomic}
     bool UseCompressedOops                        = true                                 {lp64_product} {ergonomic}
     bool UseG1GC                                  = true                                      {product} {ergonomic}
     bool UseLargePagesIndividualAllocation        = false                                  {pd product} {ergonomic}

Logging:
Log output configuration:
 #0: stdout all=warning uptime,level,tags
 #1: stderr all=off uptime,level,tags

Environment Variables:
JAVA_HOME=C:\Program Files\OpenJDK\jdk-11.0.8.10-hotspot\
PATH=C:\Program Files\OpenJDK\jdk-11.0.8.10-hotspot\bin;C:\Program Files\OpenJDK\jdk-8.0.262.10-hotspot\bin;C:\Program Files\Common Files\Oracle\Java\javapath;C:\Python39\Scripts\;C:\Python39\;C:\Windows\system32;C:\Windows;C:\Windows\System32\Wbem;C:\Windows\System32\WindowsPowerShell\v1.0\;C:\Windows\System32\OpenSSH\;C:\Program Files (x86)\NVIDIA Corporation\PhysX\Common;C:\Program Files\PuTTY\;C:\WINDOWS\system32;C:\WINDOWS;C:\WINDOWS\System32\Wbem;C:\WINDOWS\System32\WindowsPowerShell\v1.0\;C:\WINDOWS\System32\OpenSSH\;C:\Program Files\Git\cmd;D:\Programas\Node.js\;C:\ProgramData\chocolatey\bin;C:\Program Files\NVIDIA Corporation\NVIDIA NvDLISR;D:\Programas\apache-maven-3.8.3\bin;C:\Users\pau_7\AppData\Local\Microsoft\WindowsApps;C:\Program Files\JetBrains\IntelliJ IDEA Community Edition 2021.2.2\bin;;D:\Programas\Microsoft VS Code\bin;C:\Users\pau_7\AppData\Roaming\npm;D:\Programas\heroku\bin
USERNAME=pau_7
OS=Windows_NT
PROCESSOR_IDENTIFIER=Intel64 Family 6 Model 58 Stepping 9, GenuineIntel



---------------  S Y S T E M  ---------------

OS: Windows 10 , 64 bit Build 19041 (10.0.19041.1466)
HyperV virtualization detected

CPU:total 4 (initial active 4) (4 cores per cpu, 1 threads per core) family 6 model 58 stepping 9, cmov, cx8, fxsr, mmx, sse, sse2, sse3, ssse3, sse4.1, sse4.2, popcnt, avx, aes, clmul, erms, tsc, tscinvbit, tscinv

Memory: 4k page, system-wide physical 16320M (7990M free)
TotalPageFile size 18752M (AvailPageFile size 7936M)
current process WorkingSet (physical memory assigned to process): 321M, peak: 335M
current process commit charge ("private bytes"): 356M, peak: 460M

vm_info: Java HotSpot(TM) 64-Bit Server VM (13.0.2+8) for windows-amd64 JRE (13.0.2+8), built on Dec 11 2019 09:20:33 by "mach5one" with unknown MS VC++:1916

END.
