#
# A fatal error has been detected by the Java Runtime Environment:
#
#  EXCEPTION_ACCESS_VIOLATION (0xc0000005) at pc=0x00007fbe6e082eb0, pid=3592, tid=8836
#
# JRE version: Java(TM) SE Runtime Environment (13.0.2+8) (build 13.0.2+8)
# Java VM: Java HotSpot(TM) 64-Bit Server VM (13.0.2+8, mixed mode, sharing, tiered, compressed oops, g1 gc, windows-amd64)
# Problematic frame:
# C  0x00007fbe6e082eb0
#
# No core dump will be written. Minidumps are not enabled by default on client versions of Windows
#
# If you would like to submit a bug report, please visit:
#   http://bugreport.java.com/bugreport/crash.jsp
#

---------------  S U M M A R Y ------------

Command Line: -javaagent:C:\Program Files\JetBrains\IntelliJ IDEA Community Edition 2021.2.2\lib\idea_rt.jar=63499:C:\Program Files\JetBrains\IntelliJ IDEA Community Edition 2021.2.2\bin -Dfile.encoding=UTF-8 com.aoedb.Application

Host: Intel(R) Core(TM) i5-3570 CPU @ 3.40GHz, 4 cores, 15G,  Windows 10 , 64 bit Build 19041 (10.0.19041.1466)
Time: Fri Jan 21 14:11:50 2022 Hora estándar romance elapsed time: 71 seconds (0d 0h 1m 11s)

---------------  T H R E A D  ---------------

Current thread (0x000001bafd788000):  JavaThread "C2 CompilerThread1" daemon [_thread_in_native, id=8836, stack(0x0000004bf0300000,0x0000004bf0400000)]


Current CompileTask:
C2:  71306 11754 %     4       java.math.BigDecimal::<init> @ 127 (454 bytes)

Stack: [0x0000004bf0300000,0x0000004bf0400000],  sp=0x0000004bf03fb918,  free space=1006k
Native frames: (J=compiled Java code, j=interpreted, Vv=VM code, C=native code)
C  0x00007fbe6e082eb0


siginfo: EXCEPTION_ACCESS_VIOLATION (0xc0000005), data execution prevention violation at address 0x00007fbe6e082eb0


Register to memory mapping:

RIP=0x00007fbe6e082eb0 is an unknown value
RAX=0x00007ffe6e7c3a58 jvm.dll
RBX=0x000001bafde8a190 points into unknown readable memory: 58 3a 7c 6e fe 7f 00 00
RCX=0x000001bafde8a190 points into unknown readable memory: 58 3a 7c 6e fe 7f 00 00
RDX=0x00000000000001f9 is an unknown value
RSP=0x0000004bf03fb918 is pointing into the stack for thread: 0x000001bafd788000
RBP=0x000000000000000e is an unknown value
RSI=0x000001bafc5e98f0 points into unknown readable memory: 40 e7 84 6e fe 7f 00 00
RDI=0x0 is NULL
R8 =0x0000000000000011 is an unknown value
R9 =0x0000004bf03fb9e0 is pointing into the stack for thread: 0x000001bafd788000
R10=0x0 is NULL
R11=0x0000004bf03fb930 is pointing into the stack for thread: 0x000001bafd788000
R12=0x0000000000000035 is an unknown value
R13=0x0000000000000978 is an unknown value
R14=0x0000000000000070 is an unknown value
R15=0x0000004bf03fba60 is pointing into the stack for thread: 0x000001bafd788000


Registers:
RAX=0x00007ffe6e7c3a58, RBX=0x000001bafde8a190, RCX=0x000001bafde8a190, RDX=0x00000000000001f9
RSP=0x0000004bf03fb918, RBP=0x000000000000000e, RSI=0x000001bafc5e98f0, RDI=0x0000000000000000
R8 =0x0000000000000011, R9 =0x0000004bf03fb9e0, R10=0x0000000000000000, R11=0x0000004bf03fb930
R12=0x0000000000000035, R13=0x0000000000000978, R14=0x0000000000000070, R15=0x0000004bf03fba60
RIP=0x00007fbe6e082eb0, EFLAGS=0x0000000000010287

Top of Stack: (sp=0x0000004bf03fb918)
0x0000004bf03fb918:   00007ffe6e1b1ccb 0000000000000000
0x0000004bf03fb928:   0000000000000000 0000004bf03fb9e0
0x0000004bf03fb938:   00007ffe6e36a25a 0000000000000000
0x0000004bf03fb948:   000001bafa5324c0 00000000000003d8
0x0000004bf03fb958:   000001bafa5324b0 000001bafa532898
0x0000004bf03fb968:   00007ffe6e33777a 0000004b00000016
0x0000004bf03fb978:   0000004bf03fbe60 0000004bf03fba70
0x0000004bf03fb988:   00000000ffffff01 000000003fffff01
0x0000004bf03fb998:   0000000000008010 0000000000000001
0x0000004bf03fb9a8:   000001bad5060000 0000000000000802
0x0000004bf03fb9b8:   00007ffeec81b44d 000001bafd3df920
0x0000004bf03fb9c8:   000001bafd3e1ff0 000001bafd3df930
0x0000004bf03fb9d8:   000001bafe1b4690 0000000000000006
0x0000004bf03fb9e8:   000001bafa5324b0 000001bafa5324b0
0x0000004bf03fb9f8:   000001bafa5324c0 000001bafa532898
0x0000004bf03fba08:   00000000000003d8 00007ffe6e8d8c68 

Instructions: (pc=0x00007fbe6e082eb0)
0x00007fbe6e082db0:   ?? ?? ?? ?? ?? ?? ?? ?? ?? ?? ?? ?? ?? ?? ?? ??
0x00007fbe6e082dc0:   ?? ?? ?? ?? ?? ?? ?? ?? ?? ?? ?? ?? ?? ?? ?? ??
0x00007fbe6e082dd0:   ?? ?? ?? ?? ?? ?? ?? ?? ?? ?? ?? ?? ?? ?? ?? ??
0x00007fbe6e082de0:   ?? ?? ?? ?? ?? ?? ?? ?? ?? ?? ?? ?? ?? ?? ?? ??
0x00007fbe6e082df0:   ?? ?? ?? ?? ?? ?? ?? ?? ?? ?? ?? ?? ?? ?? ?? ??
0x00007fbe6e082e00:   ?? ?? ?? ?? ?? ?? ?? ?? ?? ?? ?? ?? ?? ?? ?? ??
0x00007fbe6e082e10:   ?? ?? ?? ?? ?? ?? ?? ?? ?? ?? ?? ?? ?? ?? ?? ??
0x00007fbe6e082e20:   ?? ?? ?? ?? ?? ?? ?? ?? ?? ?? ?? ?? ?? ?? ?? ??
0x00007fbe6e082e30:   ?? ?? ?? ?? ?? ?? ?? ?? ?? ?? ?? ?? ?? ?? ?? ??
0x00007fbe6e082e40:   ?? ?? ?? ?? ?? ?? ?? ?? ?? ?? ?? ?? ?? ?? ?? ??
0x00007fbe6e082e50:   ?? ?? ?? ?? ?? ?? ?? ?? ?? ?? ?? ?? ?? ?? ?? ??
0x00007fbe6e082e60:   ?? ?? ?? ?? ?? ?? ?? ?? ?? ?? ?? ?? ?? ?? ?? ??
0x00007fbe6e082e70:   ?? ?? ?? ?? ?? ?? ?? ?? ?? ?? ?? ?? ?? ?? ?? ??
0x00007fbe6e082e80:   ?? ?? ?? ?? ?? ?? ?? ?? ?? ?? ?? ?? ?? ?? ?? ??
0x00007fbe6e082e90:   ?? ?? ?? ?? ?? ?? ?? ?? ?? ?? ?? ?? ?? ?? ?? ??
0x00007fbe6e082ea0:   ?? ?? ?? ?? ?? ?? ?? ?? ?? ?? ?? ?? ?? ?? ?? ??
0x00007fbe6e082eb0:   ?? ?? ?? ?? ?? ?? ?? ?? ?? ?? ?? ?? ?? ?? ?? ??
0x00007fbe6e082ec0:   ?? ?? ?? ?? ?? ?? ?? ?? ?? ?? ?? ?? ?? ?? ?? ??
0x00007fbe6e082ed0:   ?? ?? ?? ?? ?? ?? ?? ?? ?? ?? ?? ?? ?? ?? ?? ??
0x00007fbe6e082ee0:   ?? ?? ?? ?? ?? ?? ?? ?? ?? ?? ?? ?? ?? ?? ?? ??
0x00007fbe6e082ef0:   ?? ?? ?? ?? ?? ?? ?? ?? ?? ?? ?? ?? ?? ?? ?? ??
0x00007fbe6e082f00:   ?? ?? ?? ?? ?? ?? ?? ?? ?? ?? ?? ?? ?? ?? ?? ??
0x00007fbe6e082f10:   ?? ?? ?? ?? ?? ?? ?? ?? ?? ?? ?? ?? ?? ?? ?? ??
0x00007fbe6e082f20:   ?? ?? ?? ?? ?? ?? ?? ?? ?? ?? ?? ?? ?? ?? ?? ??
0x00007fbe6e082f30:   ?? ?? ?? ?? ?? ?? ?? ?? ?? ?? ?? ?? ?? ?? ?? ??
0x00007fbe6e082f40:   ?? ?? ?? ?? ?? ?? ?? ?? ?? ?? ?? ?? ?? ?? ?? ??
0x00007fbe6e082f50:   ?? ?? ?? ?? ?? ?? ?? ?? ?? ?? ?? ?? ?? ?? ?? ??
0x00007fbe6e082f60:   ?? ?? ?? ?? ?? ?? ?? ?? ?? ?? ?? ?? ?? ?? ?? ??
0x00007fbe6e082f70:   ?? ?? ?? ?? ?? ?? ?? ?? ?? ?? ?? ?? ?? ?? ?? ??
0x00007fbe6e082f80:   ?? ?? ?? ?? ?? ?? ?? ?? ?? ?? ?? ?? ?? ?? ?? ??
0x00007fbe6e082f90:   ?? ?? ?? ?? ?? ?? ?? ?? ?? ?? ?? ?? ?? ?? ?? ??
0x00007fbe6e082fa0:   ?? ?? ?? ?? ?? ?? ?? ?? ?? ?? ?? ?? ?? ?? ?? ?? 


Stack slot to memory mapping:
stack at sp + 0 slots: 0x00007ffe6e1b1ccb jvm.dll
stack at sp + 1 slots: 0x0 is NULL
stack at sp + 2 slots: 0x0 is NULL
stack at sp + 3 slots: 0x0000004bf03fb9e0 is pointing into the stack for thread: 0x000001bafd788000
stack at sp + 4 slots: 0x00007ffe6e36a25a jvm.dll
stack at sp + 5 slots: 0x0 is NULL
stack at sp + 6 slots: 0x000001bafa5324c0 points into unknown readable memory: 28 f0 0f f1 4b 00 00 00
stack at sp + 7 slots: 0x00000000000003d8 is an unknown value


---------------  P R O C E S S  ---------------

Threads class SMR info:
_java_thread_list=0x000001ba8252ff20, length=42, elements={
0x000001bafa54e000, 0x000001bafa551000, 0x000001bafadf4000, 0x000001bafadf7000,
0x000001bafadf9800, 0x000001bafa569000, 0x000001bafadfc000, 0x000001bafb068800,
0x000001bafb439000, 0x000001bafb439800, 0x000001bafb8d6800, 0x000001bafe33d800,
0x000001bafdef1800, 0x000001bafc298800, 0x000001bafd3e4000, 0x000001bafd3e7000,
0x000001bafd3e3000, 0x000001bafd3e8000, 0x000001bafd3e5800, 0x000001bafd3e9000,
0x000001bafd3e9800, 0x000001ba812a2000, 0x000001ba8129e800, 0x000001ba8129c800,
0x000001ba8129f800, 0x000001ba812a0800, 0x000001ba812a1000, 0x000001ba8129d000,
0x000001ba812a3000, 0x000001ba812a3800, 0x000001ba8129e000, 0x000001ba812aa000,
0x000001ba812a6000, 0x000001ba812a7800, 0x000001ba812ab000, 0x000001ba812a5800,
0x000001ba812a9800, 0x000001bafcbaa800, 0x000001bafcba6800, 0x000001bafcbab800,
0x000001bafd788000, 0x000001bafcba7800
}

Java Threads: ( => current thread )
  0x000001bafa54e000 JavaThread "Reference Handler" daemon [_thread_blocked, id=13472, stack(0x0000004bf0b00000,0x0000004bf0c00000)]
  0x000001bafa551000 JavaThread "Finalizer" daemon [_thread_blocked, id=3232, stack(0x0000004bf0c00000,0x0000004bf0d00000)]
  0x000001bafadf4000 JavaThread "Signal Dispatcher" daemon [_thread_blocked, id=11256, stack(0x0000004bf0d00000,0x0000004bf0e00000)]
  0x000001bafadf7000 JavaThread "Attach Listener" daemon [_thread_blocked, id=16264, stack(0x0000004bf0e00000,0x0000004bf0f00000)]
  0x000001bafadf9800 JavaThread "C2 CompilerThread0" daemon [_thread_in_native, id=10788, stack(0x0000004bf0f00000,0x0000004bf1000000)]
  0x000001bafa569000 JavaThread "C1 CompilerThread0" daemon [_thread_blocked, id=11644, stack(0x0000004bf1000000,0x0000004bf1100000)]
  0x000001bafadfc000 JavaThread "Sweeper thread" daemon [_thread_blocked, id=10332, stack(0x0000004bf1100000,0x0000004bf1200000)]
  0x000001bafb068800 JavaThread "Common-Cleaner" daemon [_thread_blocked, id=6060, stack(0x0000004bf1200000,0x0000004bf1300000)]
  0x000001bafb439000 JavaThread "Monitor Ctrl-Break" daemon [_thread_in_native, id=2436, stack(0x0000004bf1400000,0x0000004bf1500000)]
  0x000001bafb439800 JavaThread "Service Thread" daemon [_thread_blocked, id=4508, stack(0x0000004bf1500000,0x0000004bf1600000)]
  0x000001bafb8d6800 JavaThread "ForkJoinPool.commonPool-worker-3" daemon [_thread_blocked, id=8164, stack(0x0000004bf1d00000,0x0000004bf1e00000)]
  0x000001bafe33d800 JavaThread "Catalina-utility-1" [_thread_blocked, id=11052, stack(0x0000004bf1e00000,0x0000004bf1f00000)]
  0x000001bafdef1800 JavaThread "Catalina-utility-2" [_thread_blocked, id=3476, stack(0x0000004bf1f00000,0x0000004bf2000000)]
  0x000001bafc298800 JavaThread "container-0" [_thread_blocked, id=8224, stack(0x0000004bf2000000,0x0000004bf2100000)]
  0x000001bafd3e4000 JavaThread "File Watcher" daemon [_thread_blocked, id=1480, stack(0x0000004bf2100000,0x0000004bf2200000)]
  0x000001bafd3e7000 JavaThread "Live Reload Server" daemon [_thread_in_native, id=15820, stack(0x0000004bf2300000,0x0000004bf2400000)]
  0x000001bafd3e3000 JavaThread "Atmosphere-Shared-0" daemon [_thread_blocked, id=11088, stack(0x0000004bf2500000,0x0000004bf2600000)]
  0x000001bafd3e8000 JavaThread "http-nio-8080-Poller" daemon [_thread_in_native, id=15948, stack(0x0000004bf2700000,0x0000004bf2800000)]
  0x000001bafd3e5800 JavaThread "http-nio-8080-Acceptor" daemon [_thread_in_native, id=4040, stack(0x0000004bf2800000,0x0000004bf2900000)]
  0x000001bafd3e9000 JavaThread "http-nio-8080-exec-1" daemon [_thread_blocked, id=13780, stack(0x0000004bf2900000,0x0000004bf2a00000)]
  0x000001bafd3e9800 JavaThread "ForkJoinPool.commonPool-worker-5" daemon [_thread_blocked, id=7268, stack(0x0000004bf2a00000,0x0000004bf2b00000)]
  0x000001ba812a2000 JavaThread "Thread-8" daemon [_thread_in_native, id=12748, stack(0x0000004bf2b00000,0x0000004bf2c00000)]
  0x000001ba8129e800 JavaThread "http-nio-8080-exec-2" daemon [_thread_blocked, id=5812, stack(0x0000004bf2c00000,0x0000004bf2d00000)]
  0x000001ba8129c800 JavaThread "DestroyJavaVM" [_thread_blocked, id=10612, stack(0x0000004bf0400000,0x0000004bf0500000)]
  0x000001ba8129f800 JavaThread "http-nio-8080-exec-3" daemon [_thread_blocked, id=15908, stack(0x0000004bf1a00000,0x0000004bf1b00000)]
  0x000001ba812a0800 JavaThread "http-nio-8080-exec-4" daemon [_thread_blocked, id=15864, stack(0x0000004bf1b00000,0x0000004bf1c00000)]
  0x000001ba812a1000 JavaThread "http-nio-8080-exec-5" daemon [_thread_blocked, id=1208, stack(0x0000004bf1c00000,0x0000004bf1d00000)]
  0x000001ba8129d000 JavaThread "http-nio-8080-exec-6" daemon [_thread_blocked, id=15604, stack(0x0000004bf2d00000,0x0000004bf2e00000)]
  0x000001ba812a3000 JavaThread "http-nio-8080-exec-7" daemon [_thread_blocked, id=1324, stack(0x0000004bf2e00000,0x0000004bf2f00000)]
  0x000001ba812a3800 JavaThread "http-nio-8080-exec-8" daemon [_thread_blocked, id=15100, stack(0x0000004bf2f00000,0x0000004bf3000000)]
  0x000001ba8129e000 JavaThread "http-nio-8080-exec-9" daemon [_thread_in_Java, id=7620, stack(0x0000004bf3000000,0x0000004bf3100000)]
  0x000001ba812aa000 JavaThread "http-nio-8080-exec-10" daemon [_thread_blocked, id=9980, stack(0x0000004bf3100000,0x0000004bf3200000)]
  0x000001ba812a6000 JavaThread "dev-server-output" daemon [_thread_in_native, id=7076, stack(0x0000004bf3200000,0x0000004bf3300000)]
  0x000001ba812a7800 JavaThread "Java2D Disposer" daemon [_thread_blocked, id=6240, stack(0x0000004bf3400000,0x0000004bf3500000)]
  0x000001ba812ab000 JavaThread "AWT-Windows" daemon [_thread_in_native, id=5716, stack(0x0000004bf3600000,0x0000004bf3700000)]
  0x000001ba812a5800 JavaThread "Live Reload #1" daemon [_thread_in_native, id=5468, stack(0x0000004bf3a00000,0x0000004bf3b00000)]
  0x000001ba812a9800 JavaThread "WebSocket background processing" daemon [_thread_blocked, id=708, stack(0x0000004bf3c00000,0x0000004bf3d00000)]
  0x000001bafcbaa800 JavaThread "Live Reload #2" daemon [_thread_in_native, id=15736, stack(0x0000004bf3e00000,0x0000004bf3f00000)]
  0x000001bafcba6800 JavaThread "Atmosphere-Scheduler-2" daemon [_thread_blocked, id=1980, stack(0x0000004bf3900000,0x0000004bf3a00000)]
  0x000001bafcbab800 JavaThread "Keep-Alive-Timer" daemon [_thread_blocked, id=5704, stack(0x0000004bf0200000,0x0000004bf0300000)]
=>0x000001bafd788000 JavaThread "C2 CompilerThread1" daemon [_thread_in_native, id=8836, stack(0x0000004bf0300000,0x0000004bf0400000)]
  0x000001bafcba7800 JavaThread "Atmosphere-Scheduler-3" daemon [_thread_blocked, id=10640, stack(0x0000004bf2600000,0x0000004bf2700000)]

Other Threads:
  0x000001bafa54c800 VMThread "VM Thread" [stack: 0x0000004bf0a00000,0x0000004bf0b00000] [id=11732]
  0x000001bafb16c000 WatcherThread [stack: 0x0000004bf1600000,0x0000004bf1700000] [id=1276]
  0x000001bad7278800 GCTaskThread "GC Thread#0" [stack: 0x0000004bf0500000,0x0000004bf0600000] [id=7700]
  0x000001bafba89000 GCTaskThread "GC Thread#1" [stack: 0x0000004bf1700000,0x0000004bf1800000] [id=3780]
  0x000001bafba89800 GCTaskThread "GC Thread#2" [stack: 0x0000004bf1800000,0x0000004bf1900000] [id=5996]
  0x000001bafb83d800 GCTaskThread "GC Thread#3" [stack: 0x0000004bf1900000,0x0000004bf1a00000] [id=13936]
  0x000001bad729a000 ConcurrentGCThread "G1 Main Marker" [stack: 0x0000004bf0600000,0x0000004bf0700000] [id=4880]
  0x000001bad729b800 ConcurrentGCThread "G1 Conc#0" [stack: 0x0000004bf0700000,0x0000004bf0800000] [id=3740]
  0x000001bafa448000 ConcurrentGCThread "G1 Refine#0" [stack: 0x0000004bf0800000,0x0000004bf0900000] [id=1664]
  0x000001bafe3e3800 ConcurrentGCThread "G1 Refine#1" [stack: 0x0000004bf2200000,0x0000004bf2300000] [id=10164]
  0x000001bafa44a800 ConcurrentGCThread "G1 Young RemSet Sampling" [stack: 0x0000004bf0900000,0x0000004bf0a00000] [id=16348]

Threads with active compile tasks:
C2 CompilerThread0    71699 11886       4       com.vaadin.flow.internal.StateNode$FeatureSetKey::<init> (111 bytes)
C2 CompilerThread1    71701 11754 %     4       java.math.BigDecimal::<init> @ 127 (454 bytes)

VM state:not at safepoint (normal execution)

VM Mutex/Monitor currently owned by a thread: None

Heap address: 0x0000000700e00000, size: 4082 MB, Compressed Oops mode: Zero based, Oop shift amount: 3
Narrow klass base: 0x0000000800000000, Narrow klass shift: 3
Compressed class space size: 1073741824 Address: 0x0000000800b40000

Heap:
 garbage-first heap   total 174080K, used 121091K [0x0000000700e00000, 0x0000000800000000)
  region size 1024K, 48 young (49152K), 6 survivors (6144K)
 Metaspace       used 65408K, capacity 67943K, committed 68096K, reserved 1107968K
  class space    used 8177K, capacity 9161K, committed 9216K, reserved 1048576K
Heap Regions: E=young(eden), S=young(survivor), O=old, HS=humongous(starts), HC=humongous(continues), CS=collection set, F=free, A=archive, TAMS=top-at-mark-start (previous, next)
|   0|0x0000000700e00000, 0x0000000700f00000, 0x0000000700f00000|100%| O|  |TAMS 0x0000000700f00000, 0x0000000700e00000| Untracked 
|   1|0x0000000700f00000, 0x0000000701000000, 0x0000000701000000|100%| O|  |TAMS 0x0000000701000000, 0x0000000700f00000| Untracked 
|   2|0x0000000701000000, 0x0000000701100000, 0x0000000701100000|100%| O|  |TAMS 0x0000000701100000, 0x0000000701000000| Untracked 
|   3|0x0000000701100000, 0x0000000701200000, 0x0000000701200000|100%| O|  |TAMS 0x0000000701200000, 0x0000000701100000| Untracked 
|   4|0x0000000701200000, 0x0000000701300000, 0x0000000701300000|100%| O|  |TAMS 0x0000000701300000, 0x0000000701200000| Untracked 
|   5|0x0000000701300000, 0x0000000701400000, 0x0000000701400000|100%| O|  |TAMS 0x0000000701400000, 0x0000000701300000| Untracked 
|   6|0x0000000701400000, 0x0000000701500000, 0x0000000701500000|100%| O|  |TAMS 0x0000000701500000, 0x0000000701400000| Untracked 
|   7|0x0000000701500000, 0x0000000701600000, 0x0000000701600000|100%| O|  |TAMS 0x0000000701600000, 0x0000000701500000| Untracked 
|   8|0x0000000701600000, 0x0000000701700000, 0x0000000701700000|100%| O|  |TAMS 0x0000000701700000, 0x0000000701600000| Untracked 
|   9|0x0000000701700000, 0x0000000701800000, 0x0000000701800000|100%| O|  |TAMS 0x0000000701800000, 0x0000000701700000| Untracked 
|  10|0x0000000701800000, 0x0000000701900000, 0x0000000701900000|100%| O|  |TAMS 0x0000000701900000, 0x0000000701800000| Untracked 
|  11|0x0000000701900000, 0x0000000701a00000, 0x0000000701a00000|100%| O|  |TAMS 0x0000000701a00000, 0x0000000701900000| Untracked 
|  12|0x0000000701a00000, 0x0000000701b00000, 0x0000000701b00000|100%| O|  |TAMS 0x0000000701b00000, 0x0000000701a00000| Untracked 
|  13|0x0000000701b00000, 0x0000000701c00000, 0x0000000701c00000|100%| O|  |TAMS 0x0000000701c00000, 0x0000000701b00000| Untracked 
|  14|0x0000000701c00000, 0x0000000701d00000, 0x0000000701d00000|100%| O|  |TAMS 0x0000000701c00000, 0x0000000701c00000| Untracked 
|  15|0x0000000701d00000, 0x0000000701e00000, 0x0000000701e00000|100%| O|  |TAMS 0x0000000701e00000, 0x0000000701d00000| Untracked 
|  16|0x0000000701e00000, 0x0000000701f00000, 0x0000000701f00000|100%| O|  |TAMS 0x0000000701f00000, 0x0000000701e00000| Untracked 
|  17|0x0000000701f00000, 0x0000000702000000, 0x0000000702000000|100%| O|  |TAMS 0x0000000702000000, 0x0000000701f00000| Untracked 
|  18|0x0000000702000000, 0x0000000702100000, 0x0000000702100000|100%| O|  |TAMS 0x0000000702100000, 0x0000000702000000| Untracked 
|  19|0x0000000702100000, 0x0000000702200000, 0x0000000702200000|100%| O|  |TAMS 0x0000000702200000, 0x0000000702100000| Untracked 
|  20|0x0000000702200000, 0x0000000702300000, 0x0000000702300000|100%| O|  |TAMS 0x0000000702300000, 0x0000000702200000| Untracked 
|  21|0x0000000702300000, 0x0000000702400000, 0x0000000702400000|100%| O|  |TAMS 0x0000000702300000, 0x0000000702300000| Untracked 
|  22|0x0000000702400000, 0x0000000702500000, 0x0000000702500000|100%| O|  |TAMS 0x0000000702500000, 0x0000000702400000| Untracked 
|  23|0x0000000702500000, 0x0000000702600000, 0x0000000702600000|100%| O|  |TAMS 0x0000000702600000, 0x0000000702500000| Untracked 
|  24|0x0000000702600000, 0x0000000702700000, 0x0000000702700000|100%| O|  |TAMS 0x0000000702700000, 0x0000000702600000| Untracked 
|  25|0x0000000702700000, 0x0000000702800000, 0x0000000702800000|100%| O|  |TAMS 0x0000000702800000, 0x0000000702700000| Untracked 
|  26|0x0000000702800000, 0x0000000702900000, 0x0000000702900000|100%| O|  |TAMS 0x0000000702900000, 0x0000000702800000| Untracked 
|  27|0x0000000702900000, 0x0000000702a00000, 0x0000000702a00000|100%| O|  |TAMS 0x0000000702a00000, 0x0000000702900000| Untracked 
|  28|0x0000000702a00000, 0x0000000702b00000, 0x0000000702b00000|100%| O|  |TAMS 0x0000000702b00000, 0x0000000702a00000| Untracked 
|  29|0x0000000702b00000, 0x0000000702c00000, 0x0000000702c00000|100%| O|  |TAMS 0x0000000702c00000, 0x0000000702b00000| Untracked 
|  30|0x0000000702c00000, 0x0000000702d00000, 0x0000000702d00000|100%| O|  |TAMS 0x0000000702d00000, 0x0000000702c00000| Untracked 
|  31|0x0000000702d00000, 0x0000000702e00000, 0x0000000702e00000|100%| O|  |TAMS 0x0000000702e00000, 0x0000000702d00000| Untracked 
|  32|0x0000000702e00000, 0x0000000702f00000, 0x0000000702f00000|100%| O|  |TAMS 0x0000000702f00000, 0x0000000702e00000| Untracked 
|  33|0x0000000702f00000, 0x0000000703000000, 0x0000000703000000|100%| O|  |TAMS 0x0000000703000000, 0x0000000702f00000| Untracked 
|  34|0x0000000703000000, 0x0000000703100000, 0x0000000703100000|100%| O|  |TAMS 0x0000000703100000, 0x0000000703000000| Untracked 
|  35|0x0000000703100000, 0x0000000703200000, 0x0000000703200000|100%| O|  |TAMS 0x0000000703200000, 0x0000000703100000| Untracked 
|  36|0x0000000703200000, 0x0000000703300000, 0x0000000703300000|100%| O|  |TAMS 0x0000000703300000, 0x0000000703200000| Untracked 
|  37|0x0000000703300000, 0x0000000703400000, 0x0000000703400000|100%| O|  |TAMS 0x0000000703300000, 0x0000000703300000| Untracked 
|  38|0x0000000703400000, 0x0000000703500000, 0x0000000703500000|100%| O|  |TAMS 0x0000000703500000, 0x0000000703400000| Untracked 
|  39|0x0000000703500000, 0x0000000703600000, 0x0000000703600000|100%| O|  |TAMS 0x0000000703500000, 0x0000000703500000| Untracked 
|  40|0x0000000703600000, 0x0000000703700000, 0x0000000703700000|100%| O|  |TAMS 0x0000000703600000, 0x0000000703600000| Untracked 
|  41|0x0000000703700000, 0x0000000703800000, 0x0000000703800000|100%| O|  |TAMS 0x0000000703700000, 0x0000000703700000| Untracked 
|  42|0x0000000703800000, 0x0000000703900000, 0x0000000703900000|100%| O|  |TAMS 0x0000000703800000, 0x0000000703800000| Untracked 
|  43|0x0000000703900000, 0x0000000703a00000, 0x0000000703a00000|100%| O|  |TAMS 0x0000000703900000, 0x0000000703900000| Untracked 
|  44|0x0000000703a00000, 0x0000000703b00000, 0x0000000703b00000|100%| O|  |TAMS 0x0000000703a00000, 0x0000000703a00000| Untracked 
|  45|0x0000000703b00000, 0x0000000703c00000, 0x0000000703c00000|100%| O|  |TAMS 0x0000000703b00000, 0x0000000703b00000| Untracked 
|  46|0x0000000703c00000, 0x0000000703d00000, 0x0000000703d00000|100%| O|  |TAMS 0x0000000703d00000, 0x0000000703c00000| Untracked 
|  47|0x0000000703d00000, 0x0000000703e00000, 0x0000000703e00000|100%| O|  |TAMS 0x0000000703d00000, 0x0000000703d00000| Untracked 
|  48|0x0000000703e00000, 0x0000000703f00000, 0x0000000703f00000|100%| O|  |TAMS 0x0000000703e00000, 0x0000000703e00000| Untracked 
|  49|0x0000000703f00000, 0x0000000704000000, 0x0000000704000000|100%| O|  |TAMS 0x0000000703f00000, 0x0000000703f00000| Untracked 
|  50|0x0000000704000000, 0x0000000704100000, 0x0000000704100000|100%| O|  |TAMS 0x0000000704000000, 0x0000000704000000| Untracked 
|  51|0x0000000704100000, 0x0000000704200000, 0x0000000704200000|100%| O|  |TAMS 0x0000000704100000, 0x0000000704100000| Untracked 
|  52|0x0000000704200000, 0x0000000704300000, 0x0000000704300000|100%| O|  |TAMS 0x0000000704200000, 0x0000000704200000| Untracked 
|  53|0x0000000704300000, 0x0000000704400000, 0x0000000704400000|100%| O|  |TAMS 0x0000000704300000, 0x0000000704300000| Untracked 
|  54|0x0000000704400000, 0x0000000704500000, 0x0000000704500000|100%| O|  |TAMS 0x0000000704400000, 0x0000000704400000| Untracked 
|  55|0x0000000704500000, 0x0000000704600000, 0x0000000704600000|100%| O|  |TAMS 0x0000000704500000, 0x0000000704500000| Untracked 
|  56|0x0000000704600000, 0x0000000704700000, 0x0000000704700000|100%| O|  |TAMS 0x0000000704600000, 0x0000000704600000| Untracked 
|  57|0x0000000704700000, 0x0000000704800000, 0x0000000704800000|100%| O|  |TAMS 0x0000000704700000, 0x0000000704700000| Untracked 
|  58|0x0000000704800000, 0x0000000704900000, 0x0000000704900000|100%| O|  |TAMS 0x0000000704900000, 0x0000000704800000| Untracked 
|  59|0x0000000704900000, 0x0000000704a00000, 0x0000000704a00000|100%| O|  |TAMS 0x0000000704900000, 0x0000000704900000| Untracked 
|  60|0x0000000704a00000, 0x0000000704b00000, 0x0000000704b00000|100%| O|  |TAMS 0x0000000704a00000, 0x0000000704a00000| Untracked 
|  61|0x0000000704b00000, 0x0000000704c00000, 0x0000000704c00000|100%| O|  |TAMS 0x0000000704b89600, 0x0000000704b00000| Untracked 
|  62|0x0000000704c00000, 0x0000000704d00000, 0x0000000704d00000|100%| O|  |TAMS 0x0000000704c00000, 0x0000000704c00000| Untracked 
|  63|0x0000000704d00000, 0x0000000704e00000, 0x0000000704e00000|100%| O|  |TAMS 0x0000000704d00000, 0x0000000704d00000| Untracked 
|  64|0x0000000704e00000, 0x0000000704f00000, 0x0000000704f00000|100%| O|  |TAMS 0x0000000704e00000, 0x0000000704e00000| Untracked 
|  65|0x0000000704f00000, 0x0000000705000000, 0x0000000705000000|100%| O|  |TAMS 0x0000000704f00000, 0x0000000704f00000| Untracked 
|  66|0x0000000705000000, 0x0000000705100000, 0x0000000705100000|100%| O|  |TAMS 0x0000000705000000, 0x0000000705000000| Untracked 
|  67|0x0000000705100000, 0x0000000705200000, 0x0000000705200000|100%| O|  |TAMS 0x0000000705100000, 0x0000000705100000| Untracked 
|  68|0x0000000705200000, 0x0000000705300000, 0x0000000705300000|100%| O|  |TAMS 0x0000000705200000, 0x0000000705200000| Untracked 
|  69|0x0000000705300000, 0x0000000705400000, 0x0000000705400000|100%| O|  |TAMS 0x0000000705300000, 0x0000000705300000| Untracked 
|  70|0x0000000705400000, 0x0000000705500000, 0x0000000705500000|100%| O|  |TAMS 0x0000000705400000, 0x0000000705400000| Untracked 
|  71|0x0000000705500000, 0x00000007055b2a00, 0x0000000705600000| 69%| O|  |TAMS 0x0000000705500000, 0x0000000705500000| Untracked 
|  72|0x0000000705600000, 0x0000000705600000, 0x0000000705700000|  0%| F|  |TAMS 0x0000000705600000, 0x0000000705600000| Untracked 
|  73|0x0000000705700000, 0x0000000705700000, 0x0000000705800000|  0%| F|  |TAMS 0x0000000705700000, 0x0000000705700000| Untracked 
|  74|0x0000000705800000, 0x0000000705800000, 0x0000000705900000|  0%| F|  |TAMS 0x0000000705800000, 0x0000000705800000| Untracked 
|  75|0x0000000705900000, 0x0000000705900000, 0x0000000705a00000|  0%| F|  |TAMS 0x0000000705900000, 0x0000000705900000| Untracked 
|  76|0x0000000705a00000, 0x0000000705a00000, 0x0000000705b00000|  0%| F|  |TAMS 0x0000000705a00000, 0x0000000705a00000| Untracked 
|  77|0x0000000705b00000, 0x0000000705b00000, 0x0000000705c00000|  0%| F|  |TAMS 0x0000000705b00000, 0x0000000705b00000| Untracked 
|  78|0x0000000705c00000, 0x0000000705c00000, 0x0000000705d00000|  0%| F|  |TAMS 0x0000000705c00000, 0x0000000705c00000| Untracked 
|  79|0x0000000705d00000, 0x0000000705d00000, 0x0000000705e00000|  0%| F|  |TAMS 0x0000000705d00000, 0x0000000705d00000| Untracked 
|  80|0x0000000705e00000, 0x0000000705e00000, 0x0000000705f00000|  0%| F|  |TAMS 0x0000000705e00000, 0x0000000705e00000| Untracked 
|  81|0x0000000705f00000, 0x0000000705f00000, 0x0000000706000000|  0%| F|  |TAMS 0x0000000705f00000, 0x0000000705f00000| Untracked 
|  82|0x0000000706000000, 0x0000000706000000, 0x0000000706100000|  0%| F|  |TAMS 0x0000000706000000, 0x0000000706000000| Untracked 
|  83|0x0000000706100000, 0x0000000706100000, 0x0000000706200000|  0%| F|  |TAMS 0x0000000706100000, 0x0000000706100000| Untracked 
|  84|0x0000000706200000, 0x0000000706200000, 0x0000000706300000|  0%| F|  |TAMS 0x0000000706200000, 0x0000000706200000| Untracked 
|  85|0x0000000706300000, 0x0000000706300000, 0x0000000706400000|  0%| F|  |TAMS 0x0000000706300000, 0x0000000706300000| Untracked 
|  86|0x0000000706400000, 0x0000000706400000, 0x0000000706500000|  0%| F|  |TAMS 0x0000000706400000, 0x0000000706400000| Untracked 
|  87|0x0000000706500000, 0x0000000706500000, 0x0000000706600000|  0%| F|  |TAMS 0x0000000706500000, 0x0000000706500000| Untracked 
|  88|0x0000000706600000, 0x0000000706600000, 0x0000000706700000|  0%| F|  |TAMS 0x0000000706600000, 0x0000000706600000| Untracked 
|  89|0x0000000706700000, 0x0000000706700000, 0x0000000706800000|  0%| F|  |TAMS 0x0000000706700000, 0x0000000706700000| Untracked 
|  90|0x0000000706800000, 0x0000000706800000, 0x0000000706900000|  0%| F|  |TAMS 0x0000000706800000, 0x0000000706800000| Untracked 
|  91|0x0000000706900000, 0x0000000706900000, 0x0000000706a00000|  0%| F|  |TAMS 0x0000000706900000, 0x0000000706900000| Untracked 
|  92|0x0000000706a00000, 0x0000000706a00000, 0x0000000706b00000|  0%| F|  |TAMS 0x0000000706a00000, 0x0000000706a00000| Untracked 
|  93|0x0000000706b00000, 0x0000000706b00000, 0x0000000706c00000|  0%| F|  |TAMS 0x0000000706b00000, 0x0000000706b00000| Untracked 
|  94|0x0000000706c00000, 0x0000000706c00000, 0x0000000706d00000|  0%| F|  |TAMS 0x0000000706c00000, 0x0000000706c00000| Untracked 
|  95|0x0000000706d00000, 0x0000000706d00000, 0x0000000706e00000|  0%| F|  |TAMS 0x0000000706d00000, 0x0000000706d00000| Untracked 
|  96|0x0000000706e00000, 0x0000000706e00000, 0x0000000706f00000|  0%| F|  |TAMS 0x0000000706e00000, 0x0000000706e00000| Untracked 
|  97|0x0000000706f00000, 0x0000000706f00000, 0x0000000707000000|  0%| F|  |TAMS 0x0000000706f00000, 0x0000000706f00000| Untracked 
|  98|0x0000000707000000, 0x0000000707000000, 0x0000000707100000|  0%| F|  |TAMS 0x0000000707000000, 0x0000000707000000| Untracked 
|  99|0x0000000707100000, 0x000000070718e488, 0x0000000707200000| 55%| S|CS|TAMS 0x0000000707100000, 0x0000000707100000| Complete 
| 100|0x0000000707200000, 0x0000000707300000, 0x0000000707300000|100%| S|CS|TAMS 0x0000000707200000, 0x0000000707200000| Complete 
| 101|0x0000000707300000, 0x0000000707400000, 0x0000000707400000|100%| S|CS|TAMS 0x0000000707300000, 0x0000000707300000| Complete 
| 102|0x0000000707400000, 0x0000000707400000, 0x0000000707500000|  0%| F|  |TAMS 0x0000000707400000, 0x0000000707400000| Untracked 
| 103|0x0000000707500000, 0x0000000707500000, 0x0000000707600000|  0%| F|  |TAMS 0x0000000707500000, 0x0000000707500000| Untracked 
| 104|0x0000000707600000, 0x0000000707600000, 0x0000000707700000|  0%| F|  |TAMS 0x0000000707600000, 0x0000000707600000| Untracked 
| 105|0x0000000707700000, 0x0000000707700000, 0x0000000707800000|  0%| F|  |TAMS 0x0000000707700000, 0x0000000707700000| Untracked 
| 106|0x0000000707800000, 0x0000000707900000, 0x0000000707900000|100%| S|CS|TAMS 0x0000000707800000, 0x0000000707800000| Complete 
| 107|0x0000000707900000, 0x0000000707a00000, 0x0000000707a00000|100%| S|CS|TAMS 0x0000000707900000, 0x0000000707900000| Complete 
| 108|0x0000000707a00000, 0x0000000707a00000, 0x0000000707b00000|  0%| F|  |TAMS 0x0000000707a00000, 0x0000000707a00000| Untracked 
| 109|0x0000000707b00000, 0x0000000707c00000, 0x0000000707c00000|100%| S|CS|TAMS 0x0000000707b00000, 0x0000000707b00000| Complete 
| 110|0x0000000707c00000, 0x0000000707c00000, 0x0000000707d00000|  0%| F|  |TAMS 0x0000000707c00000, 0x0000000707c00000| Untracked 
| 111|0x0000000707d00000, 0x0000000707d80800, 0x0000000707e00000|100%| E|  |TAMS 0x0000000707d00000, 0x0000000707d00000| Complete 
| 112|0x0000000707e00000, 0x0000000707f00000, 0x0000000707f00000|100%| E|CS|TAMS 0x0000000707e00000, 0x0000000707e00000| Complete 
| 113|0x0000000707f00000, 0x0000000708000000, 0x0000000708000000|100%| E|CS|TAMS 0x0000000707f00000, 0x0000000707f00000| Complete 
| 114|0x0000000708000000, 0x0000000708100000, 0x0000000708100000|100%| E|CS|TAMS 0x0000000708000000, 0x0000000708000000| Complete 
| 115|0x0000000708100000, 0x0000000708200000, 0x0000000708200000|100%| E|CS|TAMS 0x0000000708100000, 0x0000000708100000| Complete 
| 116|0x0000000708200000, 0x0000000708300000, 0x0000000708300000|100%| E|CS|TAMS 0x0000000708200000, 0x0000000708200000| Complete 
| 117|0x0000000708300000, 0x0000000708400000, 0x0000000708400000|100%| E|CS|TAMS 0x0000000708300000, 0x0000000708300000| Complete 
| 118|0x0000000708400000, 0x0000000708500000, 0x0000000708500000|100%| E|CS|TAMS 0x0000000708400000, 0x0000000708400000| Complete 
| 119|0x0000000708500000, 0x0000000708600000, 0x0000000708600000|100%| E|CS|TAMS 0x0000000708500000, 0x0000000708500000| Complete 
| 120|0x0000000708600000, 0x0000000708700000, 0x0000000708700000|  0%| F|  |TAMS 0x0000000708600000, 0x0000000708600000| Untracked 
| 121|0x0000000708700000, 0x0000000708700000, 0x0000000708800000|  0%| F|  |TAMS 0x0000000708700000, 0x0000000708700000| Untracked 
| 122|0x0000000708800000, 0x0000000708800000, 0x0000000708900000|  0%| F|  |TAMS 0x0000000708800000, 0x0000000708800000| Untracked 
| 123|0x0000000708900000, 0x0000000708900000, 0x0000000708a00000|  0%| F|  |TAMS 0x0000000708900000, 0x0000000708900000| Untracked 
| 124|0x0000000708a00000, 0x0000000708a00000, 0x0000000708b00000|  0%| F|  |TAMS 0x0000000708a00000, 0x0000000708a00000| Untracked 
| 125|0x0000000708b00000, 0x0000000708b00000, 0x0000000708c00000|  0%| F|  |TAMS 0x0000000708b00000, 0x0000000708b00000| Untracked 
| 126|0x0000000708c00000, 0x0000000708c00000, 0x0000000708d00000|  0%| F|  |TAMS 0x0000000708c00000, 0x0000000708c00000| Untracked 
| 127|0x0000000708d00000, 0x0000000708d00000, 0x0000000708e00000|  0%| F|  |TAMS 0x0000000708d00000, 0x0000000708d00000| Untracked 
| 128|0x0000000708e00000, 0x0000000708e00000, 0x0000000708f00000|  0%| F|  |TAMS 0x0000000708e00000, 0x0000000708e00000| Untracked 
| 129|0x0000000708f00000, 0x0000000708f00000, 0x0000000709000000|  0%| F|  |TAMS 0x0000000708f00000, 0x0000000708f00000| Untracked 
| 130|0x0000000709000000, 0x0000000709000000, 0x0000000709100000|  0%| F|  |TAMS 0x0000000709000000, 0x0000000709000000| Untracked 
| 131|0x0000000709100000, 0x0000000709100000, 0x0000000709200000|  0%| F|  |TAMS 0x0000000709100000, 0x0000000709100000| Untracked 
| 132|0x0000000709200000, 0x0000000709200000, 0x0000000709300000|  0%| F|  |TAMS 0x0000000709200000, 0x0000000709200000| Untracked 
| 133|0x0000000709300000, 0x0000000709300000, 0x0000000709400000|  0%| F|  |TAMS 0x0000000709300000, 0x0000000709300000| Untracked 
| 134|0x0000000709400000, 0x0000000709400000, 0x0000000709500000|  0%| F|  |TAMS 0x0000000709400000, 0x0000000709400000| Untracked 
| 135|0x0000000709500000, 0x0000000709500000, 0x0000000709600000|  0%| F|  |TAMS 0x0000000709500000, 0x0000000709500000| Untracked 
| 136|0x0000000709600000, 0x0000000709600000, 0x0000000709700000|  0%| F|  |TAMS 0x0000000709600000, 0x0000000709600000| Untracked 
| 137|0x0000000709700000, 0x0000000709700000, 0x0000000709800000|  0%| F|  |TAMS 0x0000000709700000, 0x0000000709700000| Untracked 
| 138|0x0000000709800000, 0x0000000709800000, 0x0000000709900000|  0%| F|  |TAMS 0x0000000709800000, 0x0000000709800000| Untracked 
| 139|0x0000000709900000, 0x0000000709900000, 0x0000000709a00000|  0%| F|  |TAMS 0x0000000709900000, 0x0000000709900000| Untracked 
| 140|0x0000000709a00000, 0x0000000709a00000, 0x0000000709b00000|  0%| F|  |TAMS 0x0000000709a00000, 0x0000000709a00000| Untracked 
| 141|0x0000000709b00000, 0x0000000709b00000, 0x0000000709c00000|  0%| F|  |TAMS 0x0000000709b00000, 0x0000000709b00000| Untracked 
| 142|0x0000000709c00000, 0x0000000709c00000, 0x0000000709d00000|  0%| F|  |TAMS 0x0000000709c00000, 0x0000000709c00000| Untracked 
| 143|0x0000000709d00000, 0x0000000709d00000, 0x0000000709e00000|  0%| F|  |TAMS 0x0000000709d00000, 0x0000000709d00000| Untracked 
| 144|0x0000000709e00000, 0x0000000709e00000, 0x0000000709f00000|  0%| F|  |TAMS 0x0000000709e00000, 0x0000000709e00000| Untracked 
| 145|0x0000000709f00000, 0x0000000709f00000, 0x000000070a000000|  0%| F|  |TAMS 0x0000000709f00000, 0x0000000709f00000| Untracked 
| 146|0x000000070a000000, 0x000000070a000000, 0x000000070a100000|  0%| F|  |TAMS 0x000000070a000000, 0x000000070a000000| Untracked 
| 147|0x000000070a100000, 0x000000070a100000, 0x000000070a200000|  0%| F|  |TAMS 0x000000070a100000, 0x000000070a100000| Untracked 
| 148|0x000000070a200000, 0x000000070a200000, 0x000000070a300000|  0%| F|  |TAMS 0x000000070a200000, 0x000000070a200000| Untracked 
| 149|0x000000070a300000, 0x000000070a300000, 0x000000070a400000|  0%| F|  |TAMS 0x000000070a300000, 0x000000070a300000| Untracked 
| 150|0x000000070a400000, 0x000000070a400000, 0x000000070a500000|  0%| F|  |TAMS 0x000000070a400000, 0x000000070a400000| Untracked 
| 151|0x000000070a500000, 0x000000070a500000, 0x000000070a600000|  0%| F|  |TAMS 0x000000070a500000, 0x000000070a500000| Untracked 
| 152|0x000000070a600000, 0x000000070a600000, 0x000000070a700000|  0%| F|  |TAMS 0x000000070a600000, 0x000000070a600000| Untracked 
| 153|0x000000070a700000, 0x000000070a700000, 0x000000070a800000|  0%| F|  |TAMS 0x000000070a700000, 0x000000070a700000| Untracked 
| 154|0x000000070a800000, 0x000000070a800000, 0x000000070a900000|  0%| F|  |TAMS 0x000000070a800000, 0x000000070a800000| Untracked 
| 155|0x000000070a900000, 0x000000070a900000, 0x000000070aa00000|  0%| F|  |TAMS 0x000000070a900000, 0x000000070a900000| Untracked 
| 156|0x000000070aa00000, 0x000000070aa00000, 0x000000070ab00000|  0%| F|  |TAMS 0x000000070aa00000, 0x000000070aa00000| Untracked 
| 218|0x000000070e800000, 0x000000070e800000, 0x000000070e900000|  0%| F|  |TAMS 0x000000070e800000, 0x000000070e800000| Untracked 
| 219|0x000000070e900000, 0x000000070e900000, 0x000000070ea00000|  0%| F|  |TAMS 0x000000070e900000, 0x000000070e900000| Untracked 
| 220|0x000000070ea00000, 0x000000070ea00000, 0x000000070eb00000|  0%| F|  |TAMS 0x000000070ea00000, 0x000000070ea00000| Untracked 
| 221|0x000000070eb00000, 0x000000070ec00000, 0x000000070ec00000|100%| E|  |TAMS 0x000000070eb00000, 0x000000070eb00000| Complete 
| 222|0x000000070ec00000, 0x000000070ed00000, 0x000000070ed00000|100%| E|CS|TAMS 0x000000070ec00000, 0x000000070ec00000| Complete 
| 223|0x000000070ed00000, 0x000000070ee00000, 0x000000070ee00000|100%| E|CS|TAMS 0x000000070ed00000, 0x000000070ed00000| Complete 
| 224|0x000000070ee00000, 0x000000070ef00000, 0x000000070ef00000|100%| E|CS|TAMS 0x000000070ee00000, 0x000000070ee00000| Complete 
| 225|0x000000070ef00000, 0x000000070f000000, 0x000000070f000000|100%| E|CS|TAMS 0x000000070ef00000, 0x000000070ef00000| Complete 
| 226|0x000000070f000000, 0x000000070f100000, 0x000000070f100000|100%| E|CS|TAMS 0x000000070f000000, 0x000000070f000000| Complete 
| 227|0x000000070f100000, 0x000000070f200000, 0x000000070f200000|100%| E|CS|TAMS 0x000000070f100000, 0x000000070f100000| Complete 
| 305|0x0000000713f00000, 0x0000000714000000, 0x0000000714000000|100%| E|CS|TAMS 0x0000000713f00000, 0x0000000713f00000| Complete 
| 306|0x0000000714000000, 0x0000000714100000, 0x0000000714100000|100%| E|CS|TAMS 0x0000000714000000, 0x0000000714000000| Complete 
| 307|0x0000000714100000, 0x0000000714200000, 0x0000000714200000|100%| E|CS|TAMS 0x0000000714100000, 0x0000000714100000| Complete 

Card table byte_map: [0x000001baeef00000,0x000001baef700000] _byte_map_base: 0x000001baeb6f9000

Marking Bits (Prev, Next): (CMBitMap*) 0x000001bad72795d8, (CMBitMap*) 0x000001bad7279598
 Prev Bits: [0x000001baf3ed0000, 0x000001baf7e98000)
 Next Bits: [0x000001baeff00000, 0x000001baf3ec8000)

Polling page: 0x000001bad5040000

Metaspace:

Usage:
  Non-class:     57.41 MB capacity,    55.90 MB ( 97%) used,     1.18 MB (  2%) free+waste,   331.56 KB ( <1%) overhead. 
      Class:      8.95 MB capacity,     7.99 MB ( 89%) used,   834.30 KB (  9%) free+waste,   148.44 KB (  2%) overhead. 
       Both:     66.35 MB capacity,    63.89 MB ( 96%) used,     2.00 MB (  3%) free+waste,   480.00 KB ( <1%) overhead. 

Virtual space:
  Non-class space:       58.00 MB reserved,      57.50 MB (>99%) committed 
      Class space:        1.00 GB reserved,       9.00 MB ( <1%) committed 
             Both:        1.06 GB reserved,      66.50 MB (  6%) committed 

Chunk freelists:
   Non-Class:  33.00 KB
       Class:  0 bytes
        Both:  33.00 KB

MaxMetaspaceSize: 17179869184.00 GB
CompressedClassSpaceSize: 1.00 GB

CodeHeap 'non-profiled nmethods': size=120000Kb used=7151Kb max_used=7151Kb free=112848Kb
 bounds [0x000001bae71d0000, 0x000001bae78d0000, 0x000001baee700000]
CodeHeap 'profiled nmethods': size=120000Kb used=22370Kb max_used=22370Kb free=97629Kb
 bounds [0x000001badfca0000, 0x000001bae1280000, 0x000001bae71d0000]
CodeHeap 'non-nmethods': size=5760Kb used=1381Kb max_used=1443Kb free=4378Kb
 bounds [0x000001badf700000, 0x000001badf970000, 0x000001badfca0000]
 total_blobs=16479 nmethods=9713 adapters=587
 compilation: enabled
              stopped_count=0, restarted_count=0
 full_count=0

Compilation events (20 events):
Event: 71.264 Thread 0x000001bafa569000 nmethod 11795 0x000001bae1227e10 code [0x000001bae1227fe0, 0x000001bae12283d0]
Event: 71.264 Thread 0x000001bafadf9800 11786       4       java.util.stream.IntPipeline$9::opWrapSink (10 bytes)
Event: 71.265 Thread 0x000001bafa569000 11796   !   3       org.springframework.beans.factory.support.AbstractAutowireCapableBeanFactory::applyPropertyValues (534 bytes)
Event: 71.265 Thread 0x000001bafadf9800 nmethod 11786 0x000001bae789fe90 code [0x000001bae78a0020, 0x000001bae78a0218]
Event: 71.265 Thread 0x000001bafadf9800 11781       4       com.aoedb.database.Database::getString (64 bytes)
Event: 71.269 Thread 0x000001bafd788000 nmethod 11752 0x000001bae78a0390 code [0x000001bae78a06a0, 0x000001bae78a3470]
Event: 71.269 Thread 0x000001bafd788000 11754 %     4       java.math.BigDecimal::<init> @ 127 (454 bytes)
Event: 71.270 Thread 0x000001bafa569000 nmethod 11796 0x000001bae1228510 code [0x000001bae1228da0, 0x000001bae122fba0]
Event: 71.270 Thread 0x000001bafa569000 11797       3       org.springframework.web.context.support.ServletContextAwareProcessor::postProcessAfterInitialization (2 bytes)
Event: 71.270 Thread 0x000001bafa569000 nmethod 11797 0x000001bae1231f90 code [0x000001bae1232120, 0x000001bae1232298]
Event: 71.270 Thread 0x000001bafa569000 11798       3       org.springframework.context.support.ApplicationListenerDetector::postProcessAfterInitialization (122 bytes)
Event: 71.271 Thread 0x000001bafa569000 nmethod 11798 0x000001bae1232310 code [0x000001bae12326a0, 0x000001bae12343d0]
Event: 71.284 Thread 0x000001bafa569000 11801       3       org.springframework.context.annotation.ConfigurationClassPostProcessor$ImportAwareBeanPostProcessor::postProcessProperties (22 bytes)
Event: 71.285 Thread 0x000001bafa569000 nmethod 11801 0x000001bae1234b10 code [0x000001bae1234ce0, 0x000001bae12351d0]
Event: 71.285 Thread 0x000001bafa569000 11802       3       org.springframework.context.support.ApplicationContextAwareProcessor::postProcessBeforeInitialization (100 bytes)
Event: 71.285 Thread 0x000001bafa569000 nmethod 11802 0x000001bae1235310 code [0x000001bae1235580, 0x000001bae1236620]
Event: 71.285 Thread 0x000001bafa569000 11803       3       org.springframework.web.context.support.ServletContextAwareProcessor::postProcessBeforeInitialization (56 bytes)
Event: 71.285 Thread 0x000001bafa569000 nmethod 11803 0x000001bae1236890 code [0x000001bae1236ac0, 0x000001bae1237660]
Event: 71.285 Thread 0x000001bafa569000 11804       3       org.springframework.context.support.ApplicationListenerDetector::postProcessBeforeInitialization (2 bytes)
Event: 71.286 Thread 0x000001bafa569000 nmethod 11804 0x000001bae1237810 code [0x000001bae12379a0, 0x000001bae1237b18]

GC Heap History (20 events):
Event: 37.656 GC heap before
{Heap before GC invocations=31 (full 0):
 garbage-first heap   total 174080K, used 78865K [0x0000000700e00000, 0x0000000800000000)
  region size 1024K, 8 young (8192K), 2 survivors (2048K)
 Metaspace       used 56275K, capacity 58240K, committed 58496K, reserved 1099776K
  class space    used 6930K, capacity 7705K, committed 7808K, reserved 1048576K
}
Event: 37.663 GC heap after
{Heap after GC invocations=32 (full 0):
 garbage-first heap   total 174080K, used 46585K [0x0000000700e00000, 0x0000000800000000)
  region size 1024K, 1 young (1024K), 1 survivors (1024K)
 Metaspace       used 56275K, capacity 58240K, committed 58496K, reserved 1099776K
  class space    used 6930K, capacity 7705K, committed 7808K, reserved 1048576K
}
Event: 44.155 GC heap before
{Heap before GC invocations=32 (full 0):
 garbage-first heap   total 174080K, used 113145K [0x0000000700e00000, 0x0000000800000000)
  region size 1024K, 67 young (68608K), 1 survivors (1024K)
 Metaspace       used 60269K, capacity 62547K, committed 62720K, reserved 1103872K
  class space    used 7493K, capacity 8398K, committed 8448K, reserved 1048576K
}
Event: 44.160 GC heap after
{Heap after GC invocations=33 (full 0):
 garbage-first heap   total 174080K, used 50916K [0x0000000700e00000, 0x0000000800000000)
  region size 1024K, 5 young (5120K), 5 survivors (5120K)
 Metaspace       used 60269K, capacity 62547K, committed 62720K, reserved 1103872K
  class space    used 7493K, capacity 8398K, committed 8448K, reserved 1048576K
}
Event: 44.792 GC heap before
{Heap before GC invocations=33 (full 0):
 garbage-first heap   total 174080K, used 119524K [0x0000000700e00000, 0x0000000800000000)
  region size 1024K, 72 young (73728K), 5 survivors (5120K)
 Metaspace       used 63744K, capacity 66163K, committed 66304K, reserved 1105920K
  class space    used 8135K, capacity 9099K, committed 9216K, reserved 1048576K
}
Event: 44.798 GC heap after
{Heap after GC invocations=34 (full 0):
 garbage-first heap   total 174080K, used 53434K [0x0000000700e00000, 0x0000000800000000)
  region size 1024K, 7 young (7168K), 7 survivors (7168K)
 Metaspace       used 63744K, capacity 66163K, committed 66304K, reserved 1105920K
  class space    used 8135K, capacity 9099K, committed 9216K, reserved 1048576K
}
Event: 46.165 GC heap before
{Heap before GC invocations=34 (full 0):
 garbage-first heap   total 174080K, used 135354K [0x0000000700e00000, 0x0000000800000000)
  region size 1024K, 76 young (77824K), 7 survivors (7168K)
 Metaspace       used 64175K, capacity 66625K, committed 66816K, reserved 1107968K
  class space    used 8135K, capacity 9099K, committed 9216K, reserved 1048576K
}
Event: 46.169 GC heap after
{Heap after GC invocations=35 (full 0):
 garbage-first heap   total 174080K, used 57928K [0x0000000700e00000, 0x0000000800000000)
  region size 1024K, 9 young (9216K), 9 survivors (9216K)
 Metaspace       used 64175K, capacity 66625K, committed 66816K, reserved 1107968K
  class space    used 8135K, capacity 9099K, committed 9216K, reserved 1048576K
}
Event: 65.637 GC heap before
{Heap before GC invocations=35 (full 0):
 garbage-first heap   total 174080K, used 128584K [0x0000000700e00000, 0x0000000800000000)
  region size 1024K, 76 young (77824K), 9 survivors (9216K)
 Metaspace       used 64327K, capacity 66744K, committed 67072K, reserved 1107968K
  class space    used 8146K, capacity 9115K, committed 9216K, reserved 1048576K
}
Event: 65.641 GC heap after
{Heap after GC invocations=36 (full 0):
 garbage-first heap   total 174080K, used 59260K [0x0000000700e00000, 0x0000000800000000)
  region size 1024K, 5 young (5120K), 5 survivors (5120K)
 Metaspace       used 64327K, capacity 66744K, committed 67072K, reserved 1107968K
  class space    used 8146K, capacity 9115K, committed 9216K, reserved 1048576K
}
Event: 67.026 GC heap before
{Heap before GC invocations=36 (full 0):
 garbage-first heap   total 174080K, used 128892K [0x0000000700e00000, 0x0000000800000000)
  region size 1024K, 74 young (75776K), 5 survivors (5120K)
 Metaspace       used 64589K, capacity 67071K, committed 67328K, reserved 1107968K
  class space    used 8158K, capacity 9134K, committed 9216K, reserved 1048576K
}
Event: 67.031 GC heap after
{Heap after GC invocations=37 (full 0):
 garbage-first heap   total 174080K, used 73309K [0x0000000700e00000, 0x0000000800000000)
  region size 1024K, 10 young (10240K), 10 survivors (10240K)
 Metaspace       used 64589K, capacity 67071K, committed 67328K, reserved 1107968K
  class space    used 8158K, capacity 9134K, committed 9216K, reserved 1048576K
}
Event: 70.529 GC heap before
{Heap before GC invocations=37 (full 0):
 garbage-first heap   total 174080K, used 130653K [0x0000000700e00000, 0x0000000800000000)
  region size 1024K, 67 young (68608K), 10 survivors (10240K)
 Metaspace       used 65036K, capacity 67538K, committed 67840K, reserved 1107968K
  class space    used 8176K, capacity 9159K, committed 9216K, reserved 1048576K
}
Event: 70.535 GC heap after
{Heap after GC invocations=38 (full 0):
 garbage-first heap   total 174080K, used 77282K [0x0000000700e00000, 0x0000000800000000)
  region size 1024K, 4 young (4096K), 4 survivors (4096K)
 Metaspace       used 65036K, capacity 67538K, committed 67840K, reserved 1107968K
  class space    used 8176K, capacity 9159K, committed 9216K, reserved 1048576K
}
Event: 70.748 GC heap before
{Heap before GC invocations=38 (full 0):
 garbage-first heap   total 174080K, used 134626K [0x0000000700e00000, 0x0000000800000000)
  region size 1024K, 60 young (61440K), 4 survivors (4096K)
 Metaspace       used 65094K, capacity 67550K, committed 67840K, reserved 1107968K
  class space    used 8177K, capacity 9161K, committed 9216K, reserved 1048576K
}
Event: 70.751 GC heap after
{Heap after GC invocations=39 (full 0):
 garbage-first heap   total 174080K, used 75466K [0x0000000700e00000, 0x0000000800000000)
  region size 1024K, 2 young (2048K), 2 survivors (2048K)
 Metaspace       used 65094K, capacity 67550K, committed 67840K, reserved 1107968K
  class space    used 8177K, capacity 9161K, committed 9216K, reserved 1048576K
}
Event: 70.908 GC heap before
{Heap before GC invocations=39 (full 0):
 garbage-first heap   total 174080K, used 135882K [0x0000000700e00000, 0x0000000800000000)
  region size 1024K, 61 young (62464K), 2 survivors (2048K)
 Metaspace       used 65175K, capacity 67614K, committed 67840K, reserved 1107968K
  class space    used 8177K, capacity 9161K, committed 9216K, reserved 1048576K
}
Event: 70.911 GC heap after
{Heap after GC invocations=40 (full 0):
 garbage-first heap   total 174080K, used 76490K [0x0000000700e00000, 0x0000000800000000)
  region size 1024K, 3 young (3072K), 3 survivors (3072K)
 Metaspace       used 65175K, capacity 67614K, committed 67840K, reserved 1107968K
  class space    used 8177K, capacity 9161K, committed 9216K, reserved 1048576K
}
Event: 71.203 GC heap before
{Heap before GC invocations=40 (full 0):
 garbage-first heap   total 174080K, used 137930K [0x0000000700e00000, 0x0000000800000000)
  region size 1024K, 63 young (64512K), 3 survivors (3072K)
 Metaspace       used 65240K, capacity 67744K, committed 67840K, reserved 1107968K
  class space    used 8177K, capacity 9161K, committed 9216K, reserved 1048576K
}
Event: 71.209 GC heap after
{Heap after GC invocations=41 (full 0):
 garbage-first heap   total 174080K, used 77911K [0x0000000700e00000, 0x0000000800000000)
  region size 1024K, 5 young (5120K), 5 survivors (5120K)
 Metaspace       used 65240K, capacity 67744K, committed 67840K, reserved 1107968K
  class space    used 8177K, capacity 9161K, committed 9216K, reserved 1048576K
}

Deoptimization events (20 events):
Event: 70.900 Thread 0x000001ba8129e000 DEOPT PACKING pc=0x000001bae118ae76 sp=0x0000004bf30fb6c0
Event: 70.900 Thread 0x000001ba8129e000 DEOPT UNPACKING pc=0x000001badf74964e sp=0x0000004bf30fac10 mode 0
Event: 70.918 Thread 0x000001ba8129e000 DEOPT PACKING pc=0x000001bae118ae76 sp=0x0000004bf30fb6c0
Event: 70.918 Thread 0x000001ba8129e000 DEOPT UNPACKING pc=0x000001badf74964e sp=0x0000004bf30fac10 mode 0
Event: 70.932 Thread 0x000001ba8129e000 DEOPT PACKING pc=0x000001bae118ae76 sp=0x0000004bf30fb6c0
Event: 70.932 Thread 0x000001ba8129e000 DEOPT UNPACKING pc=0x000001badf74964e sp=0x0000004bf30fac10 mode 0
Event: 70.950 Thread 0x000001ba8129e000 DEOPT PACKING pc=0x000001bae118ae76 sp=0x0000004bf30fb6c0
Event: 70.950 Thread 0x000001ba8129e000 DEOPT UNPACKING pc=0x000001badf74964e sp=0x0000004bf30fac10 mode 0
Event: 70.963 Thread 0x000001ba8129e000 DEOPT PACKING pc=0x000001bae118ae76 sp=0x0000004bf30fb6c0
Event: 70.963 Thread 0x000001ba8129e000 DEOPT UNPACKING pc=0x000001badf74964e sp=0x0000004bf30fac10 mode 0
Event: 70.982 Thread 0x000001ba8129e000 DEOPT PACKING pc=0x000001bae118ae76 sp=0x0000004bf30fb6c0
Event: 70.982 Thread 0x000001ba8129e000 DEOPT UNPACKING pc=0x000001badf74964e sp=0x0000004bf30fac10 mode 0
Event: 71.028 Thread 0x000001ba8129e000 DEOPT PACKING pc=0x000001bae118ae76 sp=0x0000004bf30fb530
Event: 71.028 Thread 0x000001ba8129e000 DEOPT UNPACKING pc=0x000001badf74964e sp=0x0000004bf30faa80 mode 0
Event: 71.106 Thread 0x000001ba8129e000 DEOPT PACKING pc=0x000001bae118ae76 sp=0x0000004bf30fb530
Event: 71.106 Thread 0x000001ba8129e000 DEOPT UNPACKING pc=0x000001badf74964e sp=0x0000004bf30faa80 mode 0
Event: 71.132 Thread 0x000001ba8129e000 DEOPT PACKING pc=0x000001bae118ae76 sp=0x0000004bf30fb530
Event: 71.132 Thread 0x000001ba8129e000 DEOPT UNPACKING pc=0x000001badf74964e sp=0x0000004bf30faa80 mode 0
Event: 71.154 Thread 0x000001ba8129e000 DEOPT PACKING pc=0x000001bae118ae76 sp=0x0000004bf30fb530
Event: 71.154 Thread 0x000001ba8129e000 DEOPT UNPACKING pc=0x000001badf74964e sp=0x0000004bf30faa80 mode 0

Classes unloaded (0 events):
No events

Classes redefined (0 events):
No events

Internal exceptions (20 events):
Event: 39.509 Thread 0x000001ba8129d000 Exception <a 'java/lang/NoSuchMethodError'{0x000000070aa1e9f8}: 'java.lang.Object java.lang.invoke.DirectMethodHandle$Holder.invokeVirtual(java.lang.Object, java.lang.Object, int)'> (0x000000070aa1e9f8) 
thrown [t:/workspace/open/src/hotspot/share/interpreter/linkResolver.cpp, line 767]
Event: 39.554 Thread 0x000001ba8129d000 Exception <a 'java/lang/NoSuchMethodError'{0x000000070a801928}: 'java.lang.Object java.lang.invoke.DirectMethodHandle$Holder.invokeVirtual(java.lang.Object, java.lang.Object, java.lang.Object, double)'> (0x000000070a801928) 
thrown [t:/workspace/open/src/hotspot/share/interpreter/linkResolver.cpp, line 767]
Event: 39.555 Thread 0x000001ba8129d000 Exception <a 'java/lang/NoSuchMethodError'{0x000000070a80ef38}: 'java.lang.Object java.lang.invoke.DirectMethodHandle$Holder.invokeVirtual(java.lang.Object, java.lang.Object, java.lang.Object, int)'> (0x000000070a80ef38) 
thrown [t:/workspace/open/src/hotspot/share/interpreter/linkResolver.cpp, line 767]
Event: 39.555 Thread 0x000001ba8129d000 Exception <a 'java/lang/NoSuchMethodError'{0x000000070a815ea0}: 'int java.lang.invoke.DirectMethodHandle$Holder.invokeVirtual(java.lang.Object, java.lang.Object, java.lang.Object, int)'> (0x000000070a815ea0) 
thrown [t:/workspace/open/src/hotspot/share/interpreter/linkResolver.cpp, line 767]
Event: 39.557 Thread 0x000001ba8129d000 Exception <a 'java/lang/NoSuchMethodError'{0x000000070a8284b8}: 'void java.lang.invoke.DirectMethodHandle$Holder.invokeStaticInit(java.lang.Object, java.lang.Object, java.lang.Object, java.lang.Object)'> (0x000000070a8284b8) 
thrown [t:/workspace/open/src/hotspot/share/interpreter/linkResolver.cpp, line 767]
Event: 39.566 Thread 0x000001ba8129d000 Exception <a 'java/lang/NoSuchMethodError'{0x000000070a8c5fc0}: 'int java.lang.invoke.DirectMethodHandle$Holder.invokeVirtual(java.lang.Object, java.lang.Object, java.lang.Object, java.lang.Object)'> (0x000000070a8c5fc0) 
thrown [t:/workspace/open/src/hotspot/share/interpreter/linkResolver.cpp, line 767]
Event: 39.577 Thread 0x000001ba8129d000 Exception <a 'java/lang/NoSuchMethodError'{0x000000070a72a910}: 'void java.lang.invoke.DirectMethodHandle$Holder.invokeSpecial(java.lang.Object, java.lang.Object, int, java.lang.Object)'> (0x000000070a72a910) 
thrown [t:/workspace/open/src/hotspot/share/interpreter/linkResolver.cpp, line 767]
Event: 39.621 Thread 0x000001ba8129d000 Exception <a 'java/lang/IncompatibleClassChangeError'{0x000000070a546dd8}: Found class java.lang.Object, but interface was expected> (0x000000070a546dd8) 
thrown [t:/workspace/open/src/hotspot/share/interpreter/linkResolver.cpp, line 833]
Event: 39.621 Thread 0x000001ba8129d000 Exception <a 'java/lang/IncompatibleClassChangeError'{0x000000070a549cf0}: Found class java.lang.Object, but interface was expected> (0x000000070a549cf0) 
thrown [t:/workspace/open/src/hotspot/share/interpreter/linkResolver.cpp, line 833]
Event: 39.708 Thread 0x000001ba8129d000 Exception <a 'java/lang/NoSuchMethodError'{0x000000070a127c40}: 'java.lang.Object java.lang.invoke.DirectMethodHandle$Holder.newInvokeSpecial(java.lang.Object, java.lang.Object, java.lang.Object)'> (0x000000070a127c40) 
thrown [t:/workspace/open/src/hotspot/share/interpreter/linkResolver.cpp, line 767]
Event: 44.052 Thread 0x000001ba8129e000 Implicit null exception at 0x000001bae72dff61 to 0x000001bae72e002a
Event: 44.081 Thread 0x000001ba8129e000 Exception <a 'java/lang/NoSuchMethodError'{0x0000000707ef9898}: 'int java.lang.invoke.DirectMethodHandle$Holder.invokeSpecialIFC(java.lang.Object, java.lang.Object, java.lang.Object)'> (0x0000000707ef9898) 
thrown [t:/workspace/open/src/hotspot/share/interpreter/linkResolver.cpp, line 767]
Event: 44.086 Thread 0x000001ba8129e000 Exception <a 'java/lang/IncompatibleClassChangeError'{0x0000000707d390e0}: Found class java.lang.Object, but interface was expected> (0x0000000707d390e0) 
thrown [t:/workspace/open/src/hotspot/share/interpreter/linkResolver.cpp, line 833]
Event: 44.548 Thread 0x000001ba8129e000 Exception <a 'java/lang/NoSuchMethodError'{0x0000000708d80290}: 'void java.lang.invoke.DirectMethodHandle$Holder.invokeSpecial(java.lang.Object, java.lang.Object, int)'> (0x0000000708d80290) 
thrown [t:/workspace/open/src/hotspot/share/interpreter/linkResolver.cpp, line 767]
Event: 44.557 Thread 0x000001ba8129e000 Exception <a 'java/lang/IncompatibleClassChangeError'{0x0000000708de5bc0}: Found class java.lang.Object, but interface was expected> (0x0000000708de5bc0) 
thrown [t:/workspace/open/src/hotspot/share/interpreter/linkResolver.cpp, line 833]
Event: 44.586 Thread 0x000001ba8129e000 Implicit null exception at 0x000001bae760155c to 0x000001bae76015a6
Event: 45.741 Thread 0x000001ba8129f800 Exception <a 'java/io/IOException'{0x00000007084bf9c0}> (0x00000007084bf9c0) 
thrown [t:/workspace/open/src/hotspot/share/prims/jni.cpp, line 598]
Event: 45.748 Thread 0x000001ba8129e800 Exception <a 'java/io/IOException'{0x00000007084e2570}> (0x00000007084e2570) 
thrown [t:/workspace/open/src/hotspot/share/prims/jni.cpp, line 598]
Event: 45.748 Thread 0x000001ba812a3000 Exception <a 'java/io/IOException'{0x0000000708491820}> (0x0000000708491820) 
thrown [t:/workspace/open/src/hotspot/share/prims/jni.cpp, line 598]
Event: 45.752 Thread 0x000001ba812aa000 Exception <a 'java/io/IOException'{0x00000007084fa1d0}> (0x00000007084fa1d0) 
thrown [t:/workspace/open/src/hotspot/share/prims/jni.cpp, line 598]

Events (20 events):
Event: 70.465 loading class com/aoedb/views/components/TechTreePopup
Event: 70.465 loading class com/aoedb/views/components/TechTreePopup done
Event: 70.465 loading class com/vaadin/flow/component/ComponentEvent
Event: 70.465 loading class com/vaadin/flow/component/ComponentEvent done
Event: 70.465 loading class com/vaadin/flow/component/ClickEvent
Event: 70.465 loading class com/vaadin/flow/component/ClickEvent done
Event: 70.465 loading class com/vaadin/flow/component/ClickEvent
Event: 70.465 loading class com/vaadin/flow/component/ClickEvent done
Event: 70.465 loading class com/aoedb/views/components/TechTreeBox
Event: 70.465 loading class com/aoedb/views/components/TechTreeBox done
Event: 70.466 loading class com/aoedb/data/Entity
Event: 70.466 loading class com/aoedb/data/Entity done
Event: 70.529 Executing VM operation: G1CollectForAllocation
Event: 70.535 Executing VM operation: G1CollectForAllocation done
Event: 70.748 Executing VM operation: G1CollectForAllocation
Event: 70.751 Executing VM operation: G1CollectForAllocation done
Event: 70.908 Executing VM operation: G1CollectForAllocation
Event: 70.911 Executing VM operation: G1CollectForAllocation done
Event: 71.203 Executing VM operation: G1CollectForAllocation
Event: 71.212 Executing VM operation: G1CollectForAllocation done


Dynamic libraries:
0x00007ff7b3520000 - 0x00007ff7b352f000 	D:\Programas\Java sdk\bin\java.exe
0x00007ffeec7f0000 - 0x00007ffeec9e5000 	C:\WINDOWS\SYSTEM32\ntdll.dll
0x00007ffecac10000 - 0x00007ffecac26000 	C:\Program Files\AVAST Software\Avast\aswhook.dll
0x00007ffeeb870000 - 0x00007ffeeb92e000 	C:\WINDOWS\System32\KERNEL32.DLL
0x00007ffeea400000 - 0x00007ffeea6c8000 	C:\WINDOWS\System32\KERNELBASE.dll
0x00007ffee9f00000 - 0x00007ffeea000000 	C:\WINDOWS\System32\ucrtbase.dll
0x00007ffee7660000 - 0x00007ffee7678000 	D:\Programas\Java sdk\bin\jli.dll
0x00007ffeeb930000 - 0x00007ffeeb9de000 	C:\WINDOWS\System32\ADVAPI32.dll
0x00007ffeead00000 - 0x00007ffeead9e000 	C:\WINDOWS\System32\msvcrt.dll
0x00007ffeebd20000 - 0x00007ffeebdbc000 	C:\WINDOWS\System32\sechost.dll
0x00007ffeeada0000 - 0x00007ffeeaec5000 	C:\WINDOWS\System32\RPCRT4.dll
0x00007ffeeab50000 - 0x00007ffeeacf1000 	C:\WINDOWS\System32\USER32.dll
0x00007ffeea270000 - 0x00007ffeea292000 	C:\WINDOWS\System32\win32u.dll
0x00007ffeebac0000 - 0x00007ffeebaeb000 	C:\WINDOWS\System32\GDI32.dll
0x00007ffeea030000 - 0x00007ffeea13d000 	C:\WINDOWS\System32\gdi32full.dll
0x00007ffeea140000 - 0x00007ffeea1dd000 	C:\WINDOWS\System32\msvcp_win.dll
0x00007ffee7680000 - 0x00007ffee7695000 	D:\Programas\Java sdk\bin\VCRUNTIME140.dll
0x00007ffedc9f0000 - 0x00007ffedcc8a000 	C:\WINDOWS\WinSxS\amd64_microsoft.windows.common-controls_6595b64144ccf1df_6.0.19041.1110_none_60b5254171f9507e\COMCTL32.dll
0x00007ffee12b0000 - 0x00007ffee12ba000 	C:\WINDOWS\SYSTEM32\VERSION.dll
0x00007ffeea830000 - 0x00007ffeea860000 	C:\WINDOWS\System32\IMM32.DLL
0x00007ffecde70000 - 0x00007ffecdf0b000 	D:\Programas\Java sdk\bin\msvcp140.dll
0x00007ffe6e010000 - 0x00007ffe6eb6d000 	D:\Programas\Java sdk\bin\server\jvm.dll
0x00007ffeec2b0000 - 0x00007ffeec2b8000 	C:\WINDOWS\System32\PSAPI.DLL
0x00007ffed9820000 - 0x00007ffed9829000 	C:\WINDOWS\SYSTEM32\WSOCK32.dll
0x00007ffeebdc0000 - 0x00007ffeebe2b000 	C:\WINDOWS\System32\WS2_32.dll
0x00007ffede1e0000 - 0x00007ffede207000 	C:\WINDOWS\SYSTEM32\WINMM.dll
0x00007ffee7dd0000 - 0x00007ffee7de2000 	C:\WINDOWS\SYSTEM32\kernel.appcore.dll
0x00007ffee7650000 - 0x00007ffee7660000 	D:\Programas\Java sdk\bin\verify.dll
0x00007ffedf0e0000 - 0x00007ffedf2c4000 	C:\WINDOWS\SYSTEM32\DBGHELP.DLL
0x00007ffedf000000 - 0x00007ffedf02c000 	C:\WINDOWS\SYSTEM32\dbgcore.DLL
0x00007ffeea1e0000 - 0x00007ffeea262000 	C:\WINDOWS\System32\bcryptPrimitives.dll
0x00007ffece070000 - 0x00007ffece096000 	D:\Programas\Java sdk\bin\java.dll
0x00007ffed7ff0000 - 0x00007ffed7ffe000 	D:\Programas\Java sdk\bin\instrument.dll
0x00007ffeddc70000 - 0x00007ffeddc87000 	D:\Programas\Java sdk\bin\zip.dll
0x00007ffee7640000 - 0x00007ffee764a000 	D:\Programas\Java sdk\bin\jimage.dll
0x00007ffeeb100000 - 0x00007ffeeb844000 	C:\WINDOWS\System32\SHELL32.dll
0x00007ffee7fd0000 - 0x00007ffee8765000 	C:\WINDOWS\SYSTEM32\windows.storage.dll
0x00007ffeec2c0000 - 0x00007ffeec615000 	C:\WINDOWS\System32\combase.dll
0x00007ffee9870000 - 0x00007ffee989e000 	C:\WINDOWS\SYSTEM32\Wldp.dll
0x00007ffeea9f0000 - 0x00007ffeeaa9d000 	C:\WINDOWS\System32\SHCORE.dll
0x00007ffeeaed0000 - 0x00007ffeeaf25000 	C:\WINDOWS\System32\shlwapi.dll
0x00007ffee9e40000 - 0x00007ffee9e5f000 	C:\WINDOWS\SYSTEM32\profapi.dll
0x00007ffed0c20000 - 0x00007ffed0c39000 	D:\Programas\Java sdk\bin\net.dll
0x00007ffee3540000 - 0x00007ffee364c000 	C:\WINDOWS\SYSTEM32\WINHTTP.dll
0x00007ffee9650000 - 0x00007ffee96ba000 	C:\WINDOWS\system32\mswsock.dll
0x00007ffece050000 - 0x00007ffece063000 	D:\Programas\Java sdk\bin\nio.dll
0x00007ffece030000 - 0x00007ffece04a000 	C:\Program Files\JetBrains\IntelliJ IDEA Community Edition 2021.2.2\bin\breakgen64.dll
0x00007ffee4d50000 - 0x00007ffee4d59000 	D:\Programas\Java sdk\bin\management.dll
0x00007ffee4b40000 - 0x00007ffee4b4b000 	D:\Programas\Java sdk\bin\management_ext.dll
0x00007ffecbf50000 - 0x00007ffecbf67000 	C:\WINDOWS\system32\napinsp.dll
0x00007ffecbf30000 - 0x00007ffecbf4b000 	C:\WINDOWS\system32\pnrpnsp.dll
0x00007ffeda890000 - 0x00007ffeda8a5000 	C:\WINDOWS\system32\wshbth.dll
0x00007ffee59e0000 - 0x00007ffee59fd000 	C:\WINDOWS\system32\NLAapi.dll
0x00007ffee9310000 - 0x00007ffee934b000 	C:\WINDOWS\SYSTEM32\IPHLPAPI.DLL
0x00007ffee9360000 - 0x00007ffee942b000 	C:\WINDOWS\SYSTEM32\DNSAPI.dll
0x00007ffeeb0f0000 - 0x00007ffeeb0f8000 	C:\WINDOWS\System32\NSI.dll
0x00007ffecbf10000 - 0x00007ffecbf22000 	C:\WINDOWS\System32\winrnr.dll
0x00007ffee1260000 - 0x00007ffee126a000 	C:\Windows\System32\rasadhlp.dll
0x00007ffee31a0000 - 0x00007ffee321f000 	C:\WINDOWS\System32\fwpuclnt.dll
0x00007ffeea000000 - 0x00007ffeea027000 	C:\WINDOWS\System32\bcrypt.dll
0x00007ffee9bc0000 - 0x00007ffee9bd8000 	C:\WINDOWS\SYSTEM32\CRYPTSP.dll
0x00007ffee8f20000 - 0x00007ffee8f54000 	C:\WINDOWS\system32\rsaenh.dll
0x00007ffee9e00000 - 0x00007ffee9e2e000 	C:\WINDOWS\SYSTEM32\USERENV.dll
0x00007ffee97e0000 - 0x00007ffee97ec000 	C:\WINDOWS\SYSTEM32\CRYPTBASE.dll
0x00007ffee3d40000 - 0x00007ffee3d57000 	C:\WINDOWS\SYSTEM32\dhcpcsvc6.DLL
0x00007ffee3d20000 - 0x00007ffee3d3d000 	C:\WINDOWS\SYSTEM32\dhcpcsvc.DLL
0x00007ffea6f60000 - 0x00007ffea70f9000 	D:\Programas\Java sdk\bin\awt.dll
0x00007ffeec680000 - 0x00007ffeec74d000 	C:\WINDOWS\System32\OLEAUT32.dll
0x00007ffee7720000 - 0x00007ffee77b0000 	C:\WINDOWS\SYSTEM32\apphelp.dll
0x00007ffee7ae0000 - 0x00007ffee7b0f000 	C:\WINDOWS\system32\DWMAPI.DLL
0x00007ffee78f0000 - 0x00007ffee798e000 	C:\WINDOWS\system32\uxtheme.dll
0x00007ffeebc00000 - 0x00007ffeebd15000 	C:\WINDOWS\System32\MSCTF.dll
0x00007ffeea860000 - 0x00007ffeea98a000 	C:\WINDOWS\System32\ole32.dll

dbghelp: loaded successfully - version: 4.0.5 - missing functions: none
symbol engine: initialized successfully - sym options: 0x614 - pdb path: .;D:\Programas\Java sdk\bin;C:\WINDOWS\SYSTEM32;C:\Program Files\AVAST Software\Avast;C:\WINDOWS\WinSxS\amd64_microsoft.windows.common-controls_6595b64144ccf1df_6.0.19041.1110_none_60b5254171f9507e;D:\Programas\Java sdk\bin\server;C:\Program Files\JetBrains\IntelliJ IDEA Community Edition 2021.2.2\bin

VM Arguments:
jvm_args: -javaagent:C:\Program Files\JetBrains\IntelliJ IDEA Community Edition 2021.2.2\lib\idea_rt.jar=63499:C:\Program Files\JetBrains\IntelliJ IDEA Community Edition 2021.2.2\bin -Dfile.encoding=UTF-8 
java_command: com.aoedb.Application
java_class_path (initial): D:\cosas\programacion random\Vaadin\aoe-2-database\target\classes;C:\Users\pau_7\.m2\repository\com\vaadin\vaadin\22.0.2\vaadin-22.0.2.jar;C:\Users\pau_7\.m2\repository\com\vaadin\vaadin-core\22.0.2\vaadin-core-22.0.2.jar;C:\Users\pau_7\.m2\repository\com\vaadin\flow-server\9.0.2\flow-server-9.0.2.jar;C:\Users\pau_7\.m2\repository\javax\annotation\javax.annotation-api\1.3.2\javax.annotation-api-1.3.2.jar;C:\Users\pau_7\.m2\repository\commons-fileupload\commons-fileupload\1.3.3\commons-fileupload-1.3.3.jar;C:\Users\pau_7\.m2\repository\commons-io\commons-io\2.11.0\commons-io-2.11.0.jar;C:\Users\pau_7\.m2\repository\com\fasterxml\jackson\core\jackson-core\2.13.0\jackson-core-2.13.0.jar;C:\Users\pau_7\.m2\repository\com\helger\ph-css\6.3.4\ph-css-6.3.4.jar;C:\Users\pau_7\.m2\repository\com\helger\commons\ph-commons\10.1.2\ph-commons-10.1.2.jar;C:\Users\pau_7\.m2\repository\com\vaadin\external\gentyref\1.2.0.vaadin1\gentyref-1.2.0.vaadin1.jar;C:\Users\pau_7\.m2\repository\org\apache\commons\commons-compress\1.21\commons-compress-1.21.jar;C:\Users\pau_7\.m2\repository\org\apache\httpcomponents\httpclient\4.5.13\httpclient-4.5.13.jar;C:\Users\pau_7\.m2\repository\org\apache\httpcomponents\httpcore\4.4.14\httpcore-4.4.14.jar;C:\Users\pau_7\.m2\repository\com\vaadin\fusion-endpoint\9.0.2\fusion-endpoint-9.0.2.jar;C:\Users\pau_7\.m2\repository\javax\validation\validation-api\2.0.1.Final\validation-api-2.0.1.Final.jar;C:\Users\pau_7\.m2\repository\org\springframework\data\spring-data-commons\2.6.0\spring-data-commons-2.6.0.jar;C:\Users\pau_7\.m2\repository\com\fasterxml\jackson\core\jackson-annotations\2.13.0\jackson-annotations-2.13.0.jar;C:\Users\pau_7\.m2\repository\com\fasterxml\jackson\dataformat\jackson-dataformat-yaml\2.13.0\jackson-dataformat-yaml-2.13.0.jar;C:\Users\pau_7\.m2\repository\org\slf4j\slf4j-ext\1.7.32\slf4j-ext-1.7.32.jar;C:\Users\pau_7\.m2\repository\com\github\javaparser\javaparser-symbol-solver-core\3.23.1\javaparser-symbol
Launcher Type: SUN_STANDARD

[Global flags]
     intx CICompilerCount                          = 3                                         {product} {ergonomic}
     uint ConcGCThreads                            = 1                                         {product} {ergonomic}
     uint G1ConcRefinementThreads                  = 4                                         {product} {ergonomic}
   size_t G1HeapRegionSize                         = 1048576                                   {product} {ergonomic}
    uintx GCDrainStackTargetSize                   = 64                                        {product} {ergonomic}
   size_t InitialHeapSize                          = 268435456                                 {product} {ergonomic}
   size_t MarkStackSize                            = 4194304                                   {product} {ergonomic}
   size_t MaxHeapSize                              = 4280287232                                {product} {ergonomic}
   size_t MaxNewSize                               = 2567962624                                {product} {ergonomic}
   size_t MinHeapDeltaBytes                        = 1048576                                   {product} {ergonomic}
   size_t MinHeapSize                              = 8388608                                   {product} {ergonomic}
    uintx NonNMethodCodeHeapSize                   = 5832780                                {pd product} {ergonomic}
    uintx NonProfiledCodeHeapSize                  = 122912730                              {pd product} {ergonomic}
    uintx ProfiledCodeHeapSize                     = 122912730                              {pd product} {ergonomic}
    uintx ReservedCodeCacheSize                    = 251658240                              {pd product} {ergonomic}
     bool SegmentedCodeCache                       = true                                      {product} {ergonomic}
   size_t SoftMaxHeapSize                          = 4280287232                             {manageable} {ergonomic}
     bool UseCompressedClassPointers               = true                                 {lp64_product} {ergonomic}
     bool UseCompressedOops                        = true                                 {lp64_product} {ergonomic}
     bool UseG1GC                                  = true                                      {product} {ergonomic}
     bool UseLargePagesIndividualAllocation        = false                                  {pd product} {ergonomic}

Logging:
Log output configuration:
 #0: stdout all=warning uptime,level,tags
 #1: stderr all=off uptime,level,tags

Environment Variables:
JAVA_HOME=C:\Program Files\OpenJDK\jdk-11.0.8.10-hotspot\
PATH=C:\Program Files\OpenJDK\jdk-11.0.8.10-hotspot\bin;C:\Program Files\OpenJDK\jdk-8.0.262.10-hotspot\bin;C:\Program Files\Common Files\Oracle\Java\javapath;C:\Python39\Scripts\;C:\Python39\;C:\Windows\system32;C:\Windows;C:\Windows\System32\Wbem;C:\Windows\System32\WindowsPowerShell\v1.0\;C:\Windows\System32\OpenSSH\;C:\Program Files (x86)\NVIDIA Corporation\PhysX\Common;C:\Program Files\PuTTY\;C:\WINDOWS\system32;C:\WINDOWS;C:\WINDOWS\System32\Wbem;C:\WINDOWS\System32\WindowsPowerShell\v1.0\;C:\WINDOWS\System32\OpenSSH\;C:\Program Files\Git\cmd;D:\Programas\Node.js\;C:\ProgramData\chocolatey\bin;C:\Program Files\NVIDIA Corporation\NVIDIA NvDLISR;D:\Programas\apache-maven-3.8.3\bin;C:\Users\pau_7\AppData\Local\Microsoft\WindowsApps;C:\Program Files\JetBrains\IntelliJ IDEA Community Edition 2021.2.2\bin;;D:\Programas\Microsoft VS Code\bin;C:\Users\pau_7\AppData\Roaming\npm;D:\Programas\heroku\bin
USERNAME=pau_7
OS=Windows_NT
PROCESSOR_IDENTIFIER=Intel64 Family 6 Model 58 Stepping 9, GenuineIntel



---------------  S Y S T E M  ---------------

OS: Windows 10 , 64 bit Build 19041 (10.0.19041.1466)
HyperV virtualization detected

CPU:total 4 (initial active 4) (4 cores per cpu, 1 threads per core) family 6 model 58 stepping 9, cmov, cx8, fxsr, mmx, sse, sse2, sse3, ssse3, sse4.1, sse4.2, popcnt, avx, aes, clmul, erms, tsc, tscinvbit, tscinv

Memory: 4k page, system-wide physical 16320M (7014M free)
TotalPageFile size 18752M (AvailPageFile size 7084M)
current process WorkingSet (physical memory assigned to process): 391M, peak: 403M
current process commit charge ("private bytes"): 425M, peak: 456M

vm_info: Java HotSpot(TM) 64-Bit Server VM (13.0.2+8) for windows-amd64 JRE (13.0.2+8), built on Dec 11 2019 09:20:33 by "mach5one" with unknown MS VC++:1916

END.
