#
# A fatal error has been detected by the Java Runtime Environment:
#
#  EXCEPTION_ACCESS_VIOLATION (0xc0000005) at pc=0x00007fbe6e082eb0, pid=8968, tid=3060
#
# JRE version: Java(TM) SE Runtime Environment (13.0.2+8) (build 13.0.2+8)
# Java VM: Java HotSpot(TM) 64-Bit Server VM (13.0.2+8, mixed mode, sharing, tiered, compressed oops, g1 gc, windows-amd64)
# Problematic frame:
# C  0x00007fbe6e082eb0
#
# No core dump will be written. Minidumps are not enabled by default on client versions of Windows
#
# If you would like to submit a bug report, please visit:
#   http://bugreport.java.com/bugreport/crash.jsp
#

---------------  S U M M A R Y ------------

Command Line: -javaagent:C:\Program Files\JetBrains\IntelliJ IDEA Community Edition 2021.2.2\lib\idea_rt.jar=63057:C:\Program Files\JetBrains\IntelliJ IDEA Community Edition 2021.2.2\bin -Dfile.encoding=UTF-8 com.aoedb.Application

Host: Intel(R) Core(TM) i5-3570 CPU @ 3.40GHz, 4 cores, 15G,  Windows 10 , 64 bit Build 19041 (10.0.19041.1466)
Time: Fri Jan 21 14:09:34 2022 Hora estándar romance elapsed time: 100 seconds (0d 0h 1m 40s)

---------------  T H R E A D  ---------------

Current thread (0x000002a4dc00f800):  JavaThread "C2 CompilerThread1" daemon [_thread_in_native, id=3060, stack(0x000000f5f8400000,0x000000f5f8500000)]


Current CompileTask:
C2: 100202 10720       4       java.math.BigDecimal::<init> (454 bytes)

Stack: [0x000000f5f8400000,0x000000f5f8500000],  sp=0x000000f5f84fba88,  free space=1006k
Native frames: (J=compiled Java code, j=interpreted, Vv=VM code, C=native code)
C  0x00007fbe6e082eb0


siginfo: EXCEPTION_ACCESS_VIOLATION (0xc0000005), data execution prevention violation at address 0x00007fbe6e082eb0


Register to memory mapping:

RIP=0x00007fbe6e082eb0 is an unknown value
RAX=0x00007ffe6e7c3a58 jvm.dll
RBX=0x000002a4dca34f18 points into unknown readable memory: 58 3a 7c 6e fe 7f 00 00
RCX=0x000002a4dca34f18 points into unknown readable memory: 58 3a 7c 6e fe 7f 00 00
RDX=0x000000000000021f is an unknown value
RSP=0x000000f5f84fba88 is pointing into the stack for thread: 0x000002a4dc00f800
RBP=0x000000000000000c is an unknown value
RSI=0x000002a4d7584170 points into unknown readable memory: 40 e7 84 6e fe 7f 00 00
RDI=0x0 is NULL
R8 =0x0000000000000011 is an unknown value
R9 =0x000000f5f84fbb50 is pointing into the stack for thread: 0x000002a4dc00f800
R10=0x0 is NULL
R11=0x000000f5f84fbaa0 is pointing into the stack for thread: 0x000002a4dc00f800
R12=0x0000000000000035 is an unknown value
R13=0x0000000000000a0d is an unknown value
R14=0x0000000000000060 is an unknown value
R15=0x000000f5f84fbbd0 is pointing into the stack for thread: 0x000002a4dc00f800


Registers:
RAX=0x00007ffe6e7c3a58, RBX=0x000002a4dca34f18, RCX=0x000002a4dca34f18, RDX=0x000000000000021f
RSP=0x000000f5f84fba88, RBP=0x000000000000000c, RSI=0x000002a4d7584170, RDI=0x0000000000000000
R8 =0x0000000000000011, R9 =0x000000f5f84fbb50, R10=0x0000000000000000, R11=0x000000f5f84fbaa0
R12=0x0000000000000035, R13=0x0000000000000a0d, R14=0x0000000000000060, R15=0x000000f5f84fbbd0
RIP=0x00007fbe6e082eb0, EFLAGS=0x0000000000010283

Top of Stack: (sp=0x000000f5f84fba88)
0x000000f5f84fba88:   00007ffe6e1b1ccb 0000000000000000
0x000000f5f84fba98:   0000000000000000 000000f5f84fbb50
0x000000f5f84fbaa8:   00007ffe6e36a25a 0000000000000000
0x000000f5f84fbab8:   000002a4dbfe3f90 00000000000003d8
0x000000f5f84fbac8:   000002a4dbfe3f80 000002a4dbfe4368
0x000000f5f84fbad8:   00007ffe6e33777a 000000f500000016
0x000000f5f84fbae8:   000000f5f84fbfd0 000000f5f84fbbe0
0x000000f5f84fbaf8:   00000000ffffff01 000000003fffff01
0x000000f5f84fbb08:   0000000000008010 0000000000000001
0x000000f5f84fbb18:   000002a4b07b0000 0000000000000802
0x000000f5f84fbb28:   00007ffeec81b44d 000002a4da90d200
0x000000f5f84fbb38:   000002a4da90fb30 000002a4da90d210
0x000000f5f84fbb48:   000002a4dc9ad2a0 0000000000000006
0x000000f5f84fbb58:   000002a4dbfe3f80 000002a4dbfe3f80
0x000000f5f84fbb68:   000002a4dbfe3f90 000002a4dbfe4368
0x000000f5f84fbb78:   00000000000003d8 00007ffe6e8d8c68 

Instructions: (pc=0x00007fbe6e082eb0)
0x00007fbe6e082db0:   ?? ?? ?? ?? ?? ?? ?? ?? ?? ?? ?? ?? ?? ?? ?? ??
0x00007fbe6e082dc0:   ?? ?? ?? ?? ?? ?? ?? ?? ?? ?? ?? ?? ?? ?? ?? ??
0x00007fbe6e082dd0:   ?? ?? ?? ?? ?? ?? ?? ?? ?? ?? ?? ?? ?? ?? ?? ??
0x00007fbe6e082de0:   ?? ?? ?? ?? ?? ?? ?? ?? ?? ?? ?? ?? ?? ?? ?? ??
0x00007fbe6e082df0:   ?? ?? ?? ?? ?? ?? ?? ?? ?? ?? ?? ?? ?? ?? ?? ??
0x00007fbe6e082e00:   ?? ?? ?? ?? ?? ?? ?? ?? ?? ?? ?? ?? ?? ?? ?? ??
0x00007fbe6e082e10:   ?? ?? ?? ?? ?? ?? ?? ?? ?? ?? ?? ?? ?? ?? ?? ??
0x00007fbe6e082e20:   ?? ?? ?? ?? ?? ?? ?? ?? ?? ?? ?? ?? ?? ?? ?? ??
0x00007fbe6e082e30:   ?? ?? ?? ?? ?? ?? ?? ?? ?? ?? ?? ?? ?? ?? ?? ??
0x00007fbe6e082e40:   ?? ?? ?? ?? ?? ?? ?? ?? ?? ?? ?? ?? ?? ?? ?? ??
0x00007fbe6e082e50:   ?? ?? ?? ?? ?? ?? ?? ?? ?? ?? ?? ?? ?? ?? ?? ??
0x00007fbe6e082e60:   ?? ?? ?? ?? ?? ?? ?? ?? ?? ?? ?? ?? ?? ?? ?? ??
0x00007fbe6e082e70:   ?? ?? ?? ?? ?? ?? ?? ?? ?? ?? ?? ?? ?? ?? ?? ??
0x00007fbe6e082e80:   ?? ?? ?? ?? ?? ?? ?? ?? ?? ?? ?? ?? ?? ?? ?? ??
0x00007fbe6e082e90:   ?? ?? ?? ?? ?? ?? ?? ?? ?? ?? ?? ?? ?? ?? ?? ??
0x00007fbe6e082ea0:   ?? ?? ?? ?? ?? ?? ?? ?? ?? ?? ?? ?? ?? ?? ?? ??
0x00007fbe6e082eb0:   ?? ?? ?? ?? ?? ?? ?? ?? ?? ?? ?? ?? ?? ?? ?? ??
0x00007fbe6e082ec0:   ?? ?? ?? ?? ?? ?? ?? ?? ?? ?? ?? ?? ?? ?? ?? ??
0x00007fbe6e082ed0:   ?? ?? ?? ?? ?? ?? ?? ?? ?? ?? ?? ?? ?? ?? ?? ??
0x00007fbe6e082ee0:   ?? ?? ?? ?? ?? ?? ?? ?? ?? ?? ?? ?? ?? ?? ?? ??
0x00007fbe6e082ef0:   ?? ?? ?? ?? ?? ?? ?? ?? ?? ?? ?? ?? ?? ?? ?? ??
0x00007fbe6e082f00:   ?? ?? ?? ?? ?? ?? ?? ?? ?? ?? ?? ?? ?? ?? ?? ??
0x00007fbe6e082f10:   ?? ?? ?? ?? ?? ?? ?? ?? ?? ?? ?? ?? ?? ?? ?? ??
0x00007fbe6e082f20:   ?? ?? ?? ?? ?? ?? ?? ?? ?? ?? ?? ?? ?? ?? ?? ??
0x00007fbe6e082f30:   ?? ?? ?? ?? ?? ?? ?? ?? ?? ?? ?? ?? ?? ?? ?? ??
0x00007fbe6e082f40:   ?? ?? ?? ?? ?? ?? ?? ?? ?? ?? ?? ?? ?? ?? ?? ??
0x00007fbe6e082f50:   ?? ?? ?? ?? ?? ?? ?? ?? ?? ?? ?? ?? ?? ?? ?? ??
0x00007fbe6e082f60:   ?? ?? ?? ?? ?? ?? ?? ?? ?? ?? ?? ?? ?? ?? ?? ??
0x00007fbe6e082f70:   ?? ?? ?? ?? ?? ?? ?? ?? ?? ?? ?? ?? ?? ?? ?? ??
0x00007fbe6e082f80:   ?? ?? ?? ?? ?? ?? ?? ?? ?? ?? ?? ?? ?? ?? ?? ??
0x00007fbe6e082f90:   ?? ?? ?? ?? ?? ?? ?? ?? ?? ?? ?? ?? ?? ?? ?? ??
0x00007fbe6e082fa0:   ?? ?? ?? ?? ?? ?? ?? ?? ?? ?? ?? ?? ?? ?? ?? ?? 


Stack slot to memory mapping:
stack at sp + 0 slots: 0x00007ffe6e1b1ccb jvm.dll
stack at sp + 1 slots: 0x0 is NULL
stack at sp + 2 slots: 0x0 is NULL
stack at sp + 3 slots: 0x000000f5f84fbb50 is pointing into the stack for thread: 0x000002a4dc00f800
stack at sp + 4 slots: 0x00007ffe6e36a25a jvm.dll
stack at sp + 5 slots: 0x0 is NULL
stack at sp + 6 slots: 0x000002a4dbfe3f90 points into unknown readable memory: 80 2f 87 6e fe 7f 00 00
stack at sp + 7 slots: 0x00000000000003d8 is an unknown value


---------------  P R O C E S S  ---------------

Threads class SMR info:
_java_thread_list=0x000002a4dc1df6d0, length=40, elements={
0x000002a4d5d50000, 0x000002a4d5d53800, 0x000002a4d5d6c800, 0x000002a4d65f2000,
0x000002a4d65f5000, 0x000002a4d65f6000, 0x000002a4d65f8000, 0x000002a4d686a800,
0x000002a4d693c000, 0x000002a4d701b800, 0x000002a4da2ef800, 0x000002a4da2f5000,
0x000002a4da2f6000, 0x000002a4da2f0000, 0x000002a4da2f3800, 0x000002a4da2f1000,
0x000002a4da2f2800, 0x000002a4dc712800, 0x000002a4dc713000, 0x000002a4dc719000,
0x000002a4dc719800, 0x000002a4dc714000, 0x000002a4dc717000, 0x000002a4dc715000,
0x000002a4dc715800, 0x000002a4dc71d000, 0x000002a4dc71e000, 0x000002a4dc71a800,
0x000002a4dc71c000, 0x000002a4dc71b800, 0x000002a4dc718000, 0x000002a4dc71f800,
0x000002a4dc721000, 0x000002a4dc71e800, 0x000002a4d7a9d000, 0x000002a4d7aa2000,
0x000002a4d7aa0000, 0x000002a4d7aa3800, 0x000002a4d7a9d800, 0x000002a4dc00f800
}

Java Threads: ( => current thread )
  0x000002a4d5d50000 JavaThread "Reference Handler" daemon [_thread_blocked, id=15736, stack(0x000000f5f8c00000,0x000000f5f8d00000)]
  0x000002a4d5d53800 JavaThread "Finalizer" daemon [_thread_blocked, id=1192, stack(0x000000f5f8d00000,0x000000f5f8e00000)]
  0x000002a4d5d6c800 JavaThread "Signal Dispatcher" daemon [_thread_blocked, id=9260, stack(0x000000f5f8e00000,0x000000f5f8f00000)]
  0x000002a4d65f2000 JavaThread "Attach Listener" daemon [_thread_blocked, id=2184, stack(0x000000f5f8f00000,0x000000f5f9000000)]
  0x000002a4d65f5000 JavaThread "C2 CompilerThread0" daemon [_thread_in_native, id=708, stack(0x000000f5f9000000,0x000000f5f9100000)]
  0x000002a4d65f6000 JavaThread "C1 CompilerThread0" daemon [_thread_blocked, id=16192, stack(0x000000f5f9100000,0x000000f5f9200000)]
  0x000002a4d65f8000 JavaThread "Sweeper thread" daemon [_thread_blocked, id=1852, stack(0x000000f5f9200000,0x000000f5f9300000)]
  0x000002a4d686a800 JavaThread "Common-Cleaner" daemon [_thread_blocked, id=6776, stack(0x000000f5f9300000,0x000000f5f9400000)]
  0x000002a4d693c000 JavaThread "Monitor Ctrl-Break" daemon [_thread_in_native, id=12708, stack(0x000000f5f9400000,0x000000f5f9500000)]
  0x000002a4d701b800 JavaThread "Service Thread" daemon [_thread_blocked, id=16284, stack(0x000000f5f9500000,0x000000f5f9600000)]
  0x000002a4da2ef800 JavaThread "Catalina-utility-1" [_thread_blocked, id=3424, stack(0x000000f5f9e00000,0x000000f5f9f00000)]
  0x000002a4da2f5000 JavaThread "Catalina-utility-2" [_thread_blocked, id=15900, stack(0x000000f5f9f00000,0x000000f5fa000000)]
  0x000002a4da2f6000 JavaThread "container-0" [_thread_blocked, id=15560, stack(0x000000f5fa000000,0x000000f5fa100000)]
  0x000002a4da2f0000 JavaThread "File Watcher" daemon [_thread_blocked, id=1980, stack(0x000000f5fa100000,0x000000f5fa200000)]
  0x000002a4da2f3800 JavaThread "Live Reload Server" daemon [_thread_in_native, id=4672, stack(0x000000f5fa300000,0x000000f5fa400000)]
  0x000002a4da2f1000 JavaThread "Atmosphere-Shared-0" daemon [_thread_blocked, id=7480, stack(0x000000f5fa400000,0x000000f5fa500000)]
  0x000002a4da2f2800 JavaThread "Atmosphere-Scheduler-1" daemon [_thread_blocked, id=5544, stack(0x000000f5fa500000,0x000000f5fa600000)]
  0x000002a4dc712800 JavaThread "http-nio-8080-Poller" daemon [_thread_in_native, id=16220, stack(0x000000f5fa600000,0x000000f5fa700000)]
  0x000002a4dc713000 JavaThread "http-nio-8080-Acceptor" daemon [_thread_in_native, id=9388, stack(0x000000f5fa700000,0x000000f5fa800000)]
  0x000002a4dc719000 JavaThread "http-nio-8080-exec-1" daemon [_thread_blocked, id=15880, stack(0x000000f5fa800000,0x000000f5fa900000)]
  0x000002a4dc719800 JavaThread "http-nio-8080-exec-2" daemon [_thread_blocked, id=1128, stack(0x000000f5fa900000,0x000000f5faa00000)]
  0x000002a4dc714000 JavaThread "ForkJoinPool.commonPool-worker-5" daemon [_thread_blocked, id=3024, stack(0x000000f5fab00000,0x000000f5fac00000)]
  0x000002a4dc717000 JavaThread "Thread-8" daemon [_thread_in_native, id=15548, stack(0x000000f5fac00000,0x000000f5fad00000)]
  0x000002a4dc715000 JavaThread "http-nio-8080-exec-3" daemon [_thread_blocked, id=2680, stack(0x000000f5fad00000,0x000000f5fae00000)]
  0x000002a4dc715800 JavaThread "DestroyJavaVM" [_thread_blocked, id=15928, stack(0x000000f5f8500000,0x000000f5f8600000)]
  0x000002a4dc71d000 JavaThread "http-nio-8080-exec-4" daemon [_thread_blocked, id=7656, stack(0x000000f5f9a00000,0x000000f5f9b00000)]
  0x000002a4dc71e000 JavaThread "http-nio-8080-exec-5" daemon [_thread_blocked, id=16212, stack(0x000000f5f9b00000,0x000000f5f9c00000)]
  0x000002a4dc71a800 JavaThread "http-nio-8080-exec-6" daemon [_thread_blocked, id=10108, stack(0x000000f5f9c00000,0x000000f5f9d00000)]
  0x000002a4dc71c000 JavaThread "http-nio-8080-exec-7" daemon [_thread_blocked, id=6444, stack(0x000000f5fae00000,0x000000f5faf00000)]
  0x000002a4dc71b800 JavaThread "http-nio-8080-exec-8" daemon [_thread_blocked, id=7672, stack(0x000000f5faf00000,0x000000f5fb000000)]
  0x000002a4dc718000 JavaThread "http-nio-8080-exec-9" daemon [_thread_blocked, id=4708, stack(0x000000f5fb000000,0x000000f5fb100000)]
  0x000002a4dc71f800 JavaThread "http-nio-8080-exec-10" daemon [_thread_blocked, id=7200, stack(0x000000f5fb100000,0x000000f5fb200000)]
  0x000002a4dc721000 JavaThread "dev-server-output" daemon [_thread_in_native, id=14644, stack(0x000000f5fb200000,0x000000f5fb300000)]
  0x000002a4dc71e800 JavaThread "Java2D Disposer" daemon [_thread_blocked, id=9916, stack(0x000000f5fb400000,0x000000f5fb500000)]
  0x000002a4d7a9d000 JavaThread "AWT-Windows" daemon [_thread_in_native, id=15260, stack(0x000000f5fb700000,0x000000f5fb800000)]
  0x000002a4d7aa2000 JavaThread "Live Reload #1" daemon [_thread_in_native, id=11904, stack(0x000000f5fb800000,0x000000f5fb900000)]
  0x000002a4d7aa0000 JavaThread "WebSocket background processing" daemon [_thread_blocked, id=8228, stack(0x000000f5fbb00000,0x000000f5fbc00000)]
  0x000002a4d7aa3800 JavaThread "Live Reload #2" daemon [_thread_blocked, id=10700, stack(0x000000f5fbd00000,0x000000f5fbe00000)]
  0x000002a4d7a9d800 JavaThread "Atmosphere-Scheduler-3" daemon [_thread_blocked, id=3816, stack(0x000000f5f8200000,0x000000f5f8300000)]
=>0x000002a4dc00f800 JavaThread "C2 CompilerThread1" daemon [_thread_in_native, id=3060, stack(0x000000f5f8400000,0x000000f5f8500000)]

Other Threads:
  0x000002a4d5d4c000 VMThread "VM Thread" [stack: 0x000000f5f8b00000,0x000000f5f8c00000] [id=9088]
  0x000002a4d7059800 WatcherThread [stack: 0x000000f5f9600000,0x000000f5f9700000] [id=9188]
  0x000002a4b2af8800 GCTaskThread "GC Thread#0" [stack: 0x000000f5f8600000,0x000000f5f8700000] [id=11800]
  0x000002a4d7282000 GCTaskThread "GC Thread#1" [stack: 0x000000f5f9700000,0x000000f5f9800000] [id=5812]
  0x000002a4d728d000 GCTaskThread "GC Thread#2" [stack: 0x000000f5f9800000,0x000000f5f9900000] [id=5168]
  0x000002a4d728e000 GCTaskThread "GC Thread#3" [stack: 0x000000f5f9900000,0x000000f5f9a00000] [id=7856]
  0x000002a4b2b1b000 ConcurrentGCThread "G1 Main Marker" [stack: 0x000000f5f8700000,0x000000f5f8800000] [id=11484]
  0x000002a4b2b1d000 ConcurrentGCThread "G1 Conc#0" [stack: 0x000000f5f8800000,0x000000f5f8900000] [id=4968]
  0x000002a4d5c49800 ConcurrentGCThread "G1 Refine#0" [stack: 0x000000f5f8900000,0x000000f5f8a00000] [id=5192]
  0x000002a4dca9e000 ConcurrentGCThread "G1 Refine#1" [stack: 0x000000f5faa00000,0x000000f5fab00000] [id=10176]
  0x000002a4d5c4a800 ConcurrentGCThread "G1 Young RemSet Sampling" [stack: 0x000000f5f8a00000,0x000000f5f8b00000] [id=10980]

Threads with active compile tasks:
C2 CompilerThread0   100582 10821       4       elemental.json.impl.JreJsonObject::stringifyOrder (89 bytes)
C2 CompilerThread1   100583 10720       4       java.math.BigDecimal::<init> (454 bytes)

VM state:not at safepoint (normal execution)

VM Mutex/Monitor currently owned by a thread: None

Heap address: 0x0000000700e00000, size: 4082 MB, Compressed Oops mode: Zero based, Oop shift amount: 3
Narrow klass base: 0x0000000800000000, Narrow klass shift: 3
Compressed class space size: 1073741824 Address: 0x0000000800b40000

Heap:
 garbage-first heap   total 186368K, used 99232K [0x0000000700e00000, 0x0000000800000000)
  region size 1024K, 45 young (46080K), 4 survivors (4096K)
 Metaspace       used 64262K, capacity 66652K, committed 66816K, reserved 1107968K
  class space    used 8137K, capacity 9103K, committed 9216K, reserved 1048576K
Heap Regions: E=young(eden), S=young(survivor), O=old, HS=humongous(starts), HC=humongous(continues), CS=collection set, F=free, A=archive, TAMS=top-at-mark-start (previous, next)
|   0|0x0000000700e00000, 0x0000000700f00000, 0x0000000700f00000|100%| O|  |TAMS 0x0000000700f00000, 0x0000000700e00000| Untracked 
|   1|0x0000000700f00000, 0x0000000701000000, 0x0000000701000000|100%| O|  |TAMS 0x0000000701000000, 0x0000000700f00000| Untracked 
|   2|0x0000000701000000, 0x0000000701100000, 0x0000000701100000|100%| O|  |TAMS 0x0000000701100000, 0x0000000701000000| Untracked 
|   3|0x0000000701100000, 0x0000000701200000, 0x0000000701200000|100%| O|  |TAMS 0x0000000701200000, 0x0000000701100000| Untracked 
|   4|0x0000000701200000, 0x0000000701300000, 0x0000000701300000|100%| O|  |TAMS 0x0000000701300000, 0x0000000701200000| Untracked 
|   5|0x0000000701300000, 0x0000000701400000, 0x0000000701400000|100%| O|  |TAMS 0x0000000701400000, 0x0000000701300000| Untracked 
|   6|0x0000000701400000, 0x0000000701500000, 0x0000000701500000|100%| O|  |TAMS 0x0000000701500000, 0x0000000701400000| Untracked 
|   7|0x0000000701500000, 0x0000000701600000, 0x0000000701600000|100%| O|  |TAMS 0x0000000701600000, 0x0000000701500000| Untracked 
|   8|0x0000000701600000, 0x0000000701700000, 0x0000000701700000|100%| O|  |TAMS 0x0000000701700000, 0x0000000701600000| Untracked 
|   9|0x0000000701700000, 0x0000000701800000, 0x0000000701800000|100%| O|  |TAMS 0x0000000701800000, 0x0000000701700000| Untracked 
|  10|0x0000000701800000, 0x0000000701900000, 0x0000000701900000|100%| O|  |TAMS 0x0000000701900000, 0x0000000701800000| Untracked 
|  11|0x0000000701900000, 0x0000000701a00000, 0x0000000701a00000|100%| O|  |TAMS 0x0000000701a00000, 0x0000000701900000| Untracked 
|  12|0x0000000701a00000, 0x0000000701b00000, 0x0000000701b00000|100%| O|  |TAMS 0x0000000701b00000, 0x0000000701a00000| Untracked 
|  13|0x0000000701b00000, 0x0000000701c00000, 0x0000000701c00000|100%| O|  |TAMS 0x0000000701c00000, 0x0000000701b00000| Untracked 
|  14|0x0000000701c00000, 0x0000000701d00000, 0x0000000701d00000|100%| O|  |TAMS 0x0000000701d00000, 0x0000000701c00000| Untracked 
|  15|0x0000000701d00000, 0x0000000701e00000, 0x0000000701e00000|100%| O|  |TAMS 0x0000000701e00000, 0x0000000701d00000| Untracked 
|  16|0x0000000701e00000, 0x0000000701f00000, 0x0000000701f00000|100%| O|  |TAMS 0x0000000701f00000, 0x0000000701e00000| Untracked 
|  17|0x0000000701f00000, 0x0000000702000000, 0x0000000702000000|100%| O|  |TAMS 0x0000000702000000, 0x0000000701f00000| Untracked 
|  18|0x0000000702000000, 0x0000000702100000, 0x0000000702100000|100%| O|  |TAMS 0x0000000702100000, 0x0000000702000000| Untracked 
|  19|0x0000000702100000, 0x0000000702200000, 0x0000000702200000|100%| O|  |TAMS 0x0000000702200000, 0x0000000702100000| Untracked 
|  20|0x0000000702200000, 0x0000000702300000, 0x0000000702300000|100%| O|  |TAMS 0x0000000702300000, 0x0000000702200000| Untracked 
|  21|0x0000000702300000, 0x00000007023abe00, 0x0000000702400000| 67%| O|  |TAMS 0x00000007023abe00, 0x0000000702300000| Untracked 
|  22|0x0000000702400000, 0x0000000702500000, 0x0000000702500000|100%| O|  |TAMS 0x0000000702500000, 0x0000000702400000| Untracked 
|  23|0x0000000702500000, 0x0000000702600000, 0x0000000702600000|100%| O|  |TAMS 0x0000000702600000, 0x0000000702500000| Untracked 
|  24|0x0000000702600000, 0x0000000702700000, 0x0000000702700000|100%| O|  |TAMS 0x0000000702700000, 0x0000000702600000| Untracked 
|  25|0x0000000702700000, 0x0000000702800000, 0x0000000702800000|100%| O|  |TAMS 0x0000000702800000, 0x0000000702700000| Untracked 
|  26|0x0000000702800000, 0x0000000702900000, 0x0000000702900000|100%| O|  |TAMS 0x0000000702900000, 0x0000000702800000| Untracked 
|  27|0x0000000702900000, 0x0000000702a00000, 0x0000000702a00000|100%| O|  |TAMS 0x0000000702a00000, 0x0000000702900000| Untracked 
|  28|0x0000000702a00000, 0x0000000702b00000, 0x0000000702b00000|100%| O|  |TAMS 0x0000000702b00000, 0x0000000702a00000| Untracked 
|  29|0x0000000702b00000, 0x0000000702c00000, 0x0000000702c00000|100%| O|  |TAMS 0x0000000702c00000, 0x0000000702b00000| Untracked 
|  30|0x0000000702c00000, 0x0000000702d00000, 0x0000000702d00000|100%| O|  |TAMS 0x0000000702d00000, 0x0000000702c00000| Untracked 
|  31|0x0000000702d00000, 0x0000000702e00000, 0x0000000702e00000|100%| O|  |TAMS 0x0000000702e00000, 0x0000000702d00000| Untracked 
|  32|0x0000000702e00000, 0x0000000702f00000, 0x0000000702f00000|100%| O|  |TAMS 0x0000000702f00000, 0x0000000702e00000| Untracked 
|  33|0x0000000702f00000, 0x0000000703000000, 0x0000000703000000|100%| O|  |TAMS 0x0000000703000000, 0x0000000702f00000| Untracked 
|  34|0x0000000703000000, 0x0000000703100000, 0x0000000703100000|100%| O|  |TAMS 0x0000000703100000, 0x0000000703000000| Untracked 
|  35|0x0000000703100000, 0x0000000703200000, 0x0000000703200000|100%| O|  |TAMS 0x0000000703200000, 0x0000000703100000| Untracked 
|  36|0x0000000703200000, 0x0000000703300000, 0x0000000703300000|100%| O|  |TAMS 0x0000000703200000, 0x0000000703200000| Untracked 
|  37|0x0000000703300000, 0x0000000703400000, 0x0000000703400000|100%| O|  |TAMS 0x0000000703300000, 0x0000000703300000| Untracked 
|  38|0x0000000703400000, 0x0000000703500000, 0x0000000703500000|100%| O|  |TAMS 0x0000000703500000, 0x0000000703400000| Untracked 
|  39|0x0000000703500000, 0x0000000703600000, 0x0000000703600000|100%| O|  |TAMS 0x0000000703600000, 0x0000000703500000| Untracked 
|  40|0x0000000703600000, 0x0000000703700000, 0x0000000703700000|100%| O|  |TAMS 0x0000000703600000, 0x0000000703600000| Untracked 
|  41|0x0000000703700000, 0x0000000703800000, 0x0000000703800000|100%| O|  |TAMS 0x0000000703700000, 0x0000000703700000| Untracked 
|  42|0x0000000703800000, 0x0000000703900000, 0x0000000703900000|100%| O|  |TAMS 0x0000000703800000, 0x0000000703800000| Untracked 
|  43|0x0000000703900000, 0x0000000703a00000, 0x0000000703a00000|100%| O|  |TAMS 0x0000000703900000, 0x0000000703900000| Untracked 
|  44|0x0000000703a00000, 0x0000000703a59000, 0x0000000703b00000| 34%| O|  |TAMS 0x0000000703a00000, 0x0000000703a00000| Untracked 
|  45|0x0000000703b00000, 0x0000000703c00000, 0x0000000703c00000|100%|HS|  |TAMS 0x0000000703b00000, 0x0000000703b00000| Complete 
|  46|0x0000000703c00000, 0x0000000703d00000, 0x0000000703d00000|100%| O|  |TAMS 0x0000000703c00000, 0x0000000703c00000| Untracked 
|  47|0x0000000703d00000, 0x0000000703e00000, 0x0000000703e00000|100%| O|  |TAMS 0x0000000703d00000, 0x0000000703d00000| Untracked 
|  48|0x0000000703e00000, 0x0000000703f00000, 0x0000000703f00000|100%| O|  |TAMS 0x0000000703e00000, 0x0000000703e00000| Untracked 
|  49|0x0000000703f00000, 0x0000000704000000, 0x0000000704000000|100%| O|  |TAMS 0x0000000703f00000, 0x0000000703f00000| Untracked 
|  50|0x0000000704000000, 0x0000000704100000, 0x0000000704100000|100%|HS|  |TAMS 0x0000000704000000, 0x0000000704000000| Complete 
|  51|0x0000000704100000, 0x0000000704100000, 0x0000000704200000|  0%| F|  |TAMS 0x0000000704100000, 0x0000000704100000| Untracked 
|  52|0x0000000704200000, 0x0000000704200000, 0x0000000704300000|  0%| F|  |TAMS 0x0000000704200000, 0x0000000704200000| Untracked 
|  53|0x0000000704300000, 0x0000000704300000, 0x0000000704400000|  0%| F|  |TAMS 0x0000000704300000, 0x0000000704300000| Untracked 
|  54|0x0000000704400000, 0x0000000704500000, 0x0000000704500000|100%| O|  |TAMS 0x0000000704500000, 0x0000000704400000| Untracked 
|  55|0x0000000704500000, 0x0000000704500000, 0x0000000704600000|  0%| F|  |TAMS 0x0000000704500000, 0x0000000704500000| Untracked 
|  56|0x0000000704600000, 0x0000000704600000, 0x0000000704700000|  0%| F|  |TAMS 0x0000000704600000, 0x0000000704600000| Untracked 
|  57|0x0000000704700000, 0x0000000704800000, 0x0000000704800000|100%| O|  |TAMS 0x0000000704700000, 0x0000000704700000| Untracked 
|  58|0x0000000704800000, 0x0000000704900000, 0x0000000704900000|100%| O|  |TAMS 0x0000000704800000, 0x0000000704800000| Untracked 
|  59|0x0000000704900000, 0x0000000704a00000, 0x0000000704a00000|100%| O|  |TAMS 0x0000000704900000, 0x0000000704900000| Untracked 
|  60|0x0000000704a00000, 0x0000000704a00000, 0x0000000704b00000|  0%| F|  |TAMS 0x0000000704a00000, 0x0000000704a00000| Untracked 
|  61|0x0000000704b00000, 0x0000000704b00000, 0x0000000704c00000|  0%| F|  |TAMS 0x0000000704b00000, 0x0000000704b00000| Untracked 
|  62|0x0000000704c00000, 0x0000000704c00000, 0x0000000704d00000|  0%| F|  |TAMS 0x0000000704c00000, 0x0000000704c00000| Untracked 
|  63|0x0000000704d00000, 0x0000000704d00000, 0x0000000704e00000|  0%| F|  |TAMS 0x0000000704d00000, 0x0000000704d00000| Untracked 
|  64|0x0000000704e00000, 0x0000000704e00000, 0x0000000704f00000|  0%| F|  |TAMS 0x0000000704e00000, 0x0000000704e00000| Untracked 
|  65|0x0000000704f00000, 0x0000000704f00000, 0x0000000705000000|  0%| F|  |TAMS 0x0000000704f00000, 0x0000000704f00000| Untracked 
|  66|0x0000000705000000, 0x0000000705000000, 0x0000000705100000|  0%| F|  |TAMS 0x0000000705000000, 0x0000000705000000| Untracked 
|  67|0x0000000705100000, 0x0000000705100000, 0x0000000705200000|  0%| F|  |TAMS 0x0000000705100000, 0x0000000705100000| Untracked 
|  68|0x0000000705200000, 0x0000000705200000, 0x0000000705300000|  0%| F|  |TAMS 0x0000000705200000, 0x0000000705200000| Untracked 
|  69|0x0000000705300000, 0x0000000705300000, 0x0000000705400000|  0%| F|  |TAMS 0x0000000705300000, 0x0000000705300000| Untracked 
|  70|0x0000000705400000, 0x0000000705400000, 0x0000000705500000|  0%| F|  |TAMS 0x0000000705400000, 0x0000000705400000| Untracked 
|  71|0x0000000705500000, 0x0000000705500000, 0x0000000705600000|  0%| F|  |TAMS 0x0000000705500000, 0x0000000705500000| Untracked 
|  72|0x0000000705600000, 0x0000000705600000, 0x0000000705700000|  0%| F|  |TAMS 0x0000000705600000, 0x0000000705600000| Untracked 
|  73|0x0000000705700000, 0x0000000705700000, 0x0000000705800000|  0%| F|  |TAMS 0x0000000705700000, 0x0000000705700000| Untracked 
|  74|0x0000000705800000, 0x0000000705800000, 0x0000000705900000|  0%| F|  |TAMS 0x0000000705800000, 0x0000000705800000| Untracked 
|  75|0x0000000705900000, 0x0000000705900000, 0x0000000705a00000|  0%| F|  |TAMS 0x0000000705900000, 0x0000000705900000| Untracked 
|  76|0x0000000705a00000, 0x0000000705a00000, 0x0000000705b00000|  0%| F|  |TAMS 0x0000000705a00000, 0x0000000705a00000| Untracked 
|  77|0x0000000705b00000, 0x0000000705b00000, 0x0000000705c00000|  0%| F|  |TAMS 0x0000000705b00000, 0x0000000705b00000| Untracked 
|  78|0x0000000705c00000, 0x0000000705c00000, 0x0000000705d00000|  0%| F|  |TAMS 0x0000000705c00000, 0x0000000705c00000| Untracked 
|  79|0x0000000705d00000, 0x0000000705d00000, 0x0000000705e00000|  0%| F|  |TAMS 0x0000000705d00000, 0x0000000705d00000| Untracked 
|  80|0x0000000705e00000, 0x0000000705e00000, 0x0000000705f00000|  0%| F|  |TAMS 0x0000000705e00000, 0x0000000705e00000| Untracked 
|  81|0x0000000705f00000, 0x0000000705f00000, 0x0000000706000000|  0%| F|  |TAMS 0x0000000705f00000, 0x0000000705f00000| Untracked 
|  82|0x0000000706000000, 0x0000000706000000, 0x0000000706100000|  0%| F|  |TAMS 0x0000000706000000, 0x0000000706000000| Untracked 
|  83|0x0000000706100000, 0x0000000706100000, 0x0000000706200000|  0%| F|  |TAMS 0x0000000706100000, 0x0000000706100000| Untracked 
|  84|0x0000000706200000, 0x0000000706200000, 0x0000000706300000|  0%| F|  |TAMS 0x0000000706200000, 0x0000000706200000| Untracked 
|  85|0x0000000706300000, 0x0000000706300000, 0x0000000706400000|  0%| F|  |TAMS 0x0000000706300000, 0x0000000706300000| Untracked 
|  86|0x0000000706400000, 0x0000000706400000, 0x0000000706500000|  0%| F|  |TAMS 0x0000000706400000, 0x0000000706400000| Untracked 
|  87|0x0000000706500000, 0x0000000706500000, 0x0000000706600000|  0%| F|  |TAMS 0x0000000706500000, 0x0000000706500000| Untracked 
|  88|0x0000000706600000, 0x0000000706600000, 0x0000000706700000|  0%| F|  |TAMS 0x0000000706600000, 0x0000000706600000| Untracked 
|  89|0x0000000706700000, 0x0000000706700000, 0x0000000706800000|  0%| F|  |TAMS 0x0000000706700000, 0x0000000706700000| Untracked 
|  90|0x0000000706800000, 0x0000000706800000, 0x0000000706900000|  0%| F|  |TAMS 0x0000000706800000, 0x0000000706800000| Untracked 
|  91|0x0000000706900000, 0x0000000706900000, 0x0000000706a00000|  0%| F|  |TAMS 0x0000000706900000, 0x0000000706900000| Untracked 
|  92|0x0000000706a00000, 0x0000000706a00000, 0x0000000706b00000|  0%| F|  |TAMS 0x0000000706a00000, 0x0000000706a00000| Untracked 
|  93|0x0000000706b00000, 0x0000000706b00000, 0x0000000706c00000|  0%| F|  |TAMS 0x0000000706b00000, 0x0000000706b00000| Untracked 
|  94|0x0000000706c00000, 0x0000000706c00000, 0x0000000706d00000|  0%| F|  |TAMS 0x0000000706c00000, 0x0000000706c00000| Untracked 
|  95|0x0000000706d00000, 0x0000000706d00000, 0x0000000706e00000|  0%| F|  |TAMS 0x0000000706d00000, 0x0000000706d00000| Untracked 
|  96|0x0000000706e00000, 0x0000000706e00000, 0x0000000706f00000|  0%| F|  |TAMS 0x0000000706e00000, 0x0000000706e00000| Untracked 
|  97|0x0000000706f00000, 0x0000000706f00000, 0x0000000707000000|  0%| F|  |TAMS 0x0000000706f00000, 0x0000000706f00000| Untracked 
|  98|0x0000000707000000, 0x0000000707000000, 0x0000000707100000|  0%| F|  |TAMS 0x0000000707000000, 0x0000000707000000| Untracked 
|  99|0x0000000707100000, 0x0000000707100000, 0x0000000707200000|  0%| F|  |TAMS 0x0000000707100000, 0x0000000707100000| Untracked 
| 100|0x0000000707200000, 0x0000000707200000, 0x0000000707300000|  0%| F|  |TAMS 0x0000000707200000, 0x0000000707200000| Untracked 
| 101|0x0000000707300000, 0x00000007073e32e0, 0x0000000707400000| 88%| S|CS|TAMS 0x0000000707300000, 0x0000000707300000| Complete 
| 102|0x0000000707400000, 0x0000000707500000, 0x0000000707500000|100%| S|CS|TAMS 0x0000000707400000, 0x0000000707400000| Complete 
| 103|0x0000000707500000, 0x0000000707600000, 0x0000000707600000|100%| S|CS|TAMS 0x0000000707500000, 0x0000000707500000| Complete 
| 104|0x0000000707600000, 0x0000000707600000, 0x0000000707700000|  0%| F|  |TAMS 0x0000000707600000, 0x0000000707600000| Untracked 
| 105|0x0000000707700000, 0x0000000707700000, 0x0000000707800000|  0%| F|  |TAMS 0x0000000707700000, 0x0000000707700000| Untracked 
| 106|0x0000000707800000, 0x0000000707800000, 0x0000000707900000|  0%| F|  |TAMS 0x0000000707800000, 0x0000000707800000| Untracked 
| 107|0x0000000707900000, 0x0000000707900000, 0x0000000707a00000|  0%| F|  |TAMS 0x0000000707900000, 0x0000000707900000| Untracked 
| 108|0x0000000707a00000, 0x0000000707b00000, 0x0000000707b00000|100%| S|CS|TAMS 0x0000000707a00000, 0x0000000707a00000| Complete 
| 109|0x0000000707b00000, 0x0000000707b00000, 0x0000000707c00000|  0%| F|  |TAMS 0x0000000707b00000, 0x0000000707b00000| Untracked 
| 110|0x0000000707c00000, 0x0000000707c00000, 0x0000000707d00000|  0%| F|  |TAMS 0x0000000707c00000, 0x0000000707c00000| Untracked 
| 111|0x0000000707d00000, 0x0000000707d00000, 0x0000000707e00000|  0%| F|  |TAMS 0x0000000707d00000, 0x0000000707d00000| Untracked 
| 112|0x0000000707e00000, 0x0000000707e00000, 0x0000000707f00000|  0%| F|  |TAMS 0x0000000707e00000, 0x0000000707e00000| Untracked 
| 113|0x0000000707f00000, 0x0000000707f00000, 0x0000000708000000|  0%| F|  |TAMS 0x0000000707f00000, 0x0000000707f00000| Untracked 
| 114|0x0000000708000000, 0x0000000708000000, 0x0000000708100000|  0%| F|  |TAMS 0x0000000708000000, 0x0000000708000000| Untracked 
| 115|0x0000000708100000, 0x0000000708100000, 0x0000000708200000|  0%| F|  |TAMS 0x0000000708100000, 0x0000000708100000| Untracked 
| 116|0x0000000708200000, 0x0000000708200000, 0x0000000708300000|  0%| F|  |TAMS 0x0000000708200000, 0x0000000708200000| Untracked 
| 117|0x0000000708300000, 0x0000000708300000, 0x0000000708400000|  0%| F|  |TAMS 0x0000000708300000, 0x0000000708300000| Untracked 
| 118|0x0000000708400000, 0x0000000708400000, 0x0000000708500000|  0%| F|  |TAMS 0x0000000708400000, 0x0000000708400000| Untracked 
| 119|0x0000000708500000, 0x0000000708500000, 0x0000000708600000|  0%| F|  |TAMS 0x0000000708500000, 0x0000000708500000| Untracked 
| 120|0x0000000708600000, 0x0000000708600000, 0x0000000708700000|  0%| F|  |TAMS 0x0000000708600000, 0x0000000708600000| Untracked 
| 121|0x0000000708700000, 0x0000000708700000, 0x0000000708800000|  0%| F|  |TAMS 0x0000000708700000, 0x0000000708700000| Untracked 
| 122|0x0000000708800000, 0x0000000708800000, 0x0000000708900000|  0%| F|  |TAMS 0x0000000708800000, 0x0000000708800000| Untracked 
| 123|0x0000000708900000, 0x0000000708900000, 0x0000000708a00000|  0%| F|  |TAMS 0x0000000708900000, 0x0000000708900000| Untracked 
| 124|0x0000000708a00000, 0x0000000708a00000, 0x0000000708b00000|  0%| F|  |TAMS 0x0000000708a00000, 0x0000000708a00000| Untracked 
| 125|0x0000000708b00000, 0x0000000708b00000, 0x0000000708c00000|  0%| F|  |TAMS 0x0000000708b00000, 0x0000000708b00000| Untracked 
| 126|0x0000000708c00000, 0x0000000708c00000, 0x0000000708d00000|  0%| F|  |TAMS 0x0000000708c00000, 0x0000000708c00000| Untracked 
| 127|0x0000000708d00000, 0x0000000708d00000, 0x0000000708e00000|  0%| F|  |TAMS 0x0000000708d00000, 0x0000000708d00000| Untracked 
| 128|0x0000000708e00000, 0x0000000708e00000, 0x0000000708f00000|  0%| F|  |TAMS 0x0000000708e00000, 0x0000000708e00000| Untracked 
| 129|0x0000000708f00000, 0x0000000708f00000, 0x0000000709000000|  0%| F|  |TAMS 0x0000000708f00000, 0x0000000708f00000| Untracked 
| 130|0x0000000709000000, 0x0000000709000000, 0x0000000709100000|  0%| F|  |TAMS 0x0000000709000000, 0x0000000709000000| Untracked 
| 131|0x0000000709100000, 0x0000000709100000, 0x0000000709200000|  0%| F|  |TAMS 0x0000000709100000, 0x0000000709100000| Untracked 
| 132|0x0000000709200000, 0x0000000709200000, 0x0000000709300000|  0%| F|  |TAMS 0x0000000709200000, 0x0000000709200000| Untracked 
| 133|0x0000000709300000, 0x0000000709300000, 0x0000000709400000|  0%| F|  |TAMS 0x0000000709300000, 0x0000000709300000| Untracked 
| 134|0x0000000709400000, 0x0000000709400000, 0x0000000709500000|  0%| F|  |TAMS 0x0000000709400000, 0x0000000709400000| Untracked 
| 135|0x0000000709500000, 0x0000000709500000, 0x0000000709600000|  0%| F|  |TAMS 0x0000000709500000, 0x0000000709500000| Untracked 
| 136|0x0000000709600000, 0x0000000709600000, 0x0000000709700000|  0%| F|  |TAMS 0x0000000709600000, 0x0000000709600000| Untracked 
| 137|0x0000000709700000, 0x0000000709700000, 0x0000000709800000|  0%| F|  |TAMS 0x0000000709700000, 0x0000000709700000| Untracked 
| 138|0x0000000709800000, 0x0000000709800000, 0x0000000709900000|  0%| F|  |TAMS 0x0000000709800000, 0x0000000709800000| Untracked 
| 139|0x0000000709900000, 0x0000000709900000, 0x0000000709a00000|  0%| F|  |TAMS 0x0000000709900000, 0x0000000709900000| Untracked 
| 140|0x0000000709a00000, 0x0000000709a00000, 0x0000000709b00000|  0%| F|  |TAMS 0x0000000709a00000, 0x0000000709a00000| Untracked 
| 141|0x0000000709b00000, 0x0000000709babfc8, 0x0000000709c00000| 67%| E|  |TAMS 0x0000000709b00000, 0x0000000709b00000| Complete 
| 142|0x0000000709c00000, 0x0000000709d00000, 0x0000000709d00000|100%| E|CS|TAMS 0x0000000709c00000, 0x0000000709c00000| Complete 
| 143|0x0000000709d00000, 0x0000000709e00000, 0x0000000709e00000|100%| E|  |TAMS 0x0000000709d00000, 0x0000000709d00000| Complete 
| 144|0x0000000709e00000, 0x0000000709f00000, 0x0000000709f00000|100%| E|CS|TAMS 0x0000000709e00000, 0x0000000709e00000| Complete 
| 145|0x0000000709f00000, 0x000000070a000000, 0x000000070a000000|100%| E|CS|TAMS 0x0000000709f00000, 0x0000000709f00000| Complete 
| 146|0x000000070a000000, 0x000000070a100000, 0x000000070a100000|100%| E|CS|TAMS 0x000000070a000000, 0x000000070a000000| Complete 
| 147|0x000000070a100000, 0x000000070a200000, 0x000000070a200000|100%| E|CS|TAMS 0x000000070a100000, 0x000000070a100000| Complete 
| 148|0x000000070a200000, 0x000000070a300000, 0x000000070a300000|100%| E|CS|TAMS 0x000000070a200000, 0x000000070a200000| Complete 
| 149|0x000000070a300000, 0x000000070a400000, 0x000000070a400000|100%| E|CS|TAMS 0x000000070a300000, 0x000000070a300000| Complete 
| 150|0x000000070a400000, 0x000000070a500000, 0x000000070a500000|100%| E|CS|TAMS 0x000000070a400000, 0x000000070a400000| Complete 
| 151|0x000000070a500000, 0x000000070a600000, 0x000000070a600000|100%| E|CS|TAMS 0x000000070a500000, 0x000000070a500000| Complete 
| 152|0x000000070a600000, 0x000000070a700000, 0x000000070a700000|100%| E|CS|TAMS 0x000000070a600000, 0x000000070a600000| Complete 
| 153|0x000000070a700000, 0x000000070a800000, 0x000000070a800000|100%| E|CS|TAMS 0x000000070a700000, 0x000000070a700000| Complete 
| 154|0x000000070a800000, 0x000000070a900000, 0x000000070a900000|100%| E|CS|TAMS 0x000000070a800000, 0x000000070a800000| Complete 
| 155|0x000000070a900000, 0x000000070aa00000, 0x000000070aa00000|100%| E|CS|TAMS 0x000000070a900000, 0x000000070a900000| Complete 
| 156|0x000000070aa00000, 0x000000070ab00000, 0x000000070ab00000|100%| E|CS|TAMS 0x000000070aa00000, 0x000000070aa00000| Complete 
| 157|0x000000070ab00000, 0x000000070ac00000, 0x000000070ac00000|100%| E|CS|TAMS 0x000000070ab00000, 0x000000070ab00000| Complete 
| 158|0x000000070ac00000, 0x000000070ad00000, 0x000000070ad00000|100%| E|CS|TAMS 0x000000070ac00000, 0x000000070ac00000| Complete 
| 159|0x000000070ad00000, 0x000000070ae00000, 0x000000070ae00000|100%| E|CS|TAMS 0x000000070ad00000, 0x000000070ad00000| Complete 
| 160|0x000000070ae00000, 0x000000070af00000, 0x000000070af00000|100%| E|CS|TAMS 0x000000070ae00000, 0x000000070ae00000| Complete 
| 161|0x000000070af00000, 0x000000070b000000, 0x000000070b000000|100%| E|CS|TAMS 0x000000070af00000, 0x000000070af00000| Complete 
| 162|0x000000070b000000, 0x000000070b100000, 0x000000070b100000|100%| E|CS|TAMS 0x000000070b000000, 0x000000070b000000| Complete 
| 163|0x000000070b100000, 0x000000070b200000, 0x000000070b200000|100%| E|CS|TAMS 0x000000070b100000, 0x000000070b100000| Complete 
| 164|0x000000070b200000, 0x000000070b300000, 0x000000070b300000|100%| E|CS|TAMS 0x000000070b200000, 0x000000070b200000| Complete 
| 165|0x000000070b300000, 0x000000070b400000, 0x000000070b400000|100%| E|CS|TAMS 0x000000070b300000, 0x000000070b300000| Complete 
| 166|0x000000070b400000, 0x000000070b500000, 0x000000070b500000|100%| E|CS|TAMS 0x000000070b400000, 0x000000070b400000| Complete 
| 167|0x000000070b500000, 0x000000070b600000, 0x000000070b600000|100%| E|CS|TAMS 0x000000070b500000, 0x000000070b500000| Complete 
| 168|0x000000070b600000, 0x000000070b700000, 0x000000070b700000|100%| E|CS|TAMS 0x000000070b600000, 0x000000070b600000| Complete 
| 206|0x000000070dc00000, 0x000000070dd00000, 0x000000070dd00000|100%| E|CS|TAMS 0x000000070dc00000, 0x000000070dc00000| Complete 
| 207|0x000000070dd00000, 0x000000070de00000, 0x000000070de00000|100%| E|CS|TAMS 0x000000070dd00000, 0x000000070dd00000| Complete 
| 208|0x000000070de00000, 0x000000070df00000, 0x000000070df00000|100%| E|CS|TAMS 0x000000070de00000, 0x000000070de00000| Complete 
| 209|0x000000070df00000, 0x000000070e000000, 0x000000070e000000|100%| E|CS|TAMS 0x000000070df00000, 0x000000070df00000| Complete 
| 210|0x000000070e000000, 0x000000070e100000, 0x000000070e100000|100%| E|CS|TAMS 0x000000070e000000, 0x000000070e000000| Complete 
| 211|0x000000070e100000, 0x000000070e200000, 0x000000070e200000|100%| E|CS|TAMS 0x000000070e100000, 0x000000070e100000| Complete 
| 212|0x000000070e200000, 0x000000070e300000, 0x000000070e300000|100%| E|CS|TAMS 0x000000070e200000, 0x000000070e200000| Complete 
| 213|0x000000070e300000, 0x000000070e400000, 0x000000070e400000|100%| E|CS|TAMS 0x000000070e300000, 0x000000070e300000| Complete 
| 214|0x000000070e400000, 0x000000070e500000, 0x000000070e500000|100%| E|CS|TAMS 0x000000070e400000, 0x000000070e400000| Complete 
| 215|0x000000070e500000, 0x000000070e600000, 0x000000070e600000|100%| E|CS|TAMS 0x000000070e500000, 0x000000070e500000| Complete 
| 216|0x000000070e600000, 0x000000070e700000, 0x000000070e700000|100%| E|CS|TAMS 0x000000070e600000, 0x000000070e600000| Complete 
| 306|0x0000000714000000, 0x0000000714100000, 0x0000000714100000|100%| E|CS|TAMS 0x0000000714000000, 0x0000000714000000| Complete 
| 307|0x0000000714100000, 0x0000000714200000, 0x0000000714200000|100%| E|CS|TAMS 0x0000000714100000, 0x0000000714100000| Complete 

Card table byte_map: [0x000002a4ca780000,0x000002a4caf80000] _byte_map_base: 0x000002a4c6f79000

Marking Bits (Prev, Next): (CMBitMap*) 0x000002a4b2afa368, (CMBitMap*) 0x000002a4b2afa328
 Prev Bits: [0x000002a4cf750000, 0x000002a4d3718000)
 Next Bits: [0x000002a4cb780000, 0x000002a4cf748000)

Polling page: 0x000002a4b09e0000

Metaspace:

Usage:
  Non-class:     56.20 MB capacity,    54.81 MB ( 98%) used,     1.08 MB (  2%) free+waste,   321.75 KB ( <1%) overhead. 
      Class:      8.89 MB capacity,     7.95 MB ( 89%) used,   820.37 KB (  9%) free+waste,   144.81 KB (  2%) overhead. 
       Both:     65.09 MB capacity,    62.76 MB ( 96%) used,     1.88 MB (  3%) free+waste,   466.56 KB ( <1%) overhead. 

Virtual space:
  Non-class space:       58.00 MB reserved,      56.25 MB ( 97%) committed 
      Class space:        1.00 GB reserved,       9.00 MB ( <1%) committed 
             Both:        1.06 GB reserved,      65.25 MB (  6%) committed 

Chunk freelists:
   Non-Class:  0 bytes
       Class:  0 bytes
        Both:  0 bytes

MaxMetaspaceSize: 17179869184.00 GB
CompressedClassSpaceSize: 1.00 GB

CodeHeap 'non-profiled nmethods': size=120000Kb used=6458Kb max_used=6458Kb free=113541Kb
 bounds [0x000002a4c2a50000, 0x000002a4c30a0000, 0x000002a4c9f80000]
CodeHeap 'profiled nmethods': size=120000Kb used=19111Kb max_used=19111Kb free=100888Kb
 bounds [0x000002a4bb520000, 0x000002a4bc7d0000, 0x000002a4c2a50000]
CodeHeap 'non-nmethods': size=5760Kb used=1380Kb max_used=1437Kb free=4379Kb
 bounds [0x000002a4baf80000, 0x000002a4bb1f0000, 0x000002a4bb520000]
 total_blobs=15034 nmethods=8702 adapters=587
 compilation: enabled
              stopped_count=0, restarted_count=0
 full_count=0

Compilation events (20 events):
Event: 100.167 Thread 0x000002a4d65f6000 10737       3       java.math.BigInteger::<init> (77 bytes)
Event: 100.168 Thread 0x000002a4d65f6000 nmethod 10737 0x000002a4bc49e810 code [0x000002a4bc49e9e0, 0x000002a4bc49ef18]
Event: 100.168 Thread 0x000002a4d65f6000 10738   !   3       com.sun.proxy.$Proxy23::annotationType (29 bytes)
Event: 100.168 Thread 0x000002a4d65f6000 nmethod 10738 0x000002a4bb953710 code [0x000002a4bb9538e0, 0x000002a4bb953d80]
Event: 100.168 Thread 0x000002a4d65f6000 10739       3       java.util.HashSet::clear (8 bytes)
Event: 100.168 Thread 0x000002a4d65f6000 nmethod 10739 0x000002a4bb953210 code [0x000002a4bb9533c0, 0x000002a4bb953610]
Event: 100.170 Thread 0x000002a4d65f6000 10740       3       com.vaadin.flow.component.select.Select::requestClientSideContentUpdateIfNotPending (23 bytes)
Event: 100.170 Thread 0x000002a4d65f6000 nmethod 10740 0x000002a4bb952290 code [0x000002a4bb9524c0, 0x000002a4bb952f00]
Event: 100.170 Thread 0x000002a4d65f6000 10741       3       com.vaadin.flow.component.select.Select::isItemEnabled (26 bytes)
Event: 100.170 Thread 0x000002a4d65f6000 nmethod 10741 0x000002a4bb951a90 code [0x000002a4bb951c60, 0x000002a4bb952110]
Event: 100.172 Thread 0x000002a4d65f6000 10744       2       com.vaadin.flow.component.select.Select$$Lambda$1576/0x0000000801308c40::apply (9 bytes)
Event: 100.172 Thread 0x000002a4d65f6000 nmethod 10744 0x000002a4bb951490 code [0x000002a4bb951660, 0x000002a4bb9518f0]
Event: 100.172 Thread 0x000002a4d65f6000 10745       2       com.vaadin.flow.component.select.Select::lambda$reset$5 (6 bytes)
Event: 100.172 Thread 0x000002a4d65f6000 nmethod 10745 0x000002a4bb950f10 code [0x000002a4bb9510e0, 0x000002a4bb951350]
Event: 100.172 Thread 0x000002a4d65f6000 10746       2       com.vaadin.flow.component.select.Select::updateItem (162 bytes)
Event: 100.173 Thread 0x000002a4d65f6000 nmethod 10746 0x000002a4bb94ff10 code [0x000002a4bb9501c0, 0x000002a4bb950a40]
Event: 100.173 Thread 0x000002a4d65f6000 10747       2       com.vaadin.flow.data.renderer.ComponentRenderer::createComponent (54 bytes)
Event: 100.173 Thread 0x000002a4d65f6000 nmethod 10747 0x000002a4bb94f910 code [0x000002a4bb94fae0, 0x000002a4bb94fdb0]
Event: 100.174 Thread 0x000002a4d65f6000 10748       2       com.aoedb.database.Utils::getEntityItemRow (187 bytes)
Event: 100.174 Thread 0x000002a4d65f6000 nmethod 10748 0x000002a4bb94df10 code [0x000002a4bb94e260, 0x000002a4bb94eed0]

GC Heap History (20 events):
Event: 12.998 GC heap before
{Heap before GC invocations=23 (full 0):
 garbage-first heap   total 144384K, used 111046K [0x0000000700e00000, 0x0000000800000000)
  region size 1024K, 57 young (58368K), 9 survivors (9216K)
 Metaspace       used 49556K, capacity 51326K, committed 51456K, reserved 1093632K
  class space    used 6207K, capacity 6910K, committed 6912K, reserved 1048576K
}
Event: 13.020 GC heap after
{Heap after GC invocations=24 (full 0):
 garbage-first heap   total 144384K, used 77263K [0x0000000700e00000, 0x0000000800000000)
  region size 1024K, 8 young (8192K), 8 survivors (8192K)
 Metaspace       used 49556K, capacity 51326K, committed 51456K, reserved 1093632K
  class space    used 6207K, capacity 6910K, committed 6912K, reserved 1048576K
}
Event: 13.374 GC heap before
{Heap before GC invocations=24 (full 0):
 garbage-first heap   total 144384K, used 111055K [0x0000000700e00000, 0x0000000800000000)
  region size 1024K, 41 young (41984K), 8 survivors (8192K)
 Metaspace       used 49723K, capacity 51503K, committed 51840K, reserved 1093632K
  class space    used 6222K, capacity 6924K, committed 7040K, reserved 1048576K
}
Event: 13.385 GC heap after
{Heap after GC invocations=25 (full 0):
 garbage-first heap   total 144384K, used 85679K [0x0000000700e00000, 0x0000000800000000)
  region size 1024K, 6 young (6144K), 6 survivors (6144K)
 Metaspace       used 49723K, capacity 51503K, committed 51840K, reserved 1093632K
  class space    used 6222K, capacity 6924K, committed 7040K, reserved 1048576K
}
Event: 24.498 GC heap before
{Heap before GC invocations=26 (full 0):
 garbage-first heap   total 152576K, used 113327K [0x0000000700e00000, 0x0000000800000000)
  region size 1024K, 33 young (33792K), 6 survivors (6144K)
 Metaspace       used 50410K, capacity 52256K, committed 52352K, reserved 1095680K
  class space    used 6278K, capacity 6983K, committed 7040K, reserved 1048576K
}
Event: 24.506 GC heap after
{Heap after GC invocations=27 (full 0):
 garbage-first heap   total 186368K, used 88057K [0x0000000700e00000, 0x0000000800000000)
  region size 1024K, 2 young (2048K), 2 survivors (2048K)
 Metaspace       used 50410K, capacity 52256K, committed 52352K, reserved 1095680K
  class space    used 6278K, capacity 6983K, committed 7040K, reserved 1048576K
}
Event: 34.755 GC heap before
{Heap before GC invocations=27 (full 0):
 garbage-first heap   total 186368K, used 110585K [0x0000000700e00000, 0x0000000800000000)
  region size 1024K, 26 young (26624K), 2 survivors (2048K)
 Metaspace       used 53576K, capacity 55439K, committed 55680K, reserved 1097728K
  class space    used 6562K, capacity 7280K, committed 7296K, reserved 1048576K
}
Event: 34.759 GC heap after
{Heap after GC invocations=28 (full 0):
 garbage-first heap   total 186368K, used 88071K [0x0000000700e00000, 0x0000000800000000)
  region size 1024K, 2 young (2048K), 2 survivors (2048K)
 Metaspace       used 53576K, capacity 55439K, committed 55680K, reserved 1097728K
  class space    used 6562K, capacity 7280K, committed 7296K, reserved 1048576K
}
Event: 35.210 GC heap before
{Heap before GC invocations=29 (full 0):
 garbage-first heap   total 186368K, used 121863K [0x0000000700e00000, 0x0000000800000000)
  region size 1024K, 46 young (47104K), 2 survivors (2048K)
 Metaspace       used 53583K, capacity 55439K, committed 55680K, reserved 1097728K
  class space    used 6562K, capacity 7280K, committed 7296K, reserved 1048576K
}
Event: 35.212 GC heap after
{Heap after GC invocations=30 (full 0):
 garbage-first heap   total 186368K, used 78551K [0x0000000700e00000, 0x0000000800000000)
  region size 1024K, 3 young (3072K), 3 survivors (3072K)
 Metaspace       used 53583K, capacity 55439K, committed 55680K, reserved 1097728K
  class space    used 6562K, capacity 7280K, committed 7296K, reserved 1048576K
}
Event: 35.272 GC heap before
{Heap before GC invocations=30 (full 0):
 garbage-first heap   total 186368K, used 94935K [0x0000000700e00000, 0x0000000800000000)
  region size 1024K, 9 young (9216K), 3 survivors (3072K)
 Metaspace       used 53583K, capacity 55439K, committed 55680K, reserved 1097728K
  class space    used 6562K, capacity 7280K, committed 7296K, reserved 1048576K
}
Event: 35.277 GC heap after
{Heap after GC invocations=31 (full 0):
 garbage-first heap   total 186368K, used 60077K [0x0000000700e00000, 0x0000000800000000)
  region size 1024K, 2 young (2048K), 2 survivors (2048K)
 Metaspace       used 53583K, capacity 55439K, committed 55680K, reserved 1097728K
  class space    used 6562K, capacity 7280K, committed 7296K, reserved 1048576K
}
Event: 39.560 GC heap before
{Heap before GC invocations=31 (full 0):
 garbage-first heap   total 186368K, used 122541K [0x0000000700e00000, 0x0000000800000000)
  region size 1024K, 60 young (61440K), 2 survivors (2048K)
 Metaspace       used 56369K, capacity 58345K, committed 58496K, reserved 1099776K
  class space    used 6949K, capacity 7738K, committed 7808K, reserved 1048576K
}
Event: 39.563 GC heap after
{Heap after GC invocations=32 (full 0):
 garbage-first heap   total 186368K, used 60009K [0x0000000700e00000, 0x0000000800000000)
  region size 1024K, 3 young (3072K), 3 survivors (3072K)
 Metaspace       used 56369K, capacity 58345K, committed 58496K, reserved 1099776K
  class space    used 6949K, capacity 7738K, committed 7808K, reserved 1048576K
}
Event: 48.304 GC heap before
{Heap before GC invocations=32 (full 0):
 garbage-first heap   total 186368K, used 123497K [0x0000000700e00000, 0x0000000800000000)
  region size 1024K, 66 young (67584K), 3 survivors (3072K)
 Metaspace       used 59891K, capacity 62216K, committed 62464K, reserved 1103872K
  class space    used 7437K, capacity 8327K, committed 8448K, reserved 1048576K
}
Event: 48.308 GC heap after
{Heap after GC invocations=33 (full 0):
 garbage-first heap   total 186368K, used 50071K [0x0000000700e00000, 0x0000000800000000)
  region size 1024K, 7 young (7168K), 7 survivors (7168K)
 Metaspace       used 59891K, capacity 62216K, committed 62464K, reserved 1103872K
  class space    used 7437K, capacity 8327K, committed 8448K, reserved 1048576K
}
Event: 49.054 GC heap before
{Heap before GC invocations=33 (full 0):
 garbage-first heap   total 186368K, used 122775K [0x0000000700e00000, 0x0000000800000000)
  region size 1024K, 78 young (79872K), 7 survivors (7168K)
 Metaspace       used 63676K, capacity 66090K, committed 66304K, reserved 1105920K
  class space    used 8127K, capacity 9092K, committed 9216K, reserved 1048576K
}
Event: 49.060 GC heap after
{Heap after GC invocations=34 (full 0):
 garbage-first heap   total 186368K, used 52109K [0x0000000700e00000, 0x0000000800000000)
  region size 1024K, 7 young (7168K), 7 survivors (7168K)
 Metaspace       used 63676K, capacity 66090K, committed 66304K, reserved 1105920K
  class space    used 8127K, capacity 9092K, committed 9216K, reserved 1048576K
}
Event: 57.559 GC heap before
{Heap before GC invocations=34 (full 0):
 garbage-first heap   total 186368K, used 139149K [0x0000000700e00000, 0x0000000800000000)
  region size 1024K, 81 young (82944K), 7 survivors (7168K)
 Metaspace       used 64120K, capacity 66505K, committed 66816K, reserved 1107968K
  class space    used 8132K, capacity 9099K, committed 9216K, reserved 1048576K
}
Event: 57.564 GC heap after
{Heap after GC invocations=35 (full 0):
 garbage-first heap   total 186368K, used 56768K [0x0000000700e00000, 0x0000000800000000)
  region size 1024K, 9 young (9216K), 9 survivors (9216K)
 Metaspace       used 64120K, capacity 66505K, committed 66816K, reserved 1107968K
  class space    used 8132K, capacity 9099K, committed 9216K, reserved 1048576K
}

Deoptimization events (20 events):
Event: 50.547 Thread 0x000002a4dc719800 DEOPT PACKING pc=0x000002a4bc7243aa sp=0x000000f5fa9fc890
Event: 50.547 Thread 0x000002a4dc719800 DEOPT UNPACKING pc=0x000002a4bafc964e sp=0x000000f5fa9fbd88 mode 0
Event: 100.089 Thread 0x000002a4dc719000 DEOPT PACKING pc=0x000002a4bb968a77 sp=0x000000f5fa8fadc0
Event: 100.089 Thread 0x000002a4dc719000 DEOPT UNPACKING pc=0x000002a4bafc964e sp=0x000000f5fa8fa2f0 mode 0
Event: 100.090 Thread 0x000002a4dc719000 Uncommon trap: trap_request=0xffffffde fr.pc=0x000002a4c30007d0 relative=0x0000000000000950
Event: 100.090 Thread 0x000002a4dc719000 Uncommon trap: reason=class_check action=maybe_recompile pc=0x000002a4c30007d0 method=java.util.regex.Matcher.getTextLength()I @ 4 c2
Event: 100.090 Thread 0x000002a4dc719000 DEOPT PACKING pc=0x000002a4c30007d0 sp=0x000000f5fa8fb140
Event: 100.090 Thread 0x000002a4dc719000 DEOPT UNPACKING pc=0x000002a4bafc912f sp=0x000000f5fa8fb010 mode 2
Event: 100.090 Thread 0x000002a4dc719000 Uncommon trap: trap_request=0xffffffbe fr.pc=0x000002a4c2c77414 relative=0x00000000000004b4
Event: 100.090 Thread 0x000002a4dc719000 Uncommon trap: reason=profile_predicate action=maybe_recompile pc=0x000002a4c2c77414 method=java.util.regex.Pattern$CharPropertyGreedy.match(Ljava/util/regex/Matcher;ILjava/lang/CharSequence;)Z @ 70 c2
Event: 100.090 Thread 0x000002a4dc719000 DEOPT PACKING pc=0x000002a4c2c77414 sp=0x000000f5fa8fb0e0
Event: 100.090 Thread 0x000002a4dc719000 DEOPT UNPACKING pc=0x000002a4bafc912f sp=0x000000f5fa8fb080 mode 2
Event: 100.091 Thread 0x000002a4dc719000 Uncommon trap: trap_request=0xffffffbe fr.pc=0x000002a4c2c77414 relative=0x00000000000004b4
Event: 100.091 Thread 0x000002a4dc719000 Uncommon trap: reason=profile_predicate action=maybe_recompile pc=0x000002a4c2c77414 method=java.util.regex.Pattern$CharPropertyGreedy.match(Ljava/util/regex/Matcher;ILjava/lang/CharSequence;)Z @ 70 c2
Event: 100.091 Thread 0x000002a4dc719000 DEOPT PACKING pc=0x000002a4c2c77414 sp=0x000000f5fa8fb0e0
Event: 100.091 Thread 0x000002a4dc719000 DEOPT UNPACKING pc=0x000002a4bafc912f sp=0x000000f5fa8fb080 mode 2
Event: 100.098 Thread 0x000002a4dc719000 DEOPT PACKING pc=0x000002a4bb968a77 sp=0x000000f5fa8fadc0
Event: 100.098 Thread 0x000002a4dc719000 DEOPT UNPACKING pc=0x000002a4bafc964e sp=0x000000f5fa8fa2f0 mode 0
Event: 100.107 Thread 0x000002a4dc719000 DEOPT PACKING pc=0x000002a4bb830be0 sp=0x000000f5fa8fb4a0
Event: 100.107 Thread 0x000002a4dc719000 DEOPT UNPACKING pc=0x000002a4bafc964e sp=0x000000f5fa8fa990 mode 0

Classes unloaded (1 events):
Event: 13.521 Thread 0x000002a4d5d4c000 Unloading class 0x00000008011db040 'org/springframework/web/servlet/DispatcherServlet$$Lambda$1277'

Classes redefined (0 events):
No events

Internal exceptions (20 events):
Event: 38.938 Thread 0x000002a4dc71d000 Exception <a 'java/lang/NoSuchMethodError'{0x000000070913e078}: 'void java.lang.invoke.DirectMethodHandle$Holder.invokeInterface(java.lang.Object, java.lang.Object)'> (0x000000070913e078) 
thrown [t:/workspace/open/src/hotspot/share/interpreter/linkResolver.cpp, line 767]
Event: 39.731 Thread 0x000002a4dc71f800 Exception <a 'java/io/IOException'{0x000000070e61a2e8}> (0x000000070e61a2e8) 
thrown [t:/workspace/open/src/hotspot/share/prims/jni.cpp, line 598]
Event: 39.734 Thread 0x000002a4dc71f800 Exception <a 'java/lang/NoSuchMethodError'{0x000000070e416510}: 'org.slf4j.impl.StaticMarkerBinder org.slf4j.impl.StaticMarkerBinder.getSingleton()'> (0x000000070e416510) 
thrown [t:/workspace/open/src/hotspot/share/interpreter/linkResolver.cpp, line 767]
Event: 39.740 Thread 0x000002a4dc71f800 Exception <a 'java/lang/NoClassDefFoundError'{0x000000070e46a938}: sun/reflect/Reflection> (0x000000070e46a938) 
thrown [t:/workspace/open/src/hotspot/share/classfile/systemDictionary.cpp, line 221]
Event: 46.961 Thread 0x000002a4dc71c000 Exception <a 'java/lang/NoSuchMethodError'{0x000000070b33efe8}: 'java.lang.Object java.lang.invoke.DirectMethodHandle$Holder.invokeVirtual(java.lang.Object, java.lang.Object, int)'> (0x000000070b33efe8) 
thrown [t:/workspace/open/src/hotspot/share/interpreter/linkResolver.cpp, line 767]
Event: 47.021 Thread 0x000002a4dc71c000 Exception <a 'java/lang/NoSuchMethodError'{0x000000070b12ace8}: 'java.lang.Object java.lang.invoke.DirectMethodHandle$Holder.invokeVirtual(java.lang.Object, java.lang.Object, java.lang.Object, double)'> (0x000000070b12ace8) 
thrown [t:/workspace/open/src/hotspot/share/interpreter/linkResolver.cpp, line 767]
Event: 47.023 Thread 0x000002a4dc71c000 Exception <a 'java/lang/NoSuchMethodError'{0x000000070b1385b8}: 'java.lang.Object java.lang.invoke.DirectMethodHandle$Holder.invokeVirtual(java.lang.Object, java.lang.Object, java.lang.Object, int)'> (0x000000070b1385b8) 
thrown [t:/workspace/open/src/hotspot/share/interpreter/linkResolver.cpp, line 767]
Event: 47.023 Thread 0x000002a4dc71c000 Exception <a 'java/lang/NoSuchMethodError'{0x000000070b13f820}: 'int java.lang.invoke.DirectMethodHandle$Holder.invokeVirtual(java.lang.Object, java.lang.Object, java.lang.Object, int)'> (0x000000070b13f820) 
thrown [t:/workspace/open/src/hotspot/share/interpreter/linkResolver.cpp, line 767]
Event: 47.025 Thread 0x000002a4dc71c000 Exception <a 'java/lang/NoSuchMethodError'{0x000000070b152290}: 'void java.lang.invoke.DirectMethodHandle$Holder.invokeStaticInit(java.lang.Object, java.lang.Object, java.lang.Object, java.lang.Object)'> (0x000000070b152290) 
thrown [t:/workspace/open/src/hotspot/share/interpreter/linkResolver.cpp, line 767]
Event: 47.036 Thread 0x000002a4dc71c000 Exception <a 'java/lang/NoSuchMethodError'{0x000000070b1f1c60}: 'int java.lang.invoke.DirectMethodHandle$Holder.invokeVirtual(java.lang.Object, java.lang.Object, java.lang.Object, java.lang.Object)'> (0x000000070b1f1c60) 
thrown [t:/workspace/open/src/hotspot/share/interpreter/linkResolver.cpp, line 767]
Event: 47.048 Thread 0x000002a4dc71c000 Exception <a 'java/lang/NoSuchMethodError'{0x000000070b058208}: 'void java.lang.invoke.DirectMethodHandle$Holder.invokeSpecial(java.lang.Object, java.lang.Object, int, java.lang.Object)'> (0x000000070b058208) 
thrown [t:/workspace/open/src/hotspot/share/interpreter/linkResolver.cpp, line 767]
Event: 47.103 Thread 0x000002a4dc71c000 Exception <a 'java/lang/IncompatibleClassChangeError'{0x000000070ae7df18}: Found class java.lang.Object, but interface was expected> (0x000000070ae7df18) 
thrown [t:/workspace/open/src/hotspot/share/interpreter/linkResolver.cpp, line 833]
Event: 47.103 Thread 0x000002a4dc71c000 Exception <a 'java/lang/IncompatibleClassChangeError'{0x000000070ae80e30}: Found class java.lang.Object, but interface was expected> (0x000000070ae80e30) 
thrown [t:/workspace/open/src/hotspot/share/interpreter/linkResolver.cpp, line 833]
Event: 47.208 Thread 0x000002a4dc71c000 Exception <a 'java/lang/NoSuchMethodError'{0x000000070aa6b380}: 'java.lang.Object java.lang.invoke.DirectMethodHandle$Holder.newInvokeSpecial(java.lang.Object, java.lang.Object, java.lang.Object)'> (0x000000070aa6b380) 
thrown [t:/workspace/open/src/hotspot/share/interpreter/linkResolver.cpp, line 767]
Event: 48.015 Thread 0x000002a4dc715000 Implicit null exception at 0x000002a4c2bbc7e1 to 0x000002a4c2bbc8aa
Event: 48.211 Thread 0x000002a4dc715000 Exception <a 'java/lang/NoSuchMethodError'{0x0000000708b35048}: 'int java.lang.invoke.DirectMethodHandle$Holder.invokeSpecialIFC(java.lang.Object, java.lang.Object, java.lang.Object)'> (0x0000000708b35048) 
thrown [t:/workspace/open/src/hotspot/share/interpreter/linkResolver.cpp, line 767]
Event: 48.218 Thread 0x000002a4dc715000 Exception <a 'java/lang/IncompatibleClassChangeError'{0x0000000708b982e0}: Found class java.lang.Object, but interface was expected> (0x0000000708b982e0) 
thrown [t:/workspace/open/src/hotspot/share/interpreter/linkResolver.cpp, line 833]
Event: 48.781 Thread 0x000002a4dc715000 Implicit null exception at 0x000002a4c300805f to 0x000002a4c30080f2
Event: 48.805 Thread 0x000002a4dc715000 Exception <a 'java/lang/NoSuchMethodError'{0x000000070966d1a8}: 'void java.lang.invoke.DirectMethodHandle$Holder.invokeSpecial(java.lang.Object, java.lang.Object, int)'> (0x000000070966d1a8) 
thrown [t:/workspace/open/src/hotspot/share/interpreter/linkResolver.cpp, line 767]
Event: 48.812 Thread 0x000002a4dc715000 Exception <a 'java/lang/IncompatibleClassChangeError'{0x00000007096d2728}: Found class java.lang.Object, but interface was expected> (0x00000007096d2728) 
thrown [t:/workspace/open/src/hotspot/share/interpreter/linkResolver.cpp, line 833]

Events (20 events):
Event: 94.354 Executing VM operation: RevokeBias
Event: 94.354 Executing VM operation: RevokeBias done
Event: 94.354 Thread 0x000002a4da2f4000 Thread exited: 0x000002a4da2f4000
Event: 99.500 loading class org/apache/tomcat/websocket/WsRemoteEndpointImplBase$BlockingSendHandler
Event: 99.500 loading class org/apache/tomcat/websocket/WsRemoteEndpointImplBase$BlockingSendHandler done
Event: 99.502 loading class java/util/concurrent/ConcurrentLinkedQueue$CLQSpliterator
Event: 99.502 loading class java/util/concurrent/ConcurrentLinkedQueue$CLQSpliterator done
Event: 99.502 loading class org/atmosphere/cpr/AtmosphereResource
Event: 99.502 loading class org/atmosphere/cpr/AtmosphereResource done
Event: 99.502 loading class org/atmosphere/cpr/AtmosphereResource
Event: 99.502 loading class org/atmosphere/cpr/AtmosphereResource done
Event: 99.503 loading class org/atmosphere/cpr/AtmosphereResource
Event: 99.503 loading class org/atmosphere/cpr/AtmosphereResource done
Event: 99.503 loading class org/atmosphere/cpr/AtmosphereResource
Event: 99.503 loading class org/atmosphere/cpr/AtmosphereResource done
Event: 99.504 loading class org/atmosphere/cpr/SessionTimeoutSupport
Event: 99.504 loading class org/atmosphere/cpr/SessionTimeoutSupport done
Event: 99.505 Executing VM operation: RevokeBias
Event: 99.505 Executing VM operation: RevokeBias done
Event: 100.103 Thread 0x000002a4dc00f800 Thread added: 0x000002a4dc00f800


Dynamic libraries:
0x00007ff7b3520000 - 0x00007ff7b352f000 	D:\Programas\Java sdk\bin\java.exe
0x00007ffeec7f0000 - 0x00007ffeec9e5000 	C:\WINDOWS\SYSTEM32\ntdll.dll
0x00007ffecac10000 - 0x00007ffecac26000 	C:\Program Files\AVAST Software\Avast\aswhook.dll
0x00007ffeeb870000 - 0x00007ffeeb92e000 	C:\WINDOWS\System32\KERNEL32.DLL
0x00007ffeea400000 - 0x00007ffeea6c8000 	C:\WINDOWS\System32\KERNELBASE.dll
0x00007ffee9f00000 - 0x00007ffeea000000 	C:\WINDOWS\System32\ucrtbase.dll
0x00007ffee7660000 - 0x00007ffee7675000 	D:\Programas\Java sdk\bin\VCRUNTIME140.dll
0x00007ffee7680000 - 0x00007ffee7698000 	D:\Programas\Java sdk\bin\jli.dll
0x00007ffeeb930000 - 0x00007ffeeb9de000 	C:\WINDOWS\System32\ADVAPI32.dll
0x00007ffeead00000 - 0x00007ffeead9e000 	C:\WINDOWS\System32\msvcrt.dll
0x00007ffeebd20000 - 0x00007ffeebdbc000 	C:\WINDOWS\System32\sechost.dll
0x00007ffeeada0000 - 0x00007ffeeaec5000 	C:\WINDOWS\System32\RPCRT4.dll
0x00007ffeeab50000 - 0x00007ffeeacf1000 	C:\WINDOWS\System32\USER32.dll
0x00007ffeea270000 - 0x00007ffeea292000 	C:\WINDOWS\System32\win32u.dll
0x00007ffeebac0000 - 0x00007ffeebaeb000 	C:\WINDOWS\System32\GDI32.dll
0x00007ffeea030000 - 0x00007ffeea13d000 	C:\WINDOWS\System32\gdi32full.dll
0x00007ffeea140000 - 0x00007ffeea1dd000 	C:\WINDOWS\System32\msvcp_win.dll
0x00007ffedc9f0000 - 0x00007ffedcc8a000 	C:\WINDOWS\WinSxS\amd64_microsoft.windows.common-controls_6595b64144ccf1df_6.0.19041.1110_none_60b5254171f9507e\COMCTL32.dll
0x00007ffee12b0000 - 0x00007ffee12ba000 	C:\WINDOWS\SYSTEM32\VERSION.dll
0x00007ffeea830000 - 0x00007ffeea860000 	C:\WINDOWS\System32\IMM32.DLL
0x00007ffecde70000 - 0x00007ffecdf0b000 	D:\Programas\Java sdk\bin\msvcp140.dll
0x00007ffe6e010000 - 0x00007ffe6eb6d000 	D:\Programas\Java sdk\bin\server\jvm.dll
0x00007ffeec2b0000 - 0x00007ffeec2b8000 	C:\WINDOWS\System32\PSAPI.DLL
0x00007ffed9820000 - 0x00007ffed9829000 	C:\WINDOWS\SYSTEM32\WSOCK32.dll
0x00007ffeebdc0000 - 0x00007ffeebe2b000 	C:\WINDOWS\System32\WS2_32.dll
0x00007ffede1e0000 - 0x00007ffede207000 	C:\WINDOWS\SYSTEM32\WINMM.dll
0x00007ffee7dd0000 - 0x00007ffee7de2000 	C:\WINDOWS\SYSTEM32\kernel.appcore.dll
0x00007ffee7650000 - 0x00007ffee7660000 	D:\Programas\Java sdk\bin\verify.dll
0x00007ffedf0e0000 - 0x00007ffedf2c4000 	C:\WINDOWS\SYSTEM32\DBGHELP.DLL
0x00007ffedf000000 - 0x00007ffedf02c000 	C:\WINDOWS\SYSTEM32\dbgcore.DLL
0x00007ffeea1e0000 - 0x00007ffeea262000 	C:\WINDOWS\System32\bcryptPrimitives.dll
0x00007ffece070000 - 0x00007ffece096000 	D:\Programas\Java sdk\bin\java.dll
0x00007ffee4d50000 - 0x00007ffee4d5e000 	D:\Programas\Java sdk\bin\instrument.dll
0x00007ffeddc70000 - 0x00007ffeddc87000 	D:\Programas\Java sdk\bin\zip.dll
0x00007ffee7640000 - 0x00007ffee764a000 	D:\Programas\Java sdk\bin\jimage.dll
0x00007ffeeb100000 - 0x00007ffeeb844000 	C:\WINDOWS\System32\SHELL32.dll
0x00007ffee7fd0000 - 0x00007ffee8765000 	C:\WINDOWS\SYSTEM32\windows.storage.dll
0x00007ffeec2c0000 - 0x00007ffeec615000 	C:\WINDOWS\System32\combase.dll
0x00007ffee9870000 - 0x00007ffee989e000 	C:\WINDOWS\SYSTEM32\Wldp.dll
0x00007ffeea9f0000 - 0x00007ffeeaa9d000 	C:\WINDOWS\System32\SHCORE.dll
0x00007ffeeaed0000 - 0x00007ffeeaf25000 	C:\WINDOWS\System32\shlwapi.dll
0x00007ffee9e40000 - 0x00007ffee9e5f000 	C:\WINDOWS\SYSTEM32\profapi.dll
0x00007ffed0c20000 - 0x00007ffed0c39000 	D:\Programas\Java sdk\bin\net.dll
0x00007ffee3540000 - 0x00007ffee364c000 	C:\WINDOWS\SYSTEM32\WINHTTP.dll
0x00007ffee9650000 - 0x00007ffee96ba000 	C:\WINDOWS\system32\mswsock.dll
0x00007ffece050000 - 0x00007ffece063000 	D:\Programas\Java sdk\bin\nio.dll
0x00007ffece030000 - 0x00007ffece04a000 	C:\Program Files\JetBrains\IntelliJ IDEA Community Edition 2021.2.2\bin\breakgen64.dll
0x00007ffee4b40000 - 0x00007ffee4b49000 	D:\Programas\Java sdk\bin\management.dll
0x00007ffed7ff0000 - 0x00007ffed7ffb000 	D:\Programas\Java sdk\bin\management_ext.dll
0x00007ffecbf50000 - 0x00007ffecbf67000 	C:\WINDOWS\system32\napinsp.dll
0x00007ffecbf30000 - 0x00007ffecbf4b000 	C:\WINDOWS\system32\pnrpnsp.dll
0x00007ffeda890000 - 0x00007ffeda8a5000 	C:\WINDOWS\system32\wshbth.dll
0x00007ffee59e0000 - 0x00007ffee59fd000 	C:\WINDOWS\system32\NLAapi.dll
0x00007ffee9310000 - 0x00007ffee934b000 	C:\WINDOWS\SYSTEM32\IPHLPAPI.DLL
0x00007ffee9360000 - 0x00007ffee942b000 	C:\WINDOWS\SYSTEM32\DNSAPI.dll
0x00007ffeeb0f0000 - 0x00007ffeeb0f8000 	C:\WINDOWS\System32\NSI.dll
0x00007ffecbf10000 - 0x00007ffecbf22000 	C:\WINDOWS\System32\winrnr.dll
0x00007ffee1260000 - 0x00007ffee126a000 	C:\Windows\System32\rasadhlp.dll
0x00007ffee31a0000 - 0x00007ffee321f000 	C:\WINDOWS\System32\fwpuclnt.dll
0x00007ffeea000000 - 0x00007ffeea027000 	C:\WINDOWS\System32\bcrypt.dll
0x00007ffee9bc0000 - 0x00007ffee9bd8000 	C:\WINDOWS\SYSTEM32\CRYPTSP.dll
0x00007ffee8f20000 - 0x00007ffee8f54000 	C:\WINDOWS\system32\rsaenh.dll
0x00007ffee9e00000 - 0x00007ffee9e2e000 	C:\WINDOWS\SYSTEM32\USERENV.dll
0x00007ffee97e0000 - 0x00007ffee97ec000 	C:\WINDOWS\SYSTEM32\CRYPTBASE.dll
0x00007ffee3d40000 - 0x00007ffee3d57000 	C:\WINDOWS\SYSTEM32\dhcpcsvc6.DLL
0x00007ffee3d20000 - 0x00007ffee3d3d000 	C:\WINDOWS\SYSTEM32\dhcpcsvc.DLL
0x00007ffea6f60000 - 0x00007ffea70f9000 	D:\Programas\Java sdk\bin\awt.dll
0x00007ffeec680000 - 0x00007ffeec74d000 	C:\WINDOWS\System32\OLEAUT32.dll
0x00007ffee7720000 - 0x00007ffee77b0000 	C:\WINDOWS\SYSTEM32\apphelp.dll
0x00007ffee7ae0000 - 0x00007ffee7b0f000 	C:\WINDOWS\system32\DWMAPI.DLL
0x00007ffee78f0000 - 0x00007ffee798e000 	C:\WINDOWS\system32\uxtheme.dll
0x00007ffeebc00000 - 0x00007ffeebd15000 	C:\WINDOWS\System32\MSCTF.dll
0x00007ffeea860000 - 0x00007ffeea98a000 	C:\WINDOWS\System32\ole32.dll

dbghelp: loaded successfully - version: 4.0.5 - missing functions: none
symbol engine: initialized successfully - sym options: 0x614 - pdb path: .;D:\Programas\Java sdk\bin;C:\WINDOWS\SYSTEM32;C:\Program Files\AVAST Software\Avast;C:\WINDOWS\WinSxS\amd64_microsoft.windows.common-controls_6595b64144ccf1df_6.0.19041.1110_none_60b5254171f9507e;D:\Programas\Java sdk\bin\server;C:\Program Files\JetBrains\IntelliJ IDEA Community Edition 2021.2.2\bin

VM Arguments:
jvm_args: -javaagent:C:\Program Files\JetBrains\IntelliJ IDEA Community Edition 2021.2.2\lib\idea_rt.jar=63057:C:\Program Files\JetBrains\IntelliJ IDEA Community Edition 2021.2.2\bin -Dfile.encoding=UTF-8 
java_command: com.aoedb.Application
java_class_path (initial): D:\cosas\programacion random\Vaadin\aoe-2-database\target\classes;C:\Users\pau_7\.m2\repository\com\vaadin\vaadin\22.0.2\vaadin-22.0.2.jar;C:\Users\pau_7\.m2\repository\com\vaadin\vaadin-core\22.0.2\vaadin-core-22.0.2.jar;C:\Users\pau_7\.m2\repository\com\vaadin\flow-server\9.0.2\flow-server-9.0.2.jar;C:\Users\pau_7\.m2\repository\javax\annotation\javax.annotation-api\1.3.2\javax.annotation-api-1.3.2.jar;C:\Users\pau_7\.m2\repository\commons-fileupload\commons-fileupload\1.3.3\commons-fileupload-1.3.3.jar;C:\Users\pau_7\.m2\repository\commons-io\commons-io\2.11.0\commons-io-2.11.0.jar;C:\Users\pau_7\.m2\repository\com\fasterxml\jackson\core\jackson-core\2.13.0\jackson-core-2.13.0.jar;C:\Users\pau_7\.m2\repository\com\helger\ph-css\6.3.4\ph-css-6.3.4.jar;C:\Users\pau_7\.m2\repository\com\helger\commons\ph-commons\10.1.2\ph-commons-10.1.2.jar;C:\Users\pau_7\.m2\repository\com\vaadin\external\gentyref\1.2.0.vaadin1\gentyref-1.2.0.vaadin1.jar;C:\Users\pau_7\.m2\repository\org\apache\commons\commons-compress\1.21\commons-compress-1.21.jar;C:\Users\pau_7\.m2\repository\org\apache\httpcomponents\httpclient\4.5.13\httpclient-4.5.13.jar;C:\Users\pau_7\.m2\repository\org\apache\httpcomponents\httpcore\4.4.14\httpcore-4.4.14.jar;C:\Users\pau_7\.m2\repository\com\vaadin\fusion-endpoint\9.0.2\fusion-endpoint-9.0.2.jar;C:\Users\pau_7\.m2\repository\javax\validation\validation-api\2.0.1.Final\validation-api-2.0.1.Final.jar;C:\Users\pau_7\.m2\repository\org\springframework\data\spring-data-commons\2.6.0\spring-data-commons-2.6.0.jar;C:\Users\pau_7\.m2\repository\com\fasterxml\jackson\core\jackson-annotations\2.13.0\jackson-annotations-2.13.0.jar;C:\Users\pau_7\.m2\repository\com\fasterxml\jackson\dataformat\jackson-dataformat-yaml\2.13.0\jackson-dataformat-yaml-2.13.0.jar;C:\Users\pau_7\.m2\repository\org\slf4j\slf4j-ext\1.7.32\slf4j-ext-1.7.32.jar;C:\Users\pau_7\.m2\repository\com\github\javaparser\javaparser-symbol-solver-core\3.23.1\javaparser-symbol
Launcher Type: SUN_STANDARD

[Global flags]
     intx CICompilerCount                          = 3                                         {product} {ergonomic}
     uint ConcGCThreads                            = 1                                         {product} {ergonomic}
     uint G1ConcRefinementThreads                  = 4                                         {product} {ergonomic}
   size_t G1HeapRegionSize                         = 1048576                                   {product} {ergonomic}
    uintx GCDrainStackTargetSize                   = 64                                        {product} {ergonomic}
   size_t InitialHeapSize                          = 268435456                                 {product} {ergonomic}
   size_t MarkStackSize                            = 4194304                                   {product} {ergonomic}
   size_t MaxHeapSize                              = 4280287232                                {product} {ergonomic}
   size_t MaxNewSize                               = 2567962624                                {product} {ergonomic}
   size_t MinHeapDeltaBytes                        = 1048576                                   {product} {ergonomic}
   size_t MinHeapSize                              = 8388608                                   {product} {ergonomic}
    uintx NonNMethodCodeHeapSize                   = 5832780                                {pd product} {ergonomic}
    uintx NonProfiledCodeHeapSize                  = 122912730                              {pd product} {ergonomic}
    uintx ProfiledCodeHeapSize                     = 122912730                              {pd product} {ergonomic}
    uintx ReservedCodeCacheSize                    = 251658240                              {pd product} {ergonomic}
     bool SegmentedCodeCache                       = true                                      {product} {ergonomic}
   size_t SoftMaxHeapSize                          = 4280287232                             {manageable} {ergonomic}
     bool UseCompressedClassPointers               = true                                 {lp64_product} {ergonomic}
     bool UseCompressedOops                        = true                                 {lp64_product} {ergonomic}
     bool UseG1GC                                  = true                                      {product} {ergonomic}
     bool UseLargePagesIndividualAllocation        = false                                  {pd product} {ergonomic}

Logging:
Log output configuration:
 #0: stdout all=warning uptime,level,tags
 #1: stderr all=off uptime,level,tags

Environment Variables:
JAVA_HOME=C:\Program Files\OpenJDK\jdk-11.0.8.10-hotspot\
PATH=C:\Program Files\OpenJDK\jdk-11.0.8.10-hotspot\bin;C:\Program Files\OpenJDK\jdk-8.0.262.10-hotspot\bin;C:\Program Files\Common Files\Oracle\Java\javapath;C:\Python39\Scripts\;C:\Python39\;C:\Windows\system32;C:\Windows;C:\Windows\System32\Wbem;C:\Windows\System32\WindowsPowerShell\v1.0\;C:\Windows\System32\OpenSSH\;C:\Program Files (x86)\NVIDIA Corporation\PhysX\Common;C:\Program Files\PuTTY\;C:\WINDOWS\system32;C:\WINDOWS;C:\WINDOWS\System32\Wbem;C:\WINDOWS\System32\WindowsPowerShell\v1.0\;C:\WINDOWS\System32\OpenSSH\;C:\Program Files\Git\cmd;D:\Programas\Node.js\;C:\ProgramData\chocolatey\bin;C:\Program Files\NVIDIA Corporation\NVIDIA NvDLISR;D:\Programas\apache-maven-3.8.3\bin;C:\Users\pau_7\AppData\Local\Microsoft\WindowsApps;C:\Program Files\JetBrains\IntelliJ IDEA Community Edition 2021.2.2\bin;;D:\Programas\Microsoft VS Code\bin;C:\Users\pau_7\AppData\Roaming\npm;D:\Programas\heroku\bin
USERNAME=pau_7
OS=Windows_NT
PROCESSOR_IDENTIFIER=Intel64 Family 6 Model 58 Stepping 9, GenuineIntel



---------------  S Y S T E M  ---------------

OS: Windows 10 , 64 bit Build 19041 (10.0.19041.1466)
HyperV virtualization detected

CPU:total 4 (initial active 4) (4 cores per cpu, 1 threads per core) family 6 model 58 stepping 9, cmov, cx8, fxsr, mmx, sse, sse2, sse3, ssse3, sse4.1, sse4.2, popcnt, avx, aes, clmul, erms, tsc, tscinvbit, tscinv

Memory: 4k page, system-wide physical 16320M (7348M free)
TotalPageFile size 18752M (AvailPageFile size 7385M)
current process WorkingSet (physical memory assigned to process): 391M, peak: 408M
current process commit charge ("private bytes"): 426M, peak: 460M

vm_info: Java HotSpot(TM) 64-Bit Server VM (13.0.2+8) for windows-amd64 JRE (13.0.2+8), built on Dec 11 2019 09:20:33 by "mach5one" with unknown MS VC++:1916

END.
